<?xml version="1.0" encoding="UTF-8"?>
<testsuites name="Consumer_Payment_Making_Visa" time="149.078" tests="1" failures="0" errors="1">
   <testsuite name="Consumer_Payment_Making_Visa" tests="1" failures="0" errors="1" time="149.078" timestamp="2020-11-20 13:49:01" hostname="admin - SYS8" id="Test Suites/Certpay_testSuite_New/Consumer_Payment_Making_Visa">
      <properties>
         <property name="deviceName" value=""/>
         <property name="devicePlatform" value=""/>
         <property name="logFolder" value="D:\\Sush_Certpay\\Sush_Certpay\\Reports\\20201120_134856\\Certpay_testSuite_New\\Consumer_Payment_Making_Visa\\20201120_134856"/>
         <property name="logFiles" value="D:\\Sush_Certpay\\Sush_Certpay\\Reports\\20201120_134856\\Certpay_testSuite_New\\Consumer_Payment_Making_Visa\\20201120_134856\\execution0.log"/>
         <property name="attachments" value=""/>
         <property name="hostName" value="admin - SYS8"/>
         <property name="os" value="Windows 10 32bit"/>
         <property name="katalonVersion" value="7.1.2.1"/>
         <property name="browser" value="Chrome 86.0.4240.198"/>
         <property name="hostAddress" value="172.31.253.251"/>
         <property name="sessionId" value="8b5f19fb21ea9265bb165f0afd012404"/>
         <property name="seleniumVersion" value="3.141.59"/>
         <property name="proxyInformation" value="ProxyInformation{proxyOption=NO_PROXY, proxyServerType=HTTP, password=, proxyServerAddress=, proxyServerPort=0, executionList=}"/>
         <property name="platform" value="Windows 10"/>
      </properties>
      <testcase name="Test Cases/Consumer_Make_Payment_New/TC_001_Credit_SingleLine_Payment" time="147.92" classname="Test Cases/Consumer_Make_Payment_New/TC_001_Credit_SingleLine_Payment" status="ERROR">
         <error type="ERROR" message="Test Cases/Consumer_Make_Payment_New/TC_001_Credit_SingleLine_Payment FAILED.
Reason:
com.kms.katalon.core.exception.StepErrorException: Unable to verify element present
	at com.kms.katalon.core.util.KeywordUtil.markError(KeywordUtil.java:65)
	at com.kms.katalon.core.util.KeywordUtil$markError$1.call(Unknown Source)
	at pages.Payment_Page.verifyUserDetails(Payment_Page.groovy:275)
	at pages.Payment_Page.invokeMethod(Payment_Page.groovy)
	at com.kms.katalon.core.main.CustomKeywordDelegatingMetaClass.invokeStaticMethod(CustomKeywordDelegatingMetaClass.java:50)
	at TC_001_Credit_SingleLine_Payment.run(TC_001_Credit_SingleLine_Payment:110)
	at com.kms.katalon.core.main.ScriptEngine.run(ScriptEngine.java:194)
	at com.kms.katalon.core.main.ScriptEngine.runScriptAsRawText(ScriptEngine.java:119)
	at com.kms.katalon.core.main.TestCaseExecutor.runScript(TestCaseExecutor.java:337)
	at com.kms.katalon.core.main.TestCaseExecutor.doExecute(TestCaseExecutor.java:328)
	at com.kms.katalon.core.main.TestCaseExecutor.processExecutionPhase(TestCaseExecutor.java:307)
	at com.kms.katalon.core.main.TestCaseExecutor.accessMainPhase(TestCaseExecutor.java:299)
	at com.kms.katalon.core.main.TestCaseExecutor.execute(TestCaseExecutor.java:233)
	at com.kms.katalon.core.main.TestSuiteExecutor.accessTestCaseMainPhase(TestSuiteExecutor.java:169)
	at com.kms.katalon.core.main.TestSuiteExecutor.accessTestSuiteMainPhase(TestSuiteExecutor.java:142)
	at com.kms.katalon.core.main.TestSuiteExecutor.execute(TestSuiteExecutor.java:91)
	at com.kms.katalon.core.main.TestCaseMain.startTestSuite(TestCaseMain.java:157)
	at com.kms.katalon.core.main.TestCaseMain$startTestSuite$0.call(Unknown Source)
	at TempTestSuite1605860336451.run(TempTestSuite1605860336451.groovy:36)
"/>
         <system-out><![CDATA[2020-11-20 13:49:01 - [TEST_CASE][ERROR] - Test Cases/Consumer_Make_Payment_New/TC_001_Credit_SingleLine_Payment: Test Cases/Consumer_Make_Payment_New/TC_001_Credit_SingleLine_Payment FAILED.
Reason:
com.kms.katalon.core.exception.StepErrorException: Unable to verify element present
	at com.kms.katalon.core.util.KeywordUtil.markError(KeywordUtil.java:65)
	at com.kms.katalon.core.util.KeywordUtil$markError$1.call(Unknown Source)
	at pages.Payment_Page.verifyUserDetails(Payment_Page.groovy:275)
	at pages.Payment_Page.invokeMethod(Payment_Page.groovy)
	at com.kms.katalon.core.main.CustomKeywordDelegatingMetaClass.invokeStaticMethod(CustomKeywordDelegatingMetaClass.java:50)
	at TC_001_Credit_SingleLine_Payment.run(TC_001_Credit_SingleLine_Payment:110)
	at com.kms.katalon.core.main.ScriptEngine.run(ScriptEngine.java:194)
	at com.kms.katalon.core.main.ScriptEngine.runScriptAsRawText(ScriptEngine.java:119)
	at com.kms.katalon.core.main.TestCaseExecutor.runScript(TestCaseExecutor.java:337)
	at com.kms.katalon.core.main.TestCaseExecutor.doExecute(TestCaseExecutor.java:328)
	at com.kms.katalon.core.main.TestCaseExecutor.processExecutionPhase(TestCaseExecutor.java:307)
	at com.kms.katalon.core.main.TestCaseExecutor.accessMainPhase(TestCaseExecutor.java:299)
	at com.kms.katalon.core.main.TestCaseExecutor.execute(TestCaseExecutor.java:233)
	at com.kms.katalon.core.main.TestSuiteExecutor.accessTestCaseMainPhase(TestSuiteExecutor.java:169)
	at com.kms.katalon.core.main.TestSuiteExecutor.accessTestSuiteMainPhase(TestSuiteExecutor.java:142)
	at com.kms.katalon.core.main.TestSuiteExecutor.execute(TestSuiteExecutor.java:91)
	at com.kms.katalon.core.main.TestCaseMain.startTestSuite(TestCaseMain.java:157)
	at com.kms.katalon.core.main.TestCaseMain$startTestSuite$0.call(Unknown Source)
	at TempTestSuite1605860336451.run(TempTestSuite1605860336451.groovy:36)


2020-11-20 13:49:02 - [TEST_STEP][PASSED] - Start listener action : beforeTestCase: null

2020-11-20 13:49:02 - [TEST_STEP][PASSED] - data = findTestData("Data Files/Certpay/SingleBureau_SingleLine_Visa"): null

2020-11-20 13:49:04 - [TEST_STEP][PASSED] - paymentIdList = []: null

2020-11-20 13:49:04 - [TEST_STEP][ERROR] - for (def index : (1..data.getRowNumbers())): null

2020-11-20 13:49:04 - [TEST_STEP][PASSED] - firstName = data.getValue("FirstName", index): null

2020-11-20 13:49:04 - [TEST_STEP][PASSED] - lastName = data.getValue("LastName", index): null

2020-11-20 13:49:04 - [TEST_STEP][PASSED] - expMonth = data.getValue("ExpMonth", index): null

2020-11-20 13:49:04 - [TEST_STEP][PASSED] - expYear = data.getValue("ExpYear", index): null

2020-11-20 13:49:04 - [TEST_STEP][PASSED] - securityCode = data.getValue("SecurityCode", index): null

2020-11-20 13:49:04 - [TEST_STEP][PASSED] - paymentAmount = data.getValue("PaymentAmount", index): null

2020-11-20 13:49:04 - [TEST_STEP][PASSED] - paymentType = data.getValue("PaymentType", index): null

2020-11-20 13:49:04 - [TEST_STEP][PASSED] - quantity = data.getValue("Quantity", index): null

2020-11-20 13:49:04 - [TEST_STEP][PASSED] - comments = data.getValue("Comments", index): null

2020-11-20 13:49:04 - [TEST_STEP][PASSED] - referenceNum = data.getValue("ReferenceNum", index): null

2020-11-20 13:49:04 - [TEST_STEP][PASSED] - address = data.getValue("Address", index): null

2020-11-20 13:49:04 - [TEST_STEP][PASSED] - zipCode = data.getValue("Zipcode", index): null

2020-11-20 13:49:04 - [TEST_STEP][PASSED] - telephone = data.getValue("Telephone", index): null

2020-11-20 13:49:04 - [TEST_STEP][PASSED] - emailAddress = data.getValue("EmailAddress", index): null

2020-11-20 13:49:04 - [TEST_STEP][PASSED] - cardNum = data.getValue("CardNumber", index): null

2020-11-20 13:49:04 - [TEST_STEP][PASSED] - cardType = data.getValue("CardType", index): null

2020-11-20 13:49:04 - [TEST_STEP][PASSED] - utilities.SafeActions.openBrowser(certpay_url, [pageLoadTime]): Browser launched successfully

2020-11-20 13:49:04 - [MESSAGE][INFO] - Opening Browser

2020-11-20 13:49:04 - [MESSAGE][INFO] - Starting 'Chrome' driver

2020-11-20 13:49:04 - [MESSAGE][INFO] - Action delay is set to 0 seconds

2020-11-20 13:49:15 - [MESSAGE][PASSED] - Browser is opened with url: 'https://qa-certpay.faps.net/'

2020-11-20 13:49:17 - [MESSAGE][PASSED] - Current window maximized

2020-11-20 13:49:17 - [MESSAGE][PASSED] - Browser launched successfully

2020-11-20 13:49:17 - [TEST_STEP][PASSED] - utilities.SafeActions.safeType(findTestObject("MAKE_ PAYMENT/Home_ Page/BUREAU_CODE"), bureauCode, "Bureau code", [pageLoadTime]): Consumer_Payment_Making_Visa.ts:Entered'6100000 into Bureau code

2020-11-20 13:49:18 - [MESSAGE][PASSED] - Object 'Object Repository/MAKE_ PAYMENT/Home_ Page/BUREAU_CODE' is present

2020-11-20 13:49:18 - [MESSAGE][PASSED] - Object 'Object Repository/MAKE_ PAYMENT/Home_ Page/BUREAU_CODE' is visible

2020-11-20 13:49:19 - [MESSAGE][PASSED] - Object 'Object Repository/MAKE_ PAYMENT/Home_ Page/BUREAU_CODE' is present

2020-11-20 13:49:21 - [MESSAGE][PASSED] - Text '6100000' is set on object 'Object Repository/MAKE_ PAYMENT/Home_ Page/BUREAU_CODE'

2020-11-20 13:49:21 - [MESSAGE][PASSED] - Consumer_Payment_Making_Visa.ts:Entered'6100000 into Bureau code

2020-11-20 13:49:21 - [TEST_STEP][PASSED] - utilities.SafeActions.safeClick(findTestObject("MAKE_ PAYMENT/Home_ Page/BEGIN_PAYMENT"), "Begin payment", [pageLoadTime]): Consumer_Payment_Making_Visa.ts:Clicked on the Begin payment

2020-11-20 13:49:21 - [MESSAGE][INFO] - safeClicking

2020-11-20 13:49:21 - [MESSAGE][PASSED] - Object 'Object Repository/MAKE_ PAYMENT/Home_ Page/BEGIN_PAYMENT' is present

2020-11-20 13:49:21 - [MESSAGE][PASSED] - Object 'Object Repository/MAKE_ PAYMENT/Home_ Page/BEGIN_PAYMENT' is clickable

2020-11-20 13:49:25 - [MESSAGE][PASSED] - Object: 'Object Repository/MAKE_ PAYMENT/Home_ Page/BEGIN_PAYMENT' is clicked on

2020-11-20 13:49:25 - [MESSAGE][PASSED] - Consumer_Payment_Making_Visa.ts:Clicked on the Begin payment

2020-11-20 13:49:25 - [TEST_STEP][PASSED] - utilities.SafeActions.safeClick(findTestObject("MAKE_ PAYMENT/Home_ Page/CONTINUE"), "Continue", [pageLoadTime]): Consumer_Payment_Making_Visa.ts:Clicked on the Continue

2020-11-20 13:49:25 - [MESSAGE][INFO] - safeClicking

2020-11-20 13:49:27 - [MESSAGE][PASSED] - Object 'Object Repository/MAKE_ PAYMENT/Home_ Page/CONTINUE' is present

2020-11-20 13:49:27 - [MESSAGE][PASSED] - Object 'Object Repository/MAKE_ PAYMENT/Home_ Page/CONTINUE' is clickable

2020-11-20 13:49:31 - [MESSAGE][PASSED] - Object: 'Object Repository/MAKE_ PAYMENT/Home_ Page/CONTINUE' is clicked on

2020-11-20 13:49:31 - [MESSAGE][PASSED] - Consumer_Payment_Making_Visa.ts:Clicked on the Continue

2020-11-20 13:49:31 - [TEST_STEP][PASSED] - utilities.SafeActions.safeCheck(findTestObject("MAKE_ PAYMENT/Home_ Page/BANK_CARD"), "Bank card", [pageLoadTime]): Consumer_Payment_Making_Visa.ts:Checkbox 'Bank card'is selected

2020-11-20 13:49:32 - [MESSAGE][PASSED] - Object 'Object Repository/MAKE_ PAYMENT/Home_ Page/BANK_CARD' is present

2020-11-20 13:49:33 - [MESSAGE][PASSED] - Object 'Object Repository/MAKE_ PAYMENT/Home_ Page/BANK_CARD' is present

2020-11-20 13:49:34 - [MESSAGE][PASSED] - Object: 'Object Repository/MAKE_ PAYMENT/Home_ Page/BANK_CARD' is clicked on

2020-11-20 13:49:34 - [MESSAGE][PASSED] - Consumer_Payment_Making_Visa.ts:Checkbox 'Bank card'is selected

2020-11-20 13:49:34 - [TEST_STEP][PASSED] - pages.Payment_Page.setAmount("1", paymentAmount, "testing", referenceNum): Consumer_Payment_Making_Visa.ts:Entered'testing into Comments

2020-11-20 13:49:34 - [MESSAGE][PASSED] - Object '' is present

2020-11-20 13:49:35 - [MESSAGE][PASSED] - Object '' is visible

2020-11-20 13:49:35 - [MESSAGE][PASSED] - Object '' is present

2020-11-20 13:49:36 - [MESSAGE][PASSED] - Text '20.00' is set on object ''

2020-11-20 13:49:36 - [MESSAGE][PASSED] - Consumer_Payment_Making_Visa.ts:Entered'20.00 into Amount

2020-11-20 13:49:36 - [MESSAGE][PASSED] - Object '' is present

2020-11-20 13:49:37 - [MESSAGE][PASSED] - Object '' is visible

2020-11-20 13:49:37 - [MESSAGE][PASSED] - Object '' is present

2020-11-20 13:49:38 - [MESSAGE][PASSED] - Text '11' is set on object ''

2020-11-20 13:49:38 - [MESSAGE][PASSED] - Consumer_Payment_Making_Visa.ts:Entered'11 into Amount

2020-11-20 13:49:39 - [MESSAGE][PASSED] - Object '' is present

2020-11-20 13:49:39 - [MESSAGE][PASSED] - Object '' is visible

2020-11-20 13:49:39 - [MESSAGE][PASSED] - Object '' is present

2020-11-20 13:49:41 - [MESSAGE][PASSED] - Text 'testing' is set on object ''

2020-11-20 13:49:41 - [MESSAGE][PASSED] - Consumer_Payment_Making_Visa.ts:Entered'testing into Comments

2020-11-20 13:49:41 - [TEST_STEP][PASSED] - waitForPageLoad(0): Wait for page load successfully

2020-11-20 13:49:41 - [MESSAGE][WARNING] - Timeout '0' is invalid. Using default page load timeout: '30'

2020-11-20 13:49:41 - [MESSAGE][PASSED] - Wait for page load successfully

2020-11-20 13:49:41 - [TEST_STEP][PASSED] - utilities.SafeActions.safeSelectOptionInDropdownByVisibleText(findTestObject("MAKE_ PAYMENT/Home_ Page/CARD_TYPE"), cardType, "CardType", [pageLoadTime]): selected dropdown option by visible text  Visafrom CardType

2020-11-20 13:49:41 - [MESSAGE][PASSED] - Object 'Object Repository/MAKE_ PAYMENT/Home_ Page/CARD_TYPE' is visible

2020-11-20 13:49:41 - [MESSAGE][PASSED] - Object 'Object Repository/MAKE_ PAYMENT/Home_ Page/CARD_TYPE' is present

2020-11-20 13:49:43 - [MESSAGE][PASSED] - Object: 'Object Repository/MAKE_ PAYMENT/Home_ Page/CARD_TYPE' is clicked on

2020-11-20 13:49:44 - [MESSAGE][PASSED] - All options with label 'Visa' are selected in object 'Object Repository/MAKE_ PAYMENT/Home_ Page/CARD_TYPE'  using regular expression

2020-11-20 13:49:44 - [MESSAGE][PASSED] - selected dropdown option by visible text  Visafrom CardType

2020-11-20 13:49:44 - [TEST_STEP][PASSED] - utilities.SafeActions.safeSelectOptionInDropdownByVisibleText(findTestObject("MAKE_ PAYMENT/Home_ Page/PAYMENT_TYPE"), paymentType, "Payment Type", [pageLoadTime]): selected dropdown option by visible text  Taxesfrom Payment Type

2020-11-20 13:49:44 - [MESSAGE][PASSED] - Object 'Object Repository/MAKE_ PAYMENT/Home_ Page/PAYMENT_TYPE' is visible

2020-11-20 13:49:44 - [MESSAGE][PASSED] - Object 'Object Repository/MAKE_ PAYMENT/Home_ Page/PAYMENT_TYPE' is present

2020-11-20 13:49:46 - [MESSAGE][PASSED] - Object: 'Object Repository/MAKE_ PAYMENT/Home_ Page/PAYMENT_TYPE' is clicked on

2020-11-20 13:49:47 - [MESSAGE][PASSED] - All options with label 'Taxes' are selected in object 'Object Repository/MAKE_ PAYMENT/Home_ Page/PAYMENT_TYPE'  using regular expression

2020-11-20 13:49:47 - [MESSAGE][PASSED] - selected dropdown option by visible text  Taxesfrom Payment Type

2020-11-20 13:49:47 - [TEST_STEP][PASSED] - utilities.SafeActions.safeClick(findTestObject("MAKE_ PAYMENT/Home_ Page/NEXT_BUTTON"), "Continue", [pageLoadTime]): Consumer_Payment_Making_Visa.ts:Clicked on the Continue

2020-11-20 13:49:47 - [MESSAGE][INFO] - safeClicking

2020-11-20 13:49:47 - [MESSAGE][PASSED] - Object 'Object Repository/MAKE_ PAYMENT/Home_ Page/NEXT_BUTTON' is present

2020-11-20 13:49:47 - [MESSAGE][PASSED] - Object 'Object Repository/MAKE_ PAYMENT/Home_ Page/NEXT_BUTTON' is clickable

2020-11-20 13:49:51 - [MESSAGE][PASSED] - Object: 'Object Repository/MAKE_ PAYMENT/Home_ Page/NEXT_BUTTON' is clicked on

2020-11-20 13:49:51 - [MESSAGE][PASSED] - Consumer_Payment_Making_Visa.ts:Clicked on the Continue

2020-11-20 13:49:51 - [TEST_STEP][PASSED] - pages.Payment_Page.setPersonalDetails(firstName, lastName, telephone): Consumer_Payment_Making_Visa.ts:Entered'9988776655 into Telephone

2020-11-20 13:49:52 - [MESSAGE][PASSED] - Object 'Object Repository/MAKE_ PAYMENT/Consumer_Personal_ Details/FIRST_NAME' is present

2020-11-20 13:49:53 - [MESSAGE][PASSED] - Object 'Object Repository/MAKE_ PAYMENT/Consumer_Personal_ Details/FIRST_NAME' is visible

2020-11-20 13:49:53 - [MESSAGE][PASSED] - Object 'Object Repository/MAKE_ PAYMENT/Consumer_Personal_ Details/FIRST_NAME' is present

2020-11-20 13:49:54 - [MESSAGE][PASSED] - Text 'Tester' is set on object 'Object Repository/MAKE_ PAYMENT/Consumer_Personal_ Details/FIRST_NAME'

2020-11-20 13:49:54 - [MESSAGE][PASSED] - Consumer_Payment_Making_Visa.ts:Entered'Tester into FirstName

2020-11-20 13:49:55 - [MESSAGE][PASSED] - Object 'Object Repository/MAKE_ PAYMENT/Consumer_Personal_ Details/LAST_NAME' is present

2020-11-20 13:49:55 - [MESSAGE][PASSED] - Object 'Object Repository/MAKE_ PAYMENT/Consumer_Personal_ Details/LAST_NAME' is visible

2020-11-20 13:49:55 - [MESSAGE][PASSED] - Object 'Object Repository/MAKE_ PAYMENT/Consumer_Personal_ Details/LAST_NAME' is present

2020-11-20 13:49:57 - [MESSAGE][PASSED] - Text 'Zenq1' is set on object 'Object Repository/MAKE_ PAYMENT/Consumer_Personal_ Details/LAST_NAME'

2020-11-20 13:49:57 - [MESSAGE][PASSED] - Consumer_Payment_Making_Visa.ts:Entered'Zenq1 into LastName

2020-11-20 13:49:57 - [MESSAGE][PASSED] - Object 'Object Repository/MAKE_ PAYMENT/Consumer_Personal_ Details/TELEPHONE' is present

2020-11-20 13:49:57 - [MESSAGE][PASSED] - Object 'Object Repository/MAKE_ PAYMENT/Consumer_Personal_ Details/TELEPHONE' is visible

2020-11-20 13:49:58 - [MESSAGE][PASSED] - Object 'Object Repository/MAKE_ PAYMENT/Consumer_Personal_ Details/TELEPHONE' is present

2020-11-20 13:49:59 - [MESSAGE][PASSED] - Text '9988776655' is set on object 'Object Repository/MAKE_ PAYMENT/Consumer_Personal_ Details/TELEPHONE'

2020-11-20 13:49:59 - [MESSAGE][PASSED] - Consumer_Payment_Making_Visa.ts:Entered'9988776655 into Telephone

2020-11-20 13:49:59 - [TEST_STEP][PASSED] - pages.Payment_Page.setLocationDetails(address, zipCode): Consumer_Payment_Making_Visa.ts:Entered'76102 into ZipCode

2020-11-20 13:49:59 - [MESSAGE][PASSED] - Object 'Object Repository/MAKE_ PAYMENT/Consumer_Personal_ Details/ADDRESS' is present

2020-11-20 13:50:00 - [MESSAGE][PASSED] - Object 'Object Repository/MAKE_ PAYMENT/Consumer_Personal_ Details/ADDRESS' is visible

2020-11-20 13:50:00 - [MESSAGE][PASSED] - Object 'Object Repository/MAKE_ PAYMENT/Consumer_Personal_ Details/ADDRESS' is present

2020-11-20 13:50:01 - [MESSAGE][PASSED] - Text '14-2' is set on object 'Object Repository/MAKE_ PAYMENT/Consumer_Personal_ Details/ADDRESS'

2020-11-20 13:50:01 - [MESSAGE][PASSED] - Consumer_Payment_Making_Visa.ts:Entered'14-2 into Address

2020-11-20 13:50:01 - [MESSAGE][PASSED] - Object 'Object Repository/MAKE_ PAYMENT/Consumer_Personal_ Details/ZIP_CODE' is present

2020-11-20 13:50:02 - [MESSAGE][PASSED] - Object 'Object Repository/MAKE_ PAYMENT/Consumer_Personal_ Details/ZIP_CODE' is visible

2020-11-20 13:50:02 - [MESSAGE][PASSED] - Object 'Object Repository/MAKE_ PAYMENT/Consumer_Personal_ Details/ZIP_CODE' is present

2020-11-20 13:50:03 - [MESSAGE][PASSED] - Text '76102' is set on object 'Object Repository/MAKE_ PAYMENT/Consumer_Personal_ Details/ZIP_CODE'

2020-11-20 13:50:03 - [MESSAGE][PASSED] - Consumer_Payment_Making_Visa.ts:Entered'76102 into ZipCode

2020-11-20 13:50:03 - [TEST_STEP][PASSED] - waitForElementClickable(findTestObject("MAKE_ PAYMENT/Home_ Page/CONTINUE"), 30): Object 'Object Repository/MAKE_ PAYMENT/Home_ Page/CONTINUE' is clickable

2020-11-20 13:50:04 - [MESSAGE][PASSED] - Object 'Object Repository/MAKE_ PAYMENT/Home_ Page/CONTINUE' is clickable

2020-11-20 13:50:04 - [TEST_STEP][PASSED] - pages.Payment_Page.clickOnElement(findTestObject("MAKE_ PAYMENT/Home_ Page/CONTINUE")): pages.Payment_Page.clickOnElement is PASSED

2020-11-20 13:50:07 - [MESSAGE][PASSED] - Execute JavaScript 'arguments[0].click()' successfully

2020-11-20 13:50:07 - [MESSAGE][PASSED] - pages.Payment_Page.clickOnElement is PASSED

2020-11-20 13:50:07 - [TEST_STEP][PASSED] - waitForElementClickable(findTestObject("MAKE_ PAYMENT/Consumer_Personal_ Details/CheckBox"), 30): Object 'Object Repository/MAKE_ PAYMENT/Consumer_Personal_ Details/CheckBox' is clickable

2020-11-20 13:50:09 - [MESSAGE][PASSED] - Object 'Object Repository/MAKE_ PAYMENT/Consumer_Personal_ Details/CheckBox' is clickable

2020-11-20 13:50:09 - [TEST_STEP][PASSED] - utilities.SafeActions.safeCheck(findTestObject("MAKE_ PAYMENT/Consumer_Personal_ Details/CheckBox"), "Billing CheckBox", [pageLoadTime]): Consumer_Payment_Making_Visa.ts:Checkbox 'Billing CheckBox'is selected

2020-11-20 13:50:09 - [MESSAGE][PASSED] - Object 'Object Repository/MAKE_ PAYMENT/Consumer_Personal_ Details/CheckBox' is present

2020-11-20 13:50:10 - [MESSAGE][PASSED] - Object 'Object Repository/MAKE_ PAYMENT/Consumer_Personal_ Details/CheckBox' is present

2020-11-20 13:50:11 - [MESSAGE][PASSED] - Object: 'Object Repository/MAKE_ PAYMENT/Consumer_Personal_ Details/CheckBox' is clicked on

2020-11-20 13:50:11 - [MESSAGE][PASSED] - Consumer_Payment_Making_Visa.ts:Checkbox 'Billing CheckBox'is selected

2020-11-20 13:50:11 - [TEST_STEP][PASSED] - waitForPageLoad(2): Wait for page load successfully

2020-11-20 13:50:12 - [MESSAGE][PASSED] - Wait for page load successfully

2020-11-20 13:50:12 - [TEST_STEP][PASSED] - utilities.SafeActions.safeClick(findTestObject("MAKE_ PAYMENT/Home_ Page/CONTINUE"), "Continue", [pageLoadTime]): Consumer_Payment_Making_Visa.ts:Clicked on the Continue

2020-11-20 13:50:12 - [MESSAGE][INFO] - safeClicking

2020-11-20 13:50:14 - [MESSAGE][PASSED] - Object 'Object Repository/MAKE_ PAYMENT/Home_ Page/CONTINUE' is present

2020-11-20 13:50:14 - [MESSAGE][PASSED] - Object 'Object Repository/MAKE_ PAYMENT/Home_ Page/CONTINUE' is clickable

2020-11-20 13:50:18 - [MESSAGE][PASSED] - Object: 'Object Repository/MAKE_ PAYMENT/Home_ Page/CONTINUE' is clicked on

2020-11-20 13:50:18 - [MESSAGE][PASSED] - Consumer_Payment_Making_Visa.ts:Clicked on the Continue

2020-11-20 13:50:18 - [TEST_STEP][PASSED] - delay(2): Delayed 2 second(s)

2020-11-20 13:50:20 - [MESSAGE][PASSED] - Delayed 2 second(s)

2020-11-20 13:50:20 - [TEST_STEP][PASSED] - pages.Payment_Page.setCardDetails(cardNum, securityCode, expYear, expMonth): Actual text '4532815899708200' and expected text '4532815899708200' are matched  using regular expression

2020-11-20 13:50:21 - [MESSAGE][PASSED] - Object 'Object Repository/MAKE_ PAYMENT/Consumer_Personal_ Details/CARD_NUM' is present

2020-11-20 13:50:21 - [MESSAGE][PASSED] - Object 'Object Repository/MAKE_ PAYMENT/Consumer_Personal_ Details/CARD_NUM' is visible

2020-11-20 13:50:21 - [MESSAGE][PASSED] - Object 'Object Repository/MAKE_ PAYMENT/Consumer_Personal_ Details/CARD_NUM' is present

2020-11-20 13:50:22 - [MESSAGE][PASSED] - Text '4532815899708200' is set on object 'Object Repository/MAKE_ PAYMENT/Consumer_Personal_ Details/CARD_NUM'

2020-11-20 13:50:22 - [MESSAGE][PASSED] - Consumer_Payment_Making_Visa.ts:Entered'4532815899708200 into CardNum

2020-11-20 13:50:23 - [MESSAGE][PASSED] - Object 'Object Repository/MAKE_ PAYMENT/Consumer_Personal_ Details/EXP_MONTH' is visible

2020-11-20 13:50:23 - [MESSAGE][PASSED] - Object 'Object Repository/MAKE_ PAYMENT/Consumer_Personal_ Details/EXP_MONTH' is present

2020-11-20 13:50:24 - [MESSAGE][PASSED] - Object: 'Object Repository/MAKE_ PAYMENT/Consumer_Personal_ Details/EXP_MONTH' is clicked on

2020-11-20 13:50:26 - [MESSAGE][PASSED] - All options with label '03' are selected in object 'Object Repository/MAKE_ PAYMENT/Consumer_Personal_ Details/EXP_MONTH'  using regular expression

2020-11-20 13:50:26 - [MESSAGE][PASSED] - selected dropdown option by visible text  03from Month

2020-11-20 13:50:26 - [MESSAGE][PASSED] - Object 'Object Repository/MAKE_ PAYMENT/Consumer_Personal_ Details/EXP_YEAR' is visible

2020-11-20 13:50:26 - [MESSAGE][PASSED] - Object 'Object Repository/MAKE_ PAYMENT/Consumer_Personal_ Details/EXP_YEAR' is present

2020-11-20 13:50:28 - [MESSAGE][PASSED] - Object: 'Object Repository/MAKE_ PAYMENT/Consumer_Personal_ Details/EXP_YEAR' is clicked on

2020-11-20 13:50:29 - [MESSAGE][PASSED] - All options with label '2022' are selected in object 'Object Repository/MAKE_ PAYMENT/Consumer_Personal_ Details/EXP_YEAR'  using regular expression

2020-11-20 13:50:29 - [MESSAGE][PASSED] - selected dropdown option by visible text  2022from year

2020-11-20 13:50:29 - [MESSAGE][PASSED] - Object 'Object Repository/MAKE_ PAYMENT/Consumer_Personal_ Details/SECURITY_CODE' is present

2020-11-20 13:50:30 - [MESSAGE][PASSED] - Object 'Object Repository/MAKE_ PAYMENT/Consumer_Personal_ Details/SECURITY_CODE' is visible

2020-11-20 13:50:30 - [MESSAGE][PASSED] - Object 'Object Repository/MAKE_ PAYMENT/Consumer_Personal_ Details/SECURITY_CODE' is present

2020-11-20 13:50:31 - [MESSAGE][PASSED] - Text '207' is set on object 'Object Repository/MAKE_ PAYMENT/Consumer_Personal_ Details/SECURITY_CODE'

2020-11-20 13:50:31 - [MESSAGE][PASSED] - Consumer_Payment_Making_Visa.ts:Entered'207 into SecurityCode

2020-11-20 13:50:31 - [MESSAGE][PASSED] - Attribute 'value' of object 'Object Repository/MAKE_ PAYMENT/Consumer_Personal_ Details/CARD_NUM' is: '4532815899708200'

2020-11-20 13:50:31 - [MESSAGE][PASSED] - Actual text '4532815899708200' and expected text '4532815899708200' are matched  using regular expression

2020-11-20 13:50:31 - [TEST_STEP][PASSED] - utilities.SafeActions.safeType(findTestObject("MAKE_ PAYMENT/Consumer_Personal_ Details/EMAIL_ADDRESS"), emailAddress, "EmailAddress", [pageLoadTime]): Consumer_Payment_Making_Visa.ts:Entered'testing@zenq.com into EmailAddress

2020-11-20 13:50:32 - [MESSAGE][PASSED] - Object 'Object Repository/MAKE_ PAYMENT/Consumer_Personal_ Details/EMAIL_ADDRESS' is present

2020-11-20 13:50:32 - [MESSAGE][PASSED] - Object 'Object Repository/MAKE_ PAYMENT/Consumer_Personal_ Details/EMAIL_ADDRESS' is visible

2020-11-20 13:50:32 - [MESSAGE][PASSED] - Object 'Object Repository/MAKE_ PAYMENT/Consumer_Personal_ Details/EMAIL_ADDRESS' is present

2020-11-20 13:50:34 - [MESSAGE][PASSED] - Text 'testing@zenq.com' is set on object 'Object Repository/MAKE_ PAYMENT/Consumer_Personal_ Details/EMAIL_ADDRESS'

2020-11-20 13:50:34 - [MESSAGE][PASSED] - Consumer_Payment_Making_Visa.ts:Entered'testing@zenq.com into EmailAddress

2020-11-20 13:50:34 - [TEST_STEP][PASSED] - utilities.SafeActions.safeClick(findTestObject("MAKE_ PAYMENT/Home_ Page/CONTINUE"), "Continue", [pageLoadTime]): Consumer_Payment_Making_Visa.ts:Clicked on the Continue

2020-11-20 13:50:34 - [MESSAGE][INFO] - safeClicking

2020-11-20 13:50:34 - [MESSAGE][PASSED] - Object 'Object Repository/MAKE_ PAYMENT/Home_ Page/CONTINUE' is present

2020-11-20 13:50:34 - [MESSAGE][PASSED] - Object 'Object Repository/MAKE_ PAYMENT/Home_ Page/CONTINUE' is clickable

2020-11-20 13:50:37 - [MESSAGE][PASSED] - Object: 'Object Repository/MAKE_ PAYMENT/Home_ Page/CONTINUE' is clicked on

2020-11-20 13:50:37 - [MESSAGE][PASSED] - Consumer_Payment_Making_Visa.ts:Clicked on the Continue

2020-11-20 13:50:37 - [TEST_STEP][PASSED] - utilities.SafeActions.safeClick(findTestObject("MAKE_ PAYMENT/Consumer_Personal_ Details/I_AGREE"), "I agree", [pageLoadTime]): Consumer_Payment_Making_Visa.ts:Clicked on the I agree

2020-11-20 13:50:38 - [MESSAGE][INFO] - safeClicking

2020-11-20 13:50:39 - [MESSAGE][PASSED] - Object 'Object Repository/MAKE_ PAYMENT/Consumer_Personal_ Details/I_AGREE' is present

2020-11-20 13:50:39 - [MESSAGE][PASSED] - Object 'Object Repository/MAKE_ PAYMENT/Consumer_Personal_ Details/I_AGREE' is clickable

2020-11-20 13:50:42 - [MESSAGE][PASSED] - Object: 'Object Repository/MAKE_ PAYMENT/Consumer_Personal_ Details/I_AGREE' is clicked on

2020-11-20 13:50:42 - [MESSAGE][PASSED] - Consumer_Payment_Making_Visa.ts:Clicked on the I agree

2020-11-20 13:50:42 - [TEST_STEP][ERROR] - pages.Payment_Page.verifyUserDetails(firstName, lastName, emailAddress, CardType, ""): com.kms.katalon.core.exception.StepErrorException: Unable to verify element present

2020-11-20 13:50:43 - [MESSAGE][PASSED] - Scroll to object 'Object Repository/MAKE_ PAYMENT/Verification_ Details/FIRST_NAME' successfully

2020-11-20 13:50:43 - [MESSAGE][PASSED] - Text of object 'Object Repository/MAKE_ PAYMENT/Verification_ Details/FIRST_NAME' is: 'Tester'

2020-11-20 13:50:43 - [MESSAGE][PASSED] - Actual text 'Tester' and expected text 'Tester' are matched  using regular expression

2020-11-20 13:50:44 - [MESSAGE][PASSED] - Text of object 'Object Repository/MAKE_ PAYMENT/Verification_ Details/LAST_NAME' is: 'Zenq1'

2020-11-20 13:50:44 - [MESSAGE][PASSED] - Actual text 'Zenq1' and expected text 'Zenq1' are matched  using regular expression

2020-11-20 13:50:46 - [MESSAGE][PASSED] - Text of object 'Object Repository/MAKE_ PAYMENT/Verification_ Details/EMAIL_ADDRESS' is: 'testing@zenq.com'

2020-11-20 13:50:46 - [MESSAGE][PASSED] - Actual text 'testing@zenq.com' and expected text 'testing@zenq.com' are matched  using regular expression

2020-11-20 13:50:46 - [MESSAGE][PASSED] - Text of object 'Object Repository/MAKE_ PAYMENT/Verification_ Details/CARD_TYPE' is: 'Visa'

2020-11-20 13:50:46 - [MESSAGE][FAILED] - Unable to verify match between actual text 'American Express' and expected text 'Visa' using regular expression (Root cause: com.kms.katalon.core.exception.StepFailedException: Actual text 'American Express' and expected text 'Visa' are not matched using regular expression
	at com.kms.katalon.core.keyword.builtin.VerifyMatchKeyword$_verifyMatch_closure1.doCall(VerifyMatchKeyword.groovy:57)
	at com.kms.katalon.core.keyword.builtin.VerifyMatchKeyword$_verifyMatch_closure1.call(VerifyMatchKeyword.groovy)
	at com.kms.katalon.core.keyword.internal.KeywordMain.runKeyword(KeywordMain.groovy:68)
	at com.kms.katalon.core.keyword.builtin.VerifyMatchKeyword.verifyMatch(VerifyMatchKeyword.groovy:60)
	at com.kms.katalon.core.keyword.builtin.VerifyMatchKeyword.execute(VerifyMatchKeyword.groovy:45)
	at com.kms.katalon.core.keyword.internal.KeywordExecutor.executeKeywordForPlatform(KeywordExecutor.groovy:72)
	at com.kms.katalon.core.keyword.BuiltinKeywords.verifyMatch(BuiltinKeywords.groovy:55)
	at pages.Payment_Page.verifyUserDetails(Payment_Page.groovy:265)
	at pages.Payment_Page.invokeMethod(Payment_Page.groovy)
	at com.kms.katalon.core.main.CustomKeywordDelegatingMetaClass.invokeStaticMethod(CustomKeywordDelegatingMetaClass.java:50)
	at TC_001_Credit_SingleLine_Payment.run(TC_001_Credit_SingleLine_Payment:110)
	at com.kms.katalon.core.main.ScriptEngine.run(ScriptEngine.java:194)
	at com.kms.katalon.core.main.ScriptEngine.runScriptAsRawText(ScriptEngine.java:119)
	at com.kms.katalon.core.main.TestCaseExecutor.runScript(TestCaseExecutor.java:337)
	at com.kms.katalon.core.main.TestCaseExecutor.doExecute(TestCaseExecutor.java:328)
	at com.kms.katalon.core.main.TestCaseExecutor.processExecutionPhase(TestCaseExecutor.java:307)
	at com.kms.katalon.core.main.TestCaseExecutor.accessMainPhase(TestCaseExecutor.java:299)
	at com.kms.katalon.core.main.TestCaseExecutor.execute(TestCaseExecutor.java:233)
	at com.kms.katalon.core.main.TestSuiteExecutor.accessTestCaseMainPhase(TestSuiteExecutor.java:169)
	at com.kms.katalon.core.main.TestSuiteExecutor.accessTestSuiteMainPhase(TestSuiteExecutor.java:142)
	at com.kms.katalon.core.main.TestSuiteExecutor.execute(TestSuiteExecutor.java:91)
	at com.kms.katalon.core.main.TestCaseMain.startTestSuite(TestCaseMain.java:157)
	at com.kms.katalon.core.main.TestCaseMain$startTestSuite$0.call(Unknown Source)
	at TempTestSuite1605860336451.run(TempTestSuite1605860336451.groovy:36)
)

2020-11-20 13:50:46 - [MESSAGE][ERROR] - com.kms.katalon.core.exception.StepErrorException: Unable to verify element present

2020-11-20 13:50:46 - [TEST_STEP][PASSED] - utilities.SafeActions.safeClick(findTestObject("MAKE_ PAYMENT/Verification_ Details/PROCESS_PAYMENT"), "Process Payment", [pageLoadTime]): Consumer_Payment_Making_Visa.ts:Clicked on the Process Payment

2020-11-20 13:50:46 - [MESSAGE][INFO] - safeClicking

2020-11-20 13:50:47 - [MESSAGE][PASSED] - Object 'Object Repository/MAKE_ PAYMENT/Verification_ Details/PROCESS_PAYMENT' is present

2020-11-20 13:50:47 - [MESSAGE][PASSED] - Object 'Object Repository/MAKE_ PAYMENT/Verification_ Details/PROCESS_PAYMENT' is clickable

2020-11-20 13:50:48 - [MESSAGE][PASSED] - Object: 'Object Repository/MAKE_ PAYMENT/Verification_ Details/PROCESS_PAYMENT' is clicked on

2020-11-20 13:50:48 - [MESSAGE][PASSED] - Consumer_Payment_Making_Visa.ts:Clicked on the Process Payment

2020-11-20 13:50:48 - [TEST_STEP][PASSED] - utilities.SafeActions.safeClick(findTestObject("MAKE_ PAYMENT/Verification_ Details/YES_BUTTON"), "yes button", [pageLoadTime]): Consumer_Payment_Making_Visa.ts:Clicked on the yes button

2020-11-20 13:50:48 - [MESSAGE][INFO] - safeClicking

2020-11-20 13:50:49 - [MESSAGE][PASSED] - Object 'Object Repository/MAKE_ PAYMENT/Verification_ Details/YES_BUTTON' is present

2020-11-20 13:50:49 - [MESSAGE][PASSED] - Object 'Object Repository/MAKE_ PAYMENT/Verification_ Details/YES_BUTTON' is clickable

2020-11-20 13:50:54 - [MESSAGE][PASSED] - Object: 'Object Repository/MAKE_ PAYMENT/Verification_ Details/YES_BUTTON' is clicked on

2020-11-20 13:50:54 - [MESSAGE][PASSED] - Consumer_Payment_Making_Visa.ts:Clicked on the yes button

2020-11-20 13:50:54 - [TEST_STEP][PASSED] - PaymentId = pages.Payment_Page.verifyCardPaymentApproval(referenceNum): pages.Payment_Page.verifyCardPaymentApproval is PASSED

2020-11-20 13:50:56 - [MESSAGE][PASSED] - Text of object 'Object Repository/MAKE_ PAYMENT/Verification_ Details/PAY_ID_CARD' is: '100176144908'

2020-11-20 13:50:59 - [MESSAGE][PASSED] - Text of object 'Object Repository/MAKE_ PAYMENT/Verification_ Details/REFERENCE_NUM' is: '11'

2020-11-20 13:50:59 - [MESSAGE][PASSED] - pages.Payment_Page.verifyCardPaymentApproval is PASSED

2020-11-20 13:50:59 - [TEST_STEP][PASSED] - utilities.SafeActions.safeClick(findTestObject("SEARCH_PAYMENT/SEARCH_PAYMENT"), "Search Payment", [pageLoadTime]): Consumer_Payment_Making_Visa.ts:Clicked on the Search Payment

2020-11-20 13:51:00 - [MESSAGE][INFO] - safeClicking

2020-11-20 13:51:00 - [MESSAGE][PASSED] - Object 'Object Repository/SEARCH_PAYMENT/SEARCH_PAYMENT' is present

2020-11-20 13:51:00 - [MESSAGE][PASSED] - Object 'Object Repository/SEARCH_PAYMENT/SEARCH_PAYMENT' is clickable

2020-11-20 13:51:01 - [MESSAGE][PASSED] - Object: 'Object Repository/SEARCH_PAYMENT/SEARCH_PAYMENT' is clicked on

2020-11-20 13:51:01 - [MESSAGE][PASSED] - Consumer_Payment_Making_Visa.ts:Clicked on the Search Payment

2020-11-20 13:51:01 - [TEST_STEP][PASSED] - waitForPageLoad(10): Wait for page load successfully

2020-11-20 13:51:01 - [MESSAGE][PASSED] - Wait for page load successfully

2020-11-20 13:51:01 - [TEST_STEP][PASSED] - pages.Search_Page.switchToWindow(): pages.Search_Page.switchToWindow is PASSED

2020-11-20 13:51:03 - [MESSAGE][PASSED] - Object: 'Object Repository/SEARCH_PAYMENT/SEARCH_PAYMENT' is clicked on

2020-11-20 13:51:03 - [MESSAGE][PASSED] - Switched to window with index: '1'

2020-11-20 13:51:03 - [MESSAGE][PASSED] - pages.Search_Page.switchToWindow is PASSED

2020-11-20 13:51:03 - [TEST_STEP][PASSED] - waitForElementClickable(findTestObject("SEARCH_PAYMENT/CREDIT_OR_DEBIT_CARD"), 0): Object 'Object Repository/SEARCH_PAYMENT/CREDIT_OR_DEBIT_CARD' is clickable

2020-11-20 13:51:03 - [MESSAGE][WARNING] - Timeout '0' is invalid. Using default page load timeout: '30'

2020-11-20 13:51:05 - [MESSAGE][PASSED] - Object 'Object Repository/SEARCH_PAYMENT/CREDIT_OR_DEBIT_CARD' is clickable

2020-11-20 13:51:05 - [TEST_STEP][PASSED] - utilities.SafeActions.safeCheck(findTestObject("SEARCH_PAYMENT/CREDIT_OR_DEBIT_CARD"), "Credit card", [pageLoadTime]): Consumer_Payment_Making_Visa.ts:Checkbox 'Credit card'is selected

2020-11-20 13:51:06 - [MESSAGE][PASSED] - Object 'Object Repository/SEARCH_PAYMENT/CREDIT_OR_DEBIT_CARD' is present

2020-11-20 13:51:07 - [MESSAGE][PASSED] - Object 'Object Repository/SEARCH_PAYMENT/CREDIT_OR_DEBIT_CARD' is present

2020-11-20 13:51:08 - [MESSAGE][PASSED] - Object: 'Object Repository/SEARCH_PAYMENT/CREDIT_OR_DEBIT_CARD' is clicked on

2020-11-20 13:51:08 - [MESSAGE][PASSED] - Consumer_Payment_Making_Visa.ts:Checkbox 'Credit card'is selected

2020-11-20 13:51:08 - [TEST_STEP][PASSED] - pages.Search_Page.setSearchDetails(lastName, cardNum, accNum): Credit card is checked and cardNum is entered 

2020-11-20 13:51:08 - [MESSAGE][PASSED] - Object 'Object Repository/SEARCH_PAYMENT/BILLING_LAST_NAME' is present

2020-11-20 13:51:09 - [MESSAGE][PASSED] - Object 'Object Repository/SEARCH_PAYMENT/BILLING_LAST_NAME' is visible

2020-11-20 13:51:09 - [MESSAGE][PASSED] - Object 'Object Repository/SEARCH_PAYMENT/BILLING_LAST_NAME' is present

2020-11-20 13:51:10 - [MESSAGE][PASSED] - Text 'Zenq1' is set on object 'Object Repository/SEARCH_PAYMENT/BILLING_LAST_NAME'

2020-11-20 13:51:10 - [MESSAGE][PASSED] - Consumer_Payment_Making_Visa.ts:Entered'Zenq1 into LastName

2020-11-20 13:51:11 - [MESSAGE][PASSED] - Object 'Object Repository/SEARCH_PAYMENT/CREDIT_OR_DEBIT_CARD' is checked

2020-11-20 13:51:11 - [MESSAGE][PASSED] - Object 'Object Repository/SEARCH_PAYMENT/CARD_NUMBER' is present

2020-11-20 13:51:11 - [MESSAGE][PASSED] - Object 'Object Repository/SEARCH_PAYMENT/CARD_NUMBER' is visible

2020-11-20 13:51:12 - [MESSAGE][PASSED] - Object 'Object Repository/SEARCH_PAYMENT/CARD_NUMBER' is present

2020-11-20 13:51:13 - [MESSAGE][PASSED] - Text '4532815899708200' is set on object 'Object Repository/SEARCH_PAYMENT/CARD_NUMBER'

2020-11-20 13:51:13 - [MESSAGE][PASSED] - Consumer_Payment_Making_Visa.ts:Entered'4532815899708200 into CArdNum

2020-11-20 13:51:13 - [MESSAGE][PASSED] - Credit card is checked and cardNum is entered 

2020-11-20 13:51:13 - [TEST_STEP][PASSED] - utilities.SafeActions.safeClick(findTestObject("SEARCH_PAYMENT/SEARCH_BUTTON"), "Search", [pageLoadTime]): Consumer_Payment_Making_Visa.ts:Clicked on the Search

2020-11-20 13:51:13 - [MESSAGE][INFO] - safeClicking

2020-11-20 13:51:13 - [MESSAGE][PASSED] - Object 'Object Repository/SEARCH_PAYMENT/SEARCH_BUTTON' is present

2020-11-20 13:51:14 - [MESSAGE][PASSED] - Object 'Object Repository/SEARCH_PAYMENT/SEARCH_BUTTON' is clickable

2020-11-20 13:51:18 - [MESSAGE][PASSED] - Object: 'Object Repository/SEARCH_PAYMENT/SEARCH_BUTTON' is clicked on

2020-11-20 13:51:18 - [MESSAGE][PASSED] - Consumer_Payment_Making_Visa.ts:Clicked on the Search

2020-11-20 13:51:18 - [TEST_STEP][PASSED] - pages.Payment_Page.verifyPaymentDetailsInReceipt(PaymentId): pages.Payment_Page.verifyPaymentDetailsInReceipt is PASSED

2020-11-20 13:51:19 - [MESSAGE][PASSED] - Text of object 'Object Repository/SEARCH_PAYMENT/REFERNCE_NUM' is: '11'

2020-11-20 13:51:20 - [MESSAGE][PASSED] - Text of object 'Object Repository/SEARCH_PAYMENT/PAYMENT_ID' is: '100176144908'

2020-11-20 13:51:20 - [MESSAGE][PASSED] - pages.Payment_Page.verifyPaymentDetailsInReceipt is PASSED

2020-11-20 13:51:20 - [TEST_STEP][PASSED] - utilities.SafeActions.safeClick(findTestObject("SEARCH_PAYMENT/SEARCH_ ICON"), "SearchIcon", [pageLoadTime]): Consumer_Payment_Making_Visa.ts:Clicked on the SearchIcon

2020-11-20 13:51:20 - [MESSAGE][INFO] - safeClicking

2020-11-20 13:51:20 - [MESSAGE][PASSED] - Object 'Object Repository/SEARCH_PAYMENT/SEARCH_ ICON' is present

2020-11-20 13:51:20 - [MESSAGE][PASSED] - Object 'Object Repository/SEARCH_PAYMENT/SEARCH_ ICON' is clickable

2020-11-20 13:51:22 - [MESSAGE][PASSED] - Object: 'Object Repository/SEARCH_PAYMENT/SEARCH_ ICON' is clicked on

2020-11-20 13:51:22 - [MESSAGE][PASSED] - Consumer_Payment_Making_Visa.ts:Clicked on the SearchIcon

2020-11-20 13:51:22 - [TEST_STEP][PASSED] - delay(2): Delayed 2 second(s)

2020-11-20 13:51:24 - [MESSAGE][PASSED] - Delayed 2 second(s)

2020-11-20 13:51:24 - [TEST_STEP][PASSED] - scrollToElement(findTestObject("SEARCH_PAYMENT/CLOSE_BUTTON"), 0): Scroll to object 'Object Repository/SEARCH_PAYMENT/CLOSE_BUTTON' successfully

2020-11-20 13:51:24 - [MESSAGE][WARNING] - Timeout '0' is invalid. Using default page load timeout: '30'

2020-11-20 13:51:24 - [MESSAGE][PASSED] - Scroll to object 'Object Repository/SEARCH_PAYMENT/CLOSE_BUTTON' successfully

2020-11-20 13:51:24 - [TEST_STEP][PASSED] - utilities.SafeActions.safeClick(findTestObject("SEARCH_PAYMENT/EMAIL_ RECEIPT"), "Email Receipt", [pageLoadTime]): Consumer_Payment_Making_Visa.ts:Clicked on the Email Receipt

2020-11-20 13:51:24 - [MESSAGE][INFO] - safeClicking

2020-11-20 13:51:24 - [MESSAGE][PASSED] - Object 'Object Repository/SEARCH_PAYMENT/EMAIL_ RECEIPT' is present

2020-11-20 13:51:25 - [MESSAGE][PASSED] - Object 'Object Repository/SEARCH_PAYMENT/EMAIL_ RECEIPT' is clickable

2020-11-20 13:51:26 - [MESSAGE][PASSED] - Object: 'Object Repository/SEARCH_PAYMENT/EMAIL_ RECEIPT' is clicked on

2020-11-20 13:51:26 - [MESSAGE][PASSED] - Consumer_Payment_Making_Visa.ts:Clicked on the Email Receipt

2020-11-20 13:51:26 - [TEST_STEP][PASSED] - utilities.SafeActions.safeClick(findTestObject("SEARCH_PAYMENT/SEND_ EMAIL_BUTTON"), "Send Email", [pageLoadTime]): Consumer_Payment_Making_Visa.ts:Clicked on the Send Email

2020-11-20 13:51:26 - [MESSAGE][INFO] - safeClicking

2020-11-20 13:51:27 - [MESSAGE][PASSED] - Object 'Object Repository/SEARCH_PAYMENT/SEND_ EMAIL_BUTTON' is present

2020-11-20 13:51:27 - [MESSAGE][PASSED] - Object 'Object Repository/SEARCH_PAYMENT/SEND_ EMAIL_BUTTON' is clickable

2020-11-20 13:51:28 - [MESSAGE][PASSED] - Object: 'Object Repository/SEARCH_PAYMENT/SEND_ EMAIL_BUTTON' is clicked on

2020-11-20 13:51:28 - [MESSAGE][PASSED] - Consumer_Payment_Making_Visa.ts:Clicked on the Send Email

2020-11-20 13:51:28 - [TEST_STEP][PASSED] - paymentIdList.add(paymentId): null

2020-11-20 13:51:28 - [TEST_STEP][PASSED] - Start listener action : afterTestCase: Browser is closed

2020-11-20 13:51:28 - [TEST_STEP][PASSED] - closeBrowser(): Browser is closed

2020-11-20 13:51:29 - [MESSAGE][PASSED] - Browser is closed]]></system-out>
         <system-err><![CDATA[2020-11-20 13:49:01 - [TEST_CASE][ERROR] - Test Cases/Consumer_Make_Payment_New/TC_001_Credit_SingleLine_Payment: Test Cases/Consumer_Make_Payment_New/TC_001_Credit_SingleLine_Payment FAILED.
Reason:
com.kms.katalon.core.exception.StepErrorException: Unable to verify element present
	at com.kms.katalon.core.util.KeywordUtil.markError(KeywordUtil.java:65)
	at com.kms.katalon.core.util.KeywordUtil$markError$1.call(Unknown Source)
	at pages.Payment_Page.verifyUserDetails(Payment_Page.groovy:275)
	at pages.Payment_Page.invokeMethod(Payment_Page.groovy)
	at com.kms.katalon.core.main.CustomKeywordDelegatingMetaClass.invokeStaticMethod(CustomKeywordDelegatingMetaClass.java:50)
	at TC_001_Credit_SingleLine_Payment.run(TC_001_Credit_SingleLine_Payment:110)
	at com.kms.katalon.core.main.ScriptEngine.run(ScriptEngine.java:194)
	at com.kms.katalon.core.main.ScriptEngine.runScriptAsRawText(ScriptEngine.java:119)
	at com.kms.katalon.core.main.TestCaseExecutor.runScript(TestCaseExecutor.java:337)
	at com.kms.katalon.core.main.TestCaseExecutor.doExecute(TestCaseExecutor.java:328)
	at com.kms.katalon.core.main.TestCaseExecutor.processExecutionPhase(TestCaseExecutor.java:307)
	at com.kms.katalon.core.main.TestCaseExecutor.accessMainPhase(TestCaseExecutor.java:299)
	at com.kms.katalon.core.main.TestCaseExecutor.execute(TestCaseExecutor.java:233)
	at com.kms.katalon.core.main.TestSuiteExecutor.accessTestCaseMainPhase(TestSuiteExecutor.java:169)
	at com.kms.katalon.core.main.TestSuiteExecutor.accessTestSuiteMainPhase(TestSuiteExecutor.java:142)
	at com.kms.katalon.core.main.TestSuiteExecutor.execute(TestSuiteExecutor.java:91)
	at com.kms.katalon.core.main.TestCaseMain.startTestSuite(TestCaseMain.java:157)
	at com.kms.katalon.core.main.TestCaseMain$startTestSuite$0.call(Unknown Source)
	at TempTestSuite1605860336451.run(TempTestSuite1605860336451.groovy:36)]]></system-err>
      </testcase>
      <system-out><![CDATA[2020-11-20 13:49:01 - [TEST_SUITE][ERROR] - Consumer_Payment_Making_Visa: Test Cases/Consumer_Make_Payment_New/TC_001_Credit_SingleLine_Payment FAILED.
Reason:
com.kms.katalon.core.exception.StepErrorException: Unable to verify element present
	at com.kms.katalon.core.util.KeywordUtil.markError(KeywordUtil.java:65)
	at com.kms.katalon.core.util.KeywordUtil$markError$1.call(Unknown Source)
	at pages.Payment_Page.verifyUserDetails(Payment_Page.groovy:275)
	at pages.Payment_Page.invokeMethod(Payment_Page.groovy)
	at com.kms.katalon.core.main.CustomKeywordDelegatingMetaClass.invokeStaticMethod(CustomKeywordDelegatingMetaClass.java:50)
	at TC_001_Credit_SingleLine_Payment.run(TC_001_Credit_SingleLine_Payment:110)
	at com.kms.katalon.core.main.ScriptEngine.run(ScriptEngine.java:194)
	at com.kms.katalon.core.main.ScriptEngine.runScriptAsRawText(ScriptEngine.java:119)
	at com.kms.katalon.core.main.TestCaseExecutor.runScript(TestCaseExecutor.java:337)
	at com.kms.katalon.core.main.TestCaseExecutor.doExecute(TestCaseExecutor.java:328)
	at com.kms.katalon.core.main.TestCaseExecutor.processExecutionPhase(TestCaseExecutor.java:307)
	at com.kms.katalon.core.main.TestCaseExecutor.accessMainPhase(TestCaseExecutor.java:299)
	at com.kms.katalon.core.main.TestCaseExecutor.execute(TestCaseExecutor.java:233)
	at com.kms.katalon.core.main.TestSuiteExecutor.accessTestCaseMainPhase(TestSuiteExecutor.java:169)
	at com.kms.katalon.core.main.TestSuiteExecutor.accessTestSuiteMainPhase(TestSuiteExecutor.java:142)
	at com.kms.katalon.core.main.TestSuiteExecutor.execute(TestSuiteExecutor.java:91)
	at com.kms.katalon.core.main.TestCaseMain.startTestSuite(TestCaseMain.java:157)
	at com.kms.katalon.core.main.TestCaseMain$startTestSuite$0.call(Unknown Source)
	at TempTestSuite1605860336451.run(TempTestSuite1605860336451.groovy:36)]]></system-out>
      <system-err><![CDATA[2020-11-20 13:49:01 - [TEST_SUITE][ERROR] - Consumer_Payment_Making_Visa: Test Cases/Consumer_Make_Payment_New/TC_001_Credit_SingleLine_Payment FAILED.
Reason:
com.kms.katalon.core.exception.StepErrorException: Unable to verify element present
	at com.kms.katalon.core.util.KeywordUtil.markError(KeywordUtil.java:65)
	at com.kms.katalon.core.util.KeywordUtil$markError$1.call(Unknown Source)
	at pages.Payment_Page.verifyUserDetails(Payment_Page.groovy:275)
	at pages.Payment_Page.invokeMethod(Payment_Page.groovy)
	at com.kms.katalon.core.main.CustomKeywordDelegatingMetaClass.invokeStaticMethod(CustomKeywordDelegatingMetaClass.java:50)
	at TC_001_Credit_SingleLine_Payment.run(TC_001_Credit_SingleLine_Payment:110)
	at com.kms.katalon.core.main.ScriptEngine.run(ScriptEngine.java:194)
	at com.kms.katalon.core.main.ScriptEngine.runScriptAsRawText(ScriptEngine.java:119)
	at com.kms.katalon.core.main.TestCaseExecutor.runScript(TestCaseExecutor.java:337)
	at com.kms.katalon.core.main.TestCaseExecutor.doExecute(TestCaseExecutor.java:328)
	at com.kms.katalon.core.main.TestCaseExecutor.processExecutionPhase(TestCaseExecutor.java:307)
	at com.kms.katalon.core.main.TestCaseExecutor.accessMainPhase(TestCaseExecutor.java:299)
	at com.kms.katalon.core.main.TestCaseExecutor.execute(TestCaseExecutor.java:233)
	at com.kms.katalon.core.main.TestSuiteExecutor.accessTestCaseMainPhase(TestSuiteExecutor.java:169)
	at com.kms.katalon.core.main.TestSuiteExecutor.accessTestSuiteMainPhase(TestSuiteExecutor.java:142)
	at com.kms.katalon.core.main.TestSuiteExecutor.execute(TestSuiteExecutor.java:91)
	at com.kms.katalon.core.main.TestCaseMain.startTestSuite(TestCaseMain.java:157)
	at com.kms.katalon.core.main.TestCaseMain$startTestSuite$0.call(Unknown Source)
	at TempTestSuite1605860336451.run(TempTestSuite1605860336451.groovy:36)]]></system-err>
   </testsuite>
</testsuites>
