<?xml version="1.0" encoding="UTF-8" standalone="no"?>
<!DOCTYPE log SYSTEM "logger.dtd">
<log>
<record>
  <date>2019-10-29T04:53:40</date>
  <millis>1572342820621</millis>
  <sequence>0</sequence>
  <level>START</level>
  <class>com.kms.katalon.core.logging.XmlKeywordLogger</class>
  <method>startSuite</method>
  <thread>1</thread>
  <message>Start Test Suite : Test Suites/Certpay_testSuite/Consumer_Payment_Making</message>
  <nestedLevel>0</nestedLevel>
  <property name="name">Consumer_Payment_Making</property>
  <property name="description"></property>
  <property name="id">Test Suites/Certpay_testSuite/Consumer_Payment_Making</property>
</record>
<record>
  <date>2019-10-29T04:53:40</date>
  <millis>1572342820662</millis>
  <sequence>1</sequence>
  <level>RUN_DATA</level>
  <class>com.kms.katalon.core.logging.XmlKeywordLogger</class>
  <method>logMessage</method>
  <thread>1</thread>
  <message>hostName = Pratyusha.Nulu - FW1-D-DTA-ZENQ2</message>
  <nestedLevel>0</nestedLevel>
  <property name="hostName">Pratyusha.Nulu - FW1-D-DTA-ZENQ2</property>
</record>
<record>
  <date>2019-10-29T04:53:40</date>
  <millis>1572342820662</millis>
  <sequence>2</sequence>
  <level>RUN_DATA</level>
  <class>com.kms.katalon.core.logging.XmlKeywordLogger</class>
  <method>logMessage</method>
  <thread>1</thread>
  <message>os = Windows 10 64bit</message>
  <nestedLevel>0</nestedLevel>
  <property name="os">Windows 10 64bit</property>
</record>
<record>
  <date>2019-10-29T04:53:40</date>
  <millis>1572342820678</millis>
  <sequence>3</sequence>
  <level>RUN_DATA</level>
  <class>com.kms.katalon.core.logging.XmlKeywordLogger</class>
  <method>logMessage</method>
  <thread>1</thread>
  <message>hostAddress = 172.25.52.169</message>
  <nestedLevel>0</nestedLevel>
  <property name="hostAddress">172.25.52.169</property>
</record>
<record>
  <date>2019-10-29T04:53:40</date>
  <millis>1572342820678</millis>
  <sequence>4</sequence>
  <level>RUN_DATA</level>
  <class>com.kms.katalon.core.logging.XmlKeywordLogger</class>
  <method>logMessage</method>
  <thread>1</thread>
  <message>katalonVersion = 6.3.2.4</message>
  <nestedLevel>0</nestedLevel>
  <property name="katalonVersion">6.3.2.4</property>
</record>
<record>
  <date>2019-10-29T04:53:41</date>
  <millis>1572342821459</millis>
  <sequence>5</sequence>
  <level>START</level>
  <class>com.kms.katalon.core.logging.XmlKeywordLogger</class>
  <method>startTest</method>
  <thread>1</thread>
  <message>Start Test Case : Test Cases/Consumer_Make_Payment/TC_001_Credit_SingleLine_Payment</message>
  <nestedLevel>1</nestedLevel>
  <property name="name">Test Cases/Consumer_Make_Payment/TC_001_Credit_SingleLine_Payment</property>
  <property name="description"></property>
  <property name="id">Test Cases/Consumer_Make_Payment/TC_001_Credit_SingleLine_Payment</property>
  <property name="source">C:\\Users\\Pratyusha.Nulu\\Katalon Studio\\Certpay_29_10_19\\FAPS_INTERNAL_CERTPAY\\Test Cases\\Consumer_Make_Payment\\TC_001_Credit_SingleLine_Payment.tc</property>
  <property name="tag"></property>
  <property name="isOptional">false</property>
</record>
<record>
  <date>2019-10-29T04:53:42</date>
  <millis>1572342822225</millis>
  <sequence>7</sequence>
  <level>INFO</level>
  <class>com.kms.katalon.core.logging.XmlKeywordLogger</class>
  <method>logMessage</method>
  <thread>1</thread>
  <message>(Default) paymentAmount = 16.00</message>
  <nestedLevel>1</nestedLevel>
</record>
<record>
  <date>2019-10-29T04:53:42</date>
  <millis>1572342822240</millis>
  <sequence>8</sequence>
  <level>INFO</level>
  <class>com.kms.katalon.core.logging.XmlKeywordLogger</class>
  <method>logMessage</method>
  <thread>1</thread>
  <message>(Default) referenceNum = 11</message>
  <nestedLevel>1</nestedLevel>
</record>
<record>
  <date>2019-10-29T04:53:42</date>
  <millis>1572342822881</millis>
  <sequence>9</sequence>
  <level>INFO</level>
  <class>com.kms.katalon.core.logging.XmlKeywordLogger</class>
  <method>logMessage</method>
  <thread>1</thread>
  <message>(Default) bureauCode = 6100000</message>
  <nestedLevel>1</nestedLevel>
</record>
<record>
  <date>2019-10-29T04:53:42</date>
  <millis>1572342822943</millis>
  <sequence>10</sequence>
  <level>INFO</level>
  <class>com.kms.katalon.core.logging.XmlKeywordLogger</class>
  <method>logMessage</method>
  <thread>1</thread>
  <message>(Default) firstName = Susmitha</message>
  <nestedLevel>1</nestedLevel>
</record>
<record>
  <date>2019-10-29T04:53:42</date>
  <millis>1572342822975</millis>
  <sequence>11</sequence>
  <level>INFO</level>
  <class>com.kms.katalon.core.logging.XmlKeywordLogger</class>
  <method>logMessage</method>
  <thread>1</thread>
  <message>(Default) lastName = Angana</message>
  <nestedLevel>1</nestedLevel>
</record>
<record>
  <date>2019-10-29T04:53:42</date>
  <millis>1572342822990</millis>
  <sequence>12</sequence>
  <level>INFO</level>
  <class>com.kms.katalon.core.logging.XmlKeywordLogger</class>
  <method>logMessage</method>
  <thread>1</thread>
  <message>(Default) telephone = 9640400667</message>
  <nestedLevel>1</nestedLevel>
</record>
<record>
  <date>2019-10-29T04:53:43</date>
  <millis>1572342823006</millis>
  <sequence>13</sequence>
  <level>INFO</level>
  <class>com.kms.katalon.core.logging.XmlKeywordLogger</class>
  <method>logMessage</method>
  <thread>1</thread>
  <message>(Default) address = 14-2</message>
  <nestedLevel>1</nestedLevel>
</record>
<record>
  <date>2019-10-29T04:53:43</date>
  <millis>1572342823084</millis>
  <sequence>14</sequence>
  <level>INFO</level>
  <class>com.kms.katalon.core.logging.XmlKeywordLogger</class>
  <method>logMessage</method>
  <thread>1</thread>
  <message>(Default) zipCode = 76102</message>
  <nestedLevel>1</nestedLevel>
</record>
<record>
  <date>2019-10-29T04:53:43</date>
  <millis>1572342823100</millis>
  <sequence>15</sequence>
  <level>INFO</level>
  <class>com.kms.katalon.core.logging.XmlKeywordLogger</class>
  <method>logMessage</method>
  <thread>1</thread>
  <message>(Default) cardNum = 374245003731006</message>
  <nestedLevel>1</nestedLevel>
</record>
<record>
  <date>2019-10-29T04:53:43</date>
  <millis>1572342823115</millis>
  <sequence>16</sequence>
  <level>INFO</level>
  <class>com.kms.katalon.core.logging.XmlKeywordLogger</class>
  <method>logMessage</method>
  <thread>1</thread>
  <message>(Default) securityCode = 111</message>
  <nestedLevel>1</nestedLevel>
</record>
<record>
  <date>2019-10-29T04:53:43</date>
  <millis>1572342823131</millis>
  <sequence>17</sequence>
  <level>INFO</level>
  <class>com.kms.katalon.core.logging.XmlKeywordLogger</class>
  <method>logMessage</method>
  <thread>1</thread>
  <message>(Default) expYear = 2025</message>
  <nestedLevel>1</nestedLevel>
</record>
<record>
  <date>2019-10-29T04:53:43</date>
  <millis>1572342823271</millis>
  <sequence>18</sequence>
  <level>INFO</level>
  <class>com.kms.katalon.core.logging.XmlKeywordLogger</class>
  <method>logMessage</method>
  <thread>1</thread>
  <message>(Default) expMonth = 03</message>
  <nestedLevel>1</nestedLevel>
</record>
<record>
  <date>2019-10-29T04:53:43</date>
  <millis>1572342823287</millis>
  <sequence>19</sequence>
  <level>INFO</level>
  <class>com.kms.katalon.core.logging.XmlKeywordLogger</class>
  <method>logMessage</method>
  <thread>1</thread>
  <message>(Default) CardType = American Express</message>
  <nestedLevel>1</nestedLevel>
</record>
<record>
  <date>2019-10-29T04:53:43</date>
  <millis>1572342823303</millis>
  <sequence>20</sequence>
  <level>INFO</level>
  <class>com.kms.katalon.core.logging.XmlKeywordLogger</class>
  <method>logMessage</method>
  <thread>1</thread>
  <message>(Default) emailAddress = testing@zenq.com</message>
  <nestedLevel>1</nestedLevel>
</record>
<record>
  <date>2019-10-29T04:53:43</date>
  <millis>1572342823318</millis>
  <sequence>21</sequence>
  <level>INFO</level>
  <class>com.kms.katalon.core.logging.XmlKeywordLogger</class>
  <method>logMessage</method>
  <thread>1</thread>
  <message>(Default) last4Digits = 1006</message>
  <nestedLevel>1</nestedLevel>
</record>
<record>
  <date>2019-10-29T04:53:43</date>
  <millis>1572342823443</millis>
  <sequence>22</sequence>
  <level>INFO</level>
  <class>com.kms.katalon.core.logging.XmlKeywordLogger</class>
  <method>logMessage</method>
  <thread>1</thread>
  <message>(Default) last5Digits = 31006</message>
  <nestedLevel>1</nestedLevel>
</record>
<record>
  <date>2019-10-29T04:53:43</date>
  <millis>1572342823443</millis>
  <sequence>23</sequence>
  <level>INFO</level>
  <class>com.kms.katalon.core.logging.XmlKeywordLogger</class>
  <method>logMessage</method>
  <thread>1</thread>
  <message>(Default) paymentType = Taxes</message>
  <nestedLevel>1</nestedLevel>
</record>
<record>
  <date>2019-10-29T04:53:43</date>
  <millis>1572342823459</millis>
  <sequence>24</sequence>
  <level>INFO</level>
  <class>com.kms.katalon.core.logging.XmlKeywordLogger</class>
  <method>logMessage</method>
  <thread>1</thread>
  <message>(Default) accNum = 123456</message>
  <nestedLevel>1</nestedLevel>
</record>
<record>
  <date>2019-10-29T04:53:43</date>
  <millis>1572342823459</millis>
  <sequence>25</sequence>
  <level>START</level>
  <class>com.kms.katalon.core.logging.XmlKeywordLogger</class>
  <method>startKeyword</method>
  <thread>1</thread>
  <message>Start listener action : beforeTestCase</message>
  <nestedLevel>1</nestedLevel>
</record>
<record>
  <date>2019-10-29T04:53:43</date>
  <millis>1572342823475</millis>
  <sequence>28</sequence>
  <level>END</level>
  <class>com.kms.katalon.core.logging.XmlKeywordLogger</class>
  <method>endKeyword</method>
  <thread>1</thread>
  <message>End listener action : beforeTestCase</message>
  <nestedLevel>1</nestedLevel>
</record>
<record>
  <date>2019-10-29T04:53:45</date>
  <millis>1572342825498</millis>
  <sequence>29</sequence>
  <level>START</level>
  <class>com.kms.katalon.core.logging.XmlKeywordLogger</class>
  <method>startKeyword</method>
  <thread>1</thread>
  <message>Start action : utilities.SafeActions.openBrowser(certpay_url, [pageLoadTime])</message>
  <nestedLevel>1</nestedLevel>
  <property name="startLine">17</property>
  <property name="stepIndex">1</property>
  <property name="description">Open Certpay application</property>
</record>
<record>
  <date>2019-10-29T04:53:46</date>
  <millis>1572342826508</millis>
  <sequence>30</sequence>
  <level>INFO</level>
  <class>com.kms.katalon.core.logging.XmlKeywordLogger</class>
  <method>logMessage</method>
  <thread>1</thread>
  <message>Opening Browser</message>
  <nestedLevel>1</nestedLevel>
</record>
<record>
  <date>2019-10-29T04:53:47</date>
  <millis>1572342827259</millis>
  <sequence>32</sequence>
  <level>INFO</level>
  <class>com.kms.katalon.core.logging.XmlKeywordLogger</class>
  <method>logMessage</method>
  <thread>1</thread>
  <message>Starting &amp;apos;Chrome&amp;apos; driver</message>
  <nestedLevel>1</nestedLevel>
</record>
<record>
  <date>2019-10-29T04:53:47</date>
  <millis>1572342827510</millis>
  <sequence>34</sequence>
  <level>INFO</level>
  <class>com.kms.katalon.core.logging.XmlKeywordLogger</class>
  <method>logMessage</method>
  <thread>1</thread>
  <message>Action delay is set to 0 seconds</message>
  <nestedLevel>1</nestedLevel>
</record>
<record>
  <date>2019-10-29T04:54:06</date>
  <millis>1572342846102</millis>
  <sequence>36</sequence>
  <level>RUN_DATA</level>
  <class>com.kms.katalon.core.logging.XmlKeywordLogger</class>
  <method>logMessage</method>
  <thread>1</thread>
  <message>sessionId = abb63877a57cac6c46add21deff08dde</message>
  <nestedLevel>1</nestedLevel>
  <property name="sessionId">abb63877a57cac6c46add21deff08dde</property>
</record>
<record>
  <date>2019-10-29T04:54:06</date>
  <millis>1572342846377</millis>
  <sequence>37</sequence>
  <level>RUN_DATA</level>
  <class>com.kms.katalon.core.logging.XmlKeywordLogger</class>
  <method>logMessage</method>
  <thread>1</thread>
  <message>browser = Chrome 76.0.3809.100</message>
  <nestedLevel>1</nestedLevel>
  <property name="browser">Chrome 76.0.3809.100</property>
</record>
<record>
  <date>2019-10-29T04:54:06</date>
  <millis>1572342846378</millis>
  <sequence>38</sequence>
  <level>RUN_DATA</level>
  <class>com.kms.katalon.core.logging.XmlKeywordLogger</class>
  <method>logMessage</method>
  <thread>1</thread>
  <message>platform = Windows 10</message>
  <nestedLevel>1</nestedLevel>
  <property name="platform">Windows 10</property>
</record>
<record>
  <date>2019-10-29T04:54:06</date>
  <millis>1572342846379</millis>
  <sequence>39</sequence>
  <level>RUN_DATA</level>
  <class>com.kms.katalon.core.logging.XmlKeywordLogger</class>
  <method>logMessage</method>
  <thread>1</thread>
  <message>seleniumVersion = 3.141.59</message>
  <nestedLevel>1</nestedLevel>
  <property name="seleniumVersion">3.141.59</property>
</record>
<record>
  <date>2019-10-29T04:54:06</date>
  <millis>1572342846380</millis>
  <sequence>40</sequence>
  <level>RUN_DATA</level>
  <class>com.kms.katalon.core.logging.XmlKeywordLogger</class>
  <method>logMessage</method>
  <thread>1</thread>
  <message>proxyInformation = ProxyInformation{proxyOption=NO_PROXY, proxyServerType=HTTP, password=, proxyServerAddress=, proxyServerPort=0}</message>
  <nestedLevel>1</nestedLevel>
  <property name="proxyInformation">ProxyInformation{proxyOption=NO_PROXY, proxyServerType=HTTP, password=, proxyServerAddress=, proxyServerPort=0}</property>
</record>
<record>
  <date>2019-10-29T04:54:10</date>
  <millis>1572342850596</millis>
  <sequence>42</sequence>
  <level>PASSED</level>
  <class>com.kms.katalon.core.logging.XmlKeywordLogger</class>
  <method>logMessage</method>
  <thread>1</thread>
  <message>Browser is opened with url: &amp;apos;https://qa-certpay.faps.net/&amp;apos;</message>
  <nestedLevel>1</nestedLevel>
</record>
<record>
  <date>2019-10-29T04:54:15</date>
  <millis>1572342855983</millis>
  <sequence>44</sequence>
  <level>PASSED</level>
  <class>com.kms.katalon.core.logging.XmlKeywordLogger</class>
  <method>logMessage</method>
  <thread>1</thread>
  <message>Current window maximized</message>
  <nestedLevel>1</nestedLevel>
</record>
<record>
  <date>2019-10-29T04:54:15</date>
  <millis>1572342855986</millis>
  <sequence>45</sequence>
  <level>PASSED</level>
  <class>com.kms.katalon.core.logging.XmlKeywordLogger</class>
  <method>logMessage</method>
  <thread>1</thread>
  <message>Browser launched successfully</message>
  <nestedLevel>1</nestedLevel>
</record>
<record>
  <date>2019-10-29T04:54:15</date>
  <millis>1572342855987</millis>
  <sequence>46</sequence>
  <level>END</level>
  <class>com.kms.katalon.core.logging.XmlKeywordLogger</class>
  <method>endKeyword</method>
  <thread>1</thread>
  <message>End action : utilities.SafeActions.openBrowser(certpay_url, [pageLoadTime])</message>
  <nestedLevel>1</nestedLevel>
</record>
<record>
  <date>2019-10-29T04:54:15</date>
  <millis>1572342855987</millis>
  <sequence>47</sequence>
  <level>START</level>
  <class>com.kms.katalon.core.logging.XmlKeywordLogger</class>
  <method>startKeyword</method>
  <thread>1</thread>
  <message>Start action : utilities.SafeActions.safeType(findTestObject(\&amp;quot;MAKE_ PAYMENT/Home_ Page/BUREAU_CODE\&amp;quot;), bureauCode, \&amp;quot;Bureau code\&amp;quot;, [pageLoadTime])</message>
  <nestedLevel>1</nestedLevel>
  <property name="startLine">20</property>
  <property name="stepIndex">2</property>
  <property name="description">Enter valid Bureau code</property>
</record>
<record>
  <date>2019-10-29T04:54:16</date>
  <millis>1572342856719</millis>
  <sequence>53</sequence>
  <level>PASSED</level>
  <class>com.kms.katalon.core.logging.XmlKeywordLogger</class>
  <method>logMessage</method>
  <thread>1</thread>
  <message>Object &amp;apos;Object Repository/MAKE_ PAYMENT/Home_ Page/BUREAU_CODE&amp;apos; is present</message>
  <nestedLevel>1</nestedLevel>
</record>
<record>
  <date>2019-10-29T04:54:17</date>
  <millis>1572342857032</millis>
  <sequence>58</sequence>
  <level>PASSED</level>
  <class>com.kms.katalon.core.logging.XmlKeywordLogger</class>
  <method>logMessage</method>
  <thread>1</thread>
  <message>Object &amp;apos;Object Repository/MAKE_ PAYMENT/Home_ Page/BUREAU_CODE&amp;apos; is visible</message>
  <nestedLevel>1</nestedLevel>
</record>
<record>
  <date>2019-10-29T04:54:17</date>
  <millis>1572342857712</millis>
  <sequence>63</sequence>
  <level>PASSED</level>
  <class>com.kms.katalon.core.logging.XmlKeywordLogger</class>
  <method>logMessage</method>
  <thread>1</thread>
  <message>Object &amp;apos;Object Repository/MAKE_ PAYMENT/Home_ Page/BUREAU_CODE&amp;apos; is present</message>
  <nestedLevel>1</nestedLevel>
</record>
<record>
  <date>2019-10-29T04:54:18</date>
  <millis>1572342858846</millis>
  <sequence>72</sequence>
  <level>PASSED</level>
  <class>com.kms.katalon.core.logging.XmlKeywordLogger</class>
  <method>logMessage</method>
  <thread>1</thread>
  <message>Object: &amp;apos;Object Repository/MAKE_ PAYMENT/Home_ Page/BUREAU_CODE&amp;apos; is clicked on</message>
  <nestedLevel>1</nestedLevel>
</record>
<record>
  <date>2019-10-29T04:54:20</date>
  <millis>1572342860305</millis>
  <sequence>80</sequence>
  <level>PASSED</level>
  <class>com.kms.katalon.core.logging.XmlKeywordLogger</class>
  <method>logMessage</method>
  <thread>1</thread>
  <message>Text &amp;apos;6100000&amp;apos; is set on object &amp;apos;Object Repository/MAKE_ PAYMENT/Home_ Page/BUREAU_CODE&amp;apos;</message>
  <nestedLevel>1</nestedLevel>
</record>
<record>
  <date>2019-10-29T04:54:20</date>
  <millis>1572342860310</millis>
  <sequence>81</sequence>
  <level>PASSED</level>
  <class>com.kms.katalon.core.logging.XmlKeywordLogger</class>
  <method>logMessage</method>
  <thread>1</thread>
  <message>Consumer_Payment_Making.ts:Entered&amp;apos;6100000 into Bureau code</message>
  <nestedLevel>1</nestedLevel>
</record>
<record>
  <date>2019-10-29T04:54:20</date>
  <millis>1572342860311</millis>
  <sequence>82</sequence>
  <level>END</level>
  <class>com.kms.katalon.core.logging.XmlKeywordLogger</class>
  <method>endKeyword</method>
  <thread>1</thread>
  <message>End action : utilities.SafeActions.safeType(findTestObject(\&amp;quot;MAKE_ PAYMENT/Home_ Page/BUREAU_CODE\&amp;quot;), bureauCode, \&amp;quot;Bureau code\&amp;quot;, [pageLoadTime])</message>
  <nestedLevel>1</nestedLevel>
</record>
<record>
  <date>2019-10-29T04:54:20</date>
  <millis>1572342860311</millis>
  <sequence>83</sequence>
  <level>START</level>
  <class>com.kms.katalon.core.logging.XmlKeywordLogger</class>
  <method>startKeyword</method>
  <thread>1</thread>
  <message>Start action : utilities.SafeActions.safeClick(findTestObject(\&amp;quot;MAKE_ PAYMENT/Home_ Page/BEGIN_PAYMENT\&amp;quot;), \&amp;quot;Begin payment\&amp;quot;, [pageLoadTime])</message>
  <nestedLevel>1</nestedLevel>
  <property name="startLine">24</property>
  <property name="stepIndex">3</property>
  <property name="description">Click on &apos;Begin Payment&apos;</property>
</record>
<record>
  <date>2019-10-29T04:54:20</date>
  <millis>1572342860602</millis>
  <sequence>85</sequence>
  <level>INFO</level>
  <class>com.kms.katalon.core.logging.XmlKeywordLogger</class>
  <method>logMessage</method>
  <thread>1</thread>
  <message>safeClicking</message>
  <nestedLevel>1</nestedLevel>
</record>
<record>
  <date>2019-10-29T04:54:20</date>
  <millis>1572342860620</millis>
  <sequence>86</sequence>
  <level>ERROR</level>
  <class>com.kms.katalon.core.logging.XmlKeywordLogger</class>
  <method>logMessage</method>
  <thread>1</thread>
  <message>com.kms.katalon.core.exception.StepErrorException: Consumer_Payment_Making.ts:Begin payment is not Clickable</message>
  <exception>
    <message>com.kms.katalon.core.exception.StepErrorException: Consumer_Payment_Making.ts:Begin payment is not Clickable</message>
    <frame>
      <class>com.kms.katalon.core.util.KeywordUtil</class>
      <method>markError</method>
      <line>65</line>
    </frame>
    <frame>
      <class>com.kms.katalon.core.util.KeywordUtil$markError$1</class>
      <method>call</method>
    </frame>
    <frame>
      <class>utilities.SafeActions</class>
      <method>waitUntilClickable</method>
      <line>188</line>
    </frame>
    <frame>
      <class>utilities.SafeActions</class>
      <method>safeClick</method>
      <line>152</line>
    </frame>
    <frame>
      <class>utilities.SafeActions</class>
      <method>invokeMethod</method>
    </frame>
    <frame>
      <class>com.kms.katalon.core.main.CustomKeywordDelegatingMetaClass</class>
      <method>invokeStaticMethod</method>
      <line>50</line>
    </frame>
    <frame>
      <class>TC_001_Credit_SingleLine_Payment</class>
      <method>run</method>
      <line>25</line>
    </frame>
    <frame>
      <class>com.kms.katalon.core.main.ScriptEngine</class>
      <method>run</method>
      <line>194</line>
    </frame>
    <frame>
      <class>com.kms.katalon.core.main.ScriptEngine</class>
      <method>runScriptAsRawText</method>
      <line>119</line>
    </frame>
    <frame>
      <class>com.kms.katalon.core.main.TestCaseExecutor</class>
      <method>runScript</method>
      <line>337</line>
    </frame>
    <frame>
      <class>com.kms.katalon.core.main.TestCaseExecutor</class>
      <method>doExecute</method>
      <line>328</line>
    </frame>
    <frame>
      <class>com.kms.katalon.core.main.TestCaseExecutor</class>
      <method>processExecutionPhase</method>
      <line>307</line>
    </frame>
    <frame>
      <class>com.kms.katalon.core.main.TestCaseExecutor</class>
      <method>accessMainPhase</method>
      <line>299</line>
    </frame>
    <frame>
      <class>com.kms.katalon.core.main.TestCaseExecutor</class>
      <method>execute</method>
      <line>233</line>
    </frame>
    <frame>
      <class>com.kms.katalon.core.main.TestSuiteExecutor</class>
      <method>accessTestCaseMainPhase</method>
      <line>169</line>
    </frame>
    <frame>
      <class>com.kms.katalon.core.main.TestSuiteExecutor</class>
      <method>accessTestSuiteMainPhase</method>
      <line>142</line>
    </frame>
    <frame>
      <class>com.kms.katalon.core.main.TestSuiteExecutor</class>
      <method>execute</method>
      <line>91</line>
    </frame>
    <frame>
      <class>com.kms.katalon.core.main.TestCaseMain</class>
      <method>startTestSuite</method>
      <line>157</line>
    </frame>
    <frame>
      <class>com.kms.katalon.core.main.TestCaseMain$startTestSuite$0</class>
      <method>call</method>
    </frame>
    <frame>
      <class>TempTestSuite1572342808940</class>
      <method>run</method>
      <line>35</line>
    </frame>
  </exception>
  <nestedLevel>0</nestedLevel>
  <property name="failed.exception.stacktrace">com.kms.katalon.core.exception.StepErrorException: Consumer_Payment_Making.ts:Begin payment is not Clickable\r\n\tat com.kms.katalon.core.util.KeywordUtil.markError(KeywordUtil.java:65)\r\n\tat com.kms.katalon.core.util.KeywordUtil$markError$1.call(Unknown Source)\r\n\tat utilities.SafeActions.waitUntilClickable(SafeActions.groovy:188)\r\n\tat utilities.SafeActions.safeClick(SafeActions.groovy:152)\r\n\tat utilities.SafeActions.invokeMethod(SafeActions.groovy)\r\n\tat com.kms.katalon.core.main.CustomKeywordDelegatingMetaClass.invokeStaticMethod(CustomKeywordDelegatingMetaClass.java:50)\r\n\tat TC_001_Credit_SingleLine_Payment.run(TC_001_Credit_SingleLine_Payment:25)\r\n\tat com.kms.katalon.core.main.ScriptEngine.run(ScriptEngine.java:194)\r\n\tat com.kms.katalon.core.main.ScriptEngine.runScriptAsRawText(ScriptEngine.java:119)\r\n\tat com.kms.katalon.core.main.TestCaseExecutor.runScript(TestCaseExecutor.java:337)\r\n\tat com.kms.katalon.core.main.TestCaseExecutor.doExecute(TestCaseExecutor.java:328)\r\n\tat com.kms.katalon.core.main.TestCaseExecutor.processExecutionPhase(TestCaseExecutor.java:307)\r\n\tat com.kms.katalon.core.main.TestCaseExecutor.accessMainPhase(TestCaseExecutor.java:299)\r\n\tat com.kms.katalon.core.main.TestCaseExecutor.execute(TestCaseExecutor.java:233)\r\n\tat com.kms.katalon.core.main.TestSuiteExecutor.accessTestCaseMainPhase(TestSuiteExecutor.java:169)\r\n\tat com.kms.katalon.core.main.TestSuiteExecutor.accessTestSuiteMainPhase(TestSuiteExecutor.java:142)\r\n\tat com.kms.katalon.core.main.TestSuiteExecutor.execute(TestSuiteExecutor.java:91)\r\n\tat com.kms.katalon.core.main.TestCaseMain.startTestSuite(TestCaseMain.java:157)\r\n\tat com.kms.katalon.core.main.TestCaseMain$startTestSuite$0.call(Unknown Source)\r\n\tat TempTestSuite1572342808940.run(TempTestSuite1572342808940.groovy:35)\r\n</property>
  <property name="failed.exception.class">com.kms.katalon.core.exception.StepErrorException</property>
  <property name="failed.exception.message">Consumer_Payment_Making.ts:Begin payment is not Clickable</property>
</record>
<record>
  <date>2019-10-29T04:54:20</date>
  <millis>1572342860639</millis>
  <sequence>88</sequence>
  <level>END</level>
  <class>com.kms.katalon.core.logging.XmlKeywordLogger</class>
  <method>endKeyword</method>
  <thread>1</thread>
  <message>End action : utilities.SafeActions.safeClick(findTestObject(\&amp;quot;MAKE_ PAYMENT/Home_ Page/BEGIN_PAYMENT\&amp;quot;), \&amp;quot;Begin payment\&amp;quot;, [pageLoadTime])</message>
  <nestedLevel>1</nestedLevel>
</record>
<record>
  <date>2019-10-29T04:54:20</date>
  <millis>1572342860640</millis>
  <sequence>89</sequence>
  <level>START</level>
  <class>com.kms.katalon.core.logging.XmlKeywordLogger</class>
  <method>startKeyword</method>
  <thread>1</thread>
  <message>Start action : utilities.SafeActions.safeClick(findTestObject(\&amp;quot;MAKE_ PAYMENT/Home_ Page/CONTINUE\&amp;quot;), \&amp;quot;Continue\&amp;quot;, [pageLoadTime])</message>
  <nestedLevel>1</nestedLevel>
  <property name="startLine">28</property>
  <property name="stepIndex">4</property>
  <property name="description">Click on &apos;Continue&apos;</property>
</record>
<record>
  <date>2019-10-29T04:54:20</date>
  <millis>1572342860767</millis>
  <sequence>91</sequence>
  <level>INFO</level>
  <class>com.kms.katalon.core.logging.XmlKeywordLogger</class>
  <method>logMessage</method>
  <thread>1</thread>
  <message>safeClicking</message>
  <nestedLevel>1</nestedLevel>
</record>
<record>
  <date>2019-10-29T04:54:20</date>
  <millis>1572342860769</millis>
  <sequence>92</sequence>
  <level>ERROR</level>
  <class>com.kms.katalon.core.logging.XmlKeywordLogger</class>
  <method>logMessage</method>
  <thread>1</thread>
  <message>com.kms.katalon.core.exception.StepErrorException: Consumer_Payment_Making.ts:Continue is not Clickable</message>
  <exception>
    <message>com.kms.katalon.core.exception.StepErrorException: Consumer_Payment_Making.ts:Continue is not Clickable</message>
    <frame>
      <class>com.kms.katalon.core.util.KeywordUtil</class>
      <method>markError</method>
      <line>65</line>
    </frame>
    <frame>
      <class>com.kms.katalon.core.util.KeywordUtil$markError$1</class>
      <method>call</method>
    </frame>
    <frame>
      <class>utilities.SafeActions</class>
      <method>waitUntilClickable</method>
      <line>188</line>
    </frame>
    <frame>
      <class>utilities.SafeActions</class>
      <method>safeClick</method>
      <line>152</line>
    </frame>
    <frame>
      <class>utilities.SafeActions</class>
      <method>invokeMethod</method>
    </frame>
    <frame>
      <class>com.kms.katalon.core.main.CustomKeywordDelegatingMetaClass</class>
      <method>invokeStaticMethod</method>
      <line>50</line>
    </frame>
    <frame>
      <class>TC_001_Credit_SingleLine_Payment</class>
      <method>run</method>
      <line>28</line>
    </frame>
    <frame>
      <class>com.kms.katalon.core.main.ScriptEngine</class>
      <method>run</method>
      <line>194</line>
    </frame>
    <frame>
      <class>com.kms.katalon.core.main.ScriptEngine</class>
      <method>runScriptAsRawText</method>
      <line>119</line>
    </frame>
    <frame>
      <class>com.kms.katalon.core.main.TestCaseExecutor</class>
      <method>runScript</method>
      <line>337</line>
    </frame>
    <frame>
      <class>com.kms.katalon.core.main.TestCaseExecutor</class>
      <method>doExecute</method>
      <line>328</line>
    </frame>
    <frame>
      <class>com.kms.katalon.core.main.TestCaseExecutor</class>
      <method>processExecutionPhase</method>
      <line>307</line>
    </frame>
    <frame>
      <class>com.kms.katalon.core.main.TestCaseExecutor</class>
      <method>accessMainPhase</method>
      <line>299</line>
    </frame>
    <frame>
      <class>com.kms.katalon.core.main.TestCaseExecutor</class>
      <method>execute</method>
      <line>233</line>
    </frame>
    <frame>
      <class>com.kms.katalon.core.main.TestSuiteExecutor</class>
      <method>accessTestCaseMainPhase</method>
      <line>169</line>
    </frame>
    <frame>
      <class>com.kms.katalon.core.main.TestSuiteExecutor</class>
      <method>accessTestSuiteMainPhase</method>
      <line>142</line>
    </frame>
    <frame>
      <class>com.kms.katalon.core.main.TestSuiteExecutor</class>
      <method>execute</method>
      <line>91</line>
    </frame>
    <frame>
      <class>com.kms.katalon.core.main.TestCaseMain</class>
      <method>startTestSuite</method>
      <line>157</line>
    </frame>
    <frame>
      <class>com.kms.katalon.core.main.TestCaseMain$startTestSuite$0</class>
      <method>call</method>
    </frame>
    <frame>
      <class>TempTestSuite1572342808940</class>
      <method>run</method>
      <line>35</line>
    </frame>
  </exception>
  <nestedLevel>0</nestedLevel>
  <property name="failed.exception.stacktrace">com.kms.katalon.core.exception.StepErrorException: Consumer_Payment_Making.ts:Continue is not Clickable\r\n\tat com.kms.katalon.core.util.KeywordUtil.markError(KeywordUtil.java:65)\r\n\tat com.kms.katalon.core.util.KeywordUtil$markError$1.call(Unknown Source)\r\n\tat utilities.SafeActions.waitUntilClickable(SafeActions.groovy:188)\r\n\tat utilities.SafeActions.safeClick(SafeActions.groovy:152)\r\n\tat utilities.SafeActions.invokeMethod(SafeActions.groovy)\r\n\tat com.kms.katalon.core.main.CustomKeywordDelegatingMetaClass.invokeStaticMethod(CustomKeywordDelegatingMetaClass.java:50)\r\n\tat TC_001_Credit_SingleLine_Payment.run(TC_001_Credit_SingleLine_Payment:28)\r\n\tat com.kms.katalon.core.main.ScriptEngine.run(ScriptEngine.java:194)\r\n\tat com.kms.katalon.core.main.ScriptEngine.runScriptAsRawText(ScriptEngine.java:119)\r\n\tat com.kms.katalon.core.main.TestCaseExecutor.runScript(TestCaseExecutor.java:337)\r\n\tat com.kms.katalon.core.main.TestCaseExecutor.doExecute(TestCaseExecutor.java:328)\r\n\tat com.kms.katalon.core.main.TestCaseExecutor.processExecutionPhase(TestCaseExecutor.java:307)\r\n\tat com.kms.katalon.core.main.TestCaseExecutor.accessMainPhase(TestCaseExecutor.java:299)\r\n\tat com.kms.katalon.core.main.TestCaseExecutor.execute(TestCaseExecutor.java:233)\r\n\tat com.kms.katalon.core.main.TestSuiteExecutor.accessTestCaseMainPhase(TestSuiteExecutor.java:169)\r\n\tat com.kms.katalon.core.main.TestSuiteExecutor.accessTestSuiteMainPhase(TestSuiteExecutor.java:142)\r\n\tat com.kms.katalon.core.main.TestSuiteExecutor.execute(TestSuiteExecutor.java:91)\r\n\tat com.kms.katalon.core.main.TestCaseMain.startTestSuite(TestCaseMain.java:157)\r\n\tat com.kms.katalon.core.main.TestCaseMain$startTestSuite$0.call(Unknown Source)\r\n\tat TempTestSuite1572342808940.run(TempTestSuite1572342808940.groovy:35)\r\n</property>
  <property name="failed.exception.class">com.kms.katalon.core.exception.StepErrorException</property>
  <property name="failed.exception.message">Consumer_Payment_Making.ts:Continue is not Clickable</property>
</record>
<record>
  <date>2019-10-29T04:54:20</date>
  <millis>1572342860790</millis>
  <sequence>94</sequence>
  <level>END</level>
  <class>com.kms.katalon.core.logging.XmlKeywordLogger</class>
  <method>endKeyword</method>
  <thread>1</thread>
  <message>End action : utilities.SafeActions.safeClick(findTestObject(\&amp;quot;MAKE_ PAYMENT/Home_ Page/CONTINUE\&amp;quot;), \&amp;quot;Continue\&amp;quot;, [pageLoadTime])</message>
  <nestedLevel>1</nestedLevel>
</record>
<record>
  <date>2019-10-29T04:54:20</date>
  <millis>1572342860791</millis>
  <sequence>95</sequence>
  <level>START</level>
  <class>com.kms.katalon.core.logging.XmlKeywordLogger</class>
  <method>startKeyword</method>
  <thread>1</thread>
  <message>Start action : utilities.SafeActions.safeCheck(findTestObject(\&amp;quot;MAKE_ PAYMENT/Home_ Page/BANK_CARD\&amp;quot;), \&amp;quot;Bank card\&amp;quot;, [pageLoadTime])</message>
  <nestedLevel>1</nestedLevel>
  <property name="startLine">31</property>
  <property name="stepIndex">5</property>
  <property name="description">Select &apos;Bank card&apos; radio button</property>
</record>
<record>
  <date>2019-10-29T04:55:42</date>
  <millis>1572342942151</millis>
  <sequence>100</sequence>
  <level>INFO</level>
  <class>com.kms.katalon.core.logging.XmlKeywordLogger</class>
  <method>logMessage</method>
  <thread>1</thread>
  <message>Unable to find the element located by &amp;apos;By.xpath: //input[@id=&amp;apos;ctl00_mainContent_radCreditCard&amp;apos;]&amp;apos;. Please recheck the objects properties to make sure the desired element is located. </message>
  <nestedLevel>1</nestedLevel>
</record>
<record>
  <date>2019-10-29T04:55:42</date>
  <millis>1572342942153</millis>
  <sequence>102</sequence>
  <level>WARNING</level>
  <class>com.kms.katalon.core.logging.XmlKeywordLogger</class>
  <method>logMessage</method>
  <thread>1</thread>
  <message>Object &amp;apos;Object Repository/MAKE_ PAYMENT/Home_ Page/BANK_CARD&amp;apos; is not present after 60 second(s)</message>
  <nestedLevel>1</nestedLevel>
  <property name="failed.exception.class">com.kms.katalon.core.webui.exception.WebElementNotFoundException</property>
  <property name="failed.exception.stacktrace">com.kms.katalon.core.webui.exception.WebElementNotFoundException: Web element with id: &apos;Object Repository/MAKE_ PAYMENT/Home_ Page/BANK_CARD&apos; located by &apos;By.xpath: //input[@id=&apos;ctl00_mainContent_radCreditCard&apos;]&apos; not found\r\n\tat com.kms.katalon.core.webui.common.WebUiCommonHelper.findWebElement(WebUiCommonHelper.java:1097)\r\n\tat com.kms.katalon.core.webui.keyword.internal.WebUIAbstractKeyword.findWebElement(WebUIAbstractKeyword.groovy:27)\r\n\tat com.kms.katalon.core.webui.keyword.builtin.WaitForElementPresentKeyword$_waitForElementPresent_closure1.doCall(WaitForElementPresentKeyword.groovy:81)\r\n\tat com.kms.katalon.core.webui.keyword.builtin.WaitForElementPresentKeyword$_waitForElementPresent_closure1.call(WaitForElementPresentKeyword.groovy)\r\n\tat com.kms.katalon.core.webui.keyword.internal.WebUIKeywordMain.runKeyword(WebUIKeywordMain.groovy:20)\r\n\tat com.kms.katalon.core.webui.keyword.builtin.WaitForElementPresentKeyword.waitForElementPresent(WaitForElementPresentKeyword.groovy:95)\r\n\tat com.kms.katalon.core.webui.keyword.builtin.WaitForElementPresentKeyword.execute(WaitForElementPresentKeyword.groovy:68)\r\n\tat com.kms.katalon.core.keyword.internal.KeywordExecutor.executeKeywordForPlatform(KeywordExecutor.groovy:56)\r\n\tat com.kms.katalon.core.webui.keyword.WebUiBuiltInKeywords.waitForElementPresent(WebUiBuiltInKeywords.groovy:343)\r\n\tat com.kms.katalon.core.webui.keyword.WebUiBuiltInKeywords$waitForElementPresent$1.call(Unknown Source)\r\n\tat utilities.SafeActions.safeCheck(SafeActions.groovy:78)\r\n\tat utilities.SafeActions.invokeMethod(SafeActions.groovy)\r\n\tat com.kms.katalon.core.main.CustomKeywordDelegatingMetaClass.invokeStaticMethod(CustomKeywordDelegatingMetaClass.java:50)\r\n\tat TC_001_Credit_SingleLine_Payment.run(TC_001_Credit_SingleLine_Payment:31)\r\n\tat com.kms.katalon.core.main.ScriptEngine.run(ScriptEngine.java:194)\r\n\tat com.kms.katalon.core.main.ScriptEngine.runScriptAsRawText(ScriptEngine.java:119)\r\n\tat com.kms.katalon.core.main.TestCaseExecutor.runScript(TestCaseExecutor.java:337)\r\n\tat com.kms.katalon.core.main.TestCaseExecutor.doExecute(TestCaseExecutor.java:328)\r\n\tat com.kms.katalon.core.main.TestCaseExecutor.processExecutionPhase(TestCaseExecutor.java:307)\r\n\tat com.kms.katalon.core.main.TestCaseExecutor.accessMainPhase(TestCaseExecutor.java:299)\r\n\tat com.kms.katalon.core.main.TestCaseExecutor.execute(TestCaseExecutor.java:233)\r\n\tat com.kms.katalon.core.main.TestSuiteExecutor.accessTestCaseMainPhase(TestSuiteExecutor.java:169)\r\n\tat com.kms.katalon.core.main.TestSuiteExecutor.accessTestSuiteMainPhase(TestSuiteExecutor.java:142)\r\n\tat com.kms.katalon.core.main.TestSuiteExecutor.execute(TestSuiteExecutor.java:91)\r\n\tat com.kms.katalon.core.main.TestCaseMain.startTestSuite(TestCaseMain.java:157)\r\n\tat com.kms.katalon.core.main.TestCaseMain$startTestSuite$0.call(Unknown Source)\r\n\tat TempTestSuite1572342808940.run(TempTestSuite1572342808940.groovy:35)\r\n</property>
  <property name="failed.exception.message">Web element with id: &apos;Object Repository/MAKE_ PAYMENT/Home_ Page/BANK_CARD&apos; located by &apos;By.xpath: //input[@id=&apos;ctl00_mainContent_radCreditCard&apos;]&apos; not found</property>
</record>
<record>
  <date>2019-10-29T04:55:53</date>
  <millis>1572342953786</millis>
  <sequence>105</sequence>
  <level>INFO</level>
  <class>com.kms.katalon.core.logging.XmlKeywordLogger</class>
  <method>logMessage</method>
  <thread>1</thread>
  <message>Unable to find the element located by &amp;apos;By.xpath: //input[@id=&amp;apos;ctl00_mainContent_radCreditCard&amp;apos;]&amp;apos;. Please recheck the objects properties to make sure the desired element is located. </message>
  <nestedLevel>1</nestedLevel>
</record>
<record>
  <date>2019-10-29T04:55:53</date>
  <millis>1572342953788</millis>
  <sequence>107</sequence>
  <level>ERROR</level>
  <class>com.kms.katalon.core.logging.XmlKeywordLogger</class>
  <method>logMessage</method>
  <thread>1</thread>
  <message>com.kms.katalon.core.webui.exception.WebElementNotFoundException: Web element with id: &amp;apos;Object Repository/MAKE_ PAYMENT/Home_ Page/BANK_CARD&amp;apos; located by &amp;apos;By.xpath: //input[@id=&amp;apos;ctl00_mainContent_radCreditCard&amp;apos;]&amp;apos; not found</message>
  <nestedLevel>1</nestedLevel>
  <property name="failed.exception.class">com.kms.katalon.core.webui.exception.WebElementNotFoundException</property>
  <property name="failed.exception.stacktrace">com.kms.katalon.core.webui.exception.WebElementNotFoundException: Web element with id: &apos;Object Repository/MAKE_ PAYMENT/Home_ Page/BANK_CARD&apos; located by &apos;By.xpath: //input[@id=&apos;ctl00_mainContent_radCreditCard&apos;]&apos; not found\r\n\tat com.kms.katalon.core.webui.common.WebUiCommonHelper.findWebElement(WebUiCommonHelper.java:1097)\r\n\tat com.kms.katalon.core.webui.common.WebUiCommonHelper$findWebElement.call(Unknown Source)\r\n\tat utilities.SafeActions.highLightElement(SafeActions.groovy:59)\r\n\tat utilities.SafeActions.safeCheck(SafeActions.groovy:79)\r\n\tat utilities.SafeActions.invokeMethod(SafeActions.groovy)\r\n\tat com.kms.katalon.core.main.CustomKeywordDelegatingMetaClass.invokeStaticMethod(CustomKeywordDelegatingMetaClass.java:50)\r\n\tat TC_001_Credit_SingleLine_Payment.run(TC_001_Credit_SingleLine_Payment:31)\r\n\tat com.kms.katalon.core.main.ScriptEngine.run(ScriptEngine.java:194)\r\n\tat com.kms.katalon.core.main.ScriptEngine.runScriptAsRawText(ScriptEngine.java:119)\r\n\tat com.kms.katalon.core.main.TestCaseExecutor.runScript(TestCaseExecutor.java:337)\r\n\tat com.kms.katalon.core.main.TestCaseExecutor.doExecute(TestCaseExecutor.java:328)\r\n\tat com.kms.katalon.core.main.TestCaseExecutor.processExecutionPhase(TestCaseExecutor.java:307)\r\n\tat com.kms.katalon.core.main.TestCaseExecutor.accessMainPhase(TestCaseExecutor.java:299)\r\n\tat com.kms.katalon.core.main.TestCaseExecutor.execute(TestCaseExecutor.java:233)\r\n\tat com.kms.katalon.core.main.TestSuiteExecutor.accessTestCaseMainPhase(TestSuiteExecutor.java:169)\r\n\tat com.kms.katalon.core.main.TestSuiteExecutor.accessTestSuiteMainPhase(TestSuiteExecutor.java:142)\r\n\tat com.kms.katalon.core.main.TestSuiteExecutor.execute(TestSuiteExecutor.java:91)\r\n\tat com.kms.katalon.core.main.TestCaseMain.startTestSuite(TestCaseMain.java:157)\r\n\tat com.kms.katalon.core.main.TestCaseMain$startTestSuite$0.call(Unknown Source)\r\n\tat TempTestSuite1572342808940.run(TempTestSuite1572342808940.groovy:35)\r\n</property>
  <property name="failed.exception.message">Web element with id: &apos;Object Repository/MAKE_ PAYMENT/Home_ Page/BANK_CARD&apos; located by &apos;By.xpath: //input[@id=&apos;ctl00_mainContent_radCreditCard&apos;]&apos; not found</property>
</record>
<record>
  <date>2019-10-29T04:55:53</date>
  <millis>1572342953791</millis>
  <sequence>108</sequence>
  <level>END</level>
  <class>com.kms.katalon.core.logging.XmlKeywordLogger</class>
  <method>endKeyword</method>
  <thread>1</thread>
  <message>End action : utilities.SafeActions.safeCheck(findTestObject(\&amp;quot;MAKE_ PAYMENT/Home_ Page/BANK_CARD\&amp;quot;), \&amp;quot;Bank card\&amp;quot;, [pageLoadTime])</message>
  <nestedLevel>1</nestedLevel>
</record>
<record>
  <date>2019-10-29T04:55:53</date>
  <millis>1572342953794</millis>
  <sequence>110</sequence>
  <level>ERROR</level>
  <class>com.kms.katalon.core.logging.XmlKeywordLogger</class>
  <method>logMessage</method>
  <thread>1</thread>
  <message>Test Cases/Consumer_Make_Payment/TC_001_Credit_SingleLine_Payment FAILED.\nReason:\ncom.kms.katalon.core.exception.StepErrorException: Consumer_Payment_Making.ts:Begin payment is not Clickable\r\n\tat com.kms.katalon.core.util.KeywordUtil.markError(KeywordUtil.java:65)\r\n\tat com.kms.katalon.core.util.KeywordUtil$markError$1.call(Unknown Source)\r\n\tat utilities.SafeActions.waitUntilClickable(SafeActions.groovy:188)\r\n\tat utilities.SafeActions.safeClick(SafeActions.groovy:152)\r\n\tat utilities.SafeActions.invokeMethod(SafeActions.groovy)\r\n\tat com.kms.katalon.core.main.CustomKeywordDelegatingMetaClass.invokeStaticMethod(CustomKeywordDelegatingMetaClass.java:50)\r\n\tat TC_001_Credit_SingleLine_Payment.run(TC_001_Credit_SingleLine_Payment:25)\r\n\tat com.kms.katalon.core.main.ScriptEngine.run(ScriptEngine.java:194)\r\n\tat com.kms.katalon.core.main.ScriptEngine.runScriptAsRawText(ScriptEngine.java:119)\r\n\tat com.kms.katalon.core.main.TestCaseExecutor.runScript(TestCaseExecutor.java:337)\r\n\tat com.kms.katalon.core.main.TestCaseExecutor.doExecute(TestCaseExecutor.java:328)\r\n\tat com.kms.katalon.core.main.TestCaseExecutor.processExecutionPhase(TestCaseExecutor.java:307)\r\n\tat com.kms.katalon.core.main.TestCaseExecutor.accessMainPhase(TestCaseExecutor.java:299)\r\n\tat com.kms.katalon.core.main.TestCaseExecutor.execute(TestCaseExecutor.java:233)\r\n\tat com.kms.katalon.core.main.TestSuiteExecutor.accessTestCaseMainPhase(TestSuiteExecutor.java:169)\r\n\tat com.kms.katalon.core.main.TestSuiteExecutor.accessTestSuiteMainPhase(TestSuiteExecutor.java:142)\r\n\tat com.kms.katalon.core.main.TestSuiteExecutor.execute(TestSuiteExecutor.java:91)\r\n\tat com.kms.katalon.core.main.TestCaseMain.startTestSuite(TestCaseMain.java:157)\r\n\tat com.kms.katalon.core.main.TestCaseMain$startTestSuite$0.call(Unknown Source)\r\n\tat TempTestSuite1572342808940.run(TempTestSuite1572342808940.groovy:35)\r\n</message>
  <exception>
    <message>com.kms.katalon.core.exception.StepErrorException: Consumer_Payment_Making.ts:Begin payment is not Clickable</message>
    <frame>
      <class>com.kms.katalon.core.util.KeywordUtil</class>
      <method>markError</method>
      <line>65</line>
    </frame>
    <frame>
      <class>com.kms.katalon.core.util.KeywordUtil$markError$1</class>
      <method>call</method>
    </frame>
    <frame>
      <class>utilities.SafeActions</class>
      <method>waitUntilClickable</method>
      <line>188</line>
    </frame>
    <frame>
      <class>utilities.SafeActions</class>
      <method>safeClick</method>
      <line>152</line>
    </frame>
    <frame>
      <class>utilities.SafeActions</class>
      <method>invokeMethod</method>
    </frame>
    <frame>
      <class>com.kms.katalon.core.main.CustomKeywordDelegatingMetaClass</class>
      <method>invokeStaticMethod</method>
      <line>50</line>
    </frame>
    <frame>
      <class>TC_001_Credit_SingleLine_Payment</class>
      <method>run</method>
      <line>25</line>
    </frame>
    <frame>
      <class>com.kms.katalon.core.main.ScriptEngine</class>
      <method>run</method>
      <line>194</line>
    </frame>
    <frame>
      <class>com.kms.katalon.core.main.ScriptEngine</class>
      <method>runScriptAsRawText</method>
      <line>119</line>
    </frame>
    <frame>
      <class>com.kms.katalon.core.main.TestCaseExecutor</class>
      <method>runScript</method>
      <line>337</line>
    </frame>
    <frame>
      <class>com.kms.katalon.core.main.TestCaseExecutor</class>
      <method>doExecute</method>
      <line>328</line>
    </frame>
    <frame>
      <class>com.kms.katalon.core.main.TestCaseExecutor</class>
      <method>processExecutionPhase</method>
      <line>307</line>
    </frame>
    <frame>
      <class>com.kms.katalon.core.main.TestCaseExecutor</class>
      <method>accessMainPhase</method>
      <line>299</line>
    </frame>
    <frame>
      <class>com.kms.katalon.core.main.TestCaseExecutor</class>
      <method>execute</method>
      <line>233</line>
    </frame>
    <frame>
      <class>com.kms.katalon.core.main.TestSuiteExecutor</class>
      <method>accessTestCaseMainPhase</method>
      <line>169</line>
    </frame>
    <frame>
      <class>com.kms.katalon.core.main.TestSuiteExecutor</class>
      <method>accessTestSuiteMainPhase</method>
      <line>142</line>
    </frame>
    <frame>
      <class>com.kms.katalon.core.main.TestSuiteExecutor</class>
      <method>execute</method>
      <line>91</line>
    </frame>
    <frame>
      <class>com.kms.katalon.core.main.TestCaseMain</class>
      <method>startTestSuite</method>
      <line>157</line>
    </frame>
    <frame>
      <class>com.kms.katalon.core.main.TestCaseMain$startTestSuite$0</class>
      <method>call</method>
    </frame>
    <frame>
      <class>TempTestSuite1572342808940</class>
      <method>run</method>
      <line>35</line>
    </frame>
  </exception>
  <nestedLevel>0</nestedLevel>
  <property name="failed.exception.stacktrace">com.kms.katalon.core.exception.StepErrorException: Consumer_Payment_Making.ts:Begin payment is not Clickable\r\n\tat com.kms.katalon.core.util.KeywordUtil.markError(KeywordUtil.java:65)\r\n\tat com.kms.katalon.core.util.KeywordUtil$markError$1.call(Unknown Source)\r\n\tat utilities.SafeActions.waitUntilClickable(SafeActions.groovy:188)\r\n\tat utilities.SafeActions.safeClick(SafeActions.groovy:152)\r\n\tat utilities.SafeActions.invokeMethod(SafeActions.groovy)\r\n\tat com.kms.katalon.core.main.CustomKeywordDelegatingMetaClass.invokeStaticMethod(CustomKeywordDelegatingMetaClass.java:50)\r\n\tat TC_001_Credit_SingleLine_Payment.run(TC_001_Credit_SingleLine_Payment:25)\r\n\tat com.kms.katalon.core.main.ScriptEngine.run(ScriptEngine.java:194)\r\n\tat com.kms.katalon.core.main.ScriptEngine.runScriptAsRawText(ScriptEngine.java:119)\r\n\tat com.kms.katalon.core.main.TestCaseExecutor.runScript(TestCaseExecutor.java:337)\r\n\tat com.kms.katalon.core.main.TestCaseExecutor.doExecute(TestCaseExecutor.java:328)\r\n\tat com.kms.katalon.core.main.TestCaseExecutor.processExecutionPhase(TestCaseExecutor.java:307)\r\n\tat com.kms.katalon.core.main.TestCaseExecutor.accessMainPhase(TestCaseExecutor.java:299)\r\n\tat com.kms.katalon.core.main.TestCaseExecutor.execute(TestCaseExecutor.java:233)\r\n\tat com.kms.katalon.core.main.TestSuiteExecutor.accessTestCaseMainPhase(TestSuiteExecutor.java:169)\r\n\tat com.kms.katalon.core.main.TestSuiteExecutor.accessTestSuiteMainPhase(TestSuiteExecutor.java:142)\r\n\tat com.kms.katalon.core.main.TestSuiteExecutor.execute(TestSuiteExecutor.java:91)\r\n\tat com.kms.katalon.core.main.TestCaseMain.startTestSuite(TestCaseMain.java:157)\r\n\tat com.kms.katalon.core.main.TestCaseMain$startTestSuite$0.call(Unknown Source)\r\n\tat TempTestSuite1572342808940.run(TempTestSuite1572342808940.groovy:35)\r\n</property>
  <property name="failed.exception.class">com.kms.katalon.core.exception.StepErrorException</property>
  <property name="failed.exception.message">Consumer_Payment_Making.ts:Begin payment is not Clickable</property>
</record>
<record>
  <date>2019-10-29T04:55:53</date>
  <millis>1572342953796</millis>
  <sequence>112</sequence>
  <level>START</level>
  <class>com.kms.katalon.core.logging.XmlKeywordLogger</class>
  <method>startKeyword</method>
  <thread>1</thread>
  <message>Start listener action : afterTestCase</message>
  <nestedLevel>1</nestedLevel>
</record>
<record>
  <date>2019-10-29T04:55:53</date>
  <millis>1572342953797</millis>
  <sequence>115</sequence>
  <level>END</level>
  <class>com.kms.katalon.core.logging.XmlKeywordLogger</class>
  <method>endKeyword</method>
  <thread>1</thread>
  <message>End listener action : afterTestCase</message>
  <nestedLevel>1</nestedLevel>
</record>
<record>
  <date>2019-10-29T04:55:53</date>
  <millis>1572342953798</millis>
  <sequence>116</sequence>
  <level>END</level>
  <class>com.kms.katalon.core.logging.XmlKeywordLogger</class>
  <method>endTest</method>
  <thread>1</thread>
  <message>End Test Case : Test Cases/Consumer_Make_Payment/TC_001_Credit_SingleLine_Payment</message>
  <nestedLevel>0</nestedLevel>
</record>
<record>
  <date>2019-10-29T04:55:53</date>
  <millis>1572342953828</millis>
  <sequence>117</sequence>
  <level>START</level>
  <class>com.kms.katalon.core.logging.XmlKeywordLogger</class>
  <method>startTest</method>
  <thread>1</thread>
  <message>Start Test Case : Test Cases/Consumer_Make_Payment/TC_002_Credit_MultiLine_Payment</message>
  <nestedLevel>1</nestedLevel>
  <property name="name">Test Cases/Consumer_Make_Payment/TC_002_Credit_MultiLine_Payment</property>
  <property name="description"></property>
  <property name="id">Test Cases/Consumer_Make_Payment/TC_002_Credit_MultiLine_Payment</property>
  <property name="source">C:\\Users\\Pratyusha.Nulu\\Katalon Studio\\Certpay_29_10_19\\FAPS_INTERNAL_CERTPAY\\Test Cases\\Consumer_Make_Payment\\TC_002_Credit_MultiLine_Payment.tc</property>
  <property name="tag"></property>
  <property name="isOptional">false</property>
</record>
<record>
  <date>2019-10-29T04:55:53</date>
  <millis>1572342953933</millis>
  <sequence>119</sequence>
  <level>INFO</level>
  <class>com.kms.katalon.core.logging.XmlKeywordLogger</class>
  <method>logMessage</method>
  <thread>1</thread>
  <message>(Default) bureauCode = 6100000</message>
  <nestedLevel>1</nestedLevel>
</record>
<record>
  <date>2019-10-29T04:55:54</date>
  <millis>1572342954049</millis>
  <sequence>120</sequence>
  <level>INFO</level>
  <class>com.kms.katalon.core.logging.XmlKeywordLogger</class>
  <method>logMessage</method>
  <thread>1</thread>
  <message>(Default) referenceNum = 12</message>
  <nestedLevel>1</nestedLevel>
</record>
<record>
  <date>2019-10-29T04:55:54</date>
  <millis>1572342954063</millis>
  <sequence>121</sequence>
  <level>INFO</level>
  <class>com.kms.katalon.core.logging.XmlKeywordLogger</class>
  <method>logMessage</method>
  <thread>1</thread>
  <message>(Default) paymentAmount = 20.00</message>
  <nestedLevel>1</nestedLevel>
</record>
<record>
  <date>2019-10-29T04:55:54</date>
  <millis>1572342954077</millis>
  <sequence>122</sequence>
  <level>INFO</level>
  <class>com.kms.katalon.core.logging.XmlKeywordLogger</class>
  <method>logMessage</method>
  <thread>1</thread>
  <message>(Default) firstName = Soha</message>
  <nestedLevel>1</nestedLevel>
</record>
<record>
  <date>2019-10-29T04:55:54</date>
  <millis>1572342954127</millis>
  <sequence>123</sequence>
  <level>INFO</level>
  <class>com.kms.katalon.core.logging.XmlKeywordLogger</class>
  <method>logMessage</method>
  <thread>1</thread>
  <message>(Default) lastName = brave</message>
  <nestedLevel>1</nestedLevel>
</record>
<record>
  <date>2019-10-29T04:55:54</date>
  <millis>1572342954151</millis>
  <sequence>124</sequence>
  <level>INFO</level>
  <class>com.kms.katalon.core.logging.XmlKeywordLogger</class>
  <method>logMessage</method>
  <thread>1</thread>
  <message>(Default) telephone = 9640400667</message>
  <nestedLevel>1</nestedLevel>
</record>
<record>
  <date>2019-10-29T04:55:54</date>
  <millis>1572342954197</millis>
  <sequence>125</sequence>
  <level>INFO</level>
  <class>com.kms.katalon.core.logging.XmlKeywordLogger</class>
  <method>logMessage</method>
  <thread>1</thread>
  <message>(Default) address = 14-2</message>
  <nestedLevel>1</nestedLevel>
</record>
<record>
  <date>2019-10-29T04:55:54</date>
  <millis>1572342954222</millis>
  <sequence>126</sequence>
  <level>INFO</level>
  <class>com.kms.katalon.core.logging.XmlKeywordLogger</class>
  <method>logMessage</method>
  <thread>1</thread>
  <message>(Default) zipCode = 76120</message>
  <nestedLevel>1</nestedLevel>
</record>
<record>
  <date>2019-10-29T04:55:54</date>
  <millis>1572342954276</millis>
  <sequence>127</sequence>
  <level>INFO</level>
  <class>com.kms.katalon.core.logging.XmlKeywordLogger</class>
  <method>logMessage</method>
  <thread>1</thread>
  <message>(Default) cardNum = 6510000000000133</message>
  <nestedLevel>1</nestedLevel>
</record>
<record>
  <date>2019-10-29T04:55:54</date>
  <millis>1572342954293</millis>
  <sequence>128</sequence>
  <level>INFO</level>
  <class>com.kms.katalon.core.logging.XmlKeywordLogger</class>
  <method>logMessage</method>
  <thread>1</thread>
  <message>(Default) securityCode = 207</message>
  <nestedLevel>1</nestedLevel>
</record>
<record>
  <date>2019-10-29T04:55:54</date>
  <millis>1572342954311</millis>
  <sequence>129</sequence>
  <level>INFO</level>
  <class>com.kms.katalon.core.logging.XmlKeywordLogger</class>
  <method>logMessage</method>
  <thread>1</thread>
  <message>(Default) expMonth = 05</message>
  <nestedLevel>1</nestedLevel>
</record>
<record>
  <date>2019-10-29T04:55:54</date>
  <millis>1572342954342</millis>
  <sequence>130</sequence>
  <level>INFO</level>
  <class>com.kms.katalon.core.logging.XmlKeywordLogger</class>
  <method>logMessage</method>
  <thread>1</thread>
  <message>(Default) expYear = 2021</message>
  <nestedLevel>1</nestedLevel>
</record>
<record>
  <date>2019-10-29T04:55:54</date>
  <millis>1572342954366</millis>
  <sequence>131</sequence>
  <level>INFO</level>
  <class>com.kms.katalon.core.logging.XmlKeywordLogger</class>
  <method>logMessage</method>
  <thread>1</thread>
  <message>(Default) cardType = Discover</message>
  <nestedLevel>1</nestedLevel>
</record>
<record>
  <date>2019-10-29T04:55:54</date>
  <millis>1572342954384</millis>
  <sequence>132</sequence>
  <level>INFO</level>
  <class>com.kms.katalon.core.logging.XmlKeywordLogger</class>
  <method>logMessage</method>
  <thread>1</thread>
  <message>(Default) emailAddress = testing@zenq.com</message>
  <nestedLevel>1</nestedLevel>
</record>
<record>
  <date>2019-10-29T04:55:54</date>
  <millis>1572342954394</millis>
  <sequence>133</sequence>
  <level>INFO</level>
  <class>com.kms.katalon.core.logging.XmlKeywordLogger</class>
  <method>logMessage</method>
  <thread>1</thread>
  <message>(Default) paymentType = Gifts</message>
  <nestedLevel>1</nestedLevel>
</record>
<record>
  <date>2019-10-29T04:55:54</date>
  <millis>1572342954435</millis>
  <sequence>134</sequence>
  <level>INFO</level>
  <class>com.kms.katalon.core.logging.XmlKeywordLogger</class>
  <method>logMessage</method>
  <thread>1</thread>
  <message>(Default) last4Digits = 0133</message>
  <nestedLevel>1</nestedLevel>
</record>
<record>
  <date>2019-10-29T04:55:54</date>
  <millis>1572342954503</millis>
  <sequence>135</sequence>
  <level>INFO</level>
  <class>com.kms.katalon.core.logging.XmlKeywordLogger</class>
  <method>logMessage</method>
  <thread>1</thread>
  <message>(Default) last5Digits = 00133</message>
  <nestedLevel>1</nestedLevel>
</record>
<record>
  <date>2019-10-29T04:55:54</date>
  <millis>1572342954533</millis>
  <sequence>136</sequence>
  <level>INFO</level>
  <class>com.kms.katalon.core.logging.XmlKeywordLogger</class>
  <method>logMessage</method>
  <thread>1</thread>
  <message>(Default) paymentAmount2 = 15.00</message>
  <nestedLevel>1</nestedLevel>
</record>
<record>
  <date>2019-10-29T04:55:54</date>
  <millis>1572342954570</millis>
  <sequence>137</sequence>
  <level>INFO</level>
  <class>com.kms.katalon.core.logging.XmlKeywordLogger</class>
  <method>logMessage</method>
  <thread>1</thread>
  <message>(Default) accNum = 123456</message>
  <nestedLevel>1</nestedLevel>
</record>
<record>
  <date>2019-10-29T04:55:54</date>
  <millis>1572342954575</millis>
  <sequence>138</sequence>
  <level>START</level>
  <class>com.kms.katalon.core.logging.XmlKeywordLogger</class>
  <method>startKeyword</method>
  <thread>1</thread>
  <message>Start listener action : beforeTestCase</message>
  <nestedLevel>1</nestedLevel>
</record>
<record>
  <date>2019-10-29T04:55:54</date>
  <millis>1572342954598</millis>
  <sequence>141</sequence>
  <level>END</level>
  <class>com.kms.katalon.core.logging.XmlKeywordLogger</class>
  <method>endKeyword</method>
  <thread>1</thread>
  <message>End listener action : beforeTestCase</message>
  <nestedLevel>1</nestedLevel>
</record>
<record>
  <date>2019-10-29T04:55:55</date>
  <millis>1572342955159</millis>
  <sequence>142</sequence>
  <level>START</level>
  <class>com.kms.katalon.core.logging.XmlKeywordLogger</class>
  <method>startKeyword</method>
  <thread>1</thread>
  <message>Start action : utilities.SafeActions.openBrowser(certpay_url, [pageLoadTime])</message>
  <nestedLevel>1</nestedLevel>
  <property name="startLine">17</property>
  <property name="stepIndex">1</property>
  <property name="description">Open Certpay application</property>
</record>
<record>
  <date>2019-10-29T04:55:55</date>
  <millis>1572342955180</millis>
  <sequence>143</sequence>
  <level>INFO</level>
  <class>com.kms.katalon.core.logging.XmlKeywordLogger</class>
  <method>logMessage</method>
  <thread>1</thread>
  <message>Opening Browser</message>
  <nestedLevel>1</nestedLevel>
</record>
<record>
  <date>2019-10-29T04:55:55</date>
  <millis>1572342955219</millis>
  <sequence>145</sequence>
  <level>WARNING</level>
  <class>com.kms.katalon.core.logging.XmlKeywordLogger</class>
  <method>logMessage</method>
  <thread>1</thread>
  <message>A browser is already opened. Closing browser and opening a new one</message>
  <nestedLevel>1</nestedLevel>
</record>
<record>
  <date>2019-10-29T04:55:56</date>
  <millis>1572342956815</millis>
  <sequence>146</sequence>
  <level>INFO</level>
  <class>com.kms.katalon.core.logging.XmlKeywordLogger</class>
  <method>logMessage</method>
  <thread>1</thread>
  <message>Starting &amp;apos;Chrome&amp;apos; driver</message>
  <nestedLevel>1</nestedLevel>
</record>
<record>
  <date>2019-10-29T04:56:03</date>
  <millis>1572342963324</millis>
  <sequence>149</sequence>
  <level>RUN_DATA</level>
  <class>com.kms.katalon.core.logging.XmlKeywordLogger</class>
  <method>logMessage</method>
  <thread>1</thread>
  <message>sessionId = 371c1628bb0f3bb634b4a7b990a4a7d8</message>
  <nestedLevel>1</nestedLevel>
  <property name="sessionId">371c1628bb0f3bb634b4a7b990a4a7d8</property>
</record>
<record>
  <date>2019-10-29T04:56:03</date>
  <millis>1572342963370</millis>
  <sequence>150</sequence>
  <level>RUN_DATA</level>
  <class>com.kms.katalon.core.logging.XmlKeywordLogger</class>
  <method>logMessage</method>
  <thread>1</thread>
  <message>browser = Chrome 76.0.3809.100</message>
  <nestedLevel>1</nestedLevel>
  <property name="browser">Chrome 76.0.3809.100</property>
</record>
<record>
  <date>2019-10-29T04:56:03</date>
  <millis>1572342963371</millis>
  <sequence>151</sequence>
  <level>RUN_DATA</level>
  <class>com.kms.katalon.core.logging.XmlKeywordLogger</class>
  <method>logMessage</method>
  <thread>1</thread>
  <message>platform = Windows 10</message>
  <nestedLevel>1</nestedLevel>
  <property name="platform">Windows 10</property>
</record>
<record>
  <date>2019-10-29T04:56:03</date>
  <millis>1572342963371</millis>
  <sequence>152</sequence>
  <level>RUN_DATA</level>
  <class>com.kms.katalon.core.logging.XmlKeywordLogger</class>
  <method>logMessage</method>
  <thread>1</thread>
  <message>seleniumVersion = 3.141.59</message>
  <nestedLevel>1</nestedLevel>
  <property name="seleniumVersion">3.141.59</property>
</record>
<record>
  <date>2019-10-29T04:56:03</date>
  <millis>1572342963372</millis>
  <sequence>153</sequence>
  <level>RUN_DATA</level>
  <class>com.kms.katalon.core.logging.XmlKeywordLogger</class>
  <method>logMessage</method>
  <thread>1</thread>
  <message>proxyInformation = ProxyInformation{proxyOption=NO_PROXY, proxyServerType=HTTP, password=, proxyServerAddress=, proxyServerPort=0}</message>
  <nestedLevel>1</nestedLevel>
  <property name="proxyInformation">ProxyInformation{proxyOption=NO_PROXY, proxyServerType=HTTP, password=, proxyServerAddress=, proxyServerPort=0}</property>
</record>
<record>
  <date>2019-10-29T04:56:06</date>
  <millis>1572342966595</millis>
  <sequence>155</sequence>
  <level>PASSED</level>
  <class>com.kms.katalon.core.logging.XmlKeywordLogger</class>
  <method>logMessage</method>
  <thread>1</thread>
  <message>Browser is opened with url: &amp;apos;https://qa-certpay.faps.net/&amp;apos;</message>
  <nestedLevel>1</nestedLevel>
</record>
<record>
  <date>2019-10-29T04:56:10</date>
  <millis>1572342970909</millis>
  <sequence>157</sequence>
  <level>PASSED</level>
  <class>com.kms.katalon.core.logging.XmlKeywordLogger</class>
  <method>logMessage</method>
  <thread>1</thread>
  <message>Current window maximized</message>
  <nestedLevel>1</nestedLevel>
</record>
<record>
  <date>2019-10-29T04:56:10</date>
  <millis>1572342970910</millis>
  <sequence>158</sequence>
  <level>PASSED</level>
  <class>com.kms.katalon.core.logging.XmlKeywordLogger</class>
  <method>logMessage</method>
  <thread>1</thread>
  <message>Browser launched successfully</message>
  <nestedLevel>1</nestedLevel>
</record>
<record>
  <date>2019-10-29T04:56:10</date>
  <millis>1572342970910</millis>
  <sequence>159</sequence>
  <level>END</level>
  <class>com.kms.katalon.core.logging.XmlKeywordLogger</class>
  <method>endKeyword</method>
  <thread>1</thread>
  <message>End action : utilities.SafeActions.openBrowser(certpay_url, [pageLoadTime])</message>
  <nestedLevel>1</nestedLevel>
</record>
<record>
  <date>2019-10-29T04:56:10</date>
  <millis>1572342970910</millis>
  <sequence>160</sequence>
  <level>START</level>
  <class>com.kms.katalon.core.logging.XmlKeywordLogger</class>
  <method>startKeyword</method>
  <thread>1</thread>
  <message>Start action : utilities.SafeActions.safeType(findTestObject(\&amp;quot;MAKE_ PAYMENT/Home_ Page/BUREAU_CODE\&amp;quot;), bureauCode, \&amp;quot;Bureau code\&amp;quot;, [pageLoadTime])</message>
  <nestedLevel>1</nestedLevel>
  <property name="startLine">20</property>
  <property name="stepIndex">2</property>
  <property name="description">Enter valid Bureau code</property>
</record>
<record>
  <date>2019-10-29T04:56:11</date>
  <millis>1572342971111</millis>
  <sequence>166</sequence>
  <level>PASSED</level>
  <class>com.kms.katalon.core.logging.XmlKeywordLogger</class>
  <method>logMessage</method>
  <thread>1</thread>
  <message>Object &amp;apos;Object Repository/MAKE_ PAYMENT/Home_ Page/BUREAU_CODE&amp;apos; is present</message>
  <nestedLevel>1</nestedLevel>
</record>
<record>
  <date>2019-10-29T04:56:11</date>
  <millis>1572342971186</millis>
  <sequence>171</sequence>
  <level>PASSED</level>
  <class>com.kms.katalon.core.logging.XmlKeywordLogger</class>
  <method>logMessage</method>
  <thread>1</thread>
  <message>Object &amp;apos;Object Repository/MAKE_ PAYMENT/Home_ Page/BUREAU_CODE&amp;apos; is visible</message>
  <nestedLevel>1</nestedLevel>
</record>
<record>
  <date>2019-10-29T04:56:11</date>
  <millis>1572342971209</millis>
  <sequence>176</sequence>
  <level>PASSED</level>
  <class>com.kms.katalon.core.logging.XmlKeywordLogger</class>
  <method>logMessage</method>
  <thread>1</thread>
  <message>Object &amp;apos;Object Repository/MAKE_ PAYMENT/Home_ Page/BUREAU_CODE&amp;apos; is present</message>
  <nestedLevel>1</nestedLevel>
</record>
<record>
  <date>2019-10-29T04:56:11</date>
  <millis>1572342971883</millis>
  <sequence>185</sequence>
  <level>PASSED</level>
  <class>com.kms.katalon.core.logging.XmlKeywordLogger</class>
  <method>logMessage</method>
  <thread>1</thread>
  <message>Object: &amp;apos;Object Repository/MAKE_ PAYMENT/Home_ Page/BUREAU_CODE&amp;apos; is clicked on</message>
  <nestedLevel>1</nestedLevel>
</record>
<record>
  <date>2019-10-29T04:56:12</date>
  <millis>1572342972044</millis>
  <sequence>193</sequence>
  <level>PASSED</level>
  <class>com.kms.katalon.core.logging.XmlKeywordLogger</class>
  <method>logMessage</method>
  <thread>1</thread>
  <message>Text &amp;apos;6100000&amp;apos; is set on object &amp;apos;Object Repository/MAKE_ PAYMENT/Home_ Page/BUREAU_CODE&amp;apos;</message>
  <nestedLevel>1</nestedLevel>
</record>
<record>
  <date>2019-10-29T04:56:12</date>
  <millis>1572342972045</millis>
  <sequence>194</sequence>
  <level>PASSED</level>
  <class>com.kms.katalon.core.logging.XmlKeywordLogger</class>
  <method>logMessage</method>
  <thread>1</thread>
  <message>Consumer_Payment_Making.ts:Entered&amp;apos;6100000 into Bureau code</message>
  <nestedLevel>1</nestedLevel>
</record>
<record>
  <date>2019-10-29T04:56:12</date>
  <millis>1572342972046</millis>
  <sequence>195</sequence>
  <level>END</level>
  <class>com.kms.katalon.core.logging.XmlKeywordLogger</class>
  <method>endKeyword</method>
  <thread>1</thread>
  <message>End action : utilities.SafeActions.safeType(findTestObject(\&amp;quot;MAKE_ PAYMENT/Home_ Page/BUREAU_CODE\&amp;quot;), bureauCode, \&amp;quot;Bureau code\&amp;quot;, [pageLoadTime])</message>
  <nestedLevel>1</nestedLevel>
</record>
<record>
  <date>2019-10-29T04:56:12</date>
  <millis>1572342972046</millis>
  <sequence>196</sequence>
  <level>START</level>
  <class>com.kms.katalon.core.logging.XmlKeywordLogger</class>
  <method>startKeyword</method>
  <thread>1</thread>
  <message>Start action : utilities.SafeActions.safeClick(findTestObject(\&amp;quot;MAKE_ PAYMENT/Home_ Page/BEGIN_PAYMENT\&amp;quot;), \&amp;quot;Begin payment\&amp;quot;, [pageLoadTime])</message>
  <nestedLevel>1</nestedLevel>
  <property name="startLine">24</property>
  <property name="stepIndex">3</property>
  <property name="description">Click on &apos;Begin Payment&apos;</property>
</record>
<record>
  <date>2019-10-29T04:56:12</date>
  <millis>1572342972235</millis>
  <sequence>198</sequence>
  <level>INFO</level>
  <class>com.kms.katalon.core.logging.XmlKeywordLogger</class>
  <method>logMessage</method>
  <thread>1</thread>
  <message>safeClicking</message>
  <nestedLevel>1</nestedLevel>
</record>
<record>
  <date>2019-10-29T04:56:12</date>
  <millis>1572342972238</millis>
  <sequence>199</sequence>
  <level>ERROR</level>
  <class>com.kms.katalon.core.logging.XmlKeywordLogger</class>
  <method>logMessage</method>
  <thread>1</thread>
  <message>com.kms.katalon.core.exception.StepErrorException: Consumer_Payment_Making.ts:Begin payment is not Clickable</message>
  <exception>
    <message>com.kms.katalon.core.exception.StepErrorException: Consumer_Payment_Making.ts:Begin payment is not Clickable</message>
    <frame>
      <class>com.kms.katalon.core.util.KeywordUtil</class>
      <method>markError</method>
      <line>65</line>
    </frame>
    <frame>
      <class>com.kms.katalon.core.util.KeywordUtil$markError$1</class>
      <method>call</method>
    </frame>
    <frame>
      <class>utilities.SafeActions</class>
      <method>waitUntilClickable</method>
      <line>188</line>
    </frame>
    <frame>
      <class>utilities.SafeActions</class>
      <method>safeClick</method>
      <line>152</line>
    </frame>
    <frame>
      <class>utilities.SafeActions</class>
      <method>invokeMethod</method>
    </frame>
    <frame>
      <class>com.kms.katalon.core.main.CustomKeywordDelegatingMetaClass</class>
      <method>invokeStaticMethod</method>
      <line>50</line>
    </frame>
    <frame>
      <class>TC_002_Credit_MultiLine_Payment</class>
      <method>run</method>
      <line>25</line>
    </frame>
    <frame>
      <class>com.kms.katalon.core.main.ScriptEngine</class>
      <method>run</method>
      <line>194</line>
    </frame>
    <frame>
      <class>com.kms.katalon.core.main.ScriptEngine</class>
      <method>runScriptAsRawText</method>
      <line>119</line>
    </frame>
    <frame>
      <class>com.kms.katalon.core.main.TestCaseExecutor</class>
      <method>runScript</method>
      <line>337</line>
    </frame>
    <frame>
      <class>com.kms.katalon.core.main.TestCaseExecutor</class>
      <method>doExecute</method>
      <line>328</line>
    </frame>
    <frame>
      <class>com.kms.katalon.core.main.TestCaseExecutor</class>
      <method>processExecutionPhase</method>
      <line>307</line>
    </frame>
    <frame>
      <class>com.kms.katalon.core.main.TestCaseExecutor</class>
      <method>accessMainPhase</method>
      <line>299</line>
    </frame>
    <frame>
      <class>com.kms.katalon.core.main.TestCaseExecutor</class>
      <method>execute</method>
      <line>233</line>
    </frame>
    <frame>
      <class>com.kms.katalon.core.main.TestSuiteExecutor</class>
      <method>accessTestCaseMainPhase</method>
      <line>169</line>
    </frame>
    <frame>
      <class>com.kms.katalon.core.main.TestSuiteExecutor</class>
      <method>accessTestSuiteMainPhase</method>
      <line>142</line>
    </frame>
    <frame>
      <class>com.kms.katalon.core.main.TestSuiteExecutor</class>
      <method>execute</method>
      <line>91</line>
    </frame>
    <frame>
      <class>com.kms.katalon.core.main.TestCaseMain</class>
      <method>startTestSuite</method>
      <line>157</line>
    </frame>
    <frame>
      <class>com.kms.katalon.core.main.TestCaseMain$startTestSuite$0</class>
      <method>call</method>
    </frame>
    <frame>
      <class>TempTestSuite1572342808940</class>
      <method>run</method>
      <line>35</line>
    </frame>
  </exception>
  <nestedLevel>0</nestedLevel>
  <property name="failed.exception.stacktrace">com.kms.katalon.core.exception.StepErrorException: Consumer_Payment_Making.ts:Begin payment is not Clickable\r\n\tat com.kms.katalon.core.util.KeywordUtil.markError(KeywordUtil.java:65)\r\n\tat com.kms.katalon.core.util.KeywordUtil$markError$1.call(Unknown Source)\r\n\tat utilities.SafeActions.waitUntilClickable(SafeActions.groovy:188)\r\n\tat utilities.SafeActions.safeClick(SafeActions.groovy:152)\r\n\tat utilities.SafeActions.invokeMethod(SafeActions.groovy)\r\n\tat com.kms.katalon.core.main.CustomKeywordDelegatingMetaClass.invokeStaticMethod(CustomKeywordDelegatingMetaClass.java:50)\r\n\tat TC_002_Credit_MultiLine_Payment.run(TC_002_Credit_MultiLine_Payment:25)\r\n\tat com.kms.katalon.core.main.ScriptEngine.run(ScriptEngine.java:194)\r\n\tat com.kms.katalon.core.main.ScriptEngine.runScriptAsRawText(ScriptEngine.java:119)\r\n\tat com.kms.katalon.core.main.TestCaseExecutor.runScript(TestCaseExecutor.java:337)\r\n\tat com.kms.katalon.core.main.TestCaseExecutor.doExecute(TestCaseExecutor.java:328)\r\n\tat com.kms.katalon.core.main.TestCaseExecutor.processExecutionPhase(TestCaseExecutor.java:307)\r\n\tat com.kms.katalon.core.main.TestCaseExecutor.accessMainPhase(TestCaseExecutor.java:299)\r\n\tat com.kms.katalon.core.main.TestCaseExecutor.execute(TestCaseExecutor.java:233)\r\n\tat com.kms.katalon.core.main.TestSuiteExecutor.accessTestCaseMainPhase(TestSuiteExecutor.java:169)\r\n\tat com.kms.katalon.core.main.TestSuiteExecutor.accessTestSuiteMainPhase(TestSuiteExecutor.java:142)\r\n\tat com.kms.katalon.core.main.TestSuiteExecutor.execute(TestSuiteExecutor.java:91)\r\n\tat com.kms.katalon.core.main.TestCaseMain.startTestSuite(TestCaseMain.java:157)\r\n\tat com.kms.katalon.core.main.TestCaseMain$startTestSuite$0.call(Unknown Source)\r\n\tat TempTestSuite1572342808940.run(TempTestSuite1572342808940.groovy:35)\r\n</property>
  <property name="failed.exception.class">com.kms.katalon.core.exception.StepErrorException</property>
  <property name="failed.exception.message">Consumer_Payment_Making.ts:Begin payment is not Clickable</property>
</record>
<record>
  <date>2019-10-29T04:56:12</date>
  <millis>1572342972240</millis>
  <sequence>201</sequence>
  <level>END</level>
  <class>com.kms.katalon.core.logging.XmlKeywordLogger</class>
  <method>endKeyword</method>
  <thread>1</thread>
  <message>End action : utilities.SafeActions.safeClick(findTestObject(\&amp;quot;MAKE_ PAYMENT/Home_ Page/BEGIN_PAYMENT\&amp;quot;), \&amp;quot;Begin payment\&amp;quot;, [pageLoadTime])</message>
  <nestedLevel>1</nestedLevel>
</record>
<record>
  <date>2019-10-29T04:56:12</date>
  <millis>1572342972240</millis>
  <sequence>202</sequence>
  <level>START</level>
  <class>com.kms.katalon.core.logging.XmlKeywordLogger</class>
  <method>startKeyword</method>
  <thread>1</thread>
  <message>Start action : utilities.SafeActions.safeClick(findTestObject(\&amp;quot;MAKE_ PAYMENT/Home_ Page/CONTINUE\&amp;quot;), \&amp;quot;Continue\&amp;quot;, [pageLoadTime])</message>
  <nestedLevel>1</nestedLevel>
  <property name="startLine">28</property>
  <property name="stepIndex">4</property>
  <property name="description">Click on &apos;Continue&apos;</property>
</record>
<record>
  <date>2019-10-29T04:56:12</date>
  <millis>1572342972363</millis>
  <sequence>204</sequence>
  <level>INFO</level>
  <class>com.kms.katalon.core.logging.XmlKeywordLogger</class>
  <method>logMessage</method>
  <thread>1</thread>
  <message>safeClicking</message>
  <nestedLevel>1</nestedLevel>
</record>
<record>
  <date>2019-10-29T04:56:12</date>
  <millis>1572342972364</millis>
  <sequence>205</sequence>
  <level>ERROR</level>
  <class>com.kms.katalon.core.logging.XmlKeywordLogger</class>
  <method>logMessage</method>
  <thread>1</thread>
  <message>com.kms.katalon.core.exception.StepErrorException: Consumer_Payment_Making.ts:Continue is not Clickable</message>
  <exception>
    <message>com.kms.katalon.core.exception.StepErrorException: Consumer_Payment_Making.ts:Continue is not Clickable</message>
    <frame>
      <class>com.kms.katalon.core.util.KeywordUtil</class>
      <method>markError</method>
      <line>65</line>
    </frame>
    <frame>
      <class>com.kms.katalon.core.util.KeywordUtil$markError$1</class>
      <method>call</method>
    </frame>
    <frame>
      <class>utilities.SafeActions</class>
      <method>waitUntilClickable</method>
      <line>188</line>
    </frame>
    <frame>
      <class>utilities.SafeActions</class>
      <method>safeClick</method>
      <line>152</line>
    </frame>
    <frame>
      <class>utilities.SafeActions</class>
      <method>invokeMethod</method>
    </frame>
    <frame>
      <class>com.kms.katalon.core.main.CustomKeywordDelegatingMetaClass</class>
      <method>invokeStaticMethod</method>
      <line>50</line>
    </frame>
    <frame>
      <class>TC_002_Credit_MultiLine_Payment</class>
      <method>run</method>
      <line>28</line>
    </frame>
    <frame>
      <class>com.kms.katalon.core.main.ScriptEngine</class>
      <method>run</method>
      <line>194</line>
    </frame>
    <frame>
      <class>com.kms.katalon.core.main.ScriptEngine</class>
      <method>runScriptAsRawText</method>
      <line>119</line>
    </frame>
    <frame>
      <class>com.kms.katalon.core.main.TestCaseExecutor</class>
      <method>runScript</method>
      <line>337</line>
    </frame>
    <frame>
      <class>com.kms.katalon.core.main.TestCaseExecutor</class>
      <method>doExecute</method>
      <line>328</line>
    </frame>
    <frame>
      <class>com.kms.katalon.core.main.TestCaseExecutor</class>
      <method>processExecutionPhase</method>
      <line>307</line>
    </frame>
    <frame>
      <class>com.kms.katalon.core.main.TestCaseExecutor</class>
      <method>accessMainPhase</method>
      <line>299</line>
    </frame>
    <frame>
      <class>com.kms.katalon.core.main.TestCaseExecutor</class>
      <method>execute</method>
      <line>233</line>
    </frame>
    <frame>
      <class>com.kms.katalon.core.main.TestSuiteExecutor</class>
      <method>accessTestCaseMainPhase</method>
      <line>169</line>
    </frame>
    <frame>
      <class>com.kms.katalon.core.main.TestSuiteExecutor</class>
      <method>accessTestSuiteMainPhase</method>
      <line>142</line>
    </frame>
    <frame>
      <class>com.kms.katalon.core.main.TestSuiteExecutor</class>
      <method>execute</method>
      <line>91</line>
    </frame>
    <frame>
      <class>com.kms.katalon.core.main.TestCaseMain</class>
      <method>startTestSuite</method>
      <line>157</line>
    </frame>
    <frame>
      <class>com.kms.katalon.core.main.TestCaseMain$startTestSuite$0</class>
      <method>call</method>
    </frame>
    <frame>
      <class>TempTestSuite1572342808940</class>
      <method>run</method>
      <line>35</line>
    </frame>
  </exception>
  <nestedLevel>0</nestedLevel>
  <property name="failed.exception.stacktrace">com.kms.katalon.core.exception.StepErrorException: Consumer_Payment_Making.ts:Continue is not Clickable\r\n\tat com.kms.katalon.core.util.KeywordUtil.markError(KeywordUtil.java:65)\r\n\tat com.kms.katalon.core.util.KeywordUtil$markError$1.call(Unknown Source)\r\n\tat utilities.SafeActions.waitUntilClickable(SafeActions.groovy:188)\r\n\tat utilities.SafeActions.safeClick(SafeActions.groovy:152)\r\n\tat utilities.SafeActions.invokeMethod(SafeActions.groovy)\r\n\tat com.kms.katalon.core.main.CustomKeywordDelegatingMetaClass.invokeStaticMethod(CustomKeywordDelegatingMetaClass.java:50)\r\n\tat TC_002_Credit_MultiLine_Payment.run(TC_002_Credit_MultiLine_Payment:28)\r\n\tat com.kms.katalon.core.main.ScriptEngine.run(ScriptEngine.java:194)\r\n\tat com.kms.katalon.core.main.ScriptEngine.runScriptAsRawText(ScriptEngine.java:119)\r\n\tat com.kms.katalon.core.main.TestCaseExecutor.runScript(TestCaseExecutor.java:337)\r\n\tat com.kms.katalon.core.main.TestCaseExecutor.doExecute(TestCaseExecutor.java:328)\r\n\tat com.kms.katalon.core.main.TestCaseExecutor.processExecutionPhase(TestCaseExecutor.java:307)\r\n\tat com.kms.katalon.core.main.TestCaseExecutor.accessMainPhase(TestCaseExecutor.java:299)\r\n\tat com.kms.katalon.core.main.TestCaseExecutor.execute(TestCaseExecutor.java:233)\r\n\tat com.kms.katalon.core.main.TestSuiteExecutor.accessTestCaseMainPhase(TestSuiteExecutor.java:169)\r\n\tat com.kms.katalon.core.main.TestSuiteExecutor.accessTestSuiteMainPhase(TestSuiteExecutor.java:142)\r\n\tat com.kms.katalon.core.main.TestSuiteExecutor.execute(TestSuiteExecutor.java:91)\r\n\tat com.kms.katalon.core.main.TestCaseMain.startTestSuite(TestCaseMain.java:157)\r\n\tat com.kms.katalon.core.main.TestCaseMain$startTestSuite$0.call(Unknown Source)\r\n\tat TempTestSuite1572342808940.run(TempTestSuite1572342808940.groovy:35)\r\n</property>
  <property name="failed.exception.class">com.kms.katalon.core.exception.StepErrorException</property>
  <property name="failed.exception.message">Consumer_Payment_Making.ts:Continue is not Clickable</property>
</record>
<record>
  <date>2019-10-29T04:56:12</date>
  <millis>1572342972367</millis>
  <sequence>207</sequence>
  <level>END</level>
  <class>com.kms.katalon.core.logging.XmlKeywordLogger</class>
  <method>endKeyword</method>
  <thread>1</thread>
  <message>End action : utilities.SafeActions.safeClick(findTestObject(\&amp;quot;MAKE_ PAYMENT/Home_ Page/CONTINUE\&amp;quot;), \&amp;quot;Continue\&amp;quot;, [pageLoadTime])</message>
  <nestedLevel>1</nestedLevel>
</record>
<record>
  <date>2019-10-29T04:56:12</date>
  <millis>1572342972367</millis>
  <sequence>208</sequence>
  <level>START</level>
  <class>com.kms.katalon.core.logging.XmlKeywordLogger</class>
  <method>startKeyword</method>
  <thread>1</thread>
  <message>Start action : pages.Payment_Page.setAmount(\&amp;quot;1\&amp;quot;, paymentAmount, \&amp;quot;testing\&amp;quot;, referenceNum)</message>
  <nestedLevel>1</nestedLevel>
  <property name="startLine">31</property>
  <property name="stepIndex">5</property>
  <property name="description">Enter Payment Amount,refernce num,comments</property>
</record>
<record>
  <date>2019-10-29T04:57:30</date>
  <millis>1572343050846</millis>
  <sequence>212</sequence>
  <level>INFO</level>
  <class>com.kms.katalon.core.logging.XmlKeywordLogger</class>
  <method>logMessage</method>
  <thread>1</thread>
  <message>Unable to find the element located by &amp;apos;By.xpath: //input[@id=&amp;apos;ctl00_mainContent_AdditionalPayment_1_txtPaymentAmount&amp;apos;]&amp;apos;. Please recheck the objects properties to make sure the desired element is located. </message>
  <nestedLevel>1</nestedLevel>
</record>
<record>
  <date>2019-10-29T04:57:30</date>
  <millis>1572343050848</millis>
  <sequence>214</sequence>
  <level>WARNING</level>
  <class>com.kms.katalon.core.logging.XmlKeywordLogger</class>
  <method>logMessage</method>
  <thread>1</thread>
  <message>Object &amp;apos;&amp;apos; is not present after 60 second(s)</message>
  <nestedLevel>1</nestedLevel>
  <property name="failed.exception.class">com.kms.katalon.core.webui.exception.WebElementNotFoundException</property>
  <property name="failed.exception.stacktrace">com.kms.katalon.core.webui.exception.WebElementNotFoundException: Web element with id: &apos;&apos; located by &apos;By.xpath: //input[@id=&apos;ctl00_mainContent_AdditionalPayment_1_txtPaymentAmount&apos;]&apos; not found\r\n\tat com.kms.katalon.core.webui.common.WebUiCommonHelper.findWebElement(WebUiCommonHelper.java:1097)\r\n\tat com.kms.katalon.core.webui.keyword.internal.WebUIAbstractKeyword.findWebElement(WebUIAbstractKeyword.groovy:27)\r\n\tat com.kms.katalon.core.webui.keyword.builtin.WaitForElementPresentKeyword$_waitForElementPresent_closure1.doCall(WaitForElementPresentKeyword.groovy:81)\r\n\tat com.kms.katalon.core.webui.keyword.builtin.WaitForElementPresentKeyword$_waitForElementPresent_closure1.call(WaitForElementPresentKeyword.groovy)\r\n\tat com.kms.katalon.core.webui.keyword.internal.WebUIKeywordMain.runKeyword(WebUIKeywordMain.groovy:20)\r\n\tat com.kms.katalon.core.webui.keyword.builtin.WaitForElementPresentKeyword.waitForElementPresent(WaitForElementPresentKeyword.groovy:95)\r\n\tat com.kms.katalon.core.webui.keyword.builtin.WaitForElementPresentKeyword.execute(WaitForElementPresentKeyword.groovy:68)\r\n\tat com.kms.katalon.core.keyword.internal.KeywordExecutor.executeKeywordForPlatform(KeywordExecutor.groovy:56)\r\n\tat com.kms.katalon.core.webui.keyword.WebUiBuiltInKeywords.waitForElementPresent(WebUiBuiltInKeywords.groovy:343)\r\n\tat com.kms.katalon.core.webui.keyword.WebUiBuiltInKeywords$waitForElementPresent$1.call(Unknown Source)\r\n\tat utilities.SafeActions.safeType(SafeActions.groovy:108)\r\n\tat pages.Payment_Page.setAmount(Payment_Page.groovy:218)\r\n\tat pages.Payment_Page.invokeMethod(Payment_Page.groovy)\r\n\tat com.kms.katalon.core.main.CustomKeywordDelegatingMetaClass.invokeStaticMethod(CustomKeywordDelegatingMetaClass.java:50)\r\n\tat TC_002_Credit_MultiLine_Payment.run(TC_002_Credit_MultiLine_Payment:31)\r\n\tat com.kms.katalon.core.main.ScriptEngine.run(ScriptEngine.java:194)\r\n\tat com.kms.katalon.core.main.ScriptEngine.runScriptAsRawText(ScriptEngine.java:119)\r\n\tat com.kms.katalon.core.main.TestCaseExecutor.runScript(TestCaseExecutor.java:337)\r\n\tat com.kms.katalon.core.main.TestCaseExecutor.doExecute(TestCaseExecutor.java:328)\r\n\tat com.kms.katalon.core.main.TestCaseExecutor.processExecutionPhase(TestCaseExecutor.java:307)\r\n\tat com.kms.katalon.core.main.TestCaseExecutor.accessMainPhase(TestCaseExecutor.java:299)\r\n\tat com.kms.katalon.core.main.TestCaseExecutor.execute(TestCaseExecutor.java:233)\r\n\tat com.kms.katalon.core.main.TestSuiteExecutor.accessTestCaseMainPhase(TestSuiteExecutor.java:169)\r\n\tat com.kms.katalon.core.main.TestSuiteExecutor.accessTestSuiteMainPhase(TestSuiteExecutor.java:142)\r\n\tat com.kms.katalon.core.main.TestSuiteExecutor.execute(TestSuiteExecutor.java:91)\r\n\tat com.kms.katalon.core.main.TestCaseMain.startTestSuite(TestCaseMain.java:157)\r\n\tat com.kms.katalon.core.main.TestCaseMain$startTestSuite$0.call(Unknown Source)\r\n\tat TempTestSuite1572342808940.run(TempTestSuite1572342808940.groovy:35)\r\n</property>
  <property name="failed.exception.message">Web element with id: &apos;&apos; located by &apos;By.xpath: //input[@id=&apos;ctl00_mainContent_AdditionalPayment_1_txtPaymentAmount&apos;]&apos; not found</property>
</record>
<record>
  <date>2019-10-29T04:58:04</date>
  <millis>1572343084572</millis>
  <sequence>218</sequence>
  <level>INFO</level>
  <class>com.kms.katalon.core.logging.XmlKeywordLogger</class>
  <method>logMessage</method>
  <thread>1</thread>
  <message>Unable to find the element located by &amp;apos;By.xpath: //input[@id=&amp;apos;ctl00_mainContent_AdditionalPayment_1_txtPaymentAmount&amp;apos;]&amp;apos;. Please recheck the objects properties to make sure the desired element is located. </message>
  <nestedLevel>1</nestedLevel>
</record>
<record>
  <date>2019-10-29T04:58:05</date>
  <millis>1572343085542</millis>
  <sequence>221</sequence>
  <level>FAILED</level>
  <class>com.kms.katalon.core.logging.XmlKeywordLogger</class>
  <method>logMessage</method>
  <thread>1</thread>
  <message>Web element with id: &amp;apos;&amp;apos; located by &amp;apos;By.xpath: //input[@id=&amp;apos;ctl00_mainContent_AdditionalPayment_1_txtPaymentAmount&amp;apos;]&amp;apos; not found (Root cause: com.kms.katalon.core.exception.StepFailedException: Web element with id: &amp;apos;&amp;apos; located by &amp;apos;By.xpath: //input[@id=&amp;apos;ctl00_mainContent_AdditionalPayment_1_txtPaymentAmount&amp;apos;]&amp;apos; not found\r\n\tat com.kms.katalon.core.webui.keyword.internal.WebUIKeywordMain.stepFailed(WebUIKeywordMain.groovy:64)\r\n\tat com.kms.katalon.core.webui.keyword.builtin.VerifyElementVisibleKeyword$_verifyElementVisible_closure1.doCall(VerifyElementVisibleKeyword.groovy:89)\r\n\tat com.kms.katalon.core.webui.keyword.builtin.VerifyElementVisibleKeyword$_verifyElementVisible_closure1.call(VerifyElementVisibleKeyword.groovy)\r\n\tat com.kms.katalon.core.webui.keyword.internal.WebUIKeywordMain.runKeyword(WebUIKeywordMain.groovy:20)\r\n\tat com.kms.katalon.core.webui.keyword.builtin.VerifyElementVisibleKeyword.verifyElementVisible(VerifyElementVisibleKeyword.groovy:97)\r\n\tat com.kms.katalon.core.webui.keyword.builtin.VerifyElementVisibleKeyword.execute(VerifyElementVisibleKeyword.groovy:67)\r\n\tat com.kms.katalon.core.keyword.internal.KeywordExecutor.executeKeywordForPlatform(KeywordExecutor.groovy:56)\r\n\tat com.kms.katalon.core.webui.keyword.WebUiBuiltInKeywords.verifyElementVisible(WebUiBuiltInKeywords.groovy:372)\r\n\tat com.kms.katalon.core.webui.keyword.WebUiBuiltInKeywords$verifyElementVisible$2.call(Unknown Source)\r\n\tat utilities.SafeActions.safeType(SafeActions.groovy:109)\r\n\tat pages.Payment_Page.setAmount(Payment_Page.groovy:218)\r\n\tat pages.Payment_Page.invokeMethod(Payment_Page.groovy)\r\n\tat com.kms.katalon.core.main.CustomKeywordDelegatingMetaClass.invokeStaticMethod(CustomKeywordDelegatingMetaClass.java:50)\r\n\tat TC_002_Credit_MultiLine_Payment.run(TC_002_Credit_MultiLine_Payment:31)\r\n\tat com.kms.katalon.core.main.ScriptEngine.run(ScriptEngine.java:194)\r\n\tat com.kms.katalon.core.main.ScriptEngine.runScriptAsRawText(ScriptEngine.java:119)\r\n\tat com.kms.katalon.core.main.TestCaseExecutor.runScript(TestCaseExecutor.java:337)\r\n\tat com.kms.katalon.core.main.TestCaseExecutor.doExecute(TestCaseExecutor.java:328)\r\n\tat com.kms.katalon.core.main.TestCaseExecutor.processExecutionPhase(TestCaseExecutor.java:307)\r\n\tat com.kms.katalon.core.main.TestCaseExecutor.accessMainPhase(TestCaseExecutor.java:299)\r\n\tat com.kms.katalon.core.main.TestCaseExecutor.execute(TestCaseExecutor.java:233)\r\n\tat com.kms.katalon.core.main.TestSuiteExecutor.accessTestCaseMainPhase(TestSuiteExecutor.java:169)\r\n\tat com.kms.katalon.core.main.TestSuiteExecutor.accessTestSuiteMainPhase(TestSuiteExecutor.java:142)\r\n\tat com.kms.katalon.core.main.TestSuiteExecutor.execute(TestSuiteExecutor.java:91)\r\n\tat com.kms.katalon.core.main.TestCaseMain.startTestSuite(TestCaseMain.java:157)\r\n\tat com.kms.katalon.core.main.TestCaseMain$startTestSuite$0.call(Unknown Source)\r\n\tat TempTestSuite1572342808940.run(TempTestSuite1572342808940.groovy:35)\r\n)</message>
  <nestedLevel>1</nestedLevel>
  <property name="failed.exception.class">com.kms.katalon.core.exception.StepFailedException</property>
  <property name="attachment">1572343084574.png</property>
  <property name="failed.exception.stacktrace">com.kms.katalon.core.exception.StepFailedException: Web element with id: &apos;&apos; located by &apos;By.xpath: //input[@id=&apos;ctl00_mainContent_AdditionalPayment_1_txtPaymentAmount&apos;]&apos; not found\r\n\tat com.kms.katalon.core.webui.keyword.internal.WebUIKeywordMain.stepFailed(WebUIKeywordMain.groovy:64)\r\n\tat com.kms.katalon.core.webui.keyword.builtin.VerifyElementVisibleKeyword$_verifyElementVisible_closure1.doCall(VerifyElementVisibleKeyword.groovy:89)\r\n\tat com.kms.katalon.core.webui.keyword.builtin.VerifyElementVisibleKeyword$_verifyElementVisible_closure1.call(VerifyElementVisibleKeyword.groovy)\r\n\tat com.kms.katalon.core.webui.keyword.internal.WebUIKeywordMain.runKeyword(WebUIKeywordMain.groovy:20)\r\n\tat com.kms.katalon.core.webui.keyword.builtin.VerifyElementVisibleKeyword.verifyElementVisible(VerifyElementVisibleKeyword.groovy:97)\r\n\tat com.kms.katalon.core.webui.keyword.builtin.VerifyElementVisibleKeyword.execute(VerifyElementVisibleKeyword.groovy:67)\r\n\tat com.kms.katalon.core.keyword.internal.KeywordExecutor.executeKeywordForPlatform(KeywordExecutor.groovy:56)\r\n\tat com.kms.katalon.core.webui.keyword.WebUiBuiltInKeywords.verifyElementVisible(WebUiBuiltInKeywords.groovy:372)\r\n\tat com.kms.katalon.core.webui.keyword.WebUiBuiltInKeywords$verifyElementVisible$2.call(Unknown Source)\r\n\tat utilities.SafeActions.safeType(SafeActions.groovy:109)\r\n\tat pages.Payment_Page.setAmount(Payment_Page.groovy:218)\r\n\tat pages.Payment_Page.invokeMethod(Payment_Page.groovy)\r\n\tat com.kms.katalon.core.main.CustomKeywordDelegatingMetaClass.invokeStaticMethod(CustomKeywordDelegatingMetaClass.java:50)\r\n\tat TC_002_Credit_MultiLine_Payment.run(TC_002_Credit_MultiLine_Payment:31)\r\n\tat com.kms.katalon.core.main.ScriptEngine.run(ScriptEngine.java:194)\r\n\tat com.kms.katalon.core.main.ScriptEngine.runScriptAsRawText(ScriptEngine.java:119)\r\n\tat com.kms.katalon.core.main.TestCaseExecutor.runScript(TestCaseExecutor.java:337)\r\n\tat com.kms.katalon.core.main.TestCaseExecutor.doExecute(TestCaseExecutor.java:328)\r\n\tat com.kms.katalon.core.main.TestCaseExecutor.processExecutionPhase(TestCaseExecutor.java:307)\r\n\tat com.kms.katalon.core.main.TestCaseExecutor.accessMainPhase(TestCaseExecutor.java:299)\r\n\tat com.kms.katalon.core.main.TestCaseExecutor.execute(TestCaseExecutor.java:233)\r\n\tat com.kms.katalon.core.main.TestSuiteExecutor.accessTestCaseMainPhase(TestSuiteExecutor.java:169)\r\n\tat com.kms.katalon.core.main.TestSuiteExecutor.accessTestSuiteMainPhase(TestSuiteExecutor.java:142)\r\n\tat com.kms.katalon.core.main.TestSuiteExecutor.execute(TestSuiteExecutor.java:91)\r\n\tat com.kms.katalon.core.main.TestCaseMain.startTestSuite(TestCaseMain.java:157)\r\n\tat com.kms.katalon.core.main.TestCaseMain$startTestSuite$0.call(Unknown Source)\r\n\tat TempTestSuite1572342808940.run(TempTestSuite1572342808940.groovy:35)\r\n</property>
  <property name="failed.exception.message">Web element with id: &apos;&apos; located by &apos;By.xpath: //input[@id=&apos;ctl00_mainContent_AdditionalPayment_1_txtPaymentAmount&apos;]&apos; not found</property>
</record>
<record>
  <date>2019-10-29T04:58:06</date>
  <millis>1572343086067</millis>
  <sequence>225</sequence>
  <level>FAILED</level>
  <class>com.kms.katalon.core.logging.XmlKeywordLogger</class>
  <method>logMessage</method>
  <thread>1</thread>
  <message>Unable to verify object &amp;apos;&amp;apos; is visible (Root cause: com.kms.katalon.core.exception.StepFailedException: Unable to verify object &amp;apos;&amp;apos; is visible\r\n\tat com.kms.katalon.core.webui.keyword.internal.WebUIKeywordMain.stepFailed(WebUIKeywordMain.groovy:64)\r\n\tat com.kms.katalon.core.webui.keyword.internal.WebUIKeywordMain.runKeyword(WebUIKeywordMain.groovy:26)\r\n\tat com.kms.katalon.core.webui.keyword.builtin.VerifyElementVisibleKeyword.verifyElementVisible(VerifyElementVisibleKeyword.groovy:97)\r\n\tat com.kms.katalon.core.webui.keyword.builtin.VerifyElementVisibleKeyword.execute(VerifyElementVisibleKeyword.groovy:67)\r\n\tat com.kms.katalon.core.keyword.internal.KeywordExecutor.executeKeywordForPlatform(KeywordExecutor.groovy:56)\r\n\tat com.kms.katalon.core.webui.keyword.WebUiBuiltInKeywords.verifyElementVisible(WebUiBuiltInKeywords.groovy:372)\r\n\tat com.kms.katalon.core.webui.keyword.WebUiBuiltInKeywords$verifyElementVisible$2.call(Unknown Source)\r\n\tat utilities.SafeActions.safeType(SafeActions.groovy:109)\r\n\tat pages.Payment_Page.setAmount(Payment_Page.groovy:218)\r\n\tat pages.Payment_Page.invokeMethod(Payment_Page.groovy)\r\n\tat com.kms.katalon.core.main.CustomKeywordDelegatingMetaClass.invokeStaticMethod(CustomKeywordDelegatingMetaClass.java:50)\r\n\tat TC_002_Credit_MultiLine_Payment.run(TC_002_Credit_MultiLine_Payment:31)\r\n\tat com.kms.katalon.core.main.ScriptEngine.run(ScriptEngine.java:194)\r\n\tat com.kms.katalon.core.main.ScriptEngine.runScriptAsRawText(ScriptEngine.java:119)\r\n\tat com.kms.katalon.core.main.TestCaseExecutor.runScript(TestCaseExecutor.java:337)\r\n\tat com.kms.katalon.core.main.TestCaseExecutor.doExecute(TestCaseExecutor.java:328)\r\n\tat com.kms.katalon.core.main.TestCaseExecutor.processExecutionPhase(TestCaseExecutor.java:307)\r\n\tat com.kms.katalon.core.main.TestCaseExecutor.accessMainPhase(TestCaseExecutor.java:299)\r\n\tat com.kms.katalon.core.main.TestCaseExecutor.execute(TestCaseExecutor.java:233)\r\n\tat com.kms.katalon.core.main.TestSuiteExecutor.accessTestCaseMainPhase(TestSuiteExecutor.java:169)\r\n\tat com.kms.katalon.core.main.TestSuiteExecutor.accessTestSuiteMainPhase(TestSuiteExecutor.java:142)\r\n\tat com.kms.katalon.core.main.TestSuiteExecutor.execute(TestSuiteExecutor.java:91)\r\n\tat com.kms.katalon.core.main.TestCaseMain.startTestSuite(TestCaseMain.java:157)\r\n\tat com.kms.katalon.core.main.TestCaseMain$startTestSuite$0.call(Unknown Source)\r\n\tat TempTestSuite1572342808940.run(TempTestSuite1572342808940.groovy:35)\r\nCaused by: com.kms.katalon.core.exception.StepFailedException: Web element with id: &amp;apos;&amp;apos; located by &amp;apos;By.xpath: //input[@id=&amp;apos;ctl00_mainContent_AdditionalPayment_1_txtPaymentAmount&amp;apos;]&amp;apos; not found\r\n\tat com.kms.katalon.core.webui.keyword.internal.WebUIKeywordMain.stepFailed(WebUIKeywordMain.groovy:64)\r\n\tat com.kms.katalon.core.webui.keyword.builtin.VerifyElementVisibleKeyword$_verifyElementVisible_closure1.doCall(VerifyElementVisibleKeyword.groovy:89)\r\n\tat com.kms.katalon.core.webui.keyword.builtin.VerifyElementVisibleKeyword$_verifyElementVisible_closure1.call(VerifyElementVisibleKeyword.groovy)\r\n\tat com.kms.katalon.core.webui.keyword.internal.WebUIKeywordMain.runKeyword(WebUIKeywordMain.groovy:20)\r\n\t... 23 more\r\n)</message>
  <nestedLevel>1</nestedLevel>
  <property name="failed.exception.class">com.kms.katalon.core.exception.StepFailedException</property>
  <property name="attachment">1572343085544.png</property>
  <property name="failed.exception.stacktrace">com.kms.katalon.core.exception.StepFailedException: Web element with id: &apos;&apos; located by &apos;By.xpath: //input[@id=&apos;ctl00_mainContent_AdditionalPayment_1_txtPaymentAmount&apos;]&apos; not found\r\n\tat com.kms.katalon.core.webui.keyword.internal.WebUIKeywordMain.stepFailed(WebUIKeywordMain.groovy:64)\r\n\tat com.kms.katalon.core.webui.keyword.builtin.VerifyElementVisibleKeyword$_verifyElementVisible_closure1.doCall(VerifyElementVisibleKeyword.groovy:89)\r\n\tat com.kms.katalon.core.webui.keyword.builtin.VerifyElementVisibleKeyword$_verifyElementVisible_closure1.call(VerifyElementVisibleKeyword.groovy)\r\n\tat com.kms.katalon.core.webui.keyword.internal.WebUIKeywordMain.runKeyword(WebUIKeywordMain.groovy:20)\r\n\tat com.kms.katalon.core.webui.keyword.builtin.VerifyElementVisibleKeyword.verifyElementVisible(VerifyElementVisibleKeyword.groovy:97)\r\n\tat com.kms.katalon.core.webui.keyword.builtin.VerifyElementVisibleKeyword.execute(VerifyElementVisibleKeyword.groovy:67)\r\n\tat com.kms.katalon.core.keyword.internal.KeywordExecutor.executeKeywordForPlatform(KeywordExecutor.groovy:56)\r\n\tat com.kms.katalon.core.webui.keyword.WebUiBuiltInKeywords.verifyElementVisible(WebUiBuiltInKeywords.groovy:372)\r\n\tat com.kms.katalon.core.webui.keyword.WebUiBuiltInKeywords$verifyElementVisible$2.call(Unknown Source)\r\n\tat utilities.SafeActions.safeType(SafeActions.groovy:109)\r\n\tat pages.Payment_Page.setAmount(Payment_Page.groovy:218)\r\n\tat pages.Payment_Page.invokeMethod(Payment_Page.groovy)\r\n\tat com.kms.katalon.core.main.CustomKeywordDelegatingMetaClass.invokeStaticMethod(CustomKeywordDelegatingMetaClass.java:50)\r\n\tat TC_002_Credit_MultiLine_Payment.run(TC_002_Credit_MultiLine_Payment:31)\r\n\tat com.kms.katalon.core.main.ScriptEngine.run(ScriptEngine.java:194)\r\n\tat com.kms.katalon.core.main.ScriptEngine.runScriptAsRawText(ScriptEngine.java:119)\r\n\tat com.kms.katalon.core.main.TestCaseExecutor.runScript(TestCaseExecutor.java:337)\r\n\tat com.kms.katalon.core.main.TestCaseExecutor.doExecute(TestCaseExecutor.java:328)\r\n\tat com.kms.katalon.core.main.TestCaseExecutor.processExecutionPhase(TestCaseExecutor.java:307)\r\n\tat com.kms.katalon.core.main.TestCaseExecutor.accessMainPhase(TestCaseExecutor.java:299)\r\n\tat com.kms.katalon.core.main.TestCaseExecutor.execute(TestCaseExecutor.java:233)\r\n\tat com.kms.katalon.core.main.TestSuiteExecutor.accessTestCaseMainPhase(TestSuiteExecutor.java:169)\r\n\tat com.kms.katalon.core.main.TestSuiteExecutor.accessTestSuiteMainPhase(TestSuiteExecutor.java:142)\r\n\tat com.kms.katalon.core.main.TestSuiteExecutor.execute(TestSuiteExecutor.java:91)\r\n\tat com.kms.katalon.core.main.TestCaseMain.startTestSuite(TestCaseMain.java:157)\r\n\tat com.kms.katalon.core.main.TestCaseMain$startTestSuite$0.call(Unknown Source)\r\n\tat TempTestSuite1572342808940.run(TempTestSuite1572342808940.groovy:35)\r\n</property>
  <property name="failed.exception.message">Web element with id: &apos;&apos; located by &apos;By.xpath: //input[@id=&apos;ctl00_mainContent_AdditionalPayment_1_txtPaymentAmount&apos;]&apos; not found</property>
</record>
<record>
  <date>2019-10-29T04:58:06</date>
  <millis>1572343086070</millis>
  <sequence>227</sequence>
  <level>FAILED</level>
  <class>com.kms.katalon.core.logging.XmlKeywordLogger</class>
  <method>logMessage</method>
  <thread>1</thread>
  <message>Unable to verify object &amp;apos;&amp;apos; is visible</message>
  <nestedLevel>1</nestedLevel>
  <property name="failed.exception.class">com.kms.katalon.core.exception.StepFailedException</property>
  <property name="failed.exception.stacktrace">com.kms.katalon.core.exception.StepFailedException: Web element with id: &apos;&apos; located by &apos;By.xpath: //input[@id=&apos;ctl00_mainContent_AdditionalPayment_1_txtPaymentAmount&apos;]&apos; not found\r\n\tat com.kms.katalon.core.webui.keyword.internal.WebUIKeywordMain.stepFailed(WebUIKeywordMain.groovy:64)\r\n\tat com.kms.katalon.core.webui.keyword.builtin.VerifyElementVisibleKeyword$_verifyElementVisible_closure1.doCall(VerifyElementVisibleKeyword.groovy:89)\r\n\tat com.kms.katalon.core.webui.keyword.builtin.VerifyElementVisibleKeyword$_verifyElementVisible_closure1.call(VerifyElementVisibleKeyword.groovy)\r\n\tat com.kms.katalon.core.webui.keyword.internal.WebUIKeywordMain.runKeyword(WebUIKeywordMain.groovy:20)\r\n\tat com.kms.katalon.core.webui.keyword.builtin.VerifyElementVisibleKeyword.verifyElementVisible(VerifyElementVisibleKeyword.groovy:97)\r\n\tat com.kms.katalon.core.webui.keyword.builtin.VerifyElementVisibleKeyword.execute(VerifyElementVisibleKeyword.groovy:67)\r\n\tat com.kms.katalon.core.keyword.internal.KeywordExecutor.executeKeywordForPlatform(KeywordExecutor.groovy:56)\r\n\tat com.kms.katalon.core.webui.keyword.WebUiBuiltInKeywords.verifyElementVisible(WebUiBuiltInKeywords.groovy:372)\r\n\tat com.kms.katalon.core.webui.keyword.WebUiBuiltInKeywords$verifyElementVisible$2.call(Unknown Source)\r\n\tat utilities.SafeActions.safeType(SafeActions.groovy:109)\r\n\tat pages.Payment_Page.setAmount(Payment_Page.groovy:218)\r\n\tat pages.Payment_Page.invokeMethod(Payment_Page.groovy)\r\n\tat com.kms.katalon.core.main.CustomKeywordDelegatingMetaClass.invokeStaticMethod(CustomKeywordDelegatingMetaClass.java:50)\r\n\tat TC_002_Credit_MultiLine_Payment.run(TC_002_Credit_MultiLine_Payment:31)\r\n\tat com.kms.katalon.core.main.ScriptEngine.run(ScriptEngine.java:194)\r\n\tat com.kms.katalon.core.main.ScriptEngine.runScriptAsRawText(ScriptEngine.java:119)\r\n\tat com.kms.katalon.core.main.TestCaseExecutor.runScript(TestCaseExecutor.java:337)\r\n\tat com.kms.katalon.core.main.TestCaseExecutor.doExecute(TestCaseExecutor.java:328)\r\n\tat com.kms.katalon.core.main.TestCaseExecutor.processExecutionPhase(TestCaseExecutor.java:307)\r\n\tat com.kms.katalon.core.main.TestCaseExecutor.accessMainPhase(TestCaseExecutor.java:299)\r\n\tat com.kms.katalon.core.main.TestCaseExecutor.execute(TestCaseExecutor.java:233)\r\n\tat com.kms.katalon.core.main.TestSuiteExecutor.accessTestCaseMainPhase(TestSuiteExecutor.java:169)\r\n\tat com.kms.katalon.core.main.TestSuiteExecutor.accessTestSuiteMainPhase(TestSuiteExecutor.java:142)\r\n\tat com.kms.katalon.core.main.TestSuiteExecutor.execute(TestSuiteExecutor.java:91)\r\n\tat com.kms.katalon.core.main.TestCaseMain.startTestSuite(TestCaseMain.java:157)\r\n\tat com.kms.katalon.core.main.TestCaseMain$startTestSuite$0.call(Unknown Source)\r\n\tat TempTestSuite1572342808940.run(TempTestSuite1572342808940.groovy:35)\r\n</property>
  <property name="failed.exception.message">Web element with id: &apos;&apos; located by &apos;By.xpath: //input[@id=&apos;ctl00_mainContent_AdditionalPayment_1_txtPaymentAmount&apos;]&apos; not found</property>
</record>
<record>
  <date>2019-10-29T04:58:06</date>
  <millis>1572343086080</millis>
  <sequence>228</sequence>
  <level>END</level>
  <class>com.kms.katalon.core.logging.XmlKeywordLogger</class>
  <method>endKeyword</method>
  <thread>1</thread>
  <message>End action : pages.Payment_Page.setAmount(\&amp;quot;1\&amp;quot;, paymentAmount, \&amp;quot;testing\&amp;quot;, referenceNum)</message>
  <nestedLevel>1</nestedLevel>
</record>
<record>
  <date>2019-10-29T04:58:06</date>
  <millis>1572343086094</millis>
  <sequence>230</sequence>
  <level>ERROR</level>
  <class>com.kms.katalon.core.logging.XmlKeywordLogger</class>
  <method>logMessage</method>
  <thread>1</thread>
  <message>Test Cases/Consumer_Make_Payment/TC_002_Credit_MultiLine_Payment FAILED.\nReason:\ncom.kms.katalon.core.exception.StepErrorException: Consumer_Payment_Making.ts:Begin payment is not Clickable\r\n\tat com.kms.katalon.core.util.KeywordUtil.markError(KeywordUtil.java:65)\r\n\tat com.kms.katalon.core.util.KeywordUtil$markError$1.call(Unknown Source)\r\n\tat utilities.SafeActions.waitUntilClickable(SafeActions.groovy:188)\r\n\tat utilities.SafeActions.safeClick(SafeActions.groovy:152)\r\n\tat utilities.SafeActions.invokeMethod(SafeActions.groovy)\r\n\tat com.kms.katalon.core.main.CustomKeywordDelegatingMetaClass.invokeStaticMethod(CustomKeywordDelegatingMetaClass.java:50)\r\n\tat TC_002_Credit_MultiLine_Payment.run(TC_002_Credit_MultiLine_Payment:25)\r\n\tat com.kms.katalon.core.main.ScriptEngine.run(ScriptEngine.java:194)\r\n\tat com.kms.katalon.core.main.ScriptEngine.runScriptAsRawText(ScriptEngine.java:119)\r\n\tat com.kms.katalon.core.main.TestCaseExecutor.runScript(TestCaseExecutor.java:337)\r\n\tat com.kms.katalon.core.main.TestCaseExecutor.doExecute(TestCaseExecutor.java:328)\r\n\tat com.kms.katalon.core.main.TestCaseExecutor.processExecutionPhase(TestCaseExecutor.java:307)\r\n\tat com.kms.katalon.core.main.TestCaseExecutor.accessMainPhase(TestCaseExecutor.java:299)\r\n\tat com.kms.katalon.core.main.TestCaseExecutor.execute(TestCaseExecutor.java:233)\r\n\tat com.kms.katalon.core.main.TestSuiteExecutor.accessTestCaseMainPhase(TestSuiteExecutor.java:169)\r\n\tat com.kms.katalon.core.main.TestSuiteExecutor.accessTestSuiteMainPhase(TestSuiteExecutor.java:142)\r\n\tat com.kms.katalon.core.main.TestSuiteExecutor.execute(TestSuiteExecutor.java:91)\r\n\tat com.kms.katalon.core.main.TestCaseMain.startTestSuite(TestCaseMain.java:157)\r\n\tat com.kms.katalon.core.main.TestCaseMain$startTestSuite$0.call(Unknown Source)\r\n\tat TempTestSuite1572342808940.run(TempTestSuite1572342808940.groovy:35)\r\n</message>
  <exception>
    <message>com.kms.katalon.core.exception.StepErrorException: Consumer_Payment_Making.ts:Begin payment is not Clickable</message>
    <frame>
      <class>com.kms.katalon.core.util.KeywordUtil</class>
      <method>markError</method>
      <line>65</line>
    </frame>
    <frame>
      <class>com.kms.katalon.core.util.KeywordUtil$markError$1</class>
      <method>call</method>
    </frame>
    <frame>
      <class>utilities.SafeActions</class>
      <method>waitUntilClickable</method>
      <line>188</line>
    </frame>
    <frame>
      <class>utilities.SafeActions</class>
      <method>safeClick</method>
      <line>152</line>
    </frame>
    <frame>
      <class>utilities.SafeActions</class>
      <method>invokeMethod</method>
    </frame>
    <frame>
      <class>com.kms.katalon.core.main.CustomKeywordDelegatingMetaClass</class>
      <method>invokeStaticMethod</method>
      <line>50</line>
    </frame>
    <frame>
      <class>TC_002_Credit_MultiLine_Payment</class>
      <method>run</method>
      <line>25</line>
    </frame>
    <frame>
      <class>com.kms.katalon.core.main.ScriptEngine</class>
      <method>run</method>
      <line>194</line>
    </frame>
    <frame>
      <class>com.kms.katalon.core.main.ScriptEngine</class>
      <method>runScriptAsRawText</method>
      <line>119</line>
    </frame>
    <frame>
      <class>com.kms.katalon.core.main.TestCaseExecutor</class>
      <method>runScript</method>
      <line>337</line>
    </frame>
    <frame>
      <class>com.kms.katalon.core.main.TestCaseExecutor</class>
      <method>doExecute</method>
      <line>328</line>
    </frame>
    <frame>
      <class>com.kms.katalon.core.main.TestCaseExecutor</class>
      <method>processExecutionPhase</method>
      <line>307</line>
    </frame>
    <frame>
      <class>com.kms.katalon.core.main.TestCaseExecutor</class>
      <method>accessMainPhase</method>
      <line>299</line>
    </frame>
    <frame>
      <class>com.kms.katalon.core.main.TestCaseExecutor</class>
      <method>execute</method>
      <line>233</line>
    </frame>
    <frame>
      <class>com.kms.katalon.core.main.TestSuiteExecutor</class>
      <method>accessTestCaseMainPhase</method>
      <line>169</line>
    </frame>
    <frame>
      <class>com.kms.katalon.core.main.TestSuiteExecutor</class>
      <method>accessTestSuiteMainPhase</method>
      <line>142</line>
    </frame>
    <frame>
      <class>com.kms.katalon.core.main.TestSuiteExecutor</class>
      <method>execute</method>
      <line>91</line>
    </frame>
    <frame>
      <class>com.kms.katalon.core.main.TestCaseMain</class>
      <method>startTestSuite</method>
      <line>157</line>
    </frame>
    <frame>
      <class>com.kms.katalon.core.main.TestCaseMain$startTestSuite$0</class>
      <method>call</method>
    </frame>
    <frame>
      <class>TempTestSuite1572342808940</class>
      <method>run</method>
      <line>35</line>
    </frame>
  </exception>
  <nestedLevel>0</nestedLevel>
  <property name="failed.exception.stacktrace">com.kms.katalon.core.exception.StepErrorException: Consumer_Payment_Making.ts:Begin payment is not Clickable\r\n\tat com.kms.katalon.core.util.KeywordUtil.markError(KeywordUtil.java:65)\r\n\tat com.kms.katalon.core.util.KeywordUtil$markError$1.call(Unknown Source)\r\n\tat utilities.SafeActions.waitUntilClickable(SafeActions.groovy:188)\r\n\tat utilities.SafeActions.safeClick(SafeActions.groovy:152)\r\n\tat utilities.SafeActions.invokeMethod(SafeActions.groovy)\r\n\tat com.kms.katalon.core.main.CustomKeywordDelegatingMetaClass.invokeStaticMethod(CustomKeywordDelegatingMetaClass.java:50)\r\n\tat TC_002_Credit_MultiLine_Payment.run(TC_002_Credit_MultiLine_Payment:25)\r\n\tat com.kms.katalon.core.main.ScriptEngine.run(ScriptEngine.java:194)\r\n\tat com.kms.katalon.core.main.ScriptEngine.runScriptAsRawText(ScriptEngine.java:119)\r\n\tat com.kms.katalon.core.main.TestCaseExecutor.runScript(TestCaseExecutor.java:337)\r\n\tat com.kms.katalon.core.main.TestCaseExecutor.doExecute(TestCaseExecutor.java:328)\r\n\tat com.kms.katalon.core.main.TestCaseExecutor.processExecutionPhase(TestCaseExecutor.java:307)\r\n\tat com.kms.katalon.core.main.TestCaseExecutor.accessMainPhase(TestCaseExecutor.java:299)\r\n\tat com.kms.katalon.core.main.TestCaseExecutor.execute(TestCaseExecutor.java:233)\r\n\tat com.kms.katalon.core.main.TestSuiteExecutor.accessTestCaseMainPhase(TestSuiteExecutor.java:169)\r\n\tat com.kms.katalon.core.main.TestSuiteExecutor.accessTestSuiteMainPhase(TestSuiteExecutor.java:142)\r\n\tat com.kms.katalon.core.main.TestSuiteExecutor.execute(TestSuiteExecutor.java:91)\r\n\tat com.kms.katalon.core.main.TestCaseMain.startTestSuite(TestCaseMain.java:157)\r\n\tat com.kms.katalon.core.main.TestCaseMain$startTestSuite$0.call(Unknown Source)\r\n\tat TempTestSuite1572342808940.run(TempTestSuite1572342808940.groovy:35)\r\n</property>
  <property name="failed.exception.class">com.kms.katalon.core.exception.StepErrorException</property>
  <property name="failed.exception.message">Consumer_Payment_Making.ts:Begin payment is not Clickable</property>
</record>
<record>
  <date>2019-10-29T04:58:06</date>
  <millis>1572343086124</millis>
  <sequence>232</sequence>
  <level>START</level>
  <class>com.kms.katalon.core.logging.XmlKeywordLogger</class>
  <method>startKeyword</method>
  <thread>1</thread>
  <message>Start listener action : afterTestCase</message>
  <nestedLevel>1</nestedLevel>
</record>
<record>
  <date>2019-10-29T04:58:06</date>
  <millis>1572343086131</millis>
  <sequence>235</sequence>
  <level>END</level>
  <class>com.kms.katalon.core.logging.XmlKeywordLogger</class>
  <method>endKeyword</method>
  <thread>1</thread>
  <message>End listener action : afterTestCase</message>
  <nestedLevel>1</nestedLevel>
</record>
<record>
  <date>2019-10-29T04:58:06</date>
  <millis>1572343086132</millis>
  <sequence>236</sequence>
  <level>END</level>
  <class>com.kms.katalon.core.logging.XmlKeywordLogger</class>
  <method>endTest</method>
  <thread>1</thread>
  <message>End Test Case : Test Cases/Consumer_Make_Payment/TC_002_Credit_MultiLine_Payment</message>
  <nestedLevel>0</nestedLevel>
</record>
<record>
  <date>2019-10-29T04:58:06</date>
  <millis>1572343086219</millis>
  <sequence>237</sequence>
  <level>START</level>
  <class>com.kms.katalon.core.logging.XmlKeywordLogger</class>
  <method>startTest</method>
  <thread>1</thread>
  <message>Start Test Case : Test Cases/Consumer_Make_Payment/TC_003_Echeck_Checking_SingleLine_Payment</message>
  <nestedLevel>1</nestedLevel>
  <property name="name">Test Cases/Consumer_Make_Payment/TC_003_Echeck_Checking_SingleLine_Payment</property>
  <property name="description"></property>
  <property name="id">Test Cases/Consumer_Make_Payment/TC_003_Echeck_Checking_SingleLine_Payment</property>
  <property name="source">C:\\Users\\Pratyusha.Nulu\\Katalon Studio\\Certpay_29_10_19\\FAPS_INTERNAL_CERTPAY\\Test Cases\\Consumer_Make_Payment\\TC_003_Echeck_Checking_SingleLine_Payment.tc</property>
  <property name="tag"></property>
  <property name="isOptional">false</property>
</record>
<record>
  <date>2019-10-29T04:58:06</date>
  <millis>1572343086637</millis>
  <sequence>239</sequence>
  <level>INFO</level>
  <class>com.kms.katalon.core.logging.XmlKeywordLogger</class>
  <method>logMessage</method>
  <thread>1</thread>
  <message>(Default) bureauCode = 6100000</message>
  <nestedLevel>1</nestedLevel>
</record>
<record>
  <date>2019-10-29T04:58:06</date>
  <millis>1572343086650</millis>
  <sequence>240</sequence>
  <level>INFO</level>
  <class>com.kms.katalon.core.logging.XmlKeywordLogger</class>
  <method>logMessage</method>
  <thread>1</thread>
  <message>(Default) paymentAmount = 30.00</message>
  <nestedLevel>1</nestedLevel>
</record>
<record>
  <date>2019-10-29T04:58:06</date>
  <millis>1572343086659</millis>
  <sequence>241</sequence>
  <level>INFO</level>
  <class>com.kms.katalon.core.logging.XmlKeywordLogger</class>
  <method>logMessage</method>
  <thread>1</thread>
  <message>(Default) referenceNum = 13</message>
  <nestedLevel>1</nestedLevel>
</record>
<record>
  <date>2019-10-29T04:58:06</date>
  <millis>1572343086852</millis>
  <sequence>242</sequence>
  <level>INFO</level>
  <class>com.kms.katalon.core.logging.XmlKeywordLogger</class>
  <method>logMessage</method>
  <thread>1</thread>
  <message>(Default) firstName = rema</message>
  <nestedLevel>1</nestedLevel>
</record>
<record>
  <date>2019-10-29T04:58:06</date>
  <millis>1572343086957</millis>
  <sequence>243</sequence>
  <level>INFO</level>
  <class>com.kms.katalon.core.logging.XmlKeywordLogger</class>
  <method>logMessage</method>
  <thread>1</thread>
  <message>(Default) lastName = reiza</message>
  <nestedLevel>1</nestedLevel>
</record>
<record>
  <date>2019-10-29T04:58:07</date>
  <millis>1572343087003</millis>
  <sequence>244</sequence>
  <level>INFO</level>
  <class>com.kms.katalon.core.logging.XmlKeywordLogger</class>
  <method>logMessage</method>
  <thread>1</thread>
  <message>(Default) telephone = 9898982244</message>
  <nestedLevel>1</nestedLevel>
</record>
<record>
  <date>2019-10-29T04:58:07</date>
  <millis>1572343087049</millis>
  <sequence>245</sequence>
  <level>INFO</level>
  <class>com.kms.katalon.core.logging.XmlKeywordLogger</class>
  <method>logMessage</method>
  <thread>1</thread>
  <message>(Default) address = 15-4</message>
  <nestedLevel>1</nestedLevel>
</record>
<record>
  <date>2019-10-29T04:58:07</date>
  <millis>1572343087083</millis>
  <sequence>246</sequence>
  <level>INFO</level>
  <class>com.kms.katalon.core.logging.XmlKeywordLogger</class>
  <method>logMessage</method>
  <thread>1</thread>
  <message>(Default) zipCode = 76103</message>
  <nestedLevel>1</nestedLevel>
</record>
<record>
  <date>2019-10-29T04:58:07</date>
  <millis>1572343087114</millis>
  <sequence>247</sequence>
  <level>INFO</level>
  <class>com.kms.katalon.core.logging.XmlKeywordLogger</class>
  <method>logMessage</method>
  <thread>1</thread>
  <message>(Default) securityCode = 207</message>
  <nestedLevel>1</nestedLevel>
</record>
<record>
  <date>2019-10-29T04:58:07</date>
  <millis>1572343087165</millis>
  <sequence>248</sequence>
  <level>INFO</level>
  <class>com.kms.katalon.core.logging.XmlKeywordLogger</class>
  <method>logMessage</method>
  <thread>1</thread>
  <message>(Default) expMonth = 10</message>
  <nestedLevel>1</nestedLevel>
</record>
<record>
  <date>2019-10-29T04:58:07</date>
  <millis>1572343087188</millis>
  <sequence>249</sequence>
  <level>INFO</level>
  <class>com.kms.katalon.core.logging.XmlKeywordLogger</class>
  <method>logMessage</method>
  <thread>1</thread>
  <message>(Default) expYear = 2020</message>
  <nestedLevel>1</nestedLevel>
</record>
<record>
  <date>2019-10-29T04:58:07</date>
  <millis>1572343087215</millis>
  <sequence>250</sequence>
  <level>INFO</level>
  <class>com.kms.katalon.core.logging.XmlKeywordLogger</class>
  <method>logMessage</method>
  <thread>1</thread>
  <message>(Default) last4Digits = 1003</message>
  <nestedLevel>1</nestedLevel>
</record>
<record>
  <date>2019-10-29T04:58:07</date>
  <millis>1572343087248</millis>
  <sequence>251</sequence>
  <level>INFO</level>
  <class>com.kms.katalon.core.logging.XmlKeywordLogger</class>
  <method>logMessage</method>
  <thread>1</thread>
  <message>(Default) last5Digits = 71003</message>
  <nestedLevel>1</nestedLevel>
</record>
<record>
  <date>2019-10-29T04:58:07</date>
  <millis>1572343087294</millis>
  <sequence>252</sequence>
  <level>INFO</level>
  <class>com.kms.katalon.core.logging.XmlKeywordLogger</class>
  <method>logMessage</method>
  <thread>1</thread>
  <message>(Default) paymentType = Licenses</message>
  <nestedLevel>1</nestedLevel>
</record>
<record>
  <date>2019-10-29T04:58:07</date>
  <millis>1572343087313</millis>
  <sequence>253</sequence>
  <level>INFO</level>
  <class>com.kms.katalon.core.logging.XmlKeywordLogger</class>
  <method>logMessage</method>
  <thread>1</thread>
  <message>(Default) routingNum = 111000025</message>
  <nestedLevel>1</nestedLevel>
</record>
<record>
  <date>2019-10-29T04:58:07</date>
  <millis>1572343087361</millis>
  <sequence>254</sequence>
  <level>INFO</level>
  <class>com.kms.katalon.core.logging.XmlKeywordLogger</class>
  <method>logMessage</method>
  <thread>1</thread>
  <message>(Default) checkingAccNum = 123456</message>
  <nestedLevel>1</nestedLevel>
</record>
<record>
  <date>2019-10-29T04:58:07</date>
  <millis>1572343087408</millis>
  <sequence>255</sequence>
  <level>INFO</level>
  <class>com.kms.katalon.core.logging.XmlKeywordLogger</class>
  <method>logMessage</method>
  <thread>1</thread>
  <message>(Default) cardNum = 411111111111111</message>
  <nestedLevel>1</nestedLevel>
</record>
<record>
  <date>2019-10-29T04:58:07</date>
  <millis>1572343087436</millis>
  <sequence>256</sequence>
  <level>INFO</level>
  <class>com.kms.katalon.core.logging.XmlKeywordLogger</class>
  <method>logMessage</method>
  <thread>1</thread>
  <message>(Default) emailAddress = testing@zenq.com</message>
  <nestedLevel>1</nestedLevel>
</record>
<record>
  <date>2019-10-29T04:58:07</date>
  <millis>1572343087476</millis>
  <sequence>257</sequence>
  <level>START</level>
  <class>com.kms.katalon.core.logging.XmlKeywordLogger</class>
  <method>startKeyword</method>
  <thread>1</thread>
  <message>Start listener action : beforeTestCase</message>
  <nestedLevel>1</nestedLevel>
</record>
<record>
  <date>2019-10-29T04:58:07</date>
  <millis>1572343087504</millis>
  <sequence>260</sequence>
  <level>END</level>
  <class>com.kms.katalon.core.logging.XmlKeywordLogger</class>
  <method>endKeyword</method>
  <thread>1</thread>
  <message>End listener action : beforeTestCase</message>
  <nestedLevel>1</nestedLevel>
</record>
<record>
  <date>2019-10-29T04:58:08</date>
  <millis>1572343088328</millis>
  <sequence>261</sequence>
  <level>START</level>
  <class>com.kms.katalon.core.logging.XmlKeywordLogger</class>
  <method>startKeyword</method>
  <thread>1</thread>
  <message>Start action : utilities.SafeActions.openBrowser(certpay_url, [pageLoadTime])</message>
  <nestedLevel>1</nestedLevel>
  <property name="startLine">17</property>
  <property name="stepIndex">1</property>
  <property name="description">Open Certpay application</property>
</record>
<record>
  <date>2019-10-29T04:58:08</date>
  <millis>1572343088361</millis>
  <sequence>262</sequence>
  <level>INFO</level>
  <class>com.kms.katalon.core.logging.XmlKeywordLogger</class>
  <method>logMessage</method>
  <thread>1</thread>
  <message>Opening Browser</message>
  <nestedLevel>1</nestedLevel>
</record>
<record>
  <date>2019-10-29T04:58:08</date>
  <millis>1572343088404</millis>
  <sequence>264</sequence>
  <level>WARNING</level>
  <class>com.kms.katalon.core.logging.XmlKeywordLogger</class>
  <method>logMessage</method>
  <thread>1</thread>
  <message>A browser is already opened. Closing browser and opening a new one</message>
  <nestedLevel>1</nestedLevel>
</record>
<record>
  <date>2019-10-29T04:58:10</date>
  <millis>1572343090211</millis>
  <sequence>265</sequence>
  <level>INFO</level>
  <class>com.kms.katalon.core.logging.XmlKeywordLogger</class>
  <method>logMessage</method>
  <thread>1</thread>
  <message>Starting &amp;apos;Chrome&amp;apos; driver</message>
  <nestedLevel>1</nestedLevel>
</record>
<record>
  <date>2019-10-29T04:58:18</date>
  <millis>1572343098040</millis>
  <sequence>268</sequence>
  <level>RUN_DATA</level>
  <class>com.kms.katalon.core.logging.XmlKeywordLogger</class>
  <method>logMessage</method>
  <thread>1</thread>
  <message>sessionId = 28aa8052f6a51c870daae487a60e2c76</message>
  <nestedLevel>1</nestedLevel>
  <property name="sessionId">28aa8052f6a51c870daae487a60e2c76</property>
</record>
<record>
  <date>2019-10-29T04:58:18</date>
  <millis>1572343098147</millis>
  <sequence>269</sequence>
  <level>RUN_DATA</level>
  <class>com.kms.katalon.core.logging.XmlKeywordLogger</class>
  <method>logMessage</method>
  <thread>1</thread>
  <message>browser = Chrome 76.0.3809.100</message>
  <nestedLevel>1</nestedLevel>
  <property name="browser">Chrome 76.0.3809.100</property>
</record>
<record>
  <date>2019-10-29T04:58:18</date>
  <millis>1572343098147</millis>
  <sequence>270</sequence>
  <level>RUN_DATA</level>
  <class>com.kms.katalon.core.logging.XmlKeywordLogger</class>
  <method>logMessage</method>
  <thread>1</thread>
  <message>platform = Windows 10</message>
  <nestedLevel>1</nestedLevel>
  <property name="platform">Windows 10</property>
</record>
<record>
  <date>2019-10-29T04:58:18</date>
  <millis>1572343098148</millis>
  <sequence>271</sequence>
  <level>RUN_DATA</level>
  <class>com.kms.katalon.core.logging.XmlKeywordLogger</class>
  <method>logMessage</method>
  <thread>1</thread>
  <message>seleniumVersion = 3.141.59</message>
  <nestedLevel>1</nestedLevel>
  <property name="seleniumVersion">3.141.59</property>
</record>
<record>
  <date>2019-10-29T04:58:18</date>
  <millis>1572343098149</millis>
  <sequence>272</sequence>
  <level>RUN_DATA</level>
  <class>com.kms.katalon.core.logging.XmlKeywordLogger</class>
  <method>logMessage</method>
  <thread>1</thread>
  <message>proxyInformation = ProxyInformation{proxyOption=NO_PROXY, proxyServerType=HTTP, password=, proxyServerAddress=, proxyServerPort=0}</message>
  <nestedLevel>1</nestedLevel>
  <property name="proxyInformation">ProxyInformation{proxyOption=NO_PROXY, proxyServerType=HTTP, password=, proxyServerAddress=, proxyServerPort=0}</property>
</record>
<record>
  <date>2019-10-29T04:58:20</date>
  <millis>1572343100466</millis>
  <sequence>274</sequence>
  <level>PASSED</level>
  <class>com.kms.katalon.core.logging.XmlKeywordLogger</class>
  <method>logMessage</method>
  <thread>1</thread>
  <message>Browser is opened with url: &amp;apos;https://qa-certpay.faps.net/&amp;apos;</message>
  <nestedLevel>1</nestedLevel>
</record>
<record>
  <date>2019-10-29T04:58:25</date>
  <millis>1572343105220</millis>
  <sequence>276</sequence>
  <level>PASSED</level>
  <class>com.kms.katalon.core.logging.XmlKeywordLogger</class>
  <method>logMessage</method>
  <thread>1</thread>
  <message>Current window maximized</message>
  <nestedLevel>1</nestedLevel>
</record>
<record>
  <date>2019-10-29T04:58:25</date>
  <millis>1572343105232</millis>
  <sequence>277</sequence>
  <level>PASSED</level>
  <class>com.kms.katalon.core.logging.XmlKeywordLogger</class>
  <method>logMessage</method>
  <thread>1</thread>
  <message>Browser launched successfully</message>
  <nestedLevel>1</nestedLevel>
</record>
<record>
  <date>2019-10-29T04:58:25</date>
  <millis>1572343105247</millis>
  <sequence>278</sequence>
  <level>END</level>
  <class>com.kms.katalon.core.logging.XmlKeywordLogger</class>
  <method>endKeyword</method>
  <thread>1</thread>
  <message>End action : utilities.SafeActions.openBrowser(certpay_url, [pageLoadTime])</message>
  <nestedLevel>1</nestedLevel>
</record>
<record>
  <date>2019-10-29T04:58:25</date>
  <millis>1572343105247</millis>
  <sequence>279</sequence>
  <level>START</level>
  <class>com.kms.katalon.core.logging.XmlKeywordLogger</class>
  <method>startKeyword</method>
  <thread>1</thread>
  <message>Start action : utilities.SafeActions.safeType(findTestObject(\&amp;quot;MAKE_ PAYMENT/Home_ Page/BUREAU_CODE\&amp;quot;), bureauCode, \&amp;quot;Bureau code\&amp;quot;, [pageLoadTime])</message>
  <nestedLevel>1</nestedLevel>
  <property name="startLine">20</property>
  <property name="stepIndex">2</property>
  <property name="description">Enter valid Bureau code</property>
</record>
<record>
  <date>2019-10-29T04:58:25</date>
  <millis>1572343105521</millis>
  <sequence>285</sequence>
  <level>PASSED</level>
  <class>com.kms.katalon.core.logging.XmlKeywordLogger</class>
  <method>logMessage</method>
  <thread>1</thread>
  <message>Object &amp;apos;Object Repository/MAKE_ PAYMENT/Home_ Page/BUREAU_CODE&amp;apos; is present</message>
  <nestedLevel>1</nestedLevel>
</record>
<record>
  <date>2019-10-29T04:58:25</date>
  <millis>1572343105619</millis>
  <sequence>290</sequence>
  <level>PASSED</level>
  <class>com.kms.katalon.core.logging.XmlKeywordLogger</class>
  <method>logMessage</method>
  <thread>1</thread>
  <message>Object &amp;apos;Object Repository/MAKE_ PAYMENT/Home_ Page/BUREAU_CODE&amp;apos; is visible</message>
  <nestedLevel>1</nestedLevel>
</record>
<record>
  <date>2019-10-29T04:58:25</date>
  <millis>1572343105654</millis>
  <sequence>295</sequence>
  <level>PASSED</level>
  <class>com.kms.katalon.core.logging.XmlKeywordLogger</class>
  <method>logMessage</method>
  <thread>1</thread>
  <message>Object &amp;apos;Object Repository/MAKE_ PAYMENT/Home_ Page/BUREAU_CODE&amp;apos; is present</message>
  <nestedLevel>1</nestedLevel>
</record>
<record>
  <date>2019-10-29T04:58:26</date>
  <millis>1572343106371</millis>
  <sequence>304</sequence>
  <level>PASSED</level>
  <class>com.kms.katalon.core.logging.XmlKeywordLogger</class>
  <method>logMessage</method>
  <thread>1</thread>
  <message>Object: &amp;apos;Object Repository/MAKE_ PAYMENT/Home_ Page/BUREAU_CODE&amp;apos; is clicked on</message>
  <nestedLevel>1</nestedLevel>
</record>
<record>
  <date>2019-10-29T04:58:26</date>
  <millis>1572343106646</millis>
  <sequence>312</sequence>
  <level>PASSED</level>
  <class>com.kms.katalon.core.logging.XmlKeywordLogger</class>
  <method>logMessage</method>
  <thread>1</thread>
  <message>Text &amp;apos;6100000&amp;apos; is set on object &amp;apos;Object Repository/MAKE_ PAYMENT/Home_ Page/BUREAU_CODE&amp;apos;</message>
  <nestedLevel>1</nestedLevel>
</record>
<record>
  <date>2019-10-29T04:58:26</date>
  <millis>1572343106647</millis>
  <sequence>313</sequence>
  <level>PASSED</level>
  <class>com.kms.katalon.core.logging.XmlKeywordLogger</class>
  <method>logMessage</method>
  <thread>1</thread>
  <message>Consumer_Payment_Making.ts:Entered&amp;apos;6100000 into Bureau code</message>
  <nestedLevel>1</nestedLevel>
</record>
<record>
  <date>2019-10-29T04:58:26</date>
  <millis>1572343106648</millis>
  <sequence>314</sequence>
  <level>END</level>
  <class>com.kms.katalon.core.logging.XmlKeywordLogger</class>
  <method>endKeyword</method>
  <thread>1</thread>
  <message>End action : utilities.SafeActions.safeType(findTestObject(\&amp;quot;MAKE_ PAYMENT/Home_ Page/BUREAU_CODE\&amp;quot;), bureauCode, \&amp;quot;Bureau code\&amp;quot;, [pageLoadTime])</message>
  <nestedLevel>1</nestedLevel>
</record>
<record>
  <date>2019-10-29T04:58:26</date>
  <millis>1572343106651</millis>
  <sequence>315</sequence>
  <level>START</level>
  <class>com.kms.katalon.core.logging.XmlKeywordLogger</class>
  <method>startKeyword</method>
  <thread>1</thread>
  <message>Start action : utilities.SafeActions.safeClick(findTestObject(\&amp;quot;MAKE_ PAYMENT/Home_ Page/BEGIN_PAYMENT\&amp;quot;), \&amp;quot;Begin payment\&amp;quot;, [pageLoadTime])</message>
  <nestedLevel>1</nestedLevel>
  <property name="startLine">24</property>
  <property name="stepIndex">3</property>
  <property name="description">Click on &apos;Begin Payment&apos;</property>
</record>
<record>
  <date>2019-10-29T04:58:26</date>
  <millis>1572343106841</millis>
  <sequence>317</sequence>
  <level>INFO</level>
  <class>com.kms.katalon.core.logging.XmlKeywordLogger</class>
  <method>logMessage</method>
  <thread>1</thread>
  <message>safeClicking</message>
  <nestedLevel>1</nestedLevel>
</record>
<record>
  <date>2019-10-29T04:58:26</date>
  <millis>1572343106843</millis>
  <sequence>318</sequence>
  <level>ERROR</level>
  <class>com.kms.katalon.core.logging.XmlKeywordLogger</class>
  <method>logMessage</method>
  <thread>1</thread>
  <message>com.kms.katalon.core.exception.StepErrorException: Consumer_Payment_Making.ts:Begin payment is not Clickable</message>
  <exception>
    <message>com.kms.katalon.core.exception.StepErrorException: Consumer_Payment_Making.ts:Begin payment is not Clickable</message>
    <frame>
      <class>com.kms.katalon.core.util.KeywordUtil</class>
      <method>markError</method>
      <line>65</line>
    </frame>
    <frame>
      <class>com.kms.katalon.core.util.KeywordUtil$markError$1</class>
      <method>call</method>
    </frame>
    <frame>
      <class>utilities.SafeActions</class>
      <method>waitUntilClickable</method>
      <line>188</line>
    </frame>
    <frame>
      <class>utilities.SafeActions</class>
      <method>safeClick</method>
      <line>152</line>
    </frame>
    <frame>
      <class>utilities.SafeActions</class>
      <method>invokeMethod</method>
    </frame>
    <frame>
      <class>com.kms.katalon.core.main.CustomKeywordDelegatingMetaClass</class>
      <method>invokeStaticMethod</method>
      <line>50</line>
    </frame>
    <frame>
      <class>TC_003_Echeck_Checking_SingleLine_Payment</class>
      <method>run</method>
      <line>25</line>
    </frame>
    <frame>
      <class>com.kms.katalon.core.main.ScriptEngine</class>
      <method>run</method>
      <line>194</line>
    </frame>
    <frame>
      <class>com.kms.katalon.core.main.ScriptEngine</class>
      <method>runScriptAsRawText</method>
      <line>119</line>
    </frame>
    <frame>
      <class>com.kms.katalon.core.main.TestCaseExecutor</class>
      <method>runScript</method>
      <line>337</line>
    </frame>
    <frame>
      <class>com.kms.katalon.core.main.TestCaseExecutor</class>
      <method>doExecute</method>
      <line>328</line>
    </frame>
    <frame>
      <class>com.kms.katalon.core.main.TestCaseExecutor</class>
      <method>processExecutionPhase</method>
      <line>307</line>
    </frame>
    <frame>
      <class>com.kms.katalon.core.main.TestCaseExecutor</class>
      <method>accessMainPhase</method>
      <line>299</line>
    </frame>
    <frame>
      <class>com.kms.katalon.core.main.TestCaseExecutor</class>
      <method>execute</method>
      <line>233</line>
    </frame>
    <frame>
      <class>com.kms.katalon.core.main.TestSuiteExecutor</class>
      <method>accessTestCaseMainPhase</method>
      <line>169</line>
    </frame>
    <frame>
      <class>com.kms.katalon.core.main.TestSuiteExecutor</class>
      <method>accessTestSuiteMainPhase</method>
      <line>142</line>
    </frame>
    <frame>
      <class>com.kms.katalon.core.main.TestSuiteExecutor</class>
      <method>execute</method>
      <line>91</line>
    </frame>
    <frame>
      <class>com.kms.katalon.core.main.TestCaseMain</class>
      <method>startTestSuite</method>
      <line>157</line>
    </frame>
    <frame>
      <class>com.kms.katalon.core.main.TestCaseMain$startTestSuite$0</class>
      <method>call</method>
    </frame>
    <frame>
      <class>TempTestSuite1572342808940</class>
      <method>run</method>
      <line>35</line>
    </frame>
  </exception>
  <nestedLevel>0</nestedLevel>
  <property name="failed.exception.stacktrace">com.kms.katalon.core.exception.StepErrorException: Consumer_Payment_Making.ts:Begin payment is not Clickable\r\n\tat com.kms.katalon.core.util.KeywordUtil.markError(KeywordUtil.java:65)\r\n\tat com.kms.katalon.core.util.KeywordUtil$markError$1.call(Unknown Source)\r\n\tat utilities.SafeActions.waitUntilClickable(SafeActions.groovy:188)\r\n\tat utilities.SafeActions.safeClick(SafeActions.groovy:152)\r\n\tat utilities.SafeActions.invokeMethod(SafeActions.groovy)\r\n\tat com.kms.katalon.core.main.CustomKeywordDelegatingMetaClass.invokeStaticMethod(CustomKeywordDelegatingMetaClass.java:50)\r\n\tat TC_003_Echeck_Checking_SingleLine_Payment.run(TC_003_Echeck_Checking_SingleLine_Payment:25)\r\n\tat com.kms.katalon.core.main.ScriptEngine.run(ScriptEngine.java:194)\r\n\tat com.kms.katalon.core.main.ScriptEngine.runScriptAsRawText(ScriptEngine.java:119)\r\n\tat com.kms.katalon.core.main.TestCaseExecutor.runScript(TestCaseExecutor.java:337)\r\n\tat com.kms.katalon.core.main.TestCaseExecutor.doExecute(TestCaseExecutor.java:328)\r\n\tat com.kms.katalon.core.main.TestCaseExecutor.processExecutionPhase(TestCaseExecutor.java:307)\r\n\tat com.kms.katalon.core.main.TestCaseExecutor.accessMainPhase(TestCaseExecutor.java:299)\r\n\tat com.kms.katalon.core.main.TestCaseExecutor.execute(TestCaseExecutor.java:233)\r\n\tat com.kms.katalon.core.main.TestSuiteExecutor.accessTestCaseMainPhase(TestSuiteExecutor.java:169)\r\n\tat com.kms.katalon.core.main.TestSuiteExecutor.accessTestSuiteMainPhase(TestSuiteExecutor.java:142)\r\n\tat com.kms.katalon.core.main.TestSuiteExecutor.execute(TestSuiteExecutor.java:91)\r\n\tat com.kms.katalon.core.main.TestCaseMain.startTestSuite(TestCaseMain.java:157)\r\n\tat com.kms.katalon.core.main.TestCaseMain$startTestSuite$0.call(Unknown Source)\r\n\tat TempTestSuite1572342808940.run(TempTestSuite1572342808940.groovy:35)\r\n</property>
  <property name="failed.exception.class">com.kms.katalon.core.exception.StepErrorException</property>
  <property name="failed.exception.message">Consumer_Payment_Making.ts:Begin payment is not Clickable</property>
</record>
<record>
  <date>2019-10-29T04:58:26</date>
  <millis>1572343106846</millis>
  <sequence>320</sequence>
  <level>END</level>
  <class>com.kms.katalon.core.logging.XmlKeywordLogger</class>
  <method>endKeyword</method>
  <thread>1</thread>
  <message>End action : utilities.SafeActions.safeClick(findTestObject(\&amp;quot;MAKE_ PAYMENT/Home_ Page/BEGIN_PAYMENT\&amp;quot;), \&amp;quot;Begin payment\&amp;quot;, [pageLoadTime])</message>
  <nestedLevel>1</nestedLevel>
</record>
<record>
  <date>2019-10-29T04:58:26</date>
  <millis>1572343106846</millis>
  <sequence>321</sequence>
  <level>START</level>
  <class>com.kms.katalon.core.logging.XmlKeywordLogger</class>
  <method>startKeyword</method>
  <thread>1</thread>
  <message>Start action : utilities.SafeActions.safeClick(findTestObject(\&amp;quot;MAKE_ PAYMENT/Home_ Page/NEXT_BUTTON\&amp;quot;), \&amp;quot;Continue\&amp;quot;, [pageLoadTime])</message>
  <nestedLevel>1</nestedLevel>
  <property name="startLine">28</property>
  <property name="stepIndex">4</property>
  <property name="description">Click on &apos;Continue&apos;</property>
</record>
<record>
  <date>2019-10-29T04:58:27</date>
  <millis>1572343107080</millis>
  <sequence>323</sequence>
  <level>INFO</level>
  <class>com.kms.katalon.core.logging.XmlKeywordLogger</class>
  <method>logMessage</method>
  <thread>1</thread>
  <message>safeClicking</message>
  <nestedLevel>1</nestedLevel>
</record>
<record>
  <date>2019-10-29T04:58:27</date>
  <millis>1572343107082</millis>
  <sequence>324</sequence>
  <level>ERROR</level>
  <class>com.kms.katalon.core.logging.XmlKeywordLogger</class>
  <method>logMessage</method>
  <thread>1</thread>
  <message>com.kms.katalon.core.exception.StepErrorException: Consumer_Payment_Making.ts:Continue is not Clickable</message>
  <exception>
    <message>com.kms.katalon.core.exception.StepErrorException: Consumer_Payment_Making.ts:Continue is not Clickable</message>
    <frame>
      <class>com.kms.katalon.core.util.KeywordUtil</class>
      <method>markError</method>
      <line>65</line>
    </frame>
    <frame>
      <class>com.kms.katalon.core.util.KeywordUtil$markError$1</class>
      <method>call</method>
    </frame>
    <frame>
      <class>utilities.SafeActions</class>
      <method>waitUntilClickable</method>
      <line>188</line>
    </frame>
    <frame>
      <class>utilities.SafeActions</class>
      <method>safeClick</method>
      <line>152</line>
    </frame>
    <frame>
      <class>utilities.SafeActions</class>
      <method>invokeMethod</method>
    </frame>
    <frame>
      <class>com.kms.katalon.core.main.CustomKeywordDelegatingMetaClass</class>
      <method>invokeStaticMethod</method>
      <line>50</line>
    </frame>
    <frame>
      <class>TC_003_Echeck_Checking_SingleLine_Payment</class>
      <method>run</method>
      <line>28</line>
    </frame>
    <frame>
      <class>com.kms.katalon.core.main.ScriptEngine</class>
      <method>run</method>
      <line>194</line>
    </frame>
    <frame>
      <class>com.kms.katalon.core.main.ScriptEngine</class>
      <method>runScriptAsRawText</method>
      <line>119</line>
    </frame>
    <frame>
      <class>com.kms.katalon.core.main.TestCaseExecutor</class>
      <method>runScript</method>
      <line>337</line>
    </frame>
    <frame>
      <class>com.kms.katalon.core.main.TestCaseExecutor</class>
      <method>doExecute</method>
      <line>328</line>
    </frame>
    <frame>
      <class>com.kms.katalon.core.main.TestCaseExecutor</class>
      <method>processExecutionPhase</method>
      <line>307</line>
    </frame>
    <frame>
      <class>com.kms.katalon.core.main.TestCaseExecutor</class>
      <method>accessMainPhase</method>
      <line>299</line>
    </frame>
    <frame>
      <class>com.kms.katalon.core.main.TestCaseExecutor</class>
      <method>execute</method>
      <line>233</line>
    </frame>
    <frame>
      <class>com.kms.katalon.core.main.TestSuiteExecutor</class>
      <method>accessTestCaseMainPhase</method>
      <line>169</line>
    </frame>
    <frame>
      <class>com.kms.katalon.core.main.TestSuiteExecutor</class>
      <method>accessTestSuiteMainPhase</method>
      <line>142</line>
    </frame>
    <frame>
      <class>com.kms.katalon.core.main.TestSuiteExecutor</class>
      <method>execute</method>
      <line>91</line>
    </frame>
    <frame>
      <class>com.kms.katalon.core.main.TestCaseMain</class>
      <method>startTestSuite</method>
      <line>157</line>
    </frame>
    <frame>
      <class>com.kms.katalon.core.main.TestCaseMain$startTestSuite$0</class>
      <method>call</method>
    </frame>
    <frame>
      <class>TempTestSuite1572342808940</class>
      <method>run</method>
      <line>35</line>
    </frame>
  </exception>
  <nestedLevel>0</nestedLevel>
  <property name="failed.exception.stacktrace">com.kms.katalon.core.exception.StepErrorException: Consumer_Payment_Making.ts:Continue is not Clickable\r\n\tat com.kms.katalon.core.util.KeywordUtil.markError(KeywordUtil.java:65)\r\n\tat com.kms.katalon.core.util.KeywordUtil$markError$1.call(Unknown Source)\r\n\tat utilities.SafeActions.waitUntilClickable(SafeActions.groovy:188)\r\n\tat utilities.SafeActions.safeClick(SafeActions.groovy:152)\r\n\tat utilities.SafeActions.invokeMethod(SafeActions.groovy)\r\n\tat com.kms.katalon.core.main.CustomKeywordDelegatingMetaClass.invokeStaticMethod(CustomKeywordDelegatingMetaClass.java:50)\r\n\tat TC_003_Echeck_Checking_SingleLine_Payment.run(TC_003_Echeck_Checking_SingleLine_Payment:28)\r\n\tat com.kms.katalon.core.main.ScriptEngine.run(ScriptEngine.java:194)\r\n\tat com.kms.katalon.core.main.ScriptEngine.runScriptAsRawText(ScriptEngine.java:119)\r\n\tat com.kms.katalon.core.main.TestCaseExecutor.runScript(TestCaseExecutor.java:337)\r\n\tat com.kms.katalon.core.main.TestCaseExecutor.doExecute(TestCaseExecutor.java:328)\r\n\tat com.kms.katalon.core.main.TestCaseExecutor.processExecutionPhase(TestCaseExecutor.java:307)\r\n\tat com.kms.katalon.core.main.TestCaseExecutor.accessMainPhase(TestCaseExecutor.java:299)\r\n\tat com.kms.katalon.core.main.TestCaseExecutor.execute(TestCaseExecutor.java:233)\r\n\tat com.kms.katalon.core.main.TestSuiteExecutor.accessTestCaseMainPhase(TestSuiteExecutor.java:169)\r\n\tat com.kms.katalon.core.main.TestSuiteExecutor.accessTestSuiteMainPhase(TestSuiteExecutor.java:142)\r\n\tat com.kms.katalon.core.main.TestSuiteExecutor.execute(TestSuiteExecutor.java:91)\r\n\tat com.kms.katalon.core.main.TestCaseMain.startTestSuite(TestCaseMain.java:157)\r\n\tat com.kms.katalon.core.main.TestCaseMain$startTestSuite$0.call(Unknown Source)\r\n\tat TempTestSuite1572342808940.run(TempTestSuite1572342808940.groovy:35)\r\n</property>
  <property name="failed.exception.class">com.kms.katalon.core.exception.StepErrorException</property>
  <property name="failed.exception.message">Consumer_Payment_Making.ts:Continue is not Clickable</property>
</record>
<record>
  <date>2019-10-29T04:58:27</date>
  <millis>1572343107087</millis>
  <sequence>326</sequence>
  <level>END</level>
  <class>com.kms.katalon.core.logging.XmlKeywordLogger</class>
  <method>endKeyword</method>
  <thread>1</thread>
  <message>End action : utilities.SafeActions.safeClick(findTestObject(\&amp;quot;MAKE_ PAYMENT/Home_ Page/NEXT_BUTTON\&amp;quot;), \&amp;quot;Continue\&amp;quot;, [pageLoadTime])</message>
  <nestedLevel>1</nestedLevel>
</record>
<record>
  <date>2019-10-29T04:58:27</date>
  <millis>1572343107087</millis>
  <sequence>327</sequence>
  <level>START</level>
  <class>com.kms.katalon.core.logging.XmlKeywordLogger</class>
  <method>startKeyword</method>
  <thread>1</thread>
  <message>Start action : utilities.SafeActions.safeCheck(findTestObject(\&amp;quot;MAKE_ PAYMENT/Home_ Page/ELECTRONIC_CHECK\&amp;quot;), \&amp;quot;Echeck\&amp;quot;, [pageLoadTime])</message>
  <nestedLevel>1</nestedLevel>
  <property name="startLine">32</property>
  <property name="stepIndex">5</property>
  <property name="description">Select &apos;Electronic check&apos; radio button</property>
</record>
<record>
  <date>2019-10-29T04:59:49</date>
  <millis>1572343189004</millis>
  <sequence>332</sequence>
  <level>INFO</level>
  <class>com.kms.katalon.core.logging.XmlKeywordLogger</class>
  <method>logMessage</method>
  <thread>1</thread>
  <message>Unable to find the element located by &amp;apos;By.xpath: //input[@id=&amp;apos;ctl00_mainContent_radCheck&amp;apos;]&amp;apos;. Please recheck the objects properties to make sure the desired element is located. </message>
  <nestedLevel>1</nestedLevel>
</record>
<record>
  <date>2019-10-29T04:59:49</date>
  <millis>1572343189011</millis>
  <sequence>334</sequence>
  <level>WARNING</level>
  <class>com.kms.katalon.core.logging.XmlKeywordLogger</class>
  <method>logMessage</method>
  <thread>1</thread>
  <message>Object &amp;apos;Object Repository/MAKE_ PAYMENT/Home_ Page/ELECTRONIC_CHECK&amp;apos; is not present after 60 second(s)</message>
  <nestedLevel>1</nestedLevel>
  <property name="failed.exception.class">com.kms.katalon.core.webui.exception.WebElementNotFoundException</property>
  <property name="failed.exception.stacktrace">com.kms.katalon.core.webui.exception.WebElementNotFoundException: Web element with id: &apos;Object Repository/MAKE_ PAYMENT/Home_ Page/ELECTRONIC_CHECK&apos; located by &apos;By.xpath: //input[@id=&apos;ctl00_mainContent_radCheck&apos;]&apos; not found\r\n\tat com.kms.katalon.core.webui.common.WebUiCommonHelper.findWebElement(WebUiCommonHelper.java:1097)\r\n\tat com.kms.katalon.core.webui.keyword.internal.WebUIAbstractKeyword.findWebElement(WebUIAbstractKeyword.groovy:27)\r\n\tat com.kms.katalon.core.webui.keyword.builtin.WaitForElementPresentKeyword$_waitForElementPresent_closure1.doCall(WaitForElementPresentKeyword.groovy:81)\r\n\tat com.kms.katalon.core.webui.keyword.builtin.WaitForElementPresentKeyword$_waitForElementPresent_closure1.call(WaitForElementPresentKeyword.groovy)\r\n\tat com.kms.katalon.core.webui.keyword.internal.WebUIKeywordMain.runKeyword(WebUIKeywordMain.groovy:20)\r\n\tat com.kms.katalon.core.webui.keyword.builtin.WaitForElementPresentKeyword.waitForElementPresent(WaitForElementPresentKeyword.groovy:95)\r\n\tat com.kms.katalon.core.webui.keyword.builtin.WaitForElementPresentKeyword.execute(WaitForElementPresentKeyword.groovy:68)\r\n\tat com.kms.katalon.core.keyword.internal.KeywordExecutor.executeKeywordForPlatform(KeywordExecutor.groovy:56)\r\n\tat com.kms.katalon.core.webui.keyword.WebUiBuiltInKeywords.waitForElementPresent(WebUiBuiltInKeywords.groovy:343)\r\n\tat com.kms.katalon.core.webui.keyword.WebUiBuiltInKeywords$waitForElementPresent$1.call(Unknown Source)\r\n\tat utilities.SafeActions.safeCheck(SafeActions.groovy:78)\r\n\tat utilities.SafeActions.invokeMethod(SafeActions.groovy)\r\n\tat com.kms.katalon.core.main.CustomKeywordDelegatingMetaClass.invokeStaticMethod(CustomKeywordDelegatingMetaClass.java:50)\r\n\tat TC_003_Echeck_Checking_SingleLine_Payment.run(TC_003_Echeck_Checking_SingleLine_Payment:33)\r\n\tat com.kms.katalon.core.main.ScriptEngine.run(ScriptEngine.java:194)\r\n\tat com.kms.katalon.core.main.ScriptEngine.runScriptAsRawText(ScriptEngine.java:119)\r\n\tat com.kms.katalon.core.main.TestCaseExecutor.runScript(TestCaseExecutor.java:337)\r\n\tat com.kms.katalon.core.main.TestCaseExecutor.doExecute(TestCaseExecutor.java:328)\r\n\tat com.kms.katalon.core.main.TestCaseExecutor.processExecutionPhase(TestCaseExecutor.java:307)\r\n\tat com.kms.katalon.core.main.TestCaseExecutor.accessMainPhase(TestCaseExecutor.java:299)\r\n\tat com.kms.katalon.core.main.TestCaseExecutor.execute(TestCaseExecutor.java:233)\r\n\tat com.kms.katalon.core.main.TestSuiteExecutor.accessTestCaseMainPhase(TestSuiteExecutor.java:169)\r\n\tat com.kms.katalon.core.main.TestSuiteExecutor.accessTestSuiteMainPhase(TestSuiteExecutor.java:142)\r\n\tat com.kms.katalon.core.main.TestSuiteExecutor.execute(TestSuiteExecutor.java:91)\r\n\tat com.kms.katalon.core.main.TestCaseMain.startTestSuite(TestCaseMain.java:157)\r\n\tat com.kms.katalon.core.main.TestCaseMain$startTestSuite$0.call(Unknown Source)\r\n\tat TempTestSuite1572342808940.run(TempTestSuite1572342808940.groovy:35)\r\n</property>
  <property name="failed.exception.message">Web element with id: &apos;Object Repository/MAKE_ PAYMENT/Home_ Page/ELECTRONIC_CHECK&apos; located by &apos;By.xpath: //input[@id=&apos;ctl00_mainContent_radCheck&apos;]&apos; not found</property>
</record>
<record>
  <date>2019-10-29T05:00:00</date>
  <millis>1572343200638</millis>
  <sequence>337</sequence>
  <level>INFO</level>
  <class>com.kms.katalon.core.logging.XmlKeywordLogger</class>
  <method>logMessage</method>
  <thread>1</thread>
  <message>Unable to find the element located by &amp;apos;By.xpath: //input[@id=&amp;apos;ctl00_mainContent_radCheck&amp;apos;]&amp;apos;. Please recheck the objects properties to make sure the desired element is located. </message>
  <nestedLevel>1</nestedLevel>
</record>
<record>
  <date>2019-10-29T05:00:00</date>
  <millis>1572343200640</millis>
  <sequence>339</sequence>
  <level>ERROR</level>
  <class>com.kms.katalon.core.logging.XmlKeywordLogger</class>
  <method>logMessage</method>
  <thread>1</thread>
  <message>com.kms.katalon.core.webui.exception.WebElementNotFoundException: Web element with id: &amp;apos;Object Repository/MAKE_ PAYMENT/Home_ Page/ELECTRONIC_CHECK&amp;apos; located by &amp;apos;By.xpath: //input[@id=&amp;apos;ctl00_mainContent_radCheck&amp;apos;]&amp;apos; not found</message>
  <nestedLevel>1</nestedLevel>
  <property name="failed.exception.class">com.kms.katalon.core.webui.exception.WebElementNotFoundException</property>
  <property name="failed.exception.stacktrace">com.kms.katalon.core.webui.exception.WebElementNotFoundException: Web element with id: &apos;Object Repository/MAKE_ PAYMENT/Home_ Page/ELECTRONIC_CHECK&apos; located by &apos;By.xpath: //input[@id=&apos;ctl00_mainContent_radCheck&apos;]&apos; not found\r\n\tat com.kms.katalon.core.webui.common.WebUiCommonHelper.findWebElement(WebUiCommonHelper.java:1097)\r\n\tat com.kms.katalon.core.webui.common.WebUiCommonHelper$findWebElement.call(Unknown Source)\r\n\tat utilities.SafeActions.highLightElement(SafeActions.groovy:59)\r\n\tat utilities.SafeActions.safeCheck(SafeActions.groovy:79)\r\n\tat utilities.SafeActions.invokeMethod(SafeActions.groovy)\r\n\tat com.kms.katalon.core.main.CustomKeywordDelegatingMetaClass.invokeStaticMethod(CustomKeywordDelegatingMetaClass.java:50)\r\n\tat TC_003_Echeck_Checking_SingleLine_Payment.run(TC_003_Echeck_Checking_SingleLine_Payment:33)\r\n\tat com.kms.katalon.core.main.ScriptEngine.run(ScriptEngine.java:194)\r\n\tat com.kms.katalon.core.main.ScriptEngine.runScriptAsRawText(ScriptEngine.java:119)\r\n\tat com.kms.katalon.core.main.TestCaseExecutor.runScript(TestCaseExecutor.java:337)\r\n\tat com.kms.katalon.core.main.TestCaseExecutor.doExecute(TestCaseExecutor.java:328)\r\n\tat com.kms.katalon.core.main.TestCaseExecutor.processExecutionPhase(TestCaseExecutor.java:307)\r\n\tat com.kms.katalon.core.main.TestCaseExecutor.accessMainPhase(TestCaseExecutor.java:299)\r\n\tat com.kms.katalon.core.main.TestCaseExecutor.execute(TestCaseExecutor.java:233)\r\n\tat com.kms.katalon.core.main.TestSuiteExecutor.accessTestCaseMainPhase(TestSuiteExecutor.java:169)\r\n\tat com.kms.katalon.core.main.TestSuiteExecutor.accessTestSuiteMainPhase(TestSuiteExecutor.java:142)\r\n\tat com.kms.katalon.core.main.TestSuiteExecutor.execute(TestSuiteExecutor.java:91)\r\n\tat com.kms.katalon.core.main.TestCaseMain.startTestSuite(TestCaseMain.java:157)\r\n\tat com.kms.katalon.core.main.TestCaseMain$startTestSuite$0.call(Unknown Source)\r\n\tat TempTestSuite1572342808940.run(TempTestSuite1572342808940.groovy:35)\r\n</property>
  <property name="failed.exception.message">Web element with id: &apos;Object Repository/MAKE_ PAYMENT/Home_ Page/ELECTRONIC_CHECK&apos; located by &apos;By.xpath: //input[@id=&apos;ctl00_mainContent_radCheck&apos;]&apos; not found</property>
</record>
<record>
  <date>2019-10-29T05:00:00</date>
  <millis>1572343200641</millis>
  <sequence>340</sequence>
  <level>END</level>
  <class>com.kms.katalon.core.logging.XmlKeywordLogger</class>
  <method>endKeyword</method>
  <thread>1</thread>
  <message>End action : utilities.SafeActions.safeCheck(findTestObject(\&amp;quot;MAKE_ PAYMENT/Home_ Page/ELECTRONIC_CHECK\&amp;quot;), \&amp;quot;Echeck\&amp;quot;, [pageLoadTime])</message>
  <nestedLevel>1</nestedLevel>
</record>
<record>
  <date>2019-10-29T05:00:00</date>
  <millis>1572343200642</millis>
  <sequence>342</sequence>
  <level>ERROR</level>
  <class>com.kms.katalon.core.logging.XmlKeywordLogger</class>
  <method>logMessage</method>
  <thread>1</thread>
  <message>Test Cases/Consumer_Make_Payment/TC_003_Echeck_Checking_SingleLine_Payment FAILED.\nReason:\ncom.kms.katalon.core.exception.StepErrorException: Consumer_Payment_Making.ts:Begin payment is not Clickable\r\n\tat com.kms.katalon.core.util.KeywordUtil.markError(KeywordUtil.java:65)\r\n\tat com.kms.katalon.core.util.KeywordUtil$markError$1.call(Unknown Source)\r\n\tat utilities.SafeActions.waitUntilClickable(SafeActions.groovy:188)\r\n\tat utilities.SafeActions.safeClick(SafeActions.groovy:152)\r\n\tat utilities.SafeActions.invokeMethod(SafeActions.groovy)\r\n\tat com.kms.katalon.core.main.CustomKeywordDelegatingMetaClass.invokeStaticMethod(CustomKeywordDelegatingMetaClass.java:50)\r\n\tat TC_003_Echeck_Checking_SingleLine_Payment.run(TC_003_Echeck_Checking_SingleLine_Payment:25)\r\n\tat com.kms.katalon.core.main.ScriptEngine.run(ScriptEngine.java:194)\r\n\tat com.kms.katalon.core.main.ScriptEngine.runScriptAsRawText(ScriptEngine.java:119)\r\n\tat com.kms.katalon.core.main.TestCaseExecutor.runScript(TestCaseExecutor.java:337)\r\n\tat com.kms.katalon.core.main.TestCaseExecutor.doExecute(TestCaseExecutor.java:328)\r\n\tat com.kms.katalon.core.main.TestCaseExecutor.processExecutionPhase(TestCaseExecutor.java:307)\r\n\tat com.kms.katalon.core.main.TestCaseExecutor.accessMainPhase(TestCaseExecutor.java:299)\r\n\tat com.kms.katalon.core.main.TestCaseExecutor.execute(TestCaseExecutor.java:233)\r\n\tat com.kms.katalon.core.main.TestSuiteExecutor.accessTestCaseMainPhase(TestSuiteExecutor.java:169)\r\n\tat com.kms.katalon.core.main.TestSuiteExecutor.accessTestSuiteMainPhase(TestSuiteExecutor.java:142)\r\n\tat com.kms.katalon.core.main.TestSuiteExecutor.execute(TestSuiteExecutor.java:91)\r\n\tat com.kms.katalon.core.main.TestCaseMain.startTestSuite(TestCaseMain.java:157)\r\n\tat com.kms.katalon.core.main.TestCaseMain$startTestSuite$0.call(Unknown Source)\r\n\tat TempTestSuite1572342808940.run(TempTestSuite1572342808940.groovy:35)\r\n</message>
  <exception>
    <message>com.kms.katalon.core.exception.StepErrorException: Consumer_Payment_Making.ts:Begin payment is not Clickable</message>
    <frame>
      <class>com.kms.katalon.core.util.KeywordUtil</class>
      <method>markError</method>
      <line>65</line>
    </frame>
    <frame>
      <class>com.kms.katalon.core.util.KeywordUtil$markError$1</class>
      <method>call</method>
    </frame>
    <frame>
      <class>utilities.SafeActions</class>
      <method>waitUntilClickable</method>
      <line>188</line>
    </frame>
    <frame>
      <class>utilities.SafeActions</class>
      <method>safeClick</method>
      <line>152</line>
    </frame>
    <frame>
      <class>utilities.SafeActions</class>
      <method>invokeMethod</method>
    </frame>
    <frame>
      <class>com.kms.katalon.core.main.CustomKeywordDelegatingMetaClass</class>
      <method>invokeStaticMethod</method>
      <line>50</line>
    </frame>
    <frame>
      <class>TC_003_Echeck_Checking_SingleLine_Payment</class>
      <method>run</method>
      <line>25</line>
    </frame>
    <frame>
      <class>com.kms.katalon.core.main.ScriptEngine</class>
      <method>run</method>
      <line>194</line>
    </frame>
    <frame>
      <class>com.kms.katalon.core.main.ScriptEngine</class>
      <method>runScriptAsRawText</method>
      <line>119</line>
    </frame>
    <frame>
      <class>com.kms.katalon.core.main.TestCaseExecutor</class>
      <method>runScript</method>
      <line>337</line>
    </frame>
    <frame>
      <class>com.kms.katalon.core.main.TestCaseExecutor</class>
      <method>doExecute</method>
      <line>328</line>
    </frame>
    <frame>
      <class>com.kms.katalon.core.main.TestCaseExecutor</class>
      <method>processExecutionPhase</method>
      <line>307</line>
    </frame>
    <frame>
      <class>com.kms.katalon.core.main.TestCaseExecutor</class>
      <method>accessMainPhase</method>
      <line>299</line>
    </frame>
    <frame>
      <class>com.kms.katalon.core.main.TestCaseExecutor</class>
      <method>execute</method>
      <line>233</line>
    </frame>
    <frame>
      <class>com.kms.katalon.core.main.TestSuiteExecutor</class>
      <method>accessTestCaseMainPhase</method>
      <line>169</line>
    </frame>
    <frame>
      <class>com.kms.katalon.core.main.TestSuiteExecutor</class>
      <method>accessTestSuiteMainPhase</method>
      <line>142</line>
    </frame>
    <frame>
      <class>com.kms.katalon.core.main.TestSuiteExecutor</class>
      <method>execute</method>
      <line>91</line>
    </frame>
    <frame>
      <class>com.kms.katalon.core.main.TestCaseMain</class>
      <method>startTestSuite</method>
      <line>157</line>
    </frame>
    <frame>
      <class>com.kms.katalon.core.main.TestCaseMain$startTestSuite$0</class>
      <method>call</method>
    </frame>
    <frame>
      <class>TempTestSuite1572342808940</class>
      <method>run</method>
      <line>35</line>
    </frame>
  </exception>
  <nestedLevel>0</nestedLevel>
  <property name="failed.exception.stacktrace">com.kms.katalon.core.exception.StepErrorException: Consumer_Payment_Making.ts:Begin payment is not Clickable\r\n\tat com.kms.katalon.core.util.KeywordUtil.markError(KeywordUtil.java:65)\r\n\tat com.kms.katalon.core.util.KeywordUtil$markError$1.call(Unknown Source)\r\n\tat utilities.SafeActions.waitUntilClickable(SafeActions.groovy:188)\r\n\tat utilities.SafeActions.safeClick(SafeActions.groovy:152)\r\n\tat utilities.SafeActions.invokeMethod(SafeActions.groovy)\r\n\tat com.kms.katalon.core.main.CustomKeywordDelegatingMetaClass.invokeStaticMethod(CustomKeywordDelegatingMetaClass.java:50)\r\n\tat TC_003_Echeck_Checking_SingleLine_Payment.run(TC_003_Echeck_Checking_SingleLine_Payment:25)\r\n\tat com.kms.katalon.core.main.ScriptEngine.run(ScriptEngine.java:194)\r\n\tat com.kms.katalon.core.main.ScriptEngine.runScriptAsRawText(ScriptEngine.java:119)\r\n\tat com.kms.katalon.core.main.TestCaseExecutor.runScript(TestCaseExecutor.java:337)\r\n\tat com.kms.katalon.core.main.TestCaseExecutor.doExecute(TestCaseExecutor.java:328)\r\n\tat com.kms.katalon.core.main.TestCaseExecutor.processExecutionPhase(TestCaseExecutor.java:307)\r\n\tat com.kms.katalon.core.main.TestCaseExecutor.accessMainPhase(TestCaseExecutor.java:299)\r\n\tat com.kms.katalon.core.main.TestCaseExecutor.execute(TestCaseExecutor.java:233)\r\n\tat com.kms.katalon.core.main.TestSuiteExecutor.accessTestCaseMainPhase(TestSuiteExecutor.java:169)\r\n\tat com.kms.katalon.core.main.TestSuiteExecutor.accessTestSuiteMainPhase(TestSuiteExecutor.java:142)\r\n\tat com.kms.katalon.core.main.TestSuiteExecutor.execute(TestSuiteExecutor.java:91)\r\n\tat com.kms.katalon.core.main.TestCaseMain.startTestSuite(TestCaseMain.java:157)\r\n\tat com.kms.katalon.core.main.TestCaseMain$startTestSuite$0.call(Unknown Source)\r\n\tat TempTestSuite1572342808940.run(TempTestSuite1572342808940.groovy:35)\r\n</property>
  <property name="failed.exception.class">com.kms.katalon.core.exception.StepErrorException</property>
  <property name="failed.exception.message">Consumer_Payment_Making.ts:Begin payment is not Clickable</property>
</record>
<record>
  <date>2019-10-29T05:00:00</date>
  <millis>1572343200645</millis>
  <sequence>344</sequence>
  <level>START</level>
  <class>com.kms.katalon.core.logging.XmlKeywordLogger</class>
  <method>startKeyword</method>
  <thread>1</thread>
  <message>Start listener action : afterTestCase</message>
  <nestedLevel>1</nestedLevel>
</record>
<record>
  <date>2019-10-29T05:00:00</date>
  <millis>1572343200645</millis>
  <sequence>347</sequence>
  <level>END</level>
  <class>com.kms.katalon.core.logging.XmlKeywordLogger</class>
  <method>endKeyword</method>
  <thread>1</thread>
  <message>End listener action : afterTestCase</message>
  <nestedLevel>1</nestedLevel>
</record>
<record>
  <date>2019-10-29T05:00:00</date>
  <millis>1572343200646</millis>
  <sequence>348</sequence>
  <level>END</level>
  <class>com.kms.katalon.core.logging.XmlKeywordLogger</class>
  <method>endTest</method>
  <thread>1</thread>
  <message>End Test Case : Test Cases/Consumer_Make_Payment/TC_003_Echeck_Checking_SingleLine_Payment</message>
  <nestedLevel>0</nestedLevel>
</record>
<record>
  <date>2019-10-29T05:00:00</date>
  <millis>1572343200702</millis>
  <sequence>349</sequence>
  <level>START</level>
  <class>com.kms.katalon.core.logging.XmlKeywordLogger</class>
  <method>startTest</method>
  <thread>1</thread>
  <message>Start Test Case : Test Cases/Consumer_Make_Payment/TC_004_Echeck_Checking_MultiLine_Payment</message>
  <nestedLevel>1</nestedLevel>
  <property name="name">Test Cases/Consumer_Make_Payment/TC_004_Echeck_Checking_MultiLine_Payment</property>
  <property name="description"></property>
  <property name="id">Test Cases/Consumer_Make_Payment/TC_004_Echeck_Checking_MultiLine_Payment</property>
  <property name="source">C:\\Users\\Pratyusha.Nulu\\Katalon Studio\\Certpay_29_10_19\\FAPS_INTERNAL_CERTPAY\\Test Cases\\Consumer_Make_Payment\\TC_004_Echeck_Checking_MultiLine_Payment.tc</property>
  <property name="tag"></property>
  <property name="isOptional">false</property>
</record>
<record>
  <date>2019-10-29T05:00:01</date>
  <millis>1572343201427</millis>
  <sequence>351</sequence>
  <level>INFO</level>
  <class>com.kms.katalon.core.logging.XmlKeywordLogger</class>
  <method>logMessage</method>
  <thread>1</thread>
  <message>(Default) bureauCode = 6100000</message>
  <nestedLevel>1</nestedLevel>
</record>
<record>
  <date>2019-10-29T05:00:01</date>
  <millis>1572343201454</millis>
  <sequence>352</sequence>
  <level>INFO</level>
  <class>com.kms.katalon.core.logging.XmlKeywordLogger</class>
  <method>logMessage</method>
  <thread>1</thread>
  <message>(Default) paymentAmount = 10.00</message>
  <nestedLevel>1</nestedLevel>
</record>
<record>
  <date>2019-10-29T05:00:01</date>
  <millis>1572343201532</millis>
  <sequence>353</sequence>
  <level>INFO</level>
  <class>com.kms.katalon.core.logging.XmlKeywordLogger</class>
  <method>logMessage</method>
  <thread>1</thread>
  <message>(Default) referenceNum = 11</message>
  <nestedLevel>1</nestedLevel>
</record>
<record>
  <date>2019-10-29T05:00:01</date>
  <millis>1572343201556</millis>
  <sequence>354</sequence>
  <level>INFO</level>
  <class>com.kms.katalon.core.logging.XmlKeywordLogger</class>
  <method>logMessage</method>
  <thread>1</thread>
  <message>(Default) firstName = Chasto</message>
  <nestedLevel>1</nestedLevel>
</record>
<record>
  <date>2019-10-29T05:00:01</date>
  <millis>1572343201581</millis>
  <sequence>355</sequence>
  <level>INFO</level>
  <class>com.kms.katalon.core.logging.XmlKeywordLogger</class>
  <method>logMessage</method>
  <thread>1</thread>
  <message>(Default) lastName = James</message>
  <nestedLevel>1</nestedLevel>
</record>
<record>
  <date>2019-10-29T05:00:01</date>
  <millis>1572343201703</millis>
  <sequence>356</sequence>
  <level>INFO</level>
  <class>com.kms.katalon.core.logging.XmlKeywordLogger</class>
  <method>logMessage</method>
  <thread>1</thread>
  <message>(Default) telephone = 9988545421</message>
  <nestedLevel>1</nestedLevel>
</record>
<record>
  <date>2019-10-29T05:00:01</date>
  <millis>1572343201779</millis>
  <sequence>357</sequence>
  <level>INFO</level>
  <class>com.kms.katalon.core.logging.XmlKeywordLogger</class>
  <method>logMessage</method>
  <thread>1</thread>
  <message>(Default) emailAddress = testing@zenq.com</message>
  <nestedLevel>1</nestedLevel>
</record>
<record>
  <date>2019-10-29T05:00:01</date>
  <millis>1572343201792</millis>
  <sequence>358</sequence>
  <level>INFO</level>
  <class>com.kms.katalon.core.logging.XmlKeywordLogger</class>
  <method>logMessage</method>
  <thread>1</thread>
  <message>(Default) address = 14-9</message>
  <nestedLevel>1</nestedLevel>
</record>
<record>
  <date>2019-10-29T05:00:01</date>
  <millis>1572343201804</millis>
  <sequence>359</sequence>
  <level>INFO</level>
  <class>com.kms.katalon.core.logging.XmlKeywordLogger</class>
  <method>logMessage</method>
  <thread>1</thread>
  <message>(Default) zipCode = 76102</message>
  <nestedLevel>1</nestedLevel>
</record>
<record>
  <date>2019-10-29T05:00:02</date>
  <millis>1572343202020</millis>
  <sequence>360</sequence>
  <level>INFO</level>
  <class>com.kms.katalon.core.logging.XmlKeywordLogger</class>
  <method>logMessage</method>
  <thread>1</thread>
  <message>(Default) securityCode = 111</message>
  <nestedLevel>1</nestedLevel>
</record>
<record>
  <date>2019-10-29T05:00:02</date>
  <millis>1572343202063</millis>
  <sequence>361</sequence>
  <level>INFO</level>
  <class>com.kms.katalon.core.logging.XmlKeywordLogger</class>
  <method>logMessage</method>
  <thread>1</thread>
  <message>(Default) paymentType = Taxes</message>
  <nestedLevel>1</nestedLevel>
</record>
<record>
  <date>2019-10-29T05:00:02</date>
  <millis>1572343202099</millis>
  <sequence>362</sequence>
  <level>INFO</level>
  <class>com.kms.katalon.core.logging.XmlKeywordLogger</class>
  <method>logMessage</method>
  <thread>1</thread>
  <message>(Default) routingNum = 111000025</message>
  <nestedLevel>1</nestedLevel>
</record>
<record>
  <date>2019-10-29T05:00:02</date>
  <millis>1572343202250</millis>
  <sequence>363</sequence>
  <level>INFO</level>
  <class>com.kms.katalon.core.logging.XmlKeywordLogger</class>
  <method>logMessage</method>
  <thread>1</thread>
  <message>(Default) paymentAmount2 = 35.00</message>
  <nestedLevel>1</nestedLevel>
</record>
<record>
  <date>2019-10-29T05:00:02</date>
  <millis>1572343202470</millis>
  <sequence>364</sequence>
  <level>INFO</level>
  <class>com.kms.katalon.core.logging.XmlKeywordLogger</class>
  <method>logMessage</method>
  <thread>1</thread>
  <message>(Default) checkingAccNum = 123456</message>
  <nestedLevel>1</nestedLevel>
</record>
<record>
  <date>2019-10-29T05:00:02</date>
  <millis>1572343202470</millis>
  <sequence>365</sequence>
  <level>START</level>
  <class>com.kms.katalon.core.logging.XmlKeywordLogger</class>
  <method>startKeyword</method>
  <thread>1</thread>
  <message>Start listener action : beforeTestCase</message>
  <nestedLevel>1</nestedLevel>
</record>
<record>
  <date>2019-10-29T05:00:02</date>
  <millis>1572343202502</millis>
  <sequence>368</sequence>
  <level>END</level>
  <class>com.kms.katalon.core.logging.XmlKeywordLogger</class>
  <method>endKeyword</method>
  <thread>1</thread>
  <message>End listener action : beforeTestCase</message>
  <nestedLevel>1</nestedLevel>
</record>
<record>
  <date>2019-10-29T05:00:03</date>
  <millis>1572343203885</millis>
  <sequence>369</sequence>
  <level>START</level>
  <class>com.kms.katalon.core.logging.XmlKeywordLogger</class>
  <method>startKeyword</method>
  <thread>1</thread>
  <message>Start action : utilities.SafeActions.openBrowser(certpay_url, [pageLoadTime])</message>
  <nestedLevel>1</nestedLevel>
  <property name="startLine">17</property>
  <property name="stepIndex">1</property>
  <property name="description">Open Certpay application</property>
</record>
<record>
  <date>2019-10-29T05:00:03</date>
  <millis>1572343203888</millis>
  <sequence>370</sequence>
  <level>INFO</level>
  <class>com.kms.katalon.core.logging.XmlKeywordLogger</class>
  <method>logMessage</method>
  <thread>1</thread>
  <message>Opening Browser</message>
  <nestedLevel>1</nestedLevel>
</record>
<record>
  <date>2019-10-29T05:00:04</date>
  <millis>1572343204114</millis>
  <sequence>372</sequence>
  <level>WARNING</level>
  <class>com.kms.katalon.core.logging.XmlKeywordLogger</class>
  <method>logMessage</method>
  <thread>1</thread>
  <message>A browser is already opened. Closing browser and opening a new one</message>
  <nestedLevel>1</nestedLevel>
</record>
<record>
  <date>2019-10-29T05:00:07</date>
  <millis>1572343207907</millis>
  <sequence>373</sequence>
  <level>INFO</level>
  <class>com.kms.katalon.core.logging.XmlKeywordLogger</class>
  <method>logMessage</method>
  <thread>1</thread>
  <message>Starting &amp;apos;Chrome&amp;apos; driver</message>
  <nestedLevel>1</nestedLevel>
</record>
<record>
  <date>2019-10-29T05:00:18</date>
  <millis>1572343218282</millis>
  <sequence>376</sequence>
  <level>RUN_DATA</level>
  <class>com.kms.katalon.core.logging.XmlKeywordLogger</class>
  <method>logMessage</method>
  <thread>1</thread>
  <message>sessionId = acad3b514f30c3c704d5fe8d85b92653</message>
  <nestedLevel>1</nestedLevel>
  <property name="sessionId">acad3b514f30c3c704d5fe8d85b92653</property>
</record>
<record>
  <date>2019-10-29T05:00:18</date>
  <millis>1572343218326</millis>
  <sequence>377</sequence>
  <level>RUN_DATA</level>
  <class>com.kms.katalon.core.logging.XmlKeywordLogger</class>
  <method>logMessage</method>
  <thread>1</thread>
  <message>browser = Chrome 76.0.3809.100</message>
  <nestedLevel>1</nestedLevel>
  <property name="browser">Chrome 76.0.3809.100</property>
</record>
<record>
  <date>2019-10-29T05:00:18</date>
  <millis>1572343218326</millis>
  <sequence>378</sequence>
  <level>RUN_DATA</level>
  <class>com.kms.katalon.core.logging.XmlKeywordLogger</class>
  <method>logMessage</method>
  <thread>1</thread>
  <message>platform = Windows 10</message>
  <nestedLevel>1</nestedLevel>
  <property name="platform">Windows 10</property>
</record>
<record>
  <date>2019-10-29T05:00:18</date>
  <millis>1572343218327</millis>
  <sequence>379</sequence>
  <level>RUN_DATA</level>
  <class>com.kms.katalon.core.logging.XmlKeywordLogger</class>
  <method>logMessage</method>
  <thread>1</thread>
  <message>seleniumVersion = 3.141.59</message>
  <nestedLevel>1</nestedLevel>
  <property name="seleniumVersion">3.141.59</property>
</record>
<record>
  <date>2019-10-29T05:00:18</date>
  <millis>1572343218329</millis>
  <sequence>380</sequence>
  <level>RUN_DATA</level>
  <class>com.kms.katalon.core.logging.XmlKeywordLogger</class>
  <method>logMessage</method>
  <thread>1</thread>
  <message>proxyInformation = ProxyInformation{proxyOption=NO_PROXY, proxyServerType=HTTP, password=, proxyServerAddress=, proxyServerPort=0}</message>
  <nestedLevel>1</nestedLevel>
  <property name="proxyInformation">ProxyInformation{proxyOption=NO_PROXY, proxyServerType=HTTP, password=, proxyServerAddress=, proxyServerPort=0}</property>
</record>
<record>
  <date>2019-10-29T05:00:19</date>
  <millis>1572343219013</millis>
  <sequence>382</sequence>
  <level>PASSED</level>
  <class>com.kms.katalon.core.logging.XmlKeywordLogger</class>
  <method>logMessage</method>
  <thread>1</thread>
  <message>Browser is opened with url: &amp;apos;https://qa-certpay.faps.net/&amp;apos;</message>
  <nestedLevel>1</nestedLevel>
</record>
<record>
  <date>2019-10-29T05:00:23</date>
  <millis>1572343223409</millis>
  <sequence>384</sequence>
  <level>PASSED</level>
  <class>com.kms.katalon.core.logging.XmlKeywordLogger</class>
  <method>logMessage</method>
  <thread>1</thread>
  <message>Current window maximized</message>
  <nestedLevel>1</nestedLevel>
</record>
<record>
  <date>2019-10-29T05:00:23</date>
  <millis>1572343223410</millis>
  <sequence>385</sequence>
  <level>PASSED</level>
  <class>com.kms.katalon.core.logging.XmlKeywordLogger</class>
  <method>logMessage</method>
  <thread>1</thread>
  <message>Browser launched successfully</message>
  <nestedLevel>1</nestedLevel>
</record>
<record>
  <date>2019-10-29T05:00:23</date>
  <millis>1572343223411</millis>
  <sequence>386</sequence>
  <level>END</level>
  <class>com.kms.katalon.core.logging.XmlKeywordLogger</class>
  <method>endKeyword</method>
  <thread>1</thread>
  <message>End action : utilities.SafeActions.openBrowser(certpay_url, [pageLoadTime])</message>
  <nestedLevel>1</nestedLevel>
</record>
<record>
  <date>2019-10-29T05:00:23</date>
  <millis>1572343223411</millis>
  <sequence>387</sequence>
  <level>START</level>
  <class>com.kms.katalon.core.logging.XmlKeywordLogger</class>
  <method>startKeyword</method>
  <thread>1</thread>
  <message>Start action : utilities.SafeActions.safeType(findTestObject(\&amp;quot;MAKE_ PAYMENT/Home_ Page/BUREAU_CODE\&amp;quot;), bureauCode, \&amp;quot;Bureau code\&amp;quot;, [pageLoadTime])</message>
  <nestedLevel>1</nestedLevel>
  <property name="startLine">20</property>
  <property name="stepIndex">2</property>
  <property name="description">Enter valid Bureau code</property>
</record>
<record>
  <date>2019-10-29T05:00:23</date>
  <millis>1572343223597</millis>
  <sequence>393</sequence>
  <level>PASSED</level>
  <class>com.kms.katalon.core.logging.XmlKeywordLogger</class>
  <method>logMessage</method>
  <thread>1</thread>
  <message>Object &amp;apos;Object Repository/MAKE_ PAYMENT/Home_ Page/BUREAU_CODE&amp;apos; is present</message>
  <nestedLevel>1</nestedLevel>
</record>
<record>
  <date>2019-10-29T05:00:23</date>
  <millis>1572343223663</millis>
  <sequence>398</sequence>
  <level>PASSED</level>
  <class>com.kms.katalon.core.logging.XmlKeywordLogger</class>
  <method>logMessage</method>
  <thread>1</thread>
  <message>Object &amp;apos;Object Repository/MAKE_ PAYMENT/Home_ Page/BUREAU_CODE&amp;apos; is visible</message>
  <nestedLevel>1</nestedLevel>
</record>
<record>
  <date>2019-10-29T05:00:23</date>
  <millis>1572343223690</millis>
  <sequence>403</sequence>
  <level>PASSED</level>
  <class>com.kms.katalon.core.logging.XmlKeywordLogger</class>
  <method>logMessage</method>
  <thread>1</thread>
  <message>Object &amp;apos;Object Repository/MAKE_ PAYMENT/Home_ Page/BUREAU_CODE&amp;apos; is present</message>
  <nestedLevel>1</nestedLevel>
</record>
<record>
  <date>2019-10-29T05:00:24</date>
  <millis>1572343224480</millis>
  <sequence>412</sequence>
  <level>PASSED</level>
  <class>com.kms.katalon.core.logging.XmlKeywordLogger</class>
  <method>logMessage</method>
  <thread>1</thread>
  <message>Object: &amp;apos;Object Repository/MAKE_ PAYMENT/Home_ Page/BUREAU_CODE&amp;apos; is clicked on</message>
  <nestedLevel>1</nestedLevel>
</record>
<record>
  <date>2019-10-29T05:00:24</date>
  <millis>1572343224637</millis>
  <sequence>420</sequence>
  <level>PASSED</level>
  <class>com.kms.katalon.core.logging.XmlKeywordLogger</class>
  <method>logMessage</method>
  <thread>1</thread>
  <message>Text &amp;apos;6100000&amp;apos; is set on object &amp;apos;Object Repository/MAKE_ PAYMENT/Home_ Page/BUREAU_CODE&amp;apos;</message>
  <nestedLevel>1</nestedLevel>
</record>
<record>
  <date>2019-10-29T05:00:24</date>
  <millis>1572343224639</millis>
  <sequence>421</sequence>
  <level>PASSED</level>
  <class>com.kms.katalon.core.logging.XmlKeywordLogger</class>
  <method>logMessage</method>
  <thread>1</thread>
  <message>Consumer_Payment_Making.ts:Entered&amp;apos;6100000 into Bureau code</message>
  <nestedLevel>1</nestedLevel>
</record>
<record>
  <date>2019-10-29T05:00:24</date>
  <millis>1572343224639</millis>
  <sequence>422</sequence>
  <level>END</level>
  <class>com.kms.katalon.core.logging.XmlKeywordLogger</class>
  <method>endKeyword</method>
  <thread>1</thread>
  <message>End action : utilities.SafeActions.safeType(findTestObject(\&amp;quot;MAKE_ PAYMENT/Home_ Page/BUREAU_CODE\&amp;quot;), bureauCode, \&amp;quot;Bureau code\&amp;quot;, [pageLoadTime])</message>
  <nestedLevel>1</nestedLevel>
</record>
<record>
  <date>2019-10-29T05:00:24</date>
  <millis>1572343224640</millis>
  <sequence>423</sequence>
  <level>START</level>
  <class>com.kms.katalon.core.logging.XmlKeywordLogger</class>
  <method>startKeyword</method>
  <thread>1</thread>
  <message>Start action : utilities.SafeActions.safeClick(findTestObject(\&amp;quot;MAKE_ PAYMENT/Home_ Page/BEGIN_PAYMENT\&amp;quot;), \&amp;quot;Begin payment\&amp;quot;, [pageLoadTime])</message>
  <nestedLevel>1</nestedLevel>
  <property name="startLine">24</property>
  <property name="stepIndex">3</property>
  <property name="description">Click on &apos;Begin Payment&apos;</property>
</record>
<record>
  <date>2019-10-29T05:00:24</date>
  <millis>1572343224728</millis>
  <sequence>425</sequence>
  <level>INFO</level>
  <class>com.kms.katalon.core.logging.XmlKeywordLogger</class>
  <method>logMessage</method>
  <thread>1</thread>
  <message>safeClicking</message>
  <nestedLevel>1</nestedLevel>
</record>
<record>
  <date>2019-10-29T05:00:24</date>
  <millis>1572343224730</millis>
  <sequence>426</sequence>
  <level>ERROR</level>
  <class>com.kms.katalon.core.logging.XmlKeywordLogger</class>
  <method>logMessage</method>
  <thread>1</thread>
  <message>com.kms.katalon.core.exception.StepErrorException: Consumer_Payment_Making.ts:Begin payment is not Clickable</message>
  <exception>
    <message>com.kms.katalon.core.exception.StepErrorException: Consumer_Payment_Making.ts:Begin payment is not Clickable</message>
    <frame>
      <class>com.kms.katalon.core.util.KeywordUtil</class>
      <method>markError</method>
      <line>65</line>
    </frame>
    <frame>
      <class>com.kms.katalon.core.util.KeywordUtil$markError$1</class>
      <method>call</method>
    </frame>
    <frame>
      <class>utilities.SafeActions</class>
      <method>waitUntilClickable</method>
      <line>188</line>
    </frame>
    <frame>
      <class>utilities.SafeActions</class>
      <method>safeClick</method>
      <line>152</line>
    </frame>
    <frame>
      <class>utilities.SafeActions</class>
      <method>invokeMethod</method>
    </frame>
    <frame>
      <class>com.kms.katalon.core.main.CustomKeywordDelegatingMetaClass</class>
      <method>invokeStaticMethod</method>
      <line>50</line>
    </frame>
    <frame>
      <class>TC_004_Echeck_Checking_MultiLine_Payment</class>
      <method>run</method>
      <line>25</line>
    </frame>
    <frame>
      <class>com.kms.katalon.core.main.ScriptEngine</class>
      <method>run</method>
      <line>194</line>
    </frame>
    <frame>
      <class>com.kms.katalon.core.main.ScriptEngine</class>
      <method>runScriptAsRawText</method>
      <line>119</line>
    </frame>
    <frame>
      <class>com.kms.katalon.core.main.TestCaseExecutor</class>
      <method>runScript</method>
      <line>337</line>
    </frame>
    <frame>
      <class>com.kms.katalon.core.main.TestCaseExecutor</class>
      <method>doExecute</method>
      <line>328</line>
    </frame>
    <frame>
      <class>com.kms.katalon.core.main.TestCaseExecutor</class>
      <method>processExecutionPhase</method>
      <line>307</line>
    </frame>
    <frame>
      <class>com.kms.katalon.core.main.TestCaseExecutor</class>
      <method>accessMainPhase</method>
      <line>299</line>
    </frame>
    <frame>
      <class>com.kms.katalon.core.main.TestCaseExecutor</class>
      <method>execute</method>
      <line>233</line>
    </frame>
    <frame>
      <class>com.kms.katalon.core.main.TestSuiteExecutor</class>
      <method>accessTestCaseMainPhase</method>
      <line>169</line>
    </frame>
    <frame>
      <class>com.kms.katalon.core.main.TestSuiteExecutor</class>
      <method>accessTestSuiteMainPhase</method>
      <line>142</line>
    </frame>
    <frame>
      <class>com.kms.katalon.core.main.TestSuiteExecutor</class>
      <method>execute</method>
      <line>91</line>
    </frame>
    <frame>
      <class>com.kms.katalon.core.main.TestCaseMain</class>
      <method>startTestSuite</method>
      <line>157</line>
    </frame>
    <frame>
      <class>com.kms.katalon.core.main.TestCaseMain$startTestSuite$0</class>
      <method>call</method>
    </frame>
    <frame>
      <class>TempTestSuite1572342808940</class>
      <method>run</method>
      <line>35</line>
    </frame>
  </exception>
  <nestedLevel>0</nestedLevel>
  <property name="failed.exception.stacktrace">com.kms.katalon.core.exception.StepErrorException: Consumer_Payment_Making.ts:Begin payment is not Clickable\r\n\tat com.kms.katalon.core.util.KeywordUtil.markError(KeywordUtil.java:65)\r\n\tat com.kms.katalon.core.util.KeywordUtil$markError$1.call(Unknown Source)\r\n\tat utilities.SafeActions.waitUntilClickable(SafeActions.groovy:188)\r\n\tat utilities.SafeActions.safeClick(SafeActions.groovy:152)\r\n\tat utilities.SafeActions.invokeMethod(SafeActions.groovy)\r\n\tat com.kms.katalon.core.main.CustomKeywordDelegatingMetaClass.invokeStaticMethod(CustomKeywordDelegatingMetaClass.java:50)\r\n\tat TC_004_Echeck_Checking_MultiLine_Payment.run(TC_004_Echeck_Checking_MultiLine_Payment:25)\r\n\tat com.kms.katalon.core.main.ScriptEngine.run(ScriptEngine.java:194)\r\n\tat com.kms.katalon.core.main.ScriptEngine.runScriptAsRawText(ScriptEngine.java:119)\r\n\tat com.kms.katalon.core.main.TestCaseExecutor.runScript(TestCaseExecutor.java:337)\r\n\tat com.kms.katalon.core.main.TestCaseExecutor.doExecute(TestCaseExecutor.java:328)\r\n\tat com.kms.katalon.core.main.TestCaseExecutor.processExecutionPhase(TestCaseExecutor.java:307)\r\n\tat com.kms.katalon.core.main.TestCaseExecutor.accessMainPhase(TestCaseExecutor.java:299)\r\n\tat com.kms.katalon.core.main.TestCaseExecutor.execute(TestCaseExecutor.java:233)\r\n\tat com.kms.katalon.core.main.TestSuiteExecutor.accessTestCaseMainPhase(TestSuiteExecutor.java:169)\r\n\tat com.kms.katalon.core.main.TestSuiteExecutor.accessTestSuiteMainPhase(TestSuiteExecutor.java:142)\r\n\tat com.kms.katalon.core.main.TestSuiteExecutor.execute(TestSuiteExecutor.java:91)\r\n\tat com.kms.katalon.core.main.TestCaseMain.startTestSuite(TestCaseMain.java:157)\r\n\tat com.kms.katalon.core.main.TestCaseMain$startTestSuite$0.call(Unknown Source)\r\n\tat TempTestSuite1572342808940.run(TempTestSuite1572342808940.groovy:35)\r\n</property>
  <property name="failed.exception.class">com.kms.katalon.core.exception.StepErrorException</property>
  <property name="failed.exception.message">Consumer_Payment_Making.ts:Begin payment is not Clickable</property>
</record>
<record>
  <date>2019-10-29T05:00:24</date>
  <millis>1572343224746</millis>
  <sequence>428</sequence>
  <level>END</level>
  <class>com.kms.katalon.core.logging.XmlKeywordLogger</class>
  <method>endKeyword</method>
  <thread>1</thread>
  <message>End action : utilities.SafeActions.safeClick(findTestObject(\&amp;quot;MAKE_ PAYMENT/Home_ Page/BEGIN_PAYMENT\&amp;quot;), \&amp;quot;Begin payment\&amp;quot;, [pageLoadTime])</message>
  <nestedLevel>1</nestedLevel>
</record>
<record>
  <date>2019-10-29T05:00:24</date>
  <millis>1572343224747</millis>
  <sequence>429</sequence>
  <level>START</level>
  <class>com.kms.katalon.core.logging.XmlKeywordLogger</class>
  <method>startKeyword</method>
  <thread>1</thread>
  <message>Start action : utilities.SafeActions.safeClick(findTestObject(\&amp;quot;MAKE_ PAYMENT/Home_ Page/NEXT_BUTTON\&amp;quot;), \&amp;quot;Continue\&amp;quot;, [pageLoadTime])</message>
  <nestedLevel>1</nestedLevel>
  <property name="startLine">28</property>
  <property name="stepIndex">4</property>
  <property name="description">Click on &apos;Continue&apos;</property>
</record>
<record>
  <date>2019-10-29T05:00:24</date>
  <millis>1572343224843</millis>
  <sequence>431</sequence>
  <level>INFO</level>
  <class>com.kms.katalon.core.logging.XmlKeywordLogger</class>
  <method>logMessage</method>
  <thread>1</thread>
  <message>safeClicking</message>
  <nestedLevel>1</nestedLevel>
</record>
<record>
  <date>2019-10-29T05:00:24</date>
  <millis>1572343224844</millis>
  <sequence>432</sequence>
  <level>ERROR</level>
  <class>com.kms.katalon.core.logging.XmlKeywordLogger</class>
  <method>logMessage</method>
  <thread>1</thread>
  <message>com.kms.katalon.core.exception.StepErrorException: Consumer_Payment_Making.ts:Continue is not Clickable</message>
  <exception>
    <message>com.kms.katalon.core.exception.StepErrorException: Consumer_Payment_Making.ts:Continue is not Clickable</message>
    <frame>
      <class>com.kms.katalon.core.util.KeywordUtil</class>
      <method>markError</method>
      <line>65</line>
    </frame>
    <frame>
      <class>com.kms.katalon.core.util.KeywordUtil$markError$1</class>
      <method>call</method>
    </frame>
    <frame>
      <class>utilities.SafeActions</class>
      <method>waitUntilClickable</method>
      <line>188</line>
    </frame>
    <frame>
      <class>utilities.SafeActions</class>
      <method>safeClick</method>
      <line>152</line>
    </frame>
    <frame>
      <class>utilities.SafeActions</class>
      <method>invokeMethod</method>
    </frame>
    <frame>
      <class>com.kms.katalon.core.main.CustomKeywordDelegatingMetaClass</class>
      <method>invokeStaticMethod</method>
      <line>50</line>
    </frame>
    <frame>
      <class>TC_004_Echeck_Checking_MultiLine_Payment</class>
      <method>run</method>
      <line>28</line>
    </frame>
    <frame>
      <class>com.kms.katalon.core.main.ScriptEngine</class>
      <method>run</method>
      <line>194</line>
    </frame>
    <frame>
      <class>com.kms.katalon.core.main.ScriptEngine</class>
      <method>runScriptAsRawText</method>
      <line>119</line>
    </frame>
    <frame>
      <class>com.kms.katalon.core.main.TestCaseExecutor</class>
      <method>runScript</method>
      <line>337</line>
    </frame>
    <frame>
      <class>com.kms.katalon.core.main.TestCaseExecutor</class>
      <method>doExecute</method>
      <line>328</line>
    </frame>
    <frame>
      <class>com.kms.katalon.core.main.TestCaseExecutor</class>
      <method>processExecutionPhase</method>
      <line>307</line>
    </frame>
    <frame>
      <class>com.kms.katalon.core.main.TestCaseExecutor</class>
      <method>accessMainPhase</method>
      <line>299</line>
    </frame>
    <frame>
      <class>com.kms.katalon.core.main.TestCaseExecutor</class>
      <method>execute</method>
      <line>233</line>
    </frame>
    <frame>
      <class>com.kms.katalon.core.main.TestSuiteExecutor</class>
      <method>accessTestCaseMainPhase</method>
      <line>169</line>
    </frame>
    <frame>
      <class>com.kms.katalon.core.main.TestSuiteExecutor</class>
      <method>accessTestSuiteMainPhase</method>
      <line>142</line>
    </frame>
    <frame>
      <class>com.kms.katalon.core.main.TestSuiteExecutor</class>
      <method>execute</method>
      <line>91</line>
    </frame>
    <frame>
      <class>com.kms.katalon.core.main.TestCaseMain</class>
      <method>startTestSuite</method>
      <line>157</line>
    </frame>
    <frame>
      <class>com.kms.katalon.core.main.TestCaseMain$startTestSuite$0</class>
      <method>call</method>
    </frame>
    <frame>
      <class>TempTestSuite1572342808940</class>
      <method>run</method>
      <line>35</line>
    </frame>
  </exception>
  <nestedLevel>0</nestedLevel>
  <property name="failed.exception.stacktrace">com.kms.katalon.core.exception.StepErrorException: Consumer_Payment_Making.ts:Continue is not Clickable\r\n\tat com.kms.katalon.core.util.KeywordUtil.markError(KeywordUtil.java:65)\r\n\tat com.kms.katalon.core.util.KeywordUtil$markError$1.call(Unknown Source)\r\n\tat utilities.SafeActions.waitUntilClickable(SafeActions.groovy:188)\r\n\tat utilities.SafeActions.safeClick(SafeActions.groovy:152)\r\n\tat utilities.SafeActions.invokeMethod(SafeActions.groovy)\r\n\tat com.kms.katalon.core.main.CustomKeywordDelegatingMetaClass.invokeStaticMethod(CustomKeywordDelegatingMetaClass.java:50)\r\n\tat TC_004_Echeck_Checking_MultiLine_Payment.run(TC_004_Echeck_Checking_MultiLine_Payment:28)\r\n\tat com.kms.katalon.core.main.ScriptEngine.run(ScriptEngine.java:194)\r\n\tat com.kms.katalon.core.main.ScriptEngine.runScriptAsRawText(ScriptEngine.java:119)\r\n\tat com.kms.katalon.core.main.TestCaseExecutor.runScript(TestCaseExecutor.java:337)\r\n\tat com.kms.katalon.core.main.TestCaseExecutor.doExecute(TestCaseExecutor.java:328)\r\n\tat com.kms.katalon.core.main.TestCaseExecutor.processExecutionPhase(TestCaseExecutor.java:307)\r\n\tat com.kms.katalon.core.main.TestCaseExecutor.accessMainPhase(TestCaseExecutor.java:299)\r\n\tat com.kms.katalon.core.main.TestCaseExecutor.execute(TestCaseExecutor.java:233)\r\n\tat com.kms.katalon.core.main.TestSuiteExecutor.accessTestCaseMainPhase(TestSuiteExecutor.java:169)\r\n\tat com.kms.katalon.core.main.TestSuiteExecutor.accessTestSuiteMainPhase(TestSuiteExecutor.java:142)\r\n\tat com.kms.katalon.core.main.TestSuiteExecutor.execute(TestSuiteExecutor.java:91)\r\n\tat com.kms.katalon.core.main.TestCaseMain.startTestSuite(TestCaseMain.java:157)\r\n\tat com.kms.katalon.core.main.TestCaseMain$startTestSuite$0.call(Unknown Source)\r\n\tat TempTestSuite1572342808940.run(TempTestSuite1572342808940.groovy:35)\r\n</property>
  <property name="failed.exception.class">com.kms.katalon.core.exception.StepErrorException</property>
  <property name="failed.exception.message">Consumer_Payment_Making.ts:Continue is not Clickable</property>
</record>
<record>
  <date>2019-10-29T05:00:24</date>
  <millis>1572343224850</millis>
  <sequence>434</sequence>
  <level>END</level>
  <class>com.kms.katalon.core.logging.XmlKeywordLogger</class>
  <method>endKeyword</method>
  <thread>1</thread>
  <message>End action : utilities.SafeActions.safeClick(findTestObject(\&amp;quot;MAKE_ PAYMENT/Home_ Page/NEXT_BUTTON\&amp;quot;), \&amp;quot;Continue\&amp;quot;, [pageLoadTime])</message>
  <nestedLevel>1</nestedLevel>
</record>
<record>
  <date>2019-10-29T05:00:24</date>
  <millis>1572343224850</millis>
  <sequence>435</sequence>
  <level>START</level>
  <class>com.kms.katalon.core.logging.XmlKeywordLogger</class>
  <method>startKeyword</method>
  <thread>1</thread>
  <message>Start action : utilities.SafeActions.safeCheck(findTestObject(\&amp;quot;MAKE_ PAYMENT/Home_ Page/ELECTRONIC_CHECK\&amp;quot;), \&amp;quot;Echeck\&amp;quot;, [pageLoadTime])</message>
  <nestedLevel>1</nestedLevel>
  <property name="startLine">32</property>
  <property name="stepIndex">5</property>
  <property name="description">Select &apos;Electronic check&apos; radio button</property>
</record>
</log>