<?xml version="1.0" encoding="UTF-8"?>
<testsuites name="Consumer_Payment_Making_Visa" time="145.286" tests="1" failures="0" errors="1">
   <testsuite name="Consumer_Payment_Making_Visa" tests="1" failures="0" errors="1" time="145.286" timestamp="2020-11-20 13:53:01" hostname="admin - SYS8" id="Test Suites/Certpay_testSuite_New/Consumer_Payment_Making_Visa">
      <properties>
         <property name="deviceName" value=""/>
         <property name="devicePlatform" value=""/>
         <property name="logFolder" value="D:\\Sush_Certpay\\Sush_Certpay\\Reports\\20201120_135258\\Certpay_testSuite_New\\Consumer_Payment_Making_Visa\\20201120_135258"/>
         <property name="logFiles" value="D:\\Sush_Certpay\\Sush_Certpay\\Reports\\20201120_135258\\Certpay_testSuite_New\\Consumer_Payment_Making_Visa\\20201120_135258\\execution0.log"/>
         <property name="attachments" value=""/>
         <property name="hostName" value="admin - SYS8"/>
         <property name="os" value="Windows 10 32bit"/>
         <property name="katalonVersion" value="7.1.2.1"/>
         <property name="browser" value="Chrome 86.0.4240.198"/>
         <property name="hostAddress" value="172.31.253.251"/>
         <property name="sessionId" value="5a00aea4781200ff61dd54518b93492e"/>
         <property name="seleniumVersion" value="3.141.59"/>
         <property name="proxyInformation" value="ProxyInformation{proxyOption=NO_PROXY, proxyServerType=HTTP, password=, proxyServerAddress=, proxyServerPort=0, executionList=}"/>
         <property name="platform" value="Windows 10"/>
      </properties>
      <testcase name="Test Cases/Consumer_Make_Payment_New/TC_001_Credit_SingleLine_Payment" time="144.648" classname="Test Cases/Consumer_Make_Payment_New/TC_001_Credit_SingleLine_Payment" status="ERROR">
         <error type="ERROR" message="Test Cases/Consumer_Make_Payment_New/TC_001_Credit_SingleLine_Payment FAILED.
Reason:
groovy.lang.MissingPropertyException: No such property: paymentId for class: Script1605850905059
	at TC_001_Credit_SingleLine_Payment.run(TC_001_Credit_SingleLine_Payment:164)
	at com.kms.katalon.core.main.ScriptEngine.run(ScriptEngine.java:194)
	at com.kms.katalon.core.main.ScriptEngine.runScriptAsRawText(ScriptEngine.java:119)
	at com.kms.katalon.core.main.TestCaseExecutor.runScript(TestCaseExecutor.java:337)
	at com.kms.katalon.core.main.TestCaseExecutor.doExecute(TestCaseExecutor.java:328)
	at com.kms.katalon.core.main.TestCaseExecutor.processExecutionPhase(TestCaseExecutor.java:307)
	at com.kms.katalon.core.main.TestCaseExecutor.accessMainPhase(TestCaseExecutor.java:299)
	at com.kms.katalon.core.main.TestCaseExecutor.execute(TestCaseExecutor.java:233)
	at com.kms.katalon.core.main.TestSuiteExecutor.accessTestCaseMainPhase(TestSuiteExecutor.java:169)
	at com.kms.katalon.core.main.TestSuiteExecutor.accessTestSuiteMainPhase(TestSuiteExecutor.java:142)
	at com.kms.katalon.core.main.TestSuiteExecutor.execute(TestSuiteExecutor.java:91)
	at com.kms.katalon.core.main.TestCaseMain.startTestSuite(TestCaseMain.java:157)
	at com.kms.katalon.core.main.TestCaseMain$startTestSuite$0.call(Unknown Source)
	at TempTestSuite1605860578034.run(TempTestSuite1605860578034.groovy:36)
"/>
         <system-out><![CDATA[2020-11-20 13:53:02 - [TEST_CASE][ERROR] - Test Cases/Consumer_Make_Payment_New/TC_001_Credit_SingleLine_Payment: Test Cases/Consumer_Make_Payment_New/TC_001_Credit_SingleLine_Payment FAILED.
Reason:
groovy.lang.MissingPropertyException: No such property: paymentId for class: Script1605850905059
	at TC_001_Credit_SingleLine_Payment.run(TC_001_Credit_SingleLine_Payment:164)
	at com.kms.katalon.core.main.ScriptEngine.run(ScriptEngine.java:194)
	at com.kms.katalon.core.main.ScriptEngine.runScriptAsRawText(ScriptEngine.java:119)
	at com.kms.katalon.core.main.TestCaseExecutor.runScript(TestCaseExecutor.java:337)
	at com.kms.katalon.core.main.TestCaseExecutor.doExecute(TestCaseExecutor.java:328)
	at com.kms.katalon.core.main.TestCaseExecutor.processExecutionPhase(TestCaseExecutor.java:307)
	at com.kms.katalon.core.main.TestCaseExecutor.accessMainPhase(TestCaseExecutor.java:299)
	at com.kms.katalon.core.main.TestCaseExecutor.execute(TestCaseExecutor.java:233)
	at com.kms.katalon.core.main.TestSuiteExecutor.accessTestCaseMainPhase(TestSuiteExecutor.java:169)
	at com.kms.katalon.core.main.TestSuiteExecutor.accessTestSuiteMainPhase(TestSuiteExecutor.java:142)
	at com.kms.katalon.core.main.TestSuiteExecutor.execute(TestSuiteExecutor.java:91)
	at com.kms.katalon.core.main.TestCaseMain.startTestSuite(TestCaseMain.java:157)
	at com.kms.katalon.core.main.TestCaseMain$startTestSuite$0.call(Unknown Source)
	at TempTestSuite1605860578034.run(TempTestSuite1605860578034.groovy:36)


2020-11-20 13:53:02 - [TEST_STEP][PASSED] - Start listener action : beforeTestCase: null

2020-11-20 13:53:03 - [TEST_STEP][PASSED] - data = findTestData("Data Files/Certpay/SingleBureau_SingleLine_Visa"): null

2020-11-20 13:53:04 - [TEST_STEP][PASSED] - paymentIdList = []: null

2020-11-20 13:53:04 - [TEST_STEP][PASSED] - for (def index : (1..data.getRowNumbers())): null

2020-11-20 13:53:04 - [TEST_STEP][PASSED] - firstName = data.getValue("FirstName", index): null

2020-11-20 13:53:04 - [TEST_STEP][PASSED] - lastName = data.getValue("LastName", index): null

2020-11-20 13:53:04 - [TEST_STEP][PASSED] - expMonth = data.getValue("ExpMonth", index): null

2020-11-20 13:53:04 - [TEST_STEP][PASSED] - expYear = data.getValue("ExpYear", index): null

2020-11-20 13:53:04 - [TEST_STEP][PASSED] - securityCode = data.getValue("SecurityCode", index): null

2020-11-20 13:53:04 - [TEST_STEP][PASSED] - paymentAmount = data.getValue("PaymentAmount", index): null

2020-11-20 13:53:04 - [TEST_STEP][PASSED] - paymentType = data.getValue("PaymentType", index): null

2020-11-20 13:53:04 - [TEST_STEP][PASSED] - quantity = data.getValue("Quantity", index): null

2020-11-20 13:53:04 - [TEST_STEP][PASSED] - comments = data.getValue("Comments", index): null

2020-11-20 13:53:04 - [TEST_STEP][PASSED] - referenceNum = data.getValue("ReferenceNum", index): null

2020-11-20 13:53:04 - [TEST_STEP][PASSED] - address = data.getValue("Address", index): null

2020-11-20 13:53:04 - [TEST_STEP][PASSED] - zipCode = data.getValue("Zipcode", index): null

2020-11-20 13:53:04 - [TEST_STEP][PASSED] - telephone = data.getValue("Telephone", index): null

2020-11-20 13:53:04 - [TEST_STEP][PASSED] - emailAddress = data.getValue("EmailAddress", index): null

2020-11-20 13:53:04 - [TEST_STEP][PASSED] - cardNum = data.getValue("CardNumber", index): null

2020-11-20 13:53:04 - [TEST_STEP][PASSED] - cardType = data.getValue("CardType", index): null

2020-11-20 13:53:04 - [TEST_STEP][PASSED] - utilities.SafeActions.openBrowser(certpay_url, [pageLoadTime]): Browser launched successfully

2020-11-20 13:53:05 - [MESSAGE][INFO] - Opening Browser

2020-11-20 13:53:05 - [MESSAGE][INFO] - Starting 'Chrome' driver

2020-11-20 13:53:05 - [MESSAGE][INFO] - Action delay is set to 0 seconds

2020-11-20 13:53:14 - [MESSAGE][PASSED] - Browser is opened with url: 'https://qa-certpay.faps.net/'

2020-11-20 13:53:16 - [MESSAGE][PASSED] - Current window maximized

2020-11-20 13:53:16 - [MESSAGE][PASSED] - Browser launched successfully

2020-11-20 13:53:16 - [TEST_STEP][PASSED] - utilities.SafeActions.safeType(findTestObject("MAKE_ PAYMENT/Home_ Page/BUREAU_CODE"), bureauCode, "Bureau code", [pageLoadTime]): Consumer_Payment_Making_Visa.ts:Entered'6100000 into Bureau code

2020-11-20 13:53:17 - [MESSAGE][PASSED] - Object 'Object Repository/MAKE_ PAYMENT/Home_ Page/BUREAU_CODE' is present

2020-11-20 13:53:17 - [MESSAGE][PASSED] - Object 'Object Repository/MAKE_ PAYMENT/Home_ Page/BUREAU_CODE' is visible

2020-11-20 13:53:17 - [MESSAGE][PASSED] - Object 'Object Repository/MAKE_ PAYMENT/Home_ Page/BUREAU_CODE' is present

2020-11-20 13:53:19 - [MESSAGE][PASSED] - Text '6100000' is set on object 'Object Repository/MAKE_ PAYMENT/Home_ Page/BUREAU_CODE'

2020-11-20 13:53:19 - [MESSAGE][PASSED] - Consumer_Payment_Making_Visa.ts:Entered'6100000 into Bureau code

2020-11-20 13:53:19 - [TEST_STEP][PASSED] - utilities.SafeActions.safeClick(findTestObject("MAKE_ PAYMENT/Home_ Page/BEGIN_PAYMENT"), "Begin payment", [pageLoadTime]): Consumer_Payment_Making_Visa.ts:Clicked on the Begin payment

2020-11-20 13:53:19 - [MESSAGE][INFO] - safeClicking

2020-11-20 13:53:19 - [MESSAGE][PASSED] - Object 'Object Repository/MAKE_ PAYMENT/Home_ Page/BEGIN_PAYMENT' is present

2020-11-20 13:53:20 - [MESSAGE][PASSED] - Object 'Object Repository/MAKE_ PAYMENT/Home_ Page/BEGIN_PAYMENT' is clickable

2020-11-20 13:53:22 - [MESSAGE][PASSED] - Object: 'Object Repository/MAKE_ PAYMENT/Home_ Page/BEGIN_PAYMENT' is clicked on

2020-11-20 13:53:22 - [MESSAGE][PASSED] - Consumer_Payment_Making_Visa.ts:Clicked on the Begin payment

2020-11-20 13:53:22 - [TEST_STEP][PASSED] - utilities.SafeActions.safeClick(findTestObject("MAKE_ PAYMENT/Home_ Page/CONTINUE"), "Continue", [pageLoadTime]): Consumer_Payment_Making_Visa.ts:Clicked on the Continue

2020-11-20 13:53:22 - [MESSAGE][INFO] - safeClicking

2020-11-20 13:53:23 - [MESSAGE][PASSED] - Object 'Object Repository/MAKE_ PAYMENT/Home_ Page/CONTINUE' is present

2020-11-20 13:53:23 - [MESSAGE][PASSED] - Object 'Object Repository/MAKE_ PAYMENT/Home_ Page/CONTINUE' is clickable

2020-11-20 13:53:27 - [MESSAGE][PASSED] - Object: 'Object Repository/MAKE_ PAYMENT/Home_ Page/CONTINUE' is clicked on

2020-11-20 13:53:27 - [MESSAGE][PASSED] - Consumer_Payment_Making_Visa.ts:Clicked on the Continue

2020-11-20 13:53:27 - [TEST_STEP][PASSED] - utilities.SafeActions.safeCheck(findTestObject("MAKE_ PAYMENT/Home_ Page/BANK_CARD"), "Bank card", [pageLoadTime]): Consumer_Payment_Making_Visa.ts:Checkbox 'Bank card'is selected

2020-11-20 13:53:28 - [MESSAGE][PASSED] - Object 'Object Repository/MAKE_ PAYMENT/Home_ Page/BANK_CARD' is present

2020-11-20 13:53:29 - [MESSAGE][PASSED] - Object 'Object Repository/MAKE_ PAYMENT/Home_ Page/BANK_CARD' is present

2020-11-20 13:53:30 - [MESSAGE][PASSED] - Object: 'Object Repository/MAKE_ PAYMENT/Home_ Page/BANK_CARD' is clicked on

2020-11-20 13:53:30 - [MESSAGE][PASSED] - Consumer_Payment_Making_Visa.ts:Checkbox 'Bank card'is selected

2020-11-20 13:53:30 - [TEST_STEP][PASSED] - pages.Payment_Page.setAmount("1", paymentAmount, "testing", referenceNum): Consumer_Payment_Making_Visa.ts:Entered'testing into Comments

2020-11-20 13:53:31 - [MESSAGE][PASSED] - Object '' is present

2020-11-20 13:53:31 - [MESSAGE][PASSED] - Object '' is visible

2020-11-20 13:53:31 - [MESSAGE][PASSED] - Object '' is present

2020-11-20 13:53:33 - [MESSAGE][PASSED] - Text '20.00' is set on object ''

2020-11-20 13:53:33 - [MESSAGE][PASSED] - Consumer_Payment_Making_Visa.ts:Entered'20.00 into Amount

2020-11-20 13:53:33 - [MESSAGE][PASSED] - Object '' is present

2020-11-20 13:53:33 - [MESSAGE][PASSED] - Object '' is visible

2020-11-20 13:53:34 - [MESSAGE][PASSED] - Object '' is present

2020-11-20 13:53:35 - [MESSAGE][PASSED] - Text '11' is set on object ''

2020-11-20 13:53:35 - [MESSAGE][PASSED] - Consumer_Payment_Making_Visa.ts:Entered'11 into Amount

2020-11-20 13:53:35 - [MESSAGE][PASSED] - Object '' is present

2020-11-20 13:53:36 - [MESSAGE][PASSED] - Object '' is visible

2020-11-20 13:53:36 - [MESSAGE][PASSED] - Object '' is present

2020-11-20 13:53:37 - [MESSAGE][PASSED] - Text 'testing' is set on object ''

2020-11-20 13:53:37 - [MESSAGE][PASSED] - Consumer_Payment_Making_Visa.ts:Entered'testing into Comments

2020-11-20 13:53:37 - [TEST_STEP][PASSED] - waitForPageLoad(0): Wait for page load successfully

2020-11-20 13:53:37 - [MESSAGE][WARNING] - Timeout '0' is invalid. Using default page load timeout: '30'

2020-11-20 13:53:37 - [MESSAGE][PASSED] - Wait for page load successfully

2020-11-20 13:53:37 - [TEST_STEP][PASSED] - utilities.SafeActions.safeSelectOptionInDropdownByVisibleText(findTestObject("MAKE_ PAYMENT/Home_ Page/CARD_TYPE"), cardType, "CardType", [pageLoadTime]): selected dropdown option by visible text  Visafrom CardType

2020-11-20 13:53:38 - [MESSAGE][PASSED] - Object 'Object Repository/MAKE_ PAYMENT/Home_ Page/CARD_TYPE' is visible

2020-11-20 13:53:38 - [MESSAGE][PASSED] - Object 'Object Repository/MAKE_ PAYMENT/Home_ Page/CARD_TYPE' is present

2020-11-20 13:53:39 - [MESSAGE][PASSED] - Object: 'Object Repository/MAKE_ PAYMENT/Home_ Page/CARD_TYPE' is clicked on

2020-11-20 13:53:40 - [MESSAGE][PASSED] - All options with label 'Visa' are selected in object 'Object Repository/MAKE_ PAYMENT/Home_ Page/CARD_TYPE'  using regular expression

2020-11-20 13:53:40 - [MESSAGE][PASSED] - selected dropdown option by visible text  Visafrom CardType

2020-11-20 13:53:40 - [TEST_STEP][PASSED] - utilities.SafeActions.safeSelectOptionInDropdownByVisibleText(findTestObject("MAKE_ PAYMENT/Home_ Page/PAYMENT_TYPE"), paymentType, "Payment Type", [pageLoadTime]): selected dropdown option by visible text  Taxesfrom Payment Type

2020-11-20 13:53:41 - [MESSAGE][PASSED] - Object 'Object Repository/MAKE_ PAYMENT/Home_ Page/PAYMENT_TYPE' is visible

2020-11-20 13:53:41 - [MESSAGE][PASSED] - Object 'Object Repository/MAKE_ PAYMENT/Home_ Page/PAYMENT_TYPE' is present

2020-11-20 13:53:42 - [MESSAGE][PASSED] - Object: 'Object Repository/MAKE_ PAYMENT/Home_ Page/PAYMENT_TYPE' is clicked on

2020-11-20 13:53:43 - [MESSAGE][PASSED] - All options with label 'Taxes' are selected in object 'Object Repository/MAKE_ PAYMENT/Home_ Page/PAYMENT_TYPE'  using regular expression

2020-11-20 13:53:43 - [MESSAGE][PASSED] - selected dropdown option by visible text  Taxesfrom Payment Type

2020-11-20 13:53:43 - [TEST_STEP][PASSED] - utilities.SafeActions.safeClick(findTestObject("MAKE_ PAYMENT/Home_ Page/NEXT_BUTTON"), "Continue", [pageLoadTime]): Consumer_Payment_Making_Visa.ts:Clicked on the Continue

2020-11-20 13:53:43 - [MESSAGE][INFO] - safeClicking

2020-11-20 13:53:44 - [MESSAGE][PASSED] - Object 'Object Repository/MAKE_ PAYMENT/Home_ Page/NEXT_BUTTON' is present

2020-11-20 13:53:44 - [MESSAGE][PASSED] - Object 'Object Repository/MAKE_ PAYMENT/Home_ Page/NEXT_BUTTON' is clickable

2020-11-20 13:53:47 - [MESSAGE][PASSED] - Object: 'Object Repository/MAKE_ PAYMENT/Home_ Page/NEXT_BUTTON' is clicked on

2020-11-20 13:53:47 - [MESSAGE][PASSED] - Consumer_Payment_Making_Visa.ts:Clicked on the Continue

2020-11-20 13:53:47 - [TEST_STEP][PASSED] - pages.Payment_Page.setPersonalDetails(firstName, lastName, telephone): Consumer_Payment_Making_Visa.ts:Entered'9988776655 into Telephone

2020-11-20 13:53:49 - [MESSAGE][PASSED] - Object 'Object Repository/MAKE_ PAYMENT/Consumer_Personal_ Details/FIRST_NAME' is present

2020-11-20 13:53:49 - [MESSAGE][PASSED] - Object 'Object Repository/MAKE_ PAYMENT/Consumer_Personal_ Details/FIRST_NAME' is visible

2020-11-20 13:53:50 - [MESSAGE][PASSED] - Object 'Object Repository/MAKE_ PAYMENT/Consumer_Personal_ Details/FIRST_NAME' is present

2020-11-20 13:53:51 - [MESSAGE][PASSED] - Text 'Tester' is set on object 'Object Repository/MAKE_ PAYMENT/Consumer_Personal_ Details/FIRST_NAME'

2020-11-20 13:53:51 - [MESSAGE][PASSED] - Consumer_Payment_Making_Visa.ts:Entered'Tester into FirstName

2020-11-20 13:53:51 - [MESSAGE][PASSED] - Object 'Object Repository/MAKE_ PAYMENT/Consumer_Personal_ Details/LAST_NAME' is present

2020-11-20 13:53:52 - [MESSAGE][PASSED] - Object 'Object Repository/MAKE_ PAYMENT/Consumer_Personal_ Details/LAST_NAME' is visible

2020-11-20 13:53:52 - [MESSAGE][PASSED] - Object 'Object Repository/MAKE_ PAYMENT/Consumer_Personal_ Details/LAST_NAME' is present

2020-11-20 13:53:53 - [MESSAGE][PASSED] - Text 'Zenq1' is set on object 'Object Repository/MAKE_ PAYMENT/Consumer_Personal_ Details/LAST_NAME'

2020-11-20 13:53:53 - [MESSAGE][PASSED] - Consumer_Payment_Making_Visa.ts:Entered'Zenq1 into LastName

2020-11-20 13:53:53 - [MESSAGE][PASSED] - Object 'Object Repository/MAKE_ PAYMENT/Consumer_Personal_ Details/TELEPHONE' is present

2020-11-20 13:53:54 - [MESSAGE][PASSED] - Object 'Object Repository/MAKE_ PAYMENT/Consumer_Personal_ Details/TELEPHONE' is visible

2020-11-20 13:53:54 - [MESSAGE][PASSED] - Object 'Object Repository/MAKE_ PAYMENT/Consumer_Personal_ Details/TELEPHONE' is present

2020-11-20 13:53:55 - [MESSAGE][PASSED] - Text '9988776655' is set on object 'Object Repository/MAKE_ PAYMENT/Consumer_Personal_ Details/TELEPHONE'

2020-11-20 13:53:55 - [MESSAGE][PASSED] - Consumer_Payment_Making_Visa.ts:Entered'9988776655 into Telephone

2020-11-20 13:53:55 - [TEST_STEP][PASSED] - pages.Payment_Page.setLocationDetails(address, zipCode): Consumer_Payment_Making_Visa.ts:Entered'76102 into ZipCode

2020-11-20 13:53:56 - [MESSAGE][PASSED] - Object 'Object Repository/MAKE_ PAYMENT/Consumer_Personal_ Details/ADDRESS' is present

2020-11-20 13:53:56 - [MESSAGE][PASSED] - Object 'Object Repository/MAKE_ PAYMENT/Consumer_Personal_ Details/ADDRESS' is visible

2020-11-20 13:53:56 - [MESSAGE][PASSED] - Object 'Object Repository/MAKE_ PAYMENT/Consumer_Personal_ Details/ADDRESS' is present

2020-11-20 13:53:57 - [MESSAGE][PASSED] - Text '14-2' is set on object 'Object Repository/MAKE_ PAYMENT/Consumer_Personal_ Details/ADDRESS'

2020-11-20 13:53:57 - [MESSAGE][PASSED] - Consumer_Payment_Making_Visa.ts:Entered'14-2 into Address

2020-11-20 13:53:58 - [MESSAGE][PASSED] - Object 'Object Repository/MAKE_ PAYMENT/Consumer_Personal_ Details/ZIP_CODE' is present

2020-11-20 13:53:58 - [MESSAGE][PASSED] - Object 'Object Repository/MAKE_ PAYMENT/Consumer_Personal_ Details/ZIP_CODE' is visible

2020-11-20 13:53:58 - [MESSAGE][PASSED] - Object 'Object Repository/MAKE_ PAYMENT/Consumer_Personal_ Details/ZIP_CODE' is present

2020-11-20 13:54:00 - [MESSAGE][PASSED] - Text '76102' is set on object 'Object Repository/MAKE_ PAYMENT/Consumer_Personal_ Details/ZIP_CODE'

2020-11-20 13:54:00 - [MESSAGE][PASSED] - Consumer_Payment_Making_Visa.ts:Entered'76102 into ZipCode

2020-11-20 13:54:00 - [TEST_STEP][PASSED] - waitForElementClickable(findTestObject("MAKE_ PAYMENT/Home_ Page/CONTINUE"), 30): Object 'Object Repository/MAKE_ PAYMENT/Home_ Page/CONTINUE' is clickable

2020-11-20 13:54:00 - [MESSAGE][PASSED] - Object 'Object Repository/MAKE_ PAYMENT/Home_ Page/CONTINUE' is clickable

2020-11-20 13:54:00 - [TEST_STEP][PASSED] - pages.Payment_Page.clickOnElement(findTestObject("MAKE_ PAYMENT/Home_ Page/CONTINUE")): pages.Payment_Page.clickOnElement is PASSED

2020-11-20 13:54:03 - [MESSAGE][PASSED] - Execute JavaScript 'arguments[0].click()' successfully

2020-11-20 13:54:03 - [MESSAGE][PASSED] - pages.Payment_Page.clickOnElement is PASSED

2020-11-20 13:54:03 - [TEST_STEP][PASSED] - waitForElementClickable(findTestObject("MAKE_ PAYMENT/Consumer_Personal_ Details/CheckBox"), 30): Object 'Object Repository/MAKE_ PAYMENT/Consumer_Personal_ Details/CheckBox' is clickable

2020-11-20 13:54:05 - [MESSAGE][PASSED] - Object 'Object Repository/MAKE_ PAYMENT/Consumer_Personal_ Details/CheckBox' is clickable

2020-11-20 13:54:05 - [TEST_STEP][PASSED] - utilities.SafeActions.safeCheck(findTestObject("MAKE_ PAYMENT/Consumer_Personal_ Details/CheckBox"), "Billing CheckBox", [pageLoadTime]): Consumer_Payment_Making_Visa.ts:Checkbox 'Billing CheckBox'is selected

2020-11-20 13:54:05 - [MESSAGE][PASSED] - Object 'Object Repository/MAKE_ PAYMENT/Consumer_Personal_ Details/CheckBox' is present

2020-11-20 13:54:06 - [MESSAGE][PASSED] - Object 'Object Repository/MAKE_ PAYMENT/Consumer_Personal_ Details/CheckBox' is present

2020-11-20 13:54:08 - [MESSAGE][PASSED] - Object: 'Object Repository/MAKE_ PAYMENT/Consumer_Personal_ Details/CheckBox' is clicked on

2020-11-20 13:54:08 - [MESSAGE][PASSED] - Consumer_Payment_Making_Visa.ts:Checkbox 'Billing CheckBox'is selected

2020-11-20 13:54:08 - [TEST_STEP][PASSED] - waitForPageLoad(2): Wait for page load successfully

2020-11-20 13:54:09 - [MESSAGE][PASSED] - Wait for page load successfully

2020-11-20 13:54:09 - [TEST_STEP][PASSED] - utilities.SafeActions.safeClick(findTestObject("MAKE_ PAYMENT/Home_ Page/CONTINUE"), "Continue", [pageLoadTime]): Consumer_Payment_Making_Visa.ts:Clicked on the Continue

2020-11-20 13:54:09 - [MESSAGE][INFO] - safeClicking

2020-11-20 13:54:10 - [MESSAGE][PASSED] - Object 'Object Repository/MAKE_ PAYMENT/Home_ Page/CONTINUE' is present

2020-11-20 13:54:10 - [MESSAGE][PASSED] - Object 'Object Repository/MAKE_ PAYMENT/Home_ Page/CONTINUE' is clickable

2020-11-20 13:54:14 - [MESSAGE][PASSED] - Object: 'Object Repository/MAKE_ PAYMENT/Home_ Page/CONTINUE' is clicked on

2020-11-20 13:54:14 - [MESSAGE][PASSED] - Consumer_Payment_Making_Visa.ts:Clicked on the Continue

2020-11-20 13:54:14 - [TEST_STEP][PASSED] - delay(2): Delayed 2 second(s)

2020-11-20 13:54:16 - [MESSAGE][PASSED] - Delayed 2 second(s)

2020-11-20 13:54:16 - [TEST_STEP][PASSED] - pages.Payment_Page.setCardDetails(cardNum, securityCode, expYear, expMonth): Actual text '4532815899708200' and expected text '4532815899708200' are matched  using regular expression

2020-11-20 13:54:16 - [MESSAGE][PASSED] - Object 'Object Repository/MAKE_ PAYMENT/Consumer_Personal_ Details/CARD_NUM' is present

2020-11-20 13:54:16 - [MESSAGE][PASSED] - Object 'Object Repository/MAKE_ PAYMENT/Consumer_Personal_ Details/CARD_NUM' is visible

2020-11-20 13:54:17 - [MESSAGE][PASSED] - Object 'Object Repository/MAKE_ PAYMENT/Consumer_Personal_ Details/CARD_NUM' is present

2020-11-20 13:54:18 - [MESSAGE][PASSED] - Text '4532815899708200' is set on object 'Object Repository/MAKE_ PAYMENT/Consumer_Personal_ Details/CARD_NUM'

2020-11-20 13:54:18 - [MESSAGE][PASSED] - Consumer_Payment_Making_Visa.ts:Entered'4532815899708200 into CardNum

2020-11-20 13:54:18 - [MESSAGE][PASSED] - Object 'Object Repository/MAKE_ PAYMENT/Consumer_Personal_ Details/EXP_MONTH' is visible

2020-11-20 13:54:19 - [MESSAGE][PASSED] - Object 'Object Repository/MAKE_ PAYMENT/Consumer_Personal_ Details/EXP_MONTH' is present

2020-11-20 13:54:20 - [MESSAGE][PASSED] - Object: 'Object Repository/MAKE_ PAYMENT/Consumer_Personal_ Details/EXP_MONTH' is clicked on

2020-11-20 13:54:21 - [MESSAGE][PASSED] - All options with label '03' are selected in object 'Object Repository/MAKE_ PAYMENT/Consumer_Personal_ Details/EXP_MONTH'  using regular expression

2020-11-20 13:54:21 - [MESSAGE][PASSED] - selected dropdown option by visible text  03from Month

2020-11-20 13:54:22 - [MESSAGE][PASSED] - Object 'Object Repository/MAKE_ PAYMENT/Consumer_Personal_ Details/EXP_YEAR' is visible

2020-11-20 13:54:22 - [MESSAGE][PASSED] - Object 'Object Repository/MAKE_ PAYMENT/Consumer_Personal_ Details/EXP_YEAR' is present

2020-11-20 13:54:23 - [MESSAGE][PASSED] - Object: 'Object Repository/MAKE_ PAYMENT/Consumer_Personal_ Details/EXP_YEAR' is clicked on

2020-11-20 13:54:24 - [MESSAGE][PASSED] - All options with label '2022' are selected in object 'Object Repository/MAKE_ PAYMENT/Consumer_Personal_ Details/EXP_YEAR'  using regular expression

2020-11-20 13:54:24 - [MESSAGE][PASSED] - selected dropdown option by visible text  2022from year

2020-11-20 13:54:25 - [MESSAGE][PASSED] - Object 'Object Repository/MAKE_ PAYMENT/Consumer_Personal_ Details/SECURITY_CODE' is present

2020-11-20 13:54:25 - [MESSAGE][PASSED] - Object 'Object Repository/MAKE_ PAYMENT/Consumer_Personal_ Details/SECURITY_CODE' is visible

2020-11-20 13:54:25 - [MESSAGE][PASSED] - Object 'Object Repository/MAKE_ PAYMENT/Consumer_Personal_ Details/SECURITY_CODE' is present

2020-11-20 13:54:27 - [MESSAGE][PASSED] - Text '207' is set on object 'Object Repository/MAKE_ PAYMENT/Consumer_Personal_ Details/SECURITY_CODE'

2020-11-20 13:54:27 - [MESSAGE][PASSED] - Consumer_Payment_Making_Visa.ts:Entered'207 into SecurityCode

2020-11-20 13:54:27 - [MESSAGE][PASSED] - Attribute 'value' of object 'Object Repository/MAKE_ PAYMENT/Consumer_Personal_ Details/CARD_NUM' is: '4532815899708200'

2020-11-20 13:54:27 - [MESSAGE][PASSED] - Actual text '4532815899708200' and expected text '4532815899708200' are matched  using regular expression

2020-11-20 13:54:27 - [TEST_STEP][PASSED] - utilities.SafeActions.safeType(findTestObject("MAKE_ PAYMENT/Consumer_Personal_ Details/EMAIL_ADDRESS"), emailAddress, "EmailAddress", [pageLoadTime]): Consumer_Payment_Making_Visa.ts:Entered'testing@zenq.com into EmailAddress

2020-11-20 13:54:27 - [MESSAGE][PASSED] - Object 'Object Repository/MAKE_ PAYMENT/Consumer_Personal_ Details/EMAIL_ADDRESS' is present

2020-11-20 13:54:28 - [MESSAGE][PASSED] - Object 'Object Repository/MAKE_ PAYMENT/Consumer_Personal_ Details/EMAIL_ADDRESS' is visible

2020-11-20 13:54:28 - [MESSAGE][PASSED] - Object 'Object Repository/MAKE_ PAYMENT/Consumer_Personal_ Details/EMAIL_ADDRESS' is present

2020-11-20 13:54:29 - [MESSAGE][PASSED] - Text 'testing@zenq.com' is set on object 'Object Repository/MAKE_ PAYMENT/Consumer_Personal_ Details/EMAIL_ADDRESS'

2020-11-20 13:54:29 - [MESSAGE][PASSED] - Consumer_Payment_Making_Visa.ts:Entered'testing@zenq.com into EmailAddress

2020-11-20 13:54:29 - [TEST_STEP][PASSED] - utilities.SafeActions.safeClick(findTestObject("MAKE_ PAYMENT/Home_ Page/CONTINUE"), "Continue", [pageLoadTime]): Consumer_Payment_Making_Visa.ts:Clicked on the Continue

2020-11-20 13:54:29 - [MESSAGE][INFO] - safeClicking

2020-11-20 13:54:30 - [MESSAGE][PASSED] - Object 'Object Repository/MAKE_ PAYMENT/Home_ Page/CONTINUE' is present

2020-11-20 13:54:30 - [MESSAGE][PASSED] - Object 'Object Repository/MAKE_ PAYMENT/Home_ Page/CONTINUE' is clickable

2020-11-20 13:54:33 - [MESSAGE][PASSED] - Object: 'Object Repository/MAKE_ PAYMENT/Home_ Page/CONTINUE' is clicked on

2020-11-20 13:54:33 - [MESSAGE][PASSED] - Consumer_Payment_Making_Visa.ts:Clicked on the Continue

2020-11-20 13:54:33 - [TEST_STEP][PASSED] - utilities.SafeActions.safeClick(findTestObject("MAKE_ PAYMENT/Consumer_Personal_ Details/I_AGREE"), "I agree", [pageLoadTime]): Consumer_Payment_Making_Visa.ts:Clicked on the I agree

2020-11-20 13:54:33 - [MESSAGE][INFO] - safeClicking

2020-11-20 13:54:35 - [MESSAGE][PASSED] - Object 'Object Repository/MAKE_ PAYMENT/Consumer_Personal_ Details/I_AGREE' is present

2020-11-20 13:54:35 - [MESSAGE][PASSED] - Object 'Object Repository/MAKE_ PAYMENT/Consumer_Personal_ Details/I_AGREE' is clickable

2020-11-20 13:54:39 - [MESSAGE][PASSED] - Object: 'Object Repository/MAKE_ PAYMENT/Consumer_Personal_ Details/I_AGREE' is clicked on

2020-11-20 13:54:39 - [MESSAGE][PASSED] - Consumer_Payment_Making_Visa.ts:Clicked on the I agree

2020-11-20 13:54:39 - [TEST_STEP][PASSED] - pages.Payment_Page.verifyUserDetails(firstName, lastName, emailAddress, cardType, ""): CardType matched

2020-11-20 13:54:40 - [MESSAGE][PASSED] - Scroll to object 'Object Repository/MAKE_ PAYMENT/Verification_ Details/FIRST_NAME' successfully

2020-11-20 13:54:41 - [MESSAGE][PASSED] - Text of object 'Object Repository/MAKE_ PAYMENT/Verification_ Details/FIRST_NAME' is: 'Tester'

2020-11-20 13:54:41 - [MESSAGE][PASSED] - Actual text 'Tester' and expected text 'Tester' are matched  using regular expression

2020-11-20 13:54:41 - [MESSAGE][PASSED] - Text of object 'Object Repository/MAKE_ PAYMENT/Verification_ Details/LAST_NAME' is: 'Zenq1'

2020-11-20 13:54:41 - [MESSAGE][PASSED] - Actual text 'Zenq1' and expected text 'Zenq1' are matched  using regular expression

2020-11-20 13:54:43 - [MESSAGE][PASSED] - Text of object 'Object Repository/MAKE_ PAYMENT/Verification_ Details/EMAIL_ADDRESS' is: 'testing@zenq.com'

2020-11-20 13:54:43 - [MESSAGE][PASSED] - Actual text 'testing@zenq.com' and expected text 'testing@zenq.com' are matched  using regular expression

2020-11-20 13:54:44 - [MESSAGE][PASSED] - Text of object 'Object Repository/MAKE_ PAYMENT/Verification_ Details/CARD_TYPE' is: 'Visa'

2020-11-20 13:54:44 - [MESSAGE][PASSED] - Actual text 'Visa' and expected text 'Visa' are matched  using regular expression

2020-11-20 13:54:44 - [MESSAGE][PASSED] - CardType matched

2020-11-20 13:54:44 - [TEST_STEP][PASSED] - utilities.SafeActions.safeClick(findTestObject("MAKE_ PAYMENT/Verification_ Details/PROCESS_PAYMENT"), "Process Payment", [pageLoadTime]): Consumer_Payment_Making_Visa.ts:Clicked on the Process Payment

2020-11-20 13:54:44 - [MESSAGE][INFO] - safeClicking

2020-11-20 13:54:44 - [MESSAGE][PASSED] - Object 'Object Repository/MAKE_ PAYMENT/Verification_ Details/PROCESS_PAYMENT' is present

2020-11-20 13:54:44 - [MESSAGE][PASSED] - Object 'Object Repository/MAKE_ PAYMENT/Verification_ Details/PROCESS_PAYMENT' is clickable

2020-11-20 13:54:46 - [MESSAGE][PASSED] - Object: 'Object Repository/MAKE_ PAYMENT/Verification_ Details/PROCESS_PAYMENT' is clicked on

2020-11-20 13:54:46 - [MESSAGE][PASSED] - Consumer_Payment_Making_Visa.ts:Clicked on the Process Payment

2020-11-20 13:54:46 - [TEST_STEP][PASSED] - utilities.SafeActions.safeClick(findTestObject("MAKE_ PAYMENT/Verification_ Details/YES_BUTTON"), "yes button", [pageLoadTime]): Consumer_Payment_Making_Visa.ts:Clicked on the yes button

2020-11-20 13:54:46 - [MESSAGE][INFO] - safeClicking

2020-11-20 13:54:46 - [MESSAGE][PASSED] - Object 'Object Repository/MAKE_ PAYMENT/Verification_ Details/YES_BUTTON' is present

2020-11-20 13:54:47 - [MESSAGE][PASSED] - Object 'Object Repository/MAKE_ PAYMENT/Verification_ Details/YES_BUTTON' is clickable

2020-11-20 13:54:52 - [MESSAGE][PASSED] - Object: 'Object Repository/MAKE_ PAYMENT/Verification_ Details/YES_BUTTON' is clicked on

2020-11-20 13:54:52 - [MESSAGE][PASSED] - Consumer_Payment_Making_Visa.ts:Clicked on the yes button

2020-11-20 13:54:52 - [TEST_STEP][PASSED] - PaymentId = pages.Payment_Page.verifyCardPaymentApproval(referenceNum): pages.Payment_Page.verifyCardPaymentApproval is PASSED

2020-11-20 13:54:54 - [MESSAGE][PASSED] - Text of object 'Object Repository/MAKE_ PAYMENT/Verification_ Details/PAY_ID_CARD' is: '100176144912'

2020-11-20 13:54:57 - [MESSAGE][PASSED] - Text of object 'Object Repository/MAKE_ PAYMENT/Verification_ Details/REFERENCE_NUM' is: '11'

2020-11-20 13:54:57 - [MESSAGE][PASSED] - pages.Payment_Page.verifyCardPaymentApproval is PASSED

2020-11-20 13:54:57 - [TEST_STEP][PASSED] - utilities.SafeActions.safeClick(findTestObject("SEARCH_PAYMENT/SEARCH_PAYMENT"), "Search Payment", [pageLoadTime]): Consumer_Payment_Making_Visa.ts:Clicked on the Search Payment

2020-11-20 13:54:57 - [MESSAGE][INFO] - safeClicking

2020-11-20 13:54:57 - [MESSAGE][PASSED] - Object 'Object Repository/SEARCH_PAYMENT/SEARCH_PAYMENT' is present

2020-11-20 13:54:58 - [MESSAGE][PASSED] - Object 'Object Repository/SEARCH_PAYMENT/SEARCH_PAYMENT' is clickable

2020-11-20 13:54:59 - [MESSAGE][PASSED] - Object: 'Object Repository/SEARCH_PAYMENT/SEARCH_PAYMENT' is clicked on

2020-11-20 13:54:59 - [MESSAGE][PASSED] - Consumer_Payment_Making_Visa.ts:Clicked on the Search Payment

2020-11-20 13:54:59 - [TEST_STEP][PASSED] - waitForPageLoad(10): Wait for page load successfully

2020-11-20 13:54:59 - [MESSAGE][PASSED] - Wait for page load successfully

2020-11-20 13:54:59 - [TEST_STEP][PASSED] - pages.Search_Page.switchToWindow(): pages.Search_Page.switchToWindow is PASSED

2020-11-20 13:55:01 - [MESSAGE][PASSED] - Object: 'Object Repository/SEARCH_PAYMENT/SEARCH_PAYMENT' is clicked on

2020-11-20 13:55:01 - [MESSAGE][PASSED] - Switched to window with index: '1'

2020-11-20 13:55:01 - [MESSAGE][PASSED] - pages.Search_Page.switchToWindow is PASSED

2020-11-20 13:55:01 - [TEST_STEP][PASSED] - waitForElementClickable(findTestObject("SEARCH_PAYMENT/CREDIT_OR_DEBIT_CARD"), 0): Object 'Object Repository/SEARCH_PAYMENT/CREDIT_OR_DEBIT_CARD' is clickable

2020-11-20 13:55:01 - [MESSAGE][WARNING] - Timeout '0' is invalid. Using default page load timeout: '30'

2020-11-20 13:55:03 - [MESSAGE][PASSED] - Object 'Object Repository/SEARCH_PAYMENT/CREDIT_OR_DEBIT_CARD' is clickable

2020-11-20 13:55:03 - [TEST_STEP][PASSED] - utilities.SafeActions.safeCheck(findTestObject("SEARCH_PAYMENT/CREDIT_OR_DEBIT_CARD"), "Credit card", [pageLoadTime]): Consumer_Payment_Making_Visa.ts:Checkbox 'Credit card'is selected

2020-11-20 13:55:04 - [MESSAGE][PASSED] - Object 'Object Repository/SEARCH_PAYMENT/CREDIT_OR_DEBIT_CARD' is present

2020-11-20 13:55:05 - [MESSAGE][PASSED] - Object 'Object Repository/SEARCH_PAYMENT/CREDIT_OR_DEBIT_CARD' is present

2020-11-20 13:55:06 - [MESSAGE][PASSED] - Object: 'Object Repository/SEARCH_PAYMENT/CREDIT_OR_DEBIT_CARD' is clicked on

2020-11-20 13:55:06 - [MESSAGE][PASSED] - Consumer_Payment_Making_Visa.ts:Checkbox 'Credit card'is selected

2020-11-20 13:55:06 - [TEST_STEP][PASSED] - pages.Search_Page.setSearchDetails(lastName, cardNum, accNum): Credit card is checked and cardNum is entered 

2020-11-20 13:55:07 - [MESSAGE][PASSED] - Object 'Object Repository/SEARCH_PAYMENT/BILLING_LAST_NAME' is present

2020-11-20 13:55:07 - [MESSAGE][PASSED] - Object 'Object Repository/SEARCH_PAYMENT/BILLING_LAST_NAME' is visible

2020-11-20 13:55:07 - [MESSAGE][PASSED] - Object 'Object Repository/SEARCH_PAYMENT/BILLING_LAST_NAME' is present

2020-11-20 13:55:08 - [MESSAGE][PASSED] - Text 'Zenq1' is set on object 'Object Repository/SEARCH_PAYMENT/BILLING_LAST_NAME'

2020-11-20 13:55:08 - [MESSAGE][PASSED] - Consumer_Payment_Making_Visa.ts:Entered'Zenq1 into LastName

2020-11-20 13:55:09 - [MESSAGE][PASSED] - Object 'Object Repository/SEARCH_PAYMENT/CREDIT_OR_DEBIT_CARD' is checked

2020-11-20 13:55:09 - [MESSAGE][PASSED] - Object 'Object Repository/SEARCH_PAYMENT/CARD_NUMBER' is present

2020-11-20 13:55:09 - [MESSAGE][PASSED] - Object 'Object Repository/SEARCH_PAYMENT/CARD_NUMBER' is visible

2020-11-20 13:55:10 - [MESSAGE][PASSED] - Object 'Object Repository/SEARCH_PAYMENT/CARD_NUMBER' is present

2020-11-20 13:55:11 - [MESSAGE][PASSED] - Text '4532815899708200' is set on object 'Object Repository/SEARCH_PAYMENT/CARD_NUMBER'

2020-11-20 13:55:11 - [MESSAGE][PASSED] - Consumer_Payment_Making_Visa.ts:Entered'4532815899708200 into CArdNum

2020-11-20 13:55:11 - [MESSAGE][PASSED] - Credit card is checked and cardNum is entered 

2020-11-20 13:55:11 - [TEST_STEP][PASSED] - utilities.SafeActions.safeClick(findTestObject("SEARCH_PAYMENT/SEARCH_BUTTON"), "Search", [pageLoadTime]): Consumer_Payment_Making_Visa.ts:Clicked on the Search

2020-11-20 13:55:11 - [MESSAGE][INFO] - safeClicking

2020-11-20 13:55:11 - [MESSAGE][PASSED] - Object 'Object Repository/SEARCH_PAYMENT/SEARCH_BUTTON' is present

2020-11-20 13:55:12 - [MESSAGE][PASSED] - Object 'Object Repository/SEARCH_PAYMENT/SEARCH_BUTTON' is clickable

2020-11-20 13:55:15 - [MESSAGE][PASSED] - Object: 'Object Repository/SEARCH_PAYMENT/SEARCH_BUTTON' is clicked on

2020-11-20 13:55:15 - [MESSAGE][PASSED] - Consumer_Payment_Making_Visa.ts:Clicked on the Search

2020-11-20 13:55:15 - [TEST_STEP][PASSED] - pages.Payment_Page.verifyPaymentDetailsInReceipt(PaymentId): pages.Payment_Page.verifyPaymentDetailsInReceipt is PASSED

2020-11-20 13:55:17 - [MESSAGE][PASSED] - Text of object 'Object Repository/SEARCH_PAYMENT/REFERNCE_NUM' is: '11'

2020-11-20 13:55:17 - [MESSAGE][PASSED] - Text of object 'Object Repository/SEARCH_PAYMENT/PAYMENT_ID' is: '100176144912'

2020-11-20 13:55:17 - [MESSAGE][PASSED] - pages.Payment_Page.verifyPaymentDetailsInReceipt is PASSED

2020-11-20 13:55:17 - [TEST_STEP][PASSED] - utilities.SafeActions.safeClick(findTestObject("SEARCH_PAYMENT/SEARCH_ ICON"), "SearchIcon", [pageLoadTime]): Consumer_Payment_Making_Visa.ts:Clicked on the SearchIcon

2020-11-20 13:55:17 - [MESSAGE][INFO] - safeClicking

2020-11-20 13:55:18 - [MESSAGE][PASSED] - Object 'Object Repository/SEARCH_PAYMENT/SEARCH_ ICON' is present

2020-11-20 13:55:18 - [MESSAGE][PASSED] - Object 'Object Repository/SEARCH_PAYMENT/SEARCH_ ICON' is clickable

2020-11-20 13:55:19 - [MESSAGE][PASSED] - Object: 'Object Repository/SEARCH_PAYMENT/SEARCH_ ICON' is clicked on

2020-11-20 13:55:19 - [MESSAGE][PASSED] - Consumer_Payment_Making_Visa.ts:Clicked on the SearchIcon

2020-11-20 13:55:19 - [TEST_STEP][PASSED] - delay(2): Delayed 2 second(s)

2020-11-20 13:55:21 - [MESSAGE][PASSED] - Delayed 2 second(s)

2020-11-20 13:55:21 - [TEST_STEP][PASSED] - scrollToElement(findTestObject("SEARCH_PAYMENT/CLOSE_BUTTON"), 0): Scroll to object 'Object Repository/SEARCH_PAYMENT/CLOSE_BUTTON' successfully

2020-11-20 13:55:21 - [MESSAGE][WARNING] - Timeout '0' is invalid. Using default page load timeout: '30'

2020-11-20 13:55:21 - [MESSAGE][PASSED] - Scroll to object 'Object Repository/SEARCH_PAYMENT/CLOSE_BUTTON' successfully

2020-11-20 13:55:21 - [TEST_STEP][PASSED] - utilities.SafeActions.safeClick(findTestObject("SEARCH_PAYMENT/EMAIL_ RECEIPT"), "Email Receipt", [pageLoadTime]): Consumer_Payment_Making_Visa.ts:Clicked on the Email Receipt

2020-11-20 13:55:21 - [MESSAGE][INFO] - safeClicking

2020-11-20 13:55:22 - [MESSAGE][PASSED] - Object 'Object Repository/SEARCH_PAYMENT/EMAIL_ RECEIPT' is present

2020-11-20 13:55:22 - [MESSAGE][PASSED] - Object 'Object Repository/SEARCH_PAYMENT/EMAIL_ RECEIPT' is clickable

2020-11-20 13:55:23 - [MESSAGE][PASSED] - Object: 'Object Repository/SEARCH_PAYMENT/EMAIL_ RECEIPT' is clicked on

2020-11-20 13:55:23 - [MESSAGE][PASSED] - Consumer_Payment_Making_Visa.ts:Clicked on the Email Receipt

2020-11-20 13:55:23 - [TEST_STEP][PASSED] - utilities.SafeActions.safeClick(findTestObject("SEARCH_PAYMENT/SEND_ EMAIL_BUTTON"), "Send Email", [pageLoadTime]): Consumer_Payment_Making_Visa.ts:Clicked on the Send Email

2020-11-20 13:55:23 - [MESSAGE][INFO] - safeClicking

2020-11-20 13:55:24 - [MESSAGE][PASSED] - Object 'Object Repository/SEARCH_PAYMENT/SEND_ EMAIL_BUTTON' is present

2020-11-20 13:55:24 - [MESSAGE][PASSED] - Object 'Object Repository/SEARCH_PAYMENT/SEND_ EMAIL_BUTTON' is clickable

2020-11-20 13:55:26 - [MESSAGE][PASSED] - Object: 'Object Repository/SEARCH_PAYMENT/SEND_ EMAIL_BUTTON' is clicked on

2020-11-20 13:55:26 - [MESSAGE][PASSED] - Consumer_Payment_Making_Visa.ts:Clicked on the Send Email

2020-11-20 13:55:26 - [TEST_STEP][PASSED] - paymentIdList.add(paymentId): null

2020-11-20 13:55:26 - [TEST_STEP][PASSED] - Start listener action : afterTestCase: Browser is closed

2020-11-20 13:55:26 - [TEST_STEP][PASSED] - closeBrowser(): Browser is closed

2020-11-20 13:55:26 - [MESSAGE][PASSED] - Browser is closed]]></system-out>
         <system-err><![CDATA[2020-11-20 13:53:02 - [TEST_CASE][ERROR] - Test Cases/Consumer_Make_Payment_New/TC_001_Credit_SingleLine_Payment: Test Cases/Consumer_Make_Payment_New/TC_001_Credit_SingleLine_Payment FAILED.
Reason:
groovy.lang.MissingPropertyException: No such property: paymentId for class: Script1605850905059
	at TC_001_Credit_SingleLine_Payment.run(TC_001_Credit_SingleLine_Payment:164)
	at com.kms.katalon.core.main.ScriptEngine.run(ScriptEngine.java:194)
	at com.kms.katalon.core.main.ScriptEngine.runScriptAsRawText(ScriptEngine.java:119)
	at com.kms.katalon.core.main.TestCaseExecutor.runScript(TestCaseExecutor.java:337)
	at com.kms.katalon.core.main.TestCaseExecutor.doExecute(TestCaseExecutor.java:328)
	at com.kms.katalon.core.main.TestCaseExecutor.processExecutionPhase(TestCaseExecutor.java:307)
	at com.kms.katalon.core.main.TestCaseExecutor.accessMainPhase(TestCaseExecutor.java:299)
	at com.kms.katalon.core.main.TestCaseExecutor.execute(TestCaseExecutor.java:233)
	at com.kms.katalon.core.main.TestSuiteExecutor.accessTestCaseMainPhase(TestSuiteExecutor.java:169)
	at com.kms.katalon.core.main.TestSuiteExecutor.accessTestSuiteMainPhase(TestSuiteExecutor.java:142)
	at com.kms.katalon.core.main.TestSuiteExecutor.execute(TestSuiteExecutor.java:91)
	at com.kms.katalon.core.main.TestCaseMain.startTestSuite(TestCaseMain.java:157)
	at com.kms.katalon.core.main.TestCaseMain$startTestSuite$0.call(Unknown Source)
	at TempTestSuite1605860578034.run(TempTestSuite1605860578034.groovy:36)]]></system-err>
      </testcase>
      <system-out><![CDATA[2020-11-20 13:53:01 - [TEST_SUITE][ERROR] - Consumer_Payment_Making_Visa: Test Cases/Consumer_Make_Payment_New/TC_001_Credit_SingleLine_Payment FAILED.
Reason:
groovy.lang.MissingPropertyException: No such property: paymentId for class: Script1605850905059
	at TC_001_Credit_SingleLine_Payment.run(TC_001_Credit_SingleLine_Payment:164)
	at com.kms.katalon.core.main.ScriptEngine.run(ScriptEngine.java:194)
	at com.kms.katalon.core.main.ScriptEngine.runScriptAsRawText(ScriptEngine.java:119)
	at com.kms.katalon.core.main.TestCaseExecutor.runScript(TestCaseExecutor.java:337)
	at com.kms.katalon.core.main.TestCaseExecutor.doExecute(TestCaseExecutor.java:328)
	at com.kms.katalon.core.main.TestCaseExecutor.processExecutionPhase(TestCaseExecutor.java:307)
	at com.kms.katalon.core.main.TestCaseExecutor.accessMainPhase(TestCaseExecutor.java:299)
	at com.kms.katalon.core.main.TestCaseExecutor.execute(TestCaseExecutor.java:233)
	at com.kms.katalon.core.main.TestSuiteExecutor.accessTestCaseMainPhase(TestSuiteExecutor.java:169)
	at com.kms.katalon.core.main.TestSuiteExecutor.accessTestSuiteMainPhase(TestSuiteExecutor.java:142)
	at com.kms.katalon.core.main.TestSuiteExecutor.execute(TestSuiteExecutor.java:91)
	at com.kms.katalon.core.main.TestCaseMain.startTestSuite(TestCaseMain.java:157)
	at com.kms.katalon.core.main.TestCaseMain$startTestSuite$0.call(Unknown Source)
	at TempTestSuite1605860578034.run(TempTestSuite1605860578034.groovy:36)]]></system-out>
      <system-err><![CDATA[2020-11-20 13:53:01 - [TEST_SUITE][ERROR] - Consumer_Payment_Making_Visa: Test Cases/Consumer_Make_Payment_New/TC_001_Credit_SingleLine_Payment FAILED.
Reason:
groovy.lang.MissingPropertyException: No such property: paymentId for class: Script1605850905059
	at TC_001_Credit_SingleLine_Payment.run(TC_001_Credit_SingleLine_Payment:164)
	at com.kms.katalon.core.main.ScriptEngine.run(ScriptEngine.java:194)
	at com.kms.katalon.core.main.ScriptEngine.runScriptAsRawText(ScriptEngine.java:119)
	at com.kms.katalon.core.main.TestCaseExecutor.runScript(TestCaseExecutor.java:337)
	at com.kms.katalon.core.main.TestCaseExecutor.doExecute(TestCaseExecutor.java:328)
	at com.kms.katalon.core.main.TestCaseExecutor.processExecutionPhase(TestCaseExecutor.java:307)
	at com.kms.katalon.core.main.TestCaseExecutor.accessMainPhase(TestCaseExecutor.java:299)
	at com.kms.katalon.core.main.TestCaseExecutor.execute(TestCaseExecutor.java:233)
	at com.kms.katalon.core.main.TestSuiteExecutor.accessTestCaseMainPhase(TestSuiteExecutor.java:169)
	at com.kms.katalon.core.main.TestSuiteExecutor.accessTestSuiteMainPhase(TestSuiteExecutor.java:142)
	at com.kms.katalon.core.main.TestSuiteExecutor.execute(TestSuiteExecutor.java:91)
	at com.kms.katalon.core.main.TestCaseMain.startTestSuite(TestCaseMain.java:157)
	at com.kms.katalon.core.main.TestCaseMain$startTestSuite$0.call(Unknown Source)
	at TempTestSuite1605860578034.run(TempTestSuite1605860578034.groovy:36)]]></system-err>
   </testsuite>
</testsuites>
