<?xml version="1.0" encoding="UTF-8"?>
<testsuites name="Quicksti_Visa" time="11.54" tests="2" failures="0" errors="2">
   <testsuite name="Quicksti_Visa" tests="2" failures="0" errors="2" time="11.54" timestamp="2020-11-02 12:55:54" hostname="dell - dell-PC" id="Test Suites/Certpay_testSuite_New/Quicksti_Visa">
      <properties>
         <property name="deviceName" value=""/>
         <property name="devicePlatform" value=""/>
         <property name="logFolder" value="D:\\Sush_Certpay\\Reports\\20201102_125550\\Certpay_testSuite_New\\Quicksti_Visa\\20201102_125550"/>
         <property name="logFiles" value="D:\\Sush_Certpay\\Reports\\20201102_125550\\Certpay_testSuite_New\\Quicksti_Visa\\20201102_125550\\execution0.log"/>
         <property name="attachments" value=""/>
         <property name="hostName" value="dell - dell-PC"/>
         <property name="hostAddress" value="172.31.253.239"/>
         <property name="os" value="Windows 7 64bit"/>
         <property name="katalonVersion" value="7.2.6.1"/>
      </properties>
      <testcase name="Test Cases/Certpay_Quicksti_New/TC_001_SingleBureauSite_SingleLinePayment_Visa" time="6.975" classname="Test Cases/Certpay_Quicksti_New/TC_001_SingleBureauSite_SingleLinePayment_Visa" status="ERROR">
         <error type="ERROR" message="Test Cases/Certpay_Quicksti_New/TC_001_SingleBureauSite_SingleLinePayment_Visa FAILED.
Reason:
org.codehaus.groovy.runtime.InvokerInvocationException: groovy.lang.MissingMethodException: No signature of method: static com.kms.katalon.core.util.KeywordUtil.Error() is applicable for argument types: (java.lang.String) values: [Unable to open browser]
Possible solutions: markError(java.lang.String), grep(), iterator(), every(), getAt(java.lang.String), print(java.lang.Object)
	at utilities.SafeActions.invokeMethod(SafeActions.groovy)
	at com.kms.katalon.core.main.CustomKeywordDelegatingMetaClass.invokeStaticMethod(CustomKeywordDelegatingMetaClass.java:50)
	at TC_001_SingleBureauSite_SingleLinePayment_Visa.run(TC_001_SingleBureauSite_SingleLinePayment_Visa:39)
	at com.kms.katalon.core.main.ScriptEngine.run(ScriptEngine.java:194)
	at com.kms.katalon.core.main.ScriptEngine.runScriptAsRawText(ScriptEngine.java:119)
	at com.kms.katalon.core.main.TestCaseExecutor.runScript(TestCaseExecutor.java:337)
	at com.kms.katalon.core.main.TestCaseExecutor.doExecute(TestCaseExecutor.java:328)
	at com.kms.katalon.core.main.TestCaseExecutor.processExecutionPhase(TestCaseExecutor.java:307)
	at com.kms.katalon.core.main.TestCaseExecutor.accessMainPhase(TestCaseExecutor.java:299)
	at com.kms.katalon.core.main.TestCaseExecutor.execute(TestCaseExecutor.java:233)
	at com.kms.katalon.core.main.TestSuiteExecutor.accessTestCaseMainPhase(TestSuiteExecutor.java:169)
	at com.kms.katalon.core.main.TestSuiteExecutor.accessTestSuiteMainPhase(TestSuiteExecutor.java:142)
	at com.kms.katalon.core.main.TestSuiteExecutor.execute(TestSuiteExecutor.java:91)
	at com.kms.katalon.core.main.TestCaseMain.startTestSuite(TestCaseMain.java:157)
	at com.kms.katalon.core.main.TestCaseMain$startTestSuite$0.call(Unknown Source)
	at TempTestSuite1604301950273.run(TempTestSuite1604301950273.groovy:36)
Caused by: groovy.lang.MissingMethodException: No signature of method: static com.kms.katalon.core.util.KeywordUtil.Error() is applicable for argument types: (java.lang.String) values: [Unable to open browser]
Possible solutions: markError(java.lang.String), grep(), iterator(), every(), getAt(java.lang.String), print(java.lang.Object)
	at utilities.SafeActions.openBrowser(SafeActions.groovy:49)
	... 16 more
"/>
         <system-out><![CDATA[2020-11-02 12:55:54 - [TEST_CASE][ERROR] - Test Cases/Certpay_Quicksti_New/TC_001_SingleBureauSite_SingleLinePayment_Visa: Test Cases/Certpay_Quicksti_New/TC_001_SingleBureauSite_SingleLinePayment_Visa FAILED.
Reason:
org.codehaus.groovy.runtime.InvokerInvocationException: groovy.lang.MissingMethodException: No signature of method: static com.kms.katalon.core.util.KeywordUtil.Error() is applicable for argument types: (java.lang.String) values: [Unable to open browser]
Possible solutions: markError(java.lang.String), grep(), iterator(), every(), getAt(java.lang.String), print(java.lang.Object)
	at utilities.SafeActions.invokeMethod(SafeActions.groovy)
	at com.kms.katalon.core.main.CustomKeywordDelegatingMetaClass.invokeStaticMethod(CustomKeywordDelegatingMetaClass.java:50)
	at TC_001_SingleBureauSite_SingleLinePayment_Visa.run(TC_001_SingleBureauSite_SingleLinePayment_Visa:39)
	at com.kms.katalon.core.main.ScriptEngine.run(ScriptEngine.java:194)
	at com.kms.katalon.core.main.ScriptEngine.runScriptAsRawText(ScriptEngine.java:119)
	at com.kms.katalon.core.main.TestCaseExecutor.runScript(TestCaseExecutor.java:337)
	at com.kms.katalon.core.main.TestCaseExecutor.doExecute(TestCaseExecutor.java:328)
	at com.kms.katalon.core.main.TestCaseExecutor.processExecutionPhase(TestCaseExecutor.java:307)
	at com.kms.katalon.core.main.TestCaseExecutor.accessMainPhase(TestCaseExecutor.java:299)
	at com.kms.katalon.core.main.TestCaseExecutor.execute(TestCaseExecutor.java:233)
	at com.kms.katalon.core.main.TestSuiteExecutor.accessTestCaseMainPhase(TestSuiteExecutor.java:169)
	at com.kms.katalon.core.main.TestSuiteExecutor.accessTestSuiteMainPhase(TestSuiteExecutor.java:142)
	at com.kms.katalon.core.main.TestSuiteExecutor.execute(TestSuiteExecutor.java:91)
	at com.kms.katalon.core.main.TestCaseMain.startTestSuite(TestCaseMain.java:157)
	at com.kms.katalon.core.main.TestCaseMain$startTestSuite$0.call(Unknown Source)
	at TempTestSuite1604301950273.run(TempTestSuite1604301950273.groovy:36)
Caused by: groovy.lang.MissingMethodException: No signature of method: static com.kms.katalon.core.util.KeywordUtil.Error() is applicable for argument types: (java.lang.String) values: [Unable to open browser]
Possible solutions: markError(java.lang.String), grep(), iterator(), every(), getAt(java.lang.String), print(java.lang.Object)
	at utilities.SafeActions.openBrowser(SafeActions.groovy:49)
	... 16 more


2020-11-02 12:55:55 - [TEST_STEP][PASSED] - Start listener action : beforeTestCase: null

2020-11-02 12:55:55 - [TEST_STEP][PASSED] - data = findTestData("Data Files/Certpay/SingleBureau_SingleLine_Visa"): null

2020-11-02 12:55:56 - [TEST_STEP][PASSED] - paymentIdList = []: null

2020-11-02 12:55:56 - [TEST_STEP][ERROR] - for (def index : (1..data.getRowNumbers())): groovy.lang.MissingMethodException: No signature of method: static com.kms.katalon.core.util.KeywordUtil.Error() is applicable for argument types: (java.lang.String) values: [Unable to open browser]
Possible solutions: markError(java.lang.String), grep(), iterator(), every(), getAt(java.lang.String), print(java.lang.Object)

2020-11-02 12:55:56 - [TEST_STEP][PASSED] - firstName = data.getValue("FirstName", index): null

2020-11-02 12:55:56 - [TEST_STEP][PASSED] - lastName = data.getValue("LastName", index): null

2020-11-02 12:55:56 - [TEST_STEP][PASSED] - expMonth = data.getValue("ExpMonth", index): null

2020-11-02 12:55:56 - [TEST_STEP][PASSED] - expYear = data.getValue("ExpYear", index): null

2020-11-02 12:55:56 - [TEST_STEP][PASSED] - securityCode = data.getValue("SecurityCode", index): null

2020-11-02 12:55:56 - [TEST_STEP][PASSED] - paymentAmount = data.getValue("PaymentAmount", index): null

2020-11-02 12:55:56 - [TEST_STEP][PASSED] - paymentType = data.getValue("PaymentType", index): null

2020-11-02 12:55:56 - [TEST_STEP][PASSED] - quantity = data.getValue("Quantity", index): null

2020-11-02 12:55:56 - [TEST_STEP][PASSED] - comments = data.getValue("Comments", index): null

2020-11-02 12:55:56 - [TEST_STEP][PASSED] - referenceNum = data.getValue("ReferenceNum", index): null

2020-11-02 12:55:56 - [TEST_STEP][PASSED] - address = data.getValue("Address", index): null

2020-11-02 12:55:56 - [TEST_STEP][PASSED] - zipCode = data.getValue("Zipcode", index): null

2020-11-02 12:55:56 - [TEST_STEP][PASSED] - telephone = data.getValue("Telephone", index): null

2020-11-02 12:55:56 - [TEST_STEP][PASSED] - emailAddress = data.getValue("EmailAddress", index): null

2020-11-02 12:55:56 - [TEST_STEP][PASSED] - cardNum = data.getValue("CardNumber", index): null

2020-11-02 12:55:56 - [TEST_STEP][PASSED] - cardType = data.getValue("CardType", index): null

2020-11-02 12:55:56 - [TEST_STEP][ERROR] - utilities.SafeActions.openBrowser(Quicksti_Url, [pageLoadTime]): groovy.lang.MissingMethodException: No signature of method: static com.kms.katalon.core.util.KeywordUtil.Error() is applicable for argument types: (java.lang.String) values: [Unable to open browser]
Possible solutions: markError(java.lang.String), grep(), iterator(), every(), getAt(java.lang.String), print(java.lang.Object)

2020-11-02 12:55:57 - [MESSAGE][INFO] - Opening Browser

2020-11-02 12:55:57 - [MESSAGE][INFO] - Starting 'Chrome' driver

2020-11-02 12:55:57 - [MESSAGE][INFO] - Action delay is set to 0 seconds

2020-11-02 12:56:01 - [MESSAGE][FAILED] - Unable to open browser with url: 'https://qa-certpayquicksti.faps.net/' (Root cause: com.kms.katalon.core.exception.StepFailedException: Unable to open browser with url: 'https://qa-certpayquicksti.faps.net/'
	at com.kms.katalon.core.webui.keyword.internal.WebUIKeywordMain.stepFailed(WebUIKeywordMain.groovy:64)
	at com.kms.katalon.core.webui.keyword.internal.WebUIKeywordMain.runKeyword(WebUIKeywordMain.groovy:26)
	at com.kms.katalon.core.webui.keyword.builtin.OpenBrowserKeyword.openBrowser(OpenBrowserKeyword.groovy:81)
	at com.kms.katalon.core.webui.keyword.builtin.OpenBrowserKeyword.execute(OpenBrowserKeyword.groovy:67)
	at com.kms.katalon.core.keyword.internal.KeywordExecutor.executeKeywordForPlatform(KeywordExecutor.groovy:72)
	at com.kms.katalon.core.webui.keyword.WebUiBuiltInKeywords.openBrowser(WebUiBuiltInKeywords.groovy:60)
	at com.kms.katalon.core.webui.keyword.WebUiBuiltInKeywords$openBrowser.call(Unknown Source)
	at utilities.SafeActions.openBrowser(SafeActions.groovy:40)
	at utilities.SafeActions.invokeMethod(SafeActions.groovy)
	at com.kms.katalon.core.main.CustomKeywordDelegatingMetaClass.invokeStaticMethod(CustomKeywordDelegatingMetaClass.java:50)
	at TC_001_SingleBureauSite_SingleLinePayment_Visa.run(TC_001_SingleBureauSite_SingleLinePayment_Visa:39)
	at com.kms.katalon.core.main.ScriptEngine.run(ScriptEngine.java:194)
	at com.kms.katalon.core.main.ScriptEngine.runScriptAsRawText(ScriptEngine.java:119)
	at com.kms.katalon.core.main.TestCaseExecutor.runScript(TestCaseExecutor.java:337)
	at com.kms.katalon.core.main.TestCaseExecutor.doExecute(TestCaseExecutor.java:328)
	at com.kms.katalon.core.main.TestCaseExecutor.processExecutionPhase(TestCaseExecutor.java:307)
	at com.kms.katalon.core.main.TestCaseExecutor.accessMainPhase(TestCaseExecutor.java:299)
	at com.kms.katalon.core.main.TestCaseExecutor.execute(TestCaseExecutor.java:233)
	at com.kms.katalon.core.main.TestSuiteExecutor.accessTestCaseMainPhase(TestSuiteExecutor.java:169)
	at com.kms.katalon.core.main.TestSuiteExecutor.accessTestSuiteMainPhase(TestSuiteExecutor.java:142)
	at com.kms.katalon.core.main.TestSuiteExecutor.execute(TestSuiteExecutor.java:91)
	at com.kms.katalon.core.main.TestCaseMain.startTestSuite(TestCaseMain.java:157)
	at com.kms.katalon.core.main.TestCaseMain$startTestSuite$0.call(Unknown Source)
	at TempTestSuite1604301950273.run(TempTestSuite1604301950273.groovy:36)
Caused by: org.openqa.selenium.SessionNotCreatedException: session not created: This version of ChromeDriver only supports Chrome version 79
Build info: version: '3.141.59', revision: 'e82be7d358', time: '2018-11-14T08:25:53'
System info: host: 'DELL-PC', ip: '172.31.253.239', os.name: 'Windows 7', os.arch: 'amd64', os.version: '6.1', java.version: '1.8.0_181'
Driver info: driver.version: CChromeDriver
remote stacktrace: Backtrace:
	Ordinal0 [0x00D6A113+1548563]
	Ordinal0 [0x00CEDDA1+1039777]
	Ordinal0 [0x00C6E485+517253]
	Ordinal0 [0x00BFFD34+64820]
	Ordinal0 [0x00BFC61E+50718]
	Ordinal0 [0x00C1B797+178071]
	Ordinal0 [0x00C1B59D+177565]
	Ordinal0 [0x00C195FB+169467]
	Ordinal0 [0x00C0160A+71178]
	Ordinal0 [0x00C02690+75408]
	Ordinal0 [0x00C02629+75305]
	Ordinal0 [0x00D071B7+1143223]
	GetHandleVerifier [0x00E02B46+507814]
	GetHandleVerifier [0x00E02864+507076]
	GetHandleVerifier [0x00E09F47+537511]
	GetHandleVerifier [0x00E03402+510050]
	Ordinal0 [0x00CFF29C+1110684]
	Ordinal0 [0x00D0938B+1151883]
	Ordinal0 [0x00D094F3+1152243]
	Ordinal0 [0x00D083F5+1147893]
	BaseThreadInitThunk [0x775433CA+18]
	RtlInitializeExceptionChain [0x77E79ED2+99]
	RtlInitializeExceptionChain [0x77E79EA5+54]

	at org.openqa.selenium.remote.W3CHandshakeResponse.lambda$errorHandler$0(W3CHandshakeResponse.java:62)
	at org.openqa.selenium.remote.HandshakeResponse.lambda$getResponseFunction$0(HandshakeResponse.java:30)
	at org.openqa.selenium.remote.ProtocolHandshake.lambda$createSession$0(ProtocolHandshake.java:126)
	at org.openqa.selenium.remote.ProtocolHandshake.createSession(ProtocolHandshake.java:128)
	at org.openqa.selenium.remote.ProtocolHandshake.createSession(ProtocolHandshake.java:74)
	at org.openqa.selenium.remote.HttpCommandExecutor.execute(HttpCommandExecutor.java:136)
	at org.openqa.selenium.remote.service.DriverCommandExecutor.execute(DriverCommandExecutor.java:83)
	at org.openqa.selenium.remote.RemoteWebDriver.execute(RemoteWebDriver.java:552)
	at com.kms.katalon.selenium.driver.CChromeDriver.execute(CChromeDriver.java:19)
	at org.openqa.selenium.remote.RemoteWebDriver.startSession(RemoteWebDriver.java:213)
	at org.openqa.selenium.remote.RemoteWebDriver.<init>(RemoteWebDriver.java:131)
	at org.openqa.selenium.chrome.ChromeDriver.<init>(ChromeDriver.java:181)
	at org.openqa.selenium.chrome.ChromeDriver.<init>(ChromeDriver.java:147)
	at com.kms.katalon.selenium.driver.CChromeDriver.<init>(CChromeDriver.java:13)
	at com.kms.katalon.core.webui.driver.DriverFactory.createNewChromeDriver(DriverFactory.java:356)
	at com.kms.katalon.core.webui.driver.DriverFactory.startNewBrowser(DriverFactory.java:317)
	at com.kms.katalon.core.webui.driver.DriverFactory.openWebDriver(DriverFactory.java:208)
	at com.kms.katalon.core.webui.keyword.builtin.OpenBrowserKeyword$_openBrowser_closure1.doCall(OpenBrowserKeyword.groovy:74)
	at com.kms.katalon.core.webui.keyword.builtin.OpenBrowserKeyword$_openBrowser_closure1.call(OpenBrowserKeyword.groovy)
	at com.kms.katalon.core.webui.keyword.internal.WebUIKeywordMain.runKeyword(WebUIKeywordMain.groovy:20)
	at com.kms.katalon.core.webui.keyword.builtin.OpenBrowserKeyword.openBrowser(OpenBrowserKeyword.groovy:81)
	at com.kms.katalon.core.webui.keyword.builtin.OpenBrowserKeyword.execute(OpenBrowserKeyword.groovy:67)
	at com.kms.katalon.core.keyword.internal.KeywordExecutor.executeKeywordForPlatform(KeywordExecutor.groovy:72)
	at com.kms.katalon.core.webui.keyword.WebUiBuiltInKeywords.openBrowser(WebUiBuiltInKeywords.groovy:60)
	at com.kms.katalon.core.webui.keyword.WebUiBuiltInKeywords$openBrowser.call(Unknown Source)
	at utilities.SafeActions.openBrowser(SafeActions.groovy:40)
	at utilities.SafeActions.invokeMethod(SafeActions.groovy)
	at com.kms.katalon.core.main.CustomKeywordDelegatingMetaClass.invokeStaticMethod(CustomKeywordDelegatingMetaClass.java:50)
	at Script1604296399312.run(Script1604296399312.groovy:39)
	... 13 more
)

2020-11-02 12:56:01 - [MESSAGE][ERROR] - groovy.lang.MissingMethodException: No signature of method: static com.kms.katalon.core.util.KeywordUtil.Error() is applicable for argument types: (java.lang.String) values: [Unable to open browser]
Possible solutions: markError(java.lang.String), grep(), iterator(), every(), getAt(java.lang.String), print(java.lang.Object)

2020-11-02 12:56:01 - [TEST_STEP][PASSED] - Start listener action : afterTestCase: Browser is closed

2020-11-02 12:56:01 - [TEST_STEP][PASSED] - closeBrowser(): Browser is closed

2020-11-02 12:56:01 - [MESSAGE][PASSED] - Browser is closed]]></system-out>
         <system-err><![CDATA[2020-11-02 12:55:54 - [TEST_CASE][ERROR] - Test Cases/Certpay_Quicksti_New/TC_001_SingleBureauSite_SingleLinePayment_Visa: Test Cases/Certpay_Quicksti_New/TC_001_SingleBureauSite_SingleLinePayment_Visa FAILED.
Reason:
org.codehaus.groovy.runtime.InvokerInvocationException: groovy.lang.MissingMethodException: No signature of method: static com.kms.katalon.core.util.KeywordUtil.Error() is applicable for argument types: (java.lang.String) values: [Unable to open browser]
Possible solutions: markError(java.lang.String), grep(), iterator(), every(), getAt(java.lang.String), print(java.lang.Object)
	at utilities.SafeActions.invokeMethod(SafeActions.groovy)
	at com.kms.katalon.core.main.CustomKeywordDelegatingMetaClass.invokeStaticMethod(CustomKeywordDelegatingMetaClass.java:50)
	at TC_001_SingleBureauSite_SingleLinePayment_Visa.run(TC_001_SingleBureauSite_SingleLinePayment_Visa:39)
	at com.kms.katalon.core.main.ScriptEngine.run(ScriptEngine.java:194)
	at com.kms.katalon.core.main.ScriptEngine.runScriptAsRawText(ScriptEngine.java:119)
	at com.kms.katalon.core.main.TestCaseExecutor.runScript(TestCaseExecutor.java:337)
	at com.kms.katalon.core.main.TestCaseExecutor.doExecute(TestCaseExecutor.java:328)
	at com.kms.katalon.core.main.TestCaseExecutor.processExecutionPhase(TestCaseExecutor.java:307)
	at com.kms.katalon.core.main.TestCaseExecutor.accessMainPhase(TestCaseExecutor.java:299)
	at com.kms.katalon.core.main.TestCaseExecutor.execute(TestCaseExecutor.java:233)
	at com.kms.katalon.core.main.TestSuiteExecutor.accessTestCaseMainPhase(TestSuiteExecutor.java:169)
	at com.kms.katalon.core.main.TestSuiteExecutor.accessTestSuiteMainPhase(TestSuiteExecutor.java:142)
	at com.kms.katalon.core.main.TestSuiteExecutor.execute(TestSuiteExecutor.java:91)
	at com.kms.katalon.core.main.TestCaseMain.startTestSuite(TestCaseMain.java:157)
	at com.kms.katalon.core.main.TestCaseMain$startTestSuite$0.call(Unknown Source)
	at TempTestSuite1604301950273.run(TempTestSuite1604301950273.groovy:36)
Caused by: groovy.lang.MissingMethodException: No signature of method: static com.kms.katalon.core.util.KeywordUtil.Error() is applicable for argument types: (java.lang.String) values: [Unable to open browser]
Possible solutions: markError(java.lang.String), grep(), iterator(), every(), getAt(java.lang.String), print(java.lang.Object)
	at utilities.SafeActions.openBrowser(SafeActions.groovy:49)
	... 16 more]]></system-err>
      </testcase>
      <testcase name="Test Cases/Certpay_Quicksti_New/TC_005_MultiBureauSite_SingleBureau_MultiLinePayment_Visa" time="4.15" classname="Test Cases/Certpay_Quicksti_New/TC_005_MultiBureauSite_SingleBureau_MultiLinePayment_Visa" status="ERROR">
         <error type="ERROR" message="Test Cases/Certpay_Quicksti_New/TC_005_MultiBureauSite_SingleBureau_MultiLinePayment_Visa FAILED.
Reason:
org.codehaus.groovy.runtime.InvokerInvocationException: groovy.lang.MissingMethodException: No signature of method: static com.kms.katalon.core.util.KeywordUtil.Error() is applicable for argument types: (java.lang.String) values: [Unable to open browser]
Possible solutions: markError(java.lang.String), grep(), iterator(), every(), getAt(java.lang.String), print(java.lang.Object)
	at utilities.SafeActions.invokeMethod(SafeActions.groovy)
	at com.kms.katalon.core.main.CustomKeywordDelegatingMetaClass.invokeStaticMethod(CustomKeywordDelegatingMetaClass.java:50)
	at TC_005_MultiBureauSite_SingleBureau_MultiLinePayment_Visa.run(TC_005_MultiBureauSite_SingleBureau_MultiLinePayment_Visa:53)
	at com.kms.katalon.core.main.ScriptEngine.run(ScriptEngine.java:194)
	at com.kms.katalon.core.main.ScriptEngine.runScriptAsRawText(ScriptEngine.java:119)
	at com.kms.katalon.core.main.TestCaseExecutor.runScript(TestCaseExecutor.java:337)
	at com.kms.katalon.core.main.TestCaseExecutor.doExecute(TestCaseExecutor.java:328)
	at com.kms.katalon.core.main.TestCaseExecutor.processExecutionPhase(TestCaseExecutor.java:307)
	at com.kms.katalon.core.main.TestCaseExecutor.accessMainPhase(TestCaseExecutor.java:299)
	at com.kms.katalon.core.main.TestCaseExecutor.execute(TestCaseExecutor.java:233)
	at com.kms.katalon.core.main.TestSuiteExecutor.accessTestCaseMainPhase(TestSuiteExecutor.java:169)
	at com.kms.katalon.core.main.TestSuiteExecutor.accessTestSuiteMainPhase(TestSuiteExecutor.java:142)
	at com.kms.katalon.core.main.TestSuiteExecutor.execute(TestSuiteExecutor.java:91)
	at com.kms.katalon.core.main.TestCaseMain.startTestSuite(TestCaseMain.java:157)
	at com.kms.katalon.core.main.TestCaseMain$startTestSuite$0.call(Unknown Source)
	at TempTestSuite1604301950273.run(TempTestSuite1604301950273.groovy:36)
Caused by: groovy.lang.MissingMethodException: No signature of method: static com.kms.katalon.core.util.KeywordUtil.Error() is applicable for argument types: (java.lang.String) values: [Unable to open browser]
Possible solutions: markError(java.lang.String), grep(), iterator(), every(), getAt(java.lang.String), print(java.lang.Object)
	at utilities.SafeActions.openBrowser(SafeActions.groovy:49)
	... 16 more
"/>
         <system-out><![CDATA[2020-11-02 12:56:01 - [TEST_CASE][ERROR] - Test Cases/Certpay_Quicksti_New/TC_005_MultiBureauSite_SingleBureau_MultiLinePayment_Visa: Test Cases/Certpay_Quicksti_New/TC_005_MultiBureauSite_SingleBureau_MultiLinePayment_Visa FAILED.
Reason:
org.codehaus.groovy.runtime.InvokerInvocationException: groovy.lang.MissingMethodException: No signature of method: static com.kms.katalon.core.util.KeywordUtil.Error() is applicable for argument types: (java.lang.String) values: [Unable to open browser]
Possible solutions: markError(java.lang.String), grep(), iterator(), every(), getAt(java.lang.String), print(java.lang.Object)
	at utilities.SafeActions.invokeMethod(SafeActions.groovy)
	at com.kms.katalon.core.main.CustomKeywordDelegatingMetaClass.invokeStaticMethod(CustomKeywordDelegatingMetaClass.java:50)
	at TC_005_MultiBureauSite_SingleBureau_MultiLinePayment_Visa.run(TC_005_MultiBureauSite_SingleBureau_MultiLinePayment_Visa:53)
	at com.kms.katalon.core.main.ScriptEngine.run(ScriptEngine.java:194)
	at com.kms.katalon.core.main.ScriptEngine.runScriptAsRawText(ScriptEngine.java:119)
	at com.kms.katalon.core.main.TestCaseExecutor.runScript(TestCaseExecutor.java:337)
	at com.kms.katalon.core.main.TestCaseExecutor.doExecute(TestCaseExecutor.java:328)
	at com.kms.katalon.core.main.TestCaseExecutor.processExecutionPhase(TestCaseExecutor.java:307)
	at com.kms.katalon.core.main.TestCaseExecutor.accessMainPhase(TestCaseExecutor.java:299)
	at com.kms.katalon.core.main.TestCaseExecutor.execute(TestCaseExecutor.java:233)
	at com.kms.katalon.core.main.TestSuiteExecutor.accessTestCaseMainPhase(TestSuiteExecutor.java:169)
	at com.kms.katalon.core.main.TestSuiteExecutor.accessTestSuiteMainPhase(TestSuiteExecutor.java:142)
	at com.kms.katalon.core.main.TestSuiteExecutor.execute(TestSuiteExecutor.java:91)
	at com.kms.katalon.core.main.TestCaseMain.startTestSuite(TestCaseMain.java:157)
	at com.kms.katalon.core.main.TestCaseMain$startTestSuite$0.call(Unknown Source)
	at TempTestSuite1604301950273.run(TempTestSuite1604301950273.groovy:36)
Caused by: groovy.lang.MissingMethodException: No signature of method: static com.kms.katalon.core.util.KeywordUtil.Error() is applicable for argument types: (java.lang.String) values: [Unable to open browser]
Possible solutions: markError(java.lang.String), grep(), iterator(), every(), getAt(java.lang.String), print(java.lang.Object)
	at utilities.SafeActions.openBrowser(SafeActions.groovy:49)
	... 16 more


2020-11-02 12:56:01 - [TEST_STEP][PASSED] - Start listener action : beforeTestCase: null

2020-11-02 12:56:02 - [TEST_STEP][PASSED] - data = findTestData("Certpay/SingleBureau_MultiLine"): null

2020-11-02 12:56:02 - [TEST_STEP][PASSED] - amountList = []: null

2020-11-02 12:56:02 - [TEST_STEP][PASSED] - referenceList = []: null

2020-11-02 12:56:02 - [TEST_STEP][PASSED] - paymentTypeList = []: null

2020-11-02 12:56:02 - [TEST_STEP][PASSED] - quantityList = []: null

2020-11-02 12:56:02 - [TEST_STEP][PASSED] - commentsList = []: null

2020-11-02 12:56:02 - [TEST_STEP][PASSED] - paymentIdList = []: null

2020-11-02 12:56:02 - [TEST_STEP][PASSED] - list = new java.util.ArrayList(): null

2020-11-02 12:56:02 - [TEST_STEP][ERROR] - for (def index : (1..data.getRowNumbers())): groovy.lang.MissingMethodException: No signature of method: static com.kms.katalon.core.util.KeywordUtil.Error() is applicable for argument types: (java.lang.String) values: [Unable to open browser]
Possible solutions: markError(java.lang.String), grep(), iterator(), every(), getAt(java.lang.String), print(java.lang.Object)

2020-11-02 12:56:02 - [TEST_STEP][PASSED] - firstName = data.getValue("FirstName", index): null

2020-11-02 12:56:02 - [TEST_STEP][PASSED] - lastName = data.getValue("LastName", index): null

2020-11-02 12:56:02 - [TEST_STEP][PASSED] - cardNum = data.getValue("CardNumber", index): null

2020-11-02 12:56:02 - [TEST_STEP][PASSED] - expMonth = data.getValue("ExpMonth", index): null

2020-11-02 12:56:02 - [TEST_STEP][PASSED] - expYear = data.getValue("ExpYear", index): null

2020-11-02 12:56:02 - [TEST_STEP][PASSED] - securityCode = data.getValue("SecurityCode", index): null

2020-11-02 12:56:02 - [TEST_STEP][PASSED] - paymentAmount = data.getValue("PaymentAmount", index): null

2020-11-02 12:56:02 - [TEST_STEP][PASSED] - paymentType = data.getValue("PaymentType", index): null

2020-11-02 12:56:03 - [TEST_STEP][PASSED] - quantity = data.getValue("Quantity", index): null

2020-11-02 12:56:03 - [TEST_STEP][PASSED] - comments = data.getValue("Comments", index): null

2020-11-02 12:56:03 - [TEST_STEP][PASSED] - referenceNum = data.getValue("ReferenceNum", index): null

2020-11-02 12:56:03 - [TEST_STEP][PASSED] - address = data.getValue("Address", index): null

2020-11-02 12:56:03 - [TEST_STEP][PASSED] - zipCode = data.getValue("Zipcode", index): null

2020-11-02 12:56:03 - [TEST_STEP][PASSED] - telephone = data.getValue("Telephone", index): null

2020-11-02 12:56:03 - [TEST_STEP][PASSED] - emailAddress = data.getValue("EmailAddress", index): null

2020-11-02 12:56:03 - [TEST_STEP][PASSED] - cardType = data.getValue("CardType", index): null

2020-11-02 12:56:03 - [TEST_STEP][PASSED] - amountList = paymentAmount.split(","): null

2020-11-02 12:56:03 - [TEST_STEP][PASSED] - referenceList = referenceNum.split(","): null

2020-11-02 12:56:03 - [TEST_STEP][PASSED] - paymentTypeList = paymentType.split(","): null

2020-11-02 12:56:03 - [TEST_STEP][PASSED] - commentsList = comments.split(","): null

2020-11-02 12:56:03 - [TEST_STEP][PASSED] - quantityList = quantity.split(","): null

2020-11-02 12:56:03 - [TEST_STEP][ERROR] - utilities.SafeActions.openBrowser(Quicksti_Url, [pageLoadTime]): groovy.lang.MissingMethodException: No signature of method: static com.kms.katalon.core.util.KeywordUtil.Error() is applicable for argument types: (java.lang.String) values: [Unable to open browser]
Possible solutions: markError(java.lang.String), grep(), iterator(), every(), getAt(java.lang.String), print(java.lang.Object)

2020-11-02 12:56:03 - [MESSAGE][INFO] - Opening Browser

2020-11-02 12:56:03 - [MESSAGE][INFO] - Starting 'Chrome' driver

2020-11-02 12:56:05 - [MESSAGE][FAILED] - Unable to open browser with url: 'https://qa-certpayquicksti.faps.net/' (Root cause: com.kms.katalon.core.exception.StepFailedException: Unable to open browser with url: 'https://qa-certpayquicksti.faps.net/'
	at com.kms.katalon.core.webui.keyword.internal.WebUIKeywordMain.stepFailed(WebUIKeywordMain.groovy:64)
	at com.kms.katalon.core.webui.keyword.internal.WebUIKeywordMain.runKeyword(WebUIKeywordMain.groovy:26)
	at com.kms.katalon.core.webui.keyword.builtin.OpenBrowserKeyword.openBrowser(OpenBrowserKeyword.groovy:81)
	at com.kms.katalon.core.webui.keyword.builtin.OpenBrowserKeyword.execute(OpenBrowserKeyword.groovy:67)
	at com.kms.katalon.core.keyword.internal.KeywordExecutor.executeKeywordForPlatform(KeywordExecutor.groovy:72)
	at com.kms.katalon.core.webui.keyword.WebUiBuiltInKeywords.openBrowser(WebUiBuiltInKeywords.groovy:60)
	at com.kms.katalon.core.webui.keyword.WebUiBuiltInKeywords$openBrowser.call(Unknown Source)
	at utilities.SafeActions.openBrowser(SafeActions.groovy:40)
	at utilities.SafeActions.invokeMethod(SafeActions.groovy)
	at com.kms.katalon.core.main.CustomKeywordDelegatingMetaClass.invokeStaticMethod(CustomKeywordDelegatingMetaClass.java:50)
	at TC_005_MultiBureauSite_SingleBureau_MultiLinePayment_Visa.run(TC_005_MultiBureauSite_SingleBureau_MultiLinePayment_Visa:53)
	at com.kms.katalon.core.main.ScriptEngine.run(ScriptEngine.java:194)
	at com.kms.katalon.core.main.ScriptEngine.runScriptAsRawText(ScriptEngine.java:119)
	at com.kms.katalon.core.main.TestCaseExecutor.runScript(TestCaseExecutor.java:337)
	at com.kms.katalon.core.main.TestCaseExecutor.doExecute(TestCaseExecutor.java:328)
	at com.kms.katalon.core.main.TestCaseExecutor.processExecutionPhase(TestCaseExecutor.java:307)
	at com.kms.katalon.core.main.TestCaseExecutor.accessMainPhase(TestCaseExecutor.java:299)
	at com.kms.katalon.core.main.TestCaseExecutor.execute(TestCaseExecutor.java:233)
	at com.kms.katalon.core.main.TestSuiteExecutor.accessTestCaseMainPhase(TestSuiteExecutor.java:169)
	at com.kms.katalon.core.main.TestSuiteExecutor.accessTestSuiteMainPhase(TestSuiteExecutor.java:142)
	at com.kms.katalon.core.main.TestSuiteExecutor.execute(TestSuiteExecutor.java:91)
	at com.kms.katalon.core.main.TestCaseMain.startTestSuite(TestCaseMain.java:157)
	at com.kms.katalon.core.main.TestCaseMain$startTestSuite$0.call(Unknown Source)
	at TempTestSuite1604301950273.run(TempTestSuite1604301950273.groovy:36)
Caused by: org.openqa.selenium.SessionNotCreatedException: session not created: This version of ChromeDriver only supports Chrome version 79
Build info: version: '3.141.59', revision: 'e82be7d358', time: '2018-11-14T08:25:53'
System info: host: 'DELL-PC', ip: '172.31.253.239', os.name: 'Windows 7', os.arch: 'amd64', os.version: '6.1', java.version: '1.8.0_181'
Driver info: driver.version: CChromeDriver
remote stacktrace: Backtrace:
	Ordinal0 [0x00D6A113+1548563]
	Ordinal0 [0x00CEDDA1+1039777]
	Ordinal0 [0x00C6E485+517253]
	Ordinal0 [0x00BFFD34+64820]
	Ordinal0 [0x00BFC61E+50718]
	Ordinal0 [0x00C1B797+178071]
	Ordinal0 [0x00C1B59D+177565]
	Ordinal0 [0x00C195FB+169467]
	Ordinal0 [0x00C0160A+71178]
	Ordinal0 [0x00C02690+75408]
	Ordinal0 [0x00C02629+75305]
	Ordinal0 [0x00D071B7+1143223]
	GetHandleVerifier [0x00E02B46+507814]
	GetHandleVerifier [0x00E02864+507076]
	GetHandleVerifier [0x00E09F47+537511]
	GetHandleVerifier [0x00E03402+510050]
	Ordinal0 [0x00CFF29C+1110684]
	Ordinal0 [0x00D0938B+1151883]
	Ordinal0 [0x00D094F3+1152243]
	Ordinal0 [0x00D083F5+1147893]
	BaseThreadInitThunk [0x775433CA+18]
	RtlInitializeExceptionChain [0x77E79ED2+99]
	RtlInitializeExceptionChain [0x77E79EA5+54]

	at org.openqa.selenium.remote.W3CHandshakeResponse.lambda$errorHandler$0(W3CHandshakeResponse.java:62)
	at org.openqa.selenium.remote.HandshakeResponse.lambda$getResponseFunction$0(HandshakeResponse.java:30)
	at org.openqa.selenium.remote.ProtocolHandshake.lambda$createSession$0(ProtocolHandshake.java:126)
	at org.openqa.selenium.remote.ProtocolHandshake.createSession(ProtocolHandshake.java:128)
	at org.openqa.selenium.remote.ProtocolHandshake.createSession(ProtocolHandshake.java:74)
	at org.openqa.selenium.remote.HttpCommandExecutor.execute(HttpCommandExecutor.java:136)
	at org.openqa.selenium.remote.service.DriverCommandExecutor.execute(DriverCommandExecutor.java:83)
	at org.openqa.selenium.remote.RemoteWebDriver.execute(RemoteWebDriver.java:552)
	at com.kms.katalon.selenium.driver.CChromeDriver.execute(CChromeDriver.java:19)
	at org.openqa.selenium.remote.RemoteWebDriver.startSession(RemoteWebDriver.java:213)
	at org.openqa.selenium.remote.RemoteWebDriver.<init>(RemoteWebDriver.java:131)
	at org.openqa.selenium.chrome.ChromeDriver.<init>(ChromeDriver.java:181)
	at org.openqa.selenium.chrome.ChromeDriver.<init>(ChromeDriver.java:147)
	at com.kms.katalon.selenium.driver.CChromeDriver.<init>(CChromeDriver.java:13)
	at com.kms.katalon.core.webui.driver.DriverFactory.createNewChromeDriver(DriverFactory.java:356)
	at com.kms.katalon.core.webui.driver.DriverFactory.startNewBrowser(DriverFactory.java:317)
	at com.kms.katalon.core.webui.driver.DriverFactory.openWebDriver(DriverFactory.java:208)
	at com.kms.katalon.core.webui.keyword.builtin.OpenBrowserKeyword$_openBrowser_closure1.doCall(OpenBrowserKeyword.groovy:74)
	at com.kms.katalon.core.webui.keyword.builtin.OpenBrowserKeyword$_openBrowser_closure1.call(OpenBrowserKeyword.groovy)
	at com.kms.katalon.core.webui.keyword.internal.WebUIKeywordMain.runKeyword(WebUIKeywordMain.groovy:20)
	at com.kms.katalon.core.webui.keyword.builtin.OpenBrowserKeyword.openBrowser(OpenBrowserKeyword.groovy:81)
	at com.kms.katalon.core.webui.keyword.builtin.OpenBrowserKeyword.execute(OpenBrowserKeyword.groovy:67)
	at com.kms.katalon.core.keyword.internal.KeywordExecutor.executeKeywordForPlatform(KeywordExecutor.groovy:72)
	at com.kms.katalon.core.webui.keyword.WebUiBuiltInKeywords.openBrowser(WebUiBuiltInKeywords.groovy:60)
	at com.kms.katalon.core.webui.keyword.WebUiBuiltInKeywords$openBrowser.call(Unknown Source)
	at utilities.SafeActions.openBrowser(SafeActions.groovy:40)
	at utilities.SafeActions.invokeMethod(SafeActions.groovy)
	at com.kms.katalon.core.main.CustomKeywordDelegatingMetaClass.invokeStaticMethod(CustomKeywordDelegatingMetaClass.java:50)
	at Script1604296638793.run(Script1604296638793.groovy:53)
	... 13 more
)

2020-11-02 12:56:05 - [MESSAGE][ERROR] - groovy.lang.MissingMethodException: No signature of method: static com.kms.katalon.core.util.KeywordUtil.Error() is applicable for argument types: (java.lang.String) values: [Unable to open browser]
Possible solutions: markError(java.lang.String), grep(), iterator(), every(), getAt(java.lang.String), print(java.lang.Object)

2020-11-02 12:56:05 - [TEST_STEP][PASSED] - Start listener action : afterTestCase: Browser is closed

2020-11-02 12:56:05 - [TEST_STEP][PASSED] - closeBrowser(): Browser is closed

2020-11-02 12:56:05 - [MESSAGE][PASSED] - Browser is closed]]></system-out>
         <system-err><![CDATA[2020-11-02 12:56:01 - [TEST_CASE][ERROR] - Test Cases/Certpay_Quicksti_New/TC_005_MultiBureauSite_SingleBureau_MultiLinePayment_Visa: Test Cases/Certpay_Quicksti_New/TC_005_MultiBureauSite_SingleBureau_MultiLinePayment_Visa FAILED.
Reason:
org.codehaus.groovy.runtime.InvokerInvocationException: groovy.lang.MissingMethodException: No signature of method: static com.kms.katalon.core.util.KeywordUtil.Error() is applicable for argument types: (java.lang.String) values: [Unable to open browser]
Possible solutions: markError(java.lang.String), grep(), iterator(), every(), getAt(java.lang.String), print(java.lang.Object)
	at utilities.SafeActions.invokeMethod(SafeActions.groovy)
	at com.kms.katalon.core.main.CustomKeywordDelegatingMetaClass.invokeStaticMethod(CustomKeywordDelegatingMetaClass.java:50)
	at TC_005_MultiBureauSite_SingleBureau_MultiLinePayment_Visa.run(TC_005_MultiBureauSite_SingleBureau_MultiLinePayment_Visa:53)
	at com.kms.katalon.core.main.ScriptEngine.run(ScriptEngine.java:194)
	at com.kms.katalon.core.main.ScriptEngine.runScriptAsRawText(ScriptEngine.java:119)
	at com.kms.katalon.core.main.TestCaseExecutor.runScript(TestCaseExecutor.java:337)
	at com.kms.katalon.core.main.TestCaseExecutor.doExecute(TestCaseExecutor.java:328)
	at com.kms.katalon.core.main.TestCaseExecutor.processExecutionPhase(TestCaseExecutor.java:307)
	at com.kms.katalon.core.main.TestCaseExecutor.accessMainPhase(TestCaseExecutor.java:299)
	at com.kms.katalon.core.main.TestCaseExecutor.execute(TestCaseExecutor.java:233)
	at com.kms.katalon.core.main.TestSuiteExecutor.accessTestCaseMainPhase(TestSuiteExecutor.java:169)
	at com.kms.katalon.core.main.TestSuiteExecutor.accessTestSuiteMainPhase(TestSuiteExecutor.java:142)
	at com.kms.katalon.core.main.TestSuiteExecutor.execute(TestSuiteExecutor.java:91)
	at com.kms.katalon.core.main.TestCaseMain.startTestSuite(TestCaseMain.java:157)
	at com.kms.katalon.core.main.TestCaseMain$startTestSuite$0.call(Unknown Source)
	at TempTestSuite1604301950273.run(TempTestSuite1604301950273.groovy:36)
Caused by: groovy.lang.MissingMethodException: No signature of method: static com.kms.katalon.core.util.KeywordUtil.Error() is applicable for argument types: (java.lang.String) values: [Unable to open browser]
Possible solutions: markError(java.lang.String), grep(), iterator(), every(), getAt(java.lang.String), print(java.lang.Object)
	at utilities.SafeActions.openBrowser(SafeActions.groovy:49)
	... 16 more]]></system-err>
      </testcase>
      <system-out><![CDATA[2020-11-02 12:55:54 - [TEST_SUITE][ERROR] - Quicksti_Visa: Test Cases/Certpay_Quicksti_New/TC_001_SingleBureauSite_SingleLinePayment_Visa FAILED.
Reason:
org.codehaus.groovy.runtime.InvokerInvocationException: groovy.lang.MissingMethodException: No signature of method: static com.kms.katalon.core.util.KeywordUtil.Error() is applicable for argument types: (java.lang.String) values: [Unable to open browser]
Possible solutions: markError(java.lang.String), grep(), iterator(), every(), getAt(java.lang.String), print(java.lang.Object)
	at utilities.SafeActions.invokeMethod(SafeActions.groovy)
	at com.kms.katalon.core.main.CustomKeywordDelegatingMetaClass.invokeStaticMethod(CustomKeywordDelegatingMetaClass.java:50)
	at TC_001_SingleBureauSite_SingleLinePayment_Visa.run(TC_001_SingleBureauSite_SingleLinePayment_Visa:39)
	at com.kms.katalon.core.main.ScriptEngine.run(ScriptEngine.java:194)
	at com.kms.katalon.core.main.ScriptEngine.runScriptAsRawText(ScriptEngine.java:119)
	at com.kms.katalon.core.main.TestCaseExecutor.runScript(TestCaseExecutor.java:337)
	at com.kms.katalon.core.main.TestCaseExecutor.doExecute(TestCaseExecutor.java:328)
	at com.kms.katalon.core.main.TestCaseExecutor.processExecutionPhase(TestCaseExecutor.java:307)
	at com.kms.katalon.core.main.TestCaseExecutor.accessMainPhase(TestCaseExecutor.java:299)
	at com.kms.katalon.core.main.TestCaseExecutor.execute(TestCaseExecutor.java:233)
	at com.kms.katalon.core.main.TestSuiteExecutor.accessTestCaseMainPhase(TestSuiteExecutor.java:169)
	at com.kms.katalon.core.main.TestSuiteExecutor.accessTestSuiteMainPhase(TestSuiteExecutor.java:142)
	at com.kms.katalon.core.main.TestSuiteExecutor.execute(TestSuiteExecutor.java:91)
	at com.kms.katalon.core.main.TestCaseMain.startTestSuite(TestCaseMain.java:157)
	at com.kms.katalon.core.main.TestCaseMain$startTestSuite$0.call(Unknown Source)
	at TempTestSuite1604301950273.run(TempTestSuite1604301950273.groovy:36)
Caused by: groovy.lang.MissingMethodException: No signature of method: static com.kms.katalon.core.util.KeywordUtil.Error() is applicable for argument types: (java.lang.String) values: [Unable to open browser]
Possible solutions: markError(java.lang.String), grep(), iterator(), every(), getAt(java.lang.String), print(java.lang.Object)
	at utilities.SafeActions.openBrowser(SafeActions.groovy:49)
	... 16 more]]></system-out>
      <system-err><![CDATA[2020-11-02 12:55:54 - [TEST_SUITE][ERROR] - Quicksti_Visa: Test Cases/Certpay_Quicksti_New/TC_001_SingleBureauSite_SingleLinePayment_Visa FAILED.
Reason:
org.codehaus.groovy.runtime.InvokerInvocationException: groovy.lang.MissingMethodException: No signature of method: static com.kms.katalon.core.util.KeywordUtil.Error() is applicable for argument types: (java.lang.String) values: [Unable to open browser]
Possible solutions: markError(java.lang.String), grep(), iterator(), every(), getAt(java.lang.String), print(java.lang.Object)
	at utilities.SafeActions.invokeMethod(SafeActions.groovy)
	at com.kms.katalon.core.main.CustomKeywordDelegatingMetaClass.invokeStaticMethod(CustomKeywordDelegatingMetaClass.java:50)
	at TC_001_SingleBureauSite_SingleLinePayment_Visa.run(TC_001_SingleBureauSite_SingleLinePayment_Visa:39)
	at com.kms.katalon.core.main.ScriptEngine.run(ScriptEngine.java:194)
	at com.kms.katalon.core.main.ScriptEngine.runScriptAsRawText(ScriptEngine.java:119)
	at com.kms.katalon.core.main.TestCaseExecutor.runScript(TestCaseExecutor.java:337)
	at com.kms.katalon.core.main.TestCaseExecutor.doExecute(TestCaseExecutor.java:328)
	at com.kms.katalon.core.main.TestCaseExecutor.processExecutionPhase(TestCaseExecutor.java:307)
	at com.kms.katalon.core.main.TestCaseExecutor.accessMainPhase(TestCaseExecutor.java:299)
	at com.kms.katalon.core.main.TestCaseExecutor.execute(TestCaseExecutor.java:233)
	at com.kms.katalon.core.main.TestSuiteExecutor.accessTestCaseMainPhase(TestSuiteExecutor.java:169)
	at com.kms.katalon.core.main.TestSuiteExecutor.accessTestSuiteMainPhase(TestSuiteExecutor.java:142)
	at com.kms.katalon.core.main.TestSuiteExecutor.execute(TestSuiteExecutor.java:91)
	at com.kms.katalon.core.main.TestCaseMain.startTestSuite(TestCaseMain.java:157)
	at com.kms.katalon.core.main.TestCaseMain$startTestSuite$0.call(Unknown Source)
	at TempTestSuite1604301950273.run(TempTestSuite1604301950273.groovy:36)
Caused by: groovy.lang.MissingMethodException: No signature of method: static com.kms.katalon.core.util.KeywordUtil.Error() is applicable for argument types: (java.lang.String) values: [Unable to open browser]
Possible solutions: markError(java.lang.String), grep(), iterator(), every(), getAt(java.lang.String), print(java.lang.Object)
	at utilities.SafeActions.openBrowser(SafeActions.groovy:49)
	... 16 more]]></system-err>
   </testsuite>
</testsuites>
