<?xml version="1.0" encoding="UTF-8"?>
<testsuites name="Consumer_Payment_Making" time="752.202" tests="4" failures="1" errors="0">
   <testsuite name="Consumer_Payment_Making" tests="4" failures="1" errors="0" time="752.202" timestamp="2020-09-02 13:15:36" hostname="admin - SYS8" id="Test Suites/Certpay_testSuite/Consumer_Payment_Making">
      <properties>
         <property name="deviceName" value=""/>
         <property name="devicePlatform" value=""/>
         <property name="logFolder" value="C:\\Users\\admin\\git\\Sush_Certpay\\Reports\\20200902_131532\\Certpay_testSuite\\Consumer_Payment_Making\\20200902_131532"/>
         <property name="logFiles" value="C:\\Users\\admin\\git\\Sush_Certpay\\Reports\\20200902_131532\\Certpay_testSuite\\Consumer_Payment_Making\\20200902_131532\\execution0.log"/>
         <property name="attachments" value="C:\\Users\\admin\\git\\Sush_Certpay\\Reports\\20200902_131532\\Certpay_testSuite\\Consumer_Payment_Making\\20200902_131532\\1599032873852.png, C:\\Users\\admin\\git\\Sush_Certpay\\Reports\\20200902_131532\\Certpay_testSuite\\Consumer_Payment_Making\\20200902_131532\\1599033036206.png, C:\\Users\\admin\\git\\Sush_Certpay\\Reports\\20200902_131532\\Certpay_testSuite\\Consumer_Payment_Making\\20200902_131532\\1599033214802.png, C:\\Users\\admin\\git\\Sush_Certpay\\Reports\\20200902_131532\\Certpay_testSuite\\Consumer_Payment_Making\\20200902_131532\\1599033426633.png, C:\\Users\\admin\\git\\Sush_Certpay\\Reports\\20200902_131532\\Certpay_testSuite\\Consumer_Payment_Making\\20200902_131532\\1599033486170.png"/>
         <property name="hostName" value="admin - SYS8"/>
         <property name="os" value="Windows 10 32bit"/>
         <property name="katalonVersion" value="7.1.2.1"/>
         <property name="browser" value="Chrome 84.0.4147.135"/>
         <property name="hostAddress" value="172.31.253.251"/>
         <property name="sessionId" value="b87296a4f25d5bea7058e6dd0d85a49e"/>
         <property name="seleniumVersion" value="3.141.59"/>
         <property name="proxyInformation" value="ProxyInformation{proxyOption=NO_PROXY, proxyServerType=HTTP, password=, proxyServerAddress=, proxyServerPort=0, executionList=}"/>
         <property name="platform" value="Windows 10"/>
      </properties>
      <testcase name="Test Cases/Consumer_Make_Payment/TC_003_Echeck_Checking_SingleLine_Payment" time="158.633" classname="Test Cases/Consumer_Make_Payment/TC_003_Echeck_Checking_SingleLine_Payment" status="PASSED">
         <system-out><![CDATA[2020-09-02 13:15:37 - [TEST_CASE][PASSED] - Test Cases/Consumer_Make_Payment/TC_003_Echeck_Checking_SingleLine_Payment: Test Cases/Consumer_Make_Payment/TC_003_Echeck_Checking_SingleLine_Payment

2020-09-02 13:15:37 - [TEST_STEP][PASSED] - Start listener action : beforeTestCase: null

2020-09-02 13:15:37 - [TEST_STEP][PASSED] - utilities.SafeActions.openBrowser(certpay_url, [pageLoadTime]): Browser launched successfully

2020-09-02 13:15:38 - [MESSAGE][INFO] - Opening Browser

2020-09-02 13:15:38 - [MESSAGE][INFO] - Starting 'Chrome' driver

2020-09-02 13:15:38 - [MESSAGE][INFO] - Action delay is set to 0 seconds

2020-09-02 13:15:49 - [MESSAGE][PASSED] - Browser is opened with url: 'https://qa-certpay.faps.net/'

2020-09-02 13:15:51 - [MESSAGE][PASSED] - Current window maximized

2020-09-02 13:15:51 - [MESSAGE][PASSED] - Browser launched successfully

2020-09-02 13:15:51 - [TEST_STEP][PASSED] - utilities.SafeActions.safeType(findTestObject("MAKE_ PAYMENT/Home_ Page/BUREAU_CODE"), bureauCode, "Bureau code", [pageLoadTime]): Consumer_Payment_Making.ts:Entered'6100000 into Bureau code

2020-09-02 13:15:52 - [MESSAGE][PASSED] - Object 'Object Repository/MAKE_ PAYMENT/Home_ Page/BUREAU_CODE' is present

2020-09-02 13:15:53 - [MESSAGE][PASSED] - Object 'Object Repository/MAKE_ PAYMENT/Home_ Page/BUREAU_CODE' is visible

2020-09-02 13:15:53 - [MESSAGE][PASSED] - Object 'Object Repository/MAKE_ PAYMENT/Home_ Page/BUREAU_CODE' is present

2020-09-02 13:15:56 - [MESSAGE][PASSED] - Text '6100000' is set on object 'Object Repository/MAKE_ PAYMENT/Home_ Page/BUREAU_CODE'

2020-09-02 13:15:56 - [MESSAGE][PASSED] - Consumer_Payment_Making.ts:Entered'6100000 into Bureau code

2020-09-02 13:15:56 - [TEST_STEP][PASSED] - utilities.SafeActions.safeClick(findTestObject("MAKE_ PAYMENT/Home_ Page/BEGIN_PAYMENT"), "Begin payment", [pageLoadTime]): Consumer_Payment_Making.ts:Clicked on the Begin payment

2020-09-02 13:15:56 - [MESSAGE][INFO] - safeClicking

2020-09-02 13:15:56 - [MESSAGE][PASSED] - Object 'Object Repository/MAKE_ PAYMENT/Home_ Page/BEGIN_PAYMENT' is present

2020-09-02 13:15:57 - [MESSAGE][PASSED] - Object 'Object Repository/MAKE_ PAYMENT/Home_ Page/BEGIN_PAYMENT' is clickable

2020-09-02 13:16:02 - [MESSAGE][PASSED] - Object: 'Object Repository/MAKE_ PAYMENT/Home_ Page/BEGIN_PAYMENT' is clicked on

2020-09-02 13:16:02 - [MESSAGE][PASSED] - Consumer_Payment_Making.ts:Clicked on the Begin payment

2020-09-02 13:16:02 - [TEST_STEP][PASSED] - utilities.SafeActions.safeClick(findTestObject("MAKE_ PAYMENT/Home_ Page/NEXT_BUTTON"), "Continue", [pageLoadTime]): Consumer_Payment_Making.ts:Clicked on the Continue

2020-09-02 13:16:02 - [MESSAGE][INFO] - safeClicking

2020-09-02 13:16:03 - [MESSAGE][PASSED] - Object 'Object Repository/MAKE_ PAYMENT/Home_ Page/NEXT_BUTTON' is present

2020-09-02 13:16:03 - [MESSAGE][PASSED] - Object 'Object Repository/MAKE_ PAYMENT/Home_ Page/NEXT_BUTTON' is clickable

2020-09-02 13:16:06 - [MESSAGE][PASSED] - Object: 'Object Repository/MAKE_ PAYMENT/Home_ Page/NEXT_BUTTON' is clicked on

2020-09-02 13:16:06 - [MESSAGE][PASSED] - Consumer_Payment_Making.ts:Clicked on the Continue

2020-09-02 13:16:06 - [TEST_STEP][PASSED] - utilities.SafeActions.safeCheck(findTestObject("MAKE_ PAYMENT/Home_ Page/ELECTRONIC_CHECK"), "Echeck", [pageLoadTime]): Consumer_Payment_Making.ts:Checkbox 'Echeck'is selected

2020-09-02 13:16:07 - [MESSAGE][PASSED] - Object 'Object Repository/MAKE_ PAYMENT/Home_ Page/ELECTRONIC_CHECK' is present

2020-09-02 13:16:08 - [MESSAGE][PASSED] - Object 'Object Repository/MAKE_ PAYMENT/Home_ Page/ELECTRONIC_CHECK' is present

2020-09-02 13:16:09 - [MESSAGE][PASSED] - Object: 'Object Repository/MAKE_ PAYMENT/Home_ Page/ELECTRONIC_CHECK' is clicked on

2020-09-02 13:16:09 - [MESSAGE][PASSED] - Consumer_Payment_Making.ts:Checkbox 'Echeck'is selected

2020-09-02 13:16:09 - [TEST_STEP][PASSED] - pages.Payment_Page.setAmount("1", paymentAmount, "testing", referenceNum): Consumer_Payment_Making.ts:Entered'testing into Comments

2020-09-02 13:16:11 - [MESSAGE][PASSED] - Object '' is present

2020-09-02 13:16:12 - [MESSAGE][PASSED] - Object '' is visible

2020-09-02 13:16:12 - [MESSAGE][PASSED] - Object '' is present

2020-09-02 13:16:13 - [MESSAGE][PASSED] - Text '30.00' is set on object ''

2020-09-02 13:16:13 - [MESSAGE][PASSED] - Consumer_Payment_Making.ts:Entered'30.00 into Amount

2020-09-02 13:16:14 - [MESSAGE][PASSED] - Object '' is present

2020-09-02 13:16:14 - [MESSAGE][PASSED] - Object '' is visible

2020-09-02 13:16:14 - [MESSAGE][PASSED] - Object '' is present

2020-09-02 13:16:15 - [MESSAGE][PASSED] - Text '13' is set on object ''

2020-09-02 13:16:15 - [MESSAGE][PASSED] - Consumer_Payment_Making.ts:Entered'13 into Amount

2020-09-02 13:16:16 - [MESSAGE][PASSED] - Object '' is present

2020-09-02 13:16:16 - [MESSAGE][PASSED] - Object '' is visible

2020-09-02 13:16:16 - [MESSAGE][PASSED] - Object '' is present

2020-09-02 13:16:18 - [MESSAGE][PASSED] - Text 'testing' is set on object ''

2020-09-02 13:16:18 - [MESSAGE][PASSED] - Consumer_Payment_Making.ts:Entered'testing into Comments

2020-09-02 13:16:18 - [TEST_STEP][PASSED] - utilities.SafeActions.safeSelectOptionInDropdownByVisibleText(findTestObject("MAKE_ PAYMENT/Home_ Page/PAYMENT_TYPE"), paymentType, "Payment Type", [pageLoadTime]): selected dropdown option by visible text  Licensesfrom Payment Type

2020-09-02 13:16:18 - [MESSAGE][PASSED] - Object 'Object Repository/MAKE_ PAYMENT/Home_ Page/PAYMENT_TYPE' is visible

2020-09-02 13:16:18 - [MESSAGE][PASSED] - Object 'Object Repository/MAKE_ PAYMENT/Home_ Page/PAYMENT_TYPE' is present

2020-09-02 13:16:20 - [MESSAGE][PASSED] - Object: 'Object Repository/MAKE_ PAYMENT/Home_ Page/PAYMENT_TYPE' is clicked on

2020-09-02 13:16:21 - [MESSAGE][PASSED] - All options with label 'Licenses' are selected in object 'Object Repository/MAKE_ PAYMENT/Home_ Page/PAYMENT_TYPE'  using regular expression

2020-09-02 13:16:21 - [MESSAGE][PASSED] - selected dropdown option by visible text  Licensesfrom Payment Type

2020-09-02 13:16:21 - [TEST_STEP][PASSED] - utilities.SafeActions.safeClick(findTestObject("MAKE_ PAYMENT/Home_ Page/CONTINUE"), "Continue", [pageLoadTime]): Consumer_Payment_Making.ts:Clicked on the Continue

2020-09-02 13:16:21 - [MESSAGE][INFO] - safeClicking

2020-09-02 13:16:21 - [MESSAGE][PASSED] - Object 'Object Repository/MAKE_ PAYMENT/Home_ Page/CONTINUE' is present

2020-09-02 13:16:22 - [MESSAGE][PASSED] - Object 'Object Repository/MAKE_ PAYMENT/Home_ Page/CONTINUE' is clickable

2020-09-02 13:16:25 - [MESSAGE][PASSED] - Object: 'Object Repository/MAKE_ PAYMENT/Home_ Page/CONTINUE' is clicked on

2020-09-02 13:16:25 - [MESSAGE][PASSED] - Consumer_Payment_Making.ts:Clicked on the Continue

2020-09-02 13:16:25 - [TEST_STEP][PASSED] - pages.Payment_Page.setPersonalDetails(firstName, lastName, telephone): Consumer_Payment_Making.ts:Entered'9898982244 into Telephone

2020-09-02 13:16:27 - [MESSAGE][PASSED] - Object 'Object Repository/MAKE_ PAYMENT/Consumer_Personal_ Details/FIRST_NAME' is present

2020-09-02 13:16:27 - [MESSAGE][PASSED] - Object 'Object Repository/MAKE_ PAYMENT/Consumer_Personal_ Details/FIRST_NAME' is visible

2020-09-02 13:16:27 - [MESSAGE][PASSED] - Object 'Object Repository/MAKE_ PAYMENT/Consumer_Personal_ Details/FIRST_NAME' is present

2020-09-02 13:16:29 - [MESSAGE][PASSED] - Text 'rema' is set on object 'Object Repository/MAKE_ PAYMENT/Consumer_Personal_ Details/FIRST_NAME'

2020-09-02 13:16:29 - [MESSAGE][PASSED] - Consumer_Payment_Making.ts:Entered'rema into FirstName

2020-09-02 13:16:29 - [MESSAGE][PASSED] - Object 'Object Repository/MAKE_ PAYMENT/Consumer_Personal_ Details/LAST_NAME' is present

2020-09-02 13:16:29 - [MESSAGE][PASSED] - Object 'Object Repository/MAKE_ PAYMENT/Consumer_Personal_ Details/LAST_NAME' is visible

2020-09-02 13:16:29 - [MESSAGE][PASSED] - Object 'Object Repository/MAKE_ PAYMENT/Consumer_Personal_ Details/LAST_NAME' is present

2020-09-02 13:16:31 - [MESSAGE][PASSED] - Text 'reiza' is set on object 'Object Repository/MAKE_ PAYMENT/Consumer_Personal_ Details/LAST_NAME'

2020-09-02 13:16:31 - [MESSAGE][PASSED] - Consumer_Payment_Making.ts:Entered'reiza into LastName

2020-09-02 13:16:31 - [MESSAGE][PASSED] - Object 'Object Repository/MAKE_ PAYMENT/Consumer_Personal_ Details/TELEPHONE' is present

2020-09-02 13:16:31 - [MESSAGE][PASSED] - Object 'Object Repository/MAKE_ PAYMENT/Consumer_Personal_ Details/TELEPHONE' is visible

2020-09-02 13:16:32 - [MESSAGE][PASSED] - Object 'Object Repository/MAKE_ PAYMENT/Consumer_Personal_ Details/TELEPHONE' is present

2020-09-02 13:16:33 - [MESSAGE][PASSED] - Text '9898982244' is set on object 'Object Repository/MAKE_ PAYMENT/Consumer_Personal_ Details/TELEPHONE'

2020-09-02 13:16:33 - [MESSAGE][PASSED] - Consumer_Payment_Making.ts:Entered'9898982244 into Telephone

2020-09-02 13:16:33 - [TEST_STEP][PASSED] - pages.Payment_Page.setLocationDetails(address, zipCode): Consumer_Payment_Making.ts:Entered'76103 into ZipCode

2020-09-02 13:16:33 - [MESSAGE][PASSED] - Object 'Object Repository/MAKE_ PAYMENT/Consumer_Personal_ Details/ADDRESS' is present

2020-09-02 13:16:34 - [MESSAGE][PASSED] - Object 'Object Repository/MAKE_ PAYMENT/Consumer_Personal_ Details/ADDRESS' is visible

2020-09-02 13:16:34 - [MESSAGE][PASSED] - Object 'Object Repository/MAKE_ PAYMENT/Consumer_Personal_ Details/ADDRESS' is present

2020-09-02 13:16:35 - [MESSAGE][PASSED] - Text '15-4' is set on object 'Object Repository/MAKE_ PAYMENT/Consumer_Personal_ Details/ADDRESS'

2020-09-02 13:16:35 - [MESSAGE][PASSED] - Consumer_Payment_Making.ts:Entered'15-4 into Address

2020-09-02 13:16:36 - [MESSAGE][PASSED] - Object 'Object Repository/MAKE_ PAYMENT/Consumer_Personal_ Details/ZIP_CODE' is present

2020-09-02 13:16:36 - [MESSAGE][PASSED] - Object 'Object Repository/MAKE_ PAYMENT/Consumer_Personal_ Details/ZIP_CODE' is visible

2020-09-02 13:16:36 - [MESSAGE][PASSED] - Object 'Object Repository/MAKE_ PAYMENT/Consumer_Personal_ Details/ZIP_CODE' is present

2020-09-02 13:16:38 - [MESSAGE][PASSED] - Text '76103' is set on object 'Object Repository/MAKE_ PAYMENT/Consumer_Personal_ Details/ZIP_CODE'

2020-09-02 13:16:38 - [MESSAGE][PASSED] - Consumer_Payment_Making.ts:Entered'76103 into ZipCode

2020-09-02 13:16:38 - [TEST_STEP][PASSED] - pages.Payment_Page.clickOnElement(findTestObject("MAKE_ PAYMENT/Home_ Page/CONTINUE")): pages.Payment_Page.clickOnElement is PASSED

2020-09-02 13:16:41 - [MESSAGE][PASSED] - Execute JavaScript 'arguments[0].click()' successfully

2020-09-02 13:16:41 - [MESSAGE][PASSED] - pages.Payment_Page.clickOnElement is PASSED

2020-09-02 13:16:41 - [TEST_STEP][PASSED] - utilities.SafeActions.safeCheck(findTestObject("MAKE_ PAYMENT/Consumer_Personal_ Details/CheckBox"), "Billing CheckBox", [pageLoadTime]): Consumer_Payment_Making.ts:Checkbox 'Billing CheckBox'is selected

2020-09-02 13:16:42 - [MESSAGE][PASSED] - Object 'Object Repository/MAKE_ PAYMENT/Consumer_Personal_ Details/CheckBox' is present

2020-09-02 13:16:43 - [MESSAGE][PASSED] - Object 'Object Repository/MAKE_ PAYMENT/Consumer_Personal_ Details/CheckBox' is present

2020-09-02 13:16:44 - [MESSAGE][PASSED] - Object: 'Object Repository/MAKE_ PAYMENT/Consumer_Personal_ Details/CheckBox' is clicked on

2020-09-02 13:16:44 - [MESSAGE][PASSED] - Consumer_Payment_Making.ts:Checkbox 'Billing CheckBox'is selected

2020-09-02 13:16:44 - [TEST_STEP][PASSED] - waitForPageLoad(2): Wait for page load successfully

2020-09-02 13:16:47 - [MESSAGE][PASSED] - Wait for page load successfully

2020-09-02 13:16:47 - [TEST_STEP][PASSED] - utilities.SafeActions.safeClick(findTestObject("MAKE_ PAYMENT/Home_ Page/CONTINUE"), "Continue", [pageLoadTime]): Consumer_Payment_Making.ts:Clicked on the Continue

2020-09-02 13:16:47 - [MESSAGE][INFO] - safeClicking

2020-09-02 13:16:48 - [MESSAGE][PASSED] - Object 'Object Repository/MAKE_ PAYMENT/Home_ Page/CONTINUE' is present

2020-09-02 13:16:49 - [MESSAGE][PASSED] - Object 'Object Repository/MAKE_ PAYMENT/Home_ Page/CONTINUE' is clickable

2020-09-02 13:16:51 - [MESSAGE][PASSED] - Object: 'Object Repository/MAKE_ PAYMENT/Home_ Page/CONTINUE' is clicked on

2020-09-02 13:16:51 - [MESSAGE][PASSED] - Consumer_Payment_Making.ts:Clicked on the Continue

2020-09-02 13:16:51 - [TEST_STEP][PASSED] - utilities.SafeActions.safeCheck(findTestObject("MAKE_ PAYMENT/Consumer_Personal_ Details/ACC_TYPE_CHECKING"), "Checking", [pageLoadTime]): Consumer_Payment_Making.ts:Checkbox 'Checking'is selected

2020-09-02 13:16:52 - [MESSAGE][PASSED] - Object 'Object Repository/MAKE_ PAYMENT/Consumer_Personal_ Details/ACC_TYPE_CHECKING' is present

2020-09-02 13:16:53 - [MESSAGE][PASSED] - Object 'Object Repository/MAKE_ PAYMENT/Consumer_Personal_ Details/ACC_TYPE_CHECKING' is present

2020-09-02 13:16:54 - [MESSAGE][PASSED] - Object: 'Object Repository/MAKE_ PAYMENT/Consumer_Personal_ Details/ACC_TYPE_CHECKING' is clicked on

2020-09-02 13:16:54 - [MESSAGE][PASSED] - Consumer_Payment_Making.ts:Checkbox 'Checking'is selected

2020-09-02 13:16:54 - [TEST_STEP][PASSED] - pages.Payment_Page.setElectronicCheckInformation(findTestObject("MAKE_ PAYMENT/Consumer_Personal_ Details/CHECKING_ACCOUNT_NUMBER"), findTestObject("MAKE_ PAYMENT/Consumer_Personal_ Details/CONFIRM_CHECKING_ACC_NUM"), routingNum, checkingAccNum): Consumer_Payment_Making.ts:Entered'123456 into ConfirmCheckAccNum

2020-09-02 13:16:55 - [MESSAGE][PASSED] - Object 'Object Repository/MAKE_ PAYMENT/Consumer_Personal_ Details/ROUTING_NUMBER' is present

2020-09-02 13:16:55 - [MESSAGE][PASSED] - Object 'Object Repository/MAKE_ PAYMENT/Consumer_Personal_ Details/ROUTING_NUMBER' is visible

2020-09-02 13:16:56 - [MESSAGE][PASSED] - Object 'Object Repository/MAKE_ PAYMENT/Consumer_Personal_ Details/ROUTING_NUMBER' is present

2020-09-02 13:16:57 - [MESSAGE][PASSED] - Text '111000025' is set on object 'Object Repository/MAKE_ PAYMENT/Consumer_Personal_ Details/ROUTING_NUMBER'

2020-09-02 13:16:57 - [MESSAGE][PASSED] - Consumer_Payment_Making.ts:Entered'111000025 into RoutingNumber

2020-09-02 13:16:57 - [MESSAGE][PASSED] - Object 'Object Repository/MAKE_ PAYMENT/Consumer_Personal_ Details/CHECKING_ACCOUNT_NUMBER' is present

2020-09-02 13:16:57 - [MESSAGE][PASSED] - Object 'Object Repository/MAKE_ PAYMENT/Consumer_Personal_ Details/CHECKING_ACCOUNT_NUMBER' is present

2020-09-02 13:16:58 - [MESSAGE][PASSED] - Object 'Object Repository/MAKE_ PAYMENT/Consumer_Personal_ Details/CHECKING_ACCOUNT_NUMBER' is visible

2020-09-02 13:16:58 - [MESSAGE][PASSED] - Object 'Object Repository/MAKE_ PAYMENT/Consumer_Personal_ Details/CHECKING_ACCOUNT_NUMBER' is present

2020-09-02 13:16:59 - [MESSAGE][PASSED] - Text '123456' is set on object 'Object Repository/MAKE_ PAYMENT/Consumer_Personal_ Details/CHECKING_ACCOUNT_NUMBER'

2020-09-02 13:16:59 - [MESSAGE][PASSED] - Consumer_Payment_Making.ts:Entered'123456 into CheckAccNum

2020-09-02 13:17:01 - [MESSAGE][PASSED] - Object 'Object Repository/MAKE_ PAYMENT/Consumer_Personal_ Details/CONFIRM_CHECKING_ACC_NUM' is present

2020-09-02 13:17:01 - [MESSAGE][PASSED] - Object 'Object Repository/MAKE_ PAYMENT/Consumer_Personal_ Details/CONFIRM_CHECKING_ACC_NUM' is visible

2020-09-02 13:17:01 - [MESSAGE][PASSED] - Object 'Object Repository/MAKE_ PAYMENT/Consumer_Personal_ Details/CONFIRM_CHECKING_ACC_NUM' is present

2020-09-02 13:17:03 - [MESSAGE][PASSED] - Text '123456' is set on object 'Object Repository/MAKE_ PAYMENT/Consumer_Personal_ Details/CONFIRM_CHECKING_ACC_NUM'

2020-09-02 13:17:03 - [MESSAGE][PASSED] - Consumer_Payment_Making.ts:Entered'123456 into ConfirmCheckAccNum

2020-09-02 13:17:03 - [TEST_STEP][PASSED] - utilities.SafeActions.safeType(findTestObject("MAKE_ PAYMENT/Consumer_Personal_ Details/EMAIL_ADDRESS"), emailAddress, "EmailAddress", [pageLoadTime]): Consumer_Payment_Making.ts:Entered'testing@zenq.com into EmailAddress

2020-09-02 13:17:03 - [MESSAGE][PASSED] - Object 'Object Repository/MAKE_ PAYMENT/Consumer_Personal_ Details/EMAIL_ADDRESS' is present

2020-09-02 13:17:03 - [MESSAGE][PASSED] - Object 'Object Repository/MAKE_ PAYMENT/Consumer_Personal_ Details/EMAIL_ADDRESS' is visible

2020-09-02 13:17:04 - [MESSAGE][PASSED] - Object 'Object Repository/MAKE_ PAYMENT/Consumer_Personal_ Details/EMAIL_ADDRESS' is present

2020-09-02 13:17:05 - [MESSAGE][PASSED] - Text 'testing@zenq.com' is set on object 'Object Repository/MAKE_ PAYMENT/Consumer_Personal_ Details/EMAIL_ADDRESS'

2020-09-02 13:17:05 - [MESSAGE][PASSED] - Consumer_Payment_Making.ts:Entered'testing@zenq.com into EmailAddress

2020-09-02 13:17:05 - [TEST_STEP][PASSED] - utilities.SafeActions.safeType(findTestObject("MAKE_ PAYMENT/Consumer_Personal_ Details/SIGNATURE"), firstName, "First name", [pageLoadTime]): Consumer_Payment_Making.ts:Entered'rema into First name

2020-09-02 13:17:05 - [MESSAGE][PASSED] - Object 'Object Repository/MAKE_ PAYMENT/Consumer_Personal_ Details/SIGNATURE' is present

2020-09-02 13:17:06 - [MESSAGE][PASSED] - Object 'Object Repository/MAKE_ PAYMENT/Consumer_Personal_ Details/SIGNATURE' is visible

2020-09-02 13:17:06 - [MESSAGE][PASSED] - Object 'Object Repository/MAKE_ PAYMENT/Consumer_Personal_ Details/SIGNATURE' is present

2020-09-02 13:17:07 - [MESSAGE][PASSED] - Text 'rema' is set on object 'Object Repository/MAKE_ PAYMENT/Consumer_Personal_ Details/SIGNATURE'

2020-09-02 13:17:07 - [MESSAGE][PASSED] - Consumer_Payment_Making.ts:Entered'rema into First name

2020-09-02 13:17:07 - [TEST_STEP][PASSED] - utilities.SafeActions.safeType(findTestObject("MAKE_ PAYMENT/Consumer_Personal_ Details/AGREEMENT"), "Yes", "Agreement", [pageLoadTime]): Consumer_Payment_Making.ts:Entered'Yes into Agreement

2020-09-02 13:17:08 - [MESSAGE][PASSED] - Object 'Object Repository/MAKE_ PAYMENT/Consumer_Personal_ Details/AGREEMENT' is present

2020-09-02 13:17:08 - [MESSAGE][PASSED] - Object 'Object Repository/MAKE_ PAYMENT/Consumer_Personal_ Details/AGREEMENT' is visible

2020-09-02 13:17:08 - [MESSAGE][PASSED] - Object 'Object Repository/MAKE_ PAYMENT/Consumer_Personal_ Details/AGREEMENT' is present

2020-09-02 13:17:10 - [MESSAGE][PASSED] - Text 'Yes' is set on object 'Object Repository/MAKE_ PAYMENT/Consumer_Personal_ Details/AGREEMENT'

2020-09-02 13:17:10 - [MESSAGE][PASSED] - Consumer_Payment_Making.ts:Entered'Yes into Agreement

2020-09-02 13:17:10 - [TEST_STEP][PASSED] - utilities.SafeActions.safeClick(findTestObject("MAKE_ PAYMENT/Home_ Page/CHECK_CONTINUE"), "Continue", [pageLoadTime]): Consumer_Payment_Making.ts:Clicked on the Continue

2020-09-02 13:17:10 - [MESSAGE][INFO] - safeClicking

2020-09-02 13:17:10 - [MESSAGE][PASSED] - Object 'Object Repository/MAKE_ PAYMENT/Home_ Page/CHECK_CONTINUE' is present

2020-09-02 13:17:10 - [MESSAGE][PASSED] - Object 'Object Repository/MAKE_ PAYMENT/Home_ Page/CHECK_CONTINUE' is clickable

2020-09-02 13:17:12 - [MESSAGE][PASSED] - Object: 'Object Repository/MAKE_ PAYMENT/Home_ Page/CHECK_CONTINUE' is clicked on

2020-09-02 13:17:12 - [MESSAGE][PASSED] - Consumer_Payment_Making.ts:Clicked on the Continue

2020-09-02 13:17:12 - [TEST_STEP][PASSED] - utilities.SafeActions.safeClick(findTestObject("MAKE_ PAYMENT/Home_ Page/CONTINUE"), "Continue", [pageLoadTime]): Consumer_Payment_Making.ts:Clicked on the Continue

2020-09-02 13:17:12 - [MESSAGE][INFO] - safeClicking

2020-09-02 13:17:12 - [MESSAGE][PASSED] - Object 'Object Repository/MAKE_ PAYMENT/Home_ Page/CONTINUE' is present

2020-09-02 13:17:12 - [MESSAGE][PASSED] - Object 'Object Repository/MAKE_ PAYMENT/Home_ Page/CONTINUE' is clickable

2020-09-02 13:17:16 - [MESSAGE][PASSED] - Object: 'Object Repository/MAKE_ PAYMENT/Home_ Page/CONTINUE' is clicked on

2020-09-02 13:17:16 - [MESSAGE][PASSED] - Consumer_Payment_Making.ts:Clicked on the Continue

2020-09-02 13:17:16 - [TEST_STEP][PASSED] - utilities.SafeActions.safeClick(findTestObject("MAKE_ PAYMENT/Consumer_Personal_ Details/I_AGREE"), "I agree", [pageLoadTime]): Consumer_Payment_Making.ts:Clicked on the I agree

2020-09-02 13:17:16 - [MESSAGE][INFO] - safeClicking

2020-09-02 13:17:17 - [MESSAGE][PASSED] - Object 'Object Repository/MAKE_ PAYMENT/Consumer_Personal_ Details/I_AGREE' is present

2020-09-02 13:17:17 - [MESSAGE][PASSED] - Object 'Object Repository/MAKE_ PAYMENT/Consumer_Personal_ Details/I_AGREE' is clickable

2020-09-02 13:17:20 - [MESSAGE][PASSED] - Object: 'Object Repository/MAKE_ PAYMENT/Consumer_Personal_ Details/I_AGREE' is clicked on

2020-09-02 13:17:20 - [MESSAGE][PASSED] - Consumer_Payment_Making.ts:Clicked on the I agree

2020-09-02 13:17:20 - [TEST_STEP][PASSED] - pages.Payment_Page.verifyUserDetails(firstName, lastName, emailAddress, "VISA", "Checking"): pages.Payment_Page.verifyUserDetails is PASSED

2020-09-02 13:17:21 - [MESSAGE][PASSED] - Scroll to object 'Object Repository/MAKE_ PAYMENT/Verification_ Details/FIRST_NAME' successfully

2020-09-02 13:17:22 - [MESSAGE][PASSED] - Text of object 'Object Repository/MAKE_ PAYMENT/Verification_ Details/FIRST_NAME' is: 'rema'

2020-09-02 13:17:22 - [MESSAGE][PASSED] - Actual text 'rema' and expected text 'rema' are matched  using regular expression

2020-09-02 13:17:22 - [MESSAGE][PASSED] - Text of object 'Object Repository/MAKE_ PAYMENT/Verification_ Details/LAST_NAME' is: 'reiza'

2020-09-02 13:17:22 - [MESSAGE][PASSED] - Actual text 'reiza' and expected text 'reiza' are matched  using regular expression

2020-09-02 13:17:25 - [MESSAGE][PASSED] - Text of object 'Object Repository/MAKE_ PAYMENT/Verification_ Details/EMAIL_ADDRESS' is: 'testing@zenq.com'

2020-09-02 13:17:25 - [MESSAGE][PASSED] - Actual text 'testing@zenq.com' and expected text 'testing@zenq.com' are matched  using regular expression

2020-09-02 13:17:25 - [MESSAGE][PASSED] - Text of object 'Object Repository/MAKE_ PAYMENT/Verification_ Details/ACH_ACC_TYPE' is: 'Checking'

2020-09-02 13:17:25 - [MESSAGE][PASSED] - Actual text 'Checking' and expected text 'Checking' are matched  using regular expression

2020-09-02 13:17:26 - [MESSAGE][PASSED] - pages.Payment_Page.verifyUserDetails is PASSED

2020-09-02 13:17:26 - [TEST_STEP][PASSED] - utilities.SafeActions.safeClick(findTestObject("MAKE_ PAYMENT/Verification_ Details/PROCESS_PAYMENT"), "Process Payment", [pageLoadTime]): Consumer_Payment_Making.ts:Clicked on the Process Payment

2020-09-02 13:17:26 - [MESSAGE][INFO] - safeClicking

2020-09-02 13:17:27 - [MESSAGE][PASSED] - Object 'Object Repository/MAKE_ PAYMENT/Verification_ Details/PROCESS_PAYMENT' is present

2020-09-02 13:17:27 - [MESSAGE][PASSED] - Object 'Object Repository/MAKE_ PAYMENT/Verification_ Details/PROCESS_PAYMENT' is clickable

2020-09-02 13:17:28 - [MESSAGE][PASSED] - Object: 'Object Repository/MAKE_ PAYMENT/Verification_ Details/PROCESS_PAYMENT' is clicked on

2020-09-02 13:17:28 - [MESSAGE][PASSED] - Consumer_Payment_Making.ts:Clicked on the Process Payment

2020-09-02 13:17:28 - [TEST_STEP][PASSED] - utilities.SafeActions.safeClick(findTestObject("MAKE_ PAYMENT/Verification_ Details/YES_BUTTON"), "yes button", [pageLoadTime]): Consumer_Payment_Making.ts:Clicked on the yes button

2020-09-02 13:17:28 - [MESSAGE][INFO] - safeClicking

2020-09-02 13:17:29 - [MESSAGE][PASSED] - Object 'Object Repository/MAKE_ PAYMENT/Verification_ Details/YES_BUTTON' is present

2020-09-02 13:17:29 - [MESSAGE][PASSED] - Object 'Object Repository/MAKE_ PAYMENT/Verification_ Details/YES_BUTTON' is clickable

2020-09-02 13:17:32 - [MESSAGE][PASSED] - Object: 'Object Repository/MAKE_ PAYMENT/Verification_ Details/YES_BUTTON' is clicked on

2020-09-02 13:17:32 - [MESSAGE][PASSED] - Consumer_Payment_Making.ts:Clicked on the yes button

2020-09-02 13:17:32 - [TEST_STEP][PASSED] - verifyElementPresent(findTestObject("MAKE_ PAYMENT/Verification_ Details/PENDING"), 30): Object 'Object Repository/MAKE_ PAYMENT/Verification_ Details/PENDING' is present

2020-09-02 13:17:34 - [MESSAGE][PASSED] - Object 'Object Repository/MAKE_ PAYMENT/Verification_ Details/PENDING' is present

2020-09-02 13:17:34 - [TEST_STEP][PASSED] - PaymentID = pages.Payment_Page.verifyECheckPaymentApproval(referenceNum): pages.Payment_Page.verifyECheckPaymentApproval is PASSED

2020-09-02 13:17:34 - [MESSAGE][PASSED] - Text of object 'Object Repository/MAKE_ PAYMENT/Verification_ Details/PAY_ID_ELECTRIC_CHECK' is: '100176105268'

2020-09-02 13:17:37 - [MESSAGE][PASSED] - Text of object 'Object Repository/MAKE_ PAYMENT/Verification_ Details/REF_NUM_E_CHECK' is: '13'

2020-09-02 13:17:37 - [MESSAGE][PASSED] - pages.Payment_Page.verifyECheckPaymentApproval is PASSED

2020-09-02 13:17:37 - [TEST_STEP][PASSED] - utilities.SafeActions.safeClick(findTestObject("SEARCH_PAYMENT/SEARCH_PAYMENT"), "Search Payment", [pageLoadTime]): Consumer_Payment_Making.ts:Clicked on the Search Payment

2020-09-02 13:17:37 - [MESSAGE][INFO] - safeClicking

2020-09-02 13:17:37 - [MESSAGE][PASSED] - Object 'Object Repository/SEARCH_PAYMENT/SEARCH_PAYMENT' is present

2020-09-02 13:17:37 - [MESSAGE][PASSED] - Object 'Object Repository/SEARCH_PAYMENT/SEARCH_PAYMENT' is clickable

2020-09-02 13:17:39 - [MESSAGE][PASSED] - Object: 'Object Repository/SEARCH_PAYMENT/SEARCH_PAYMENT' is clicked on

2020-09-02 13:17:39 - [MESSAGE][PASSED] - Consumer_Payment_Making.ts:Clicked on the Search Payment

2020-09-02 13:17:39 - [TEST_STEP][PASSED] - waitForPageLoad(10): Wait for page load successfully

2020-09-02 13:17:39 - [MESSAGE][PASSED] - Wait for page load successfully

2020-09-02 13:17:39 - [TEST_STEP][PASSED] - pages.Search_Page.switchToWindow(): pages.Search_Page.switchToWindow is PASSED

2020-09-02 13:17:46 - [MESSAGE][PASSED] - Object: 'Object Repository/SEARCH_PAYMENT/SEARCH_PAYMENT' is clicked on

2020-09-02 13:17:46 - [MESSAGE][PASSED] - Switched to window with index: '1'

2020-09-02 13:17:46 - [MESSAGE][PASSED] - pages.Search_Page.switchToWindow is PASSED

2020-09-02 13:17:46 - [TEST_STEP][PASSED] - utilities.SafeActions.safeCheck(findTestObject("SEARCH_PAYMENT/ELECTRONIC_CHECK"), "E check", [mediumWait]): Consumer_Payment_Making.ts:Checkbox 'E check'is selected

2020-09-02 13:17:48 - [MESSAGE][PASSED] - Object 'Object Repository/SEARCH_PAYMENT/ELECTRONIC_CHECK' is present

2020-09-02 13:17:49 - [MESSAGE][PASSED] - Object 'Object Repository/SEARCH_PAYMENT/ELECTRONIC_CHECK' is present

2020-09-02 13:17:51 - [MESSAGE][PASSED] - Object: 'Object Repository/SEARCH_PAYMENT/ELECTRONIC_CHECK' is clicked on

2020-09-02 13:17:51 - [MESSAGE][PASSED] - Consumer_Payment_Making.ts:Checkbox 'E check'is selected

2020-09-02 13:17:51 - [TEST_STEP][PASSED] - pages.Search_Page.setSearchDetails(lastName, cardNum, checkingAccNum): Acc num enterd

2020-09-02 13:17:51 - [MESSAGE][PASSED] - Object 'Object Repository/SEARCH_PAYMENT/BILLING_LAST_NAME' is present

2020-09-02 13:17:51 - [MESSAGE][PASSED] - Object 'Object Repository/SEARCH_PAYMENT/BILLING_LAST_NAME' is visible

2020-09-02 13:17:52 - [MESSAGE][PASSED] - Object 'Object Repository/SEARCH_PAYMENT/BILLING_LAST_NAME' is present

2020-09-02 13:17:53 - [MESSAGE][PASSED] - Text 'reiza' is set on object 'Object Repository/SEARCH_PAYMENT/BILLING_LAST_NAME'

2020-09-02 13:17:53 - [MESSAGE][PASSED] - Consumer_Payment_Making.ts:Entered'reiza into LastName

2020-09-02 13:17:54 - [MESSAGE][WARNING] - Object 'Object Repository/SEARCH_PAYMENT/CREDIT_OR_DEBIT_CARD' is not checked (Root cause: com.kms.katalon.core.exception.StepFailedException: Object 'Object Repository/SEARCH_PAYMENT/CREDIT_OR_DEBIT_CARD' is not checked
	at com.kms.katalon.core.webui.keyword.internal.WebUIKeywordMain.stepFailed(WebUIKeywordMain.groovy:64)
	at com.kms.katalon.core.webui.keyword.builtin.VerifyElementCheckedKeyword$_verifyElementChecked_closure1.doCall(VerifyElementCheckedKeyword.groovy:81)
	at com.kms.katalon.core.webui.keyword.builtin.VerifyElementCheckedKeyword$_verifyElementChecked_closure1.call(VerifyElementCheckedKeyword.groovy)
	at com.kms.katalon.core.webui.keyword.internal.WebUIKeywordMain.runKeyword(WebUIKeywordMain.groovy:20)
	at com.kms.katalon.core.webui.keyword.builtin.VerifyElementCheckedKeyword.verifyElementChecked(VerifyElementCheckedKeyword.groovy:92)
	at com.kms.katalon.core.webui.keyword.builtin.VerifyElementCheckedKeyword.execute(VerifyElementCheckedKeyword.groovy:68)
	at com.kms.katalon.core.keyword.internal.KeywordExecutor.executeKeywordForPlatform(KeywordExecutor.groovy:72)
	at com.kms.katalon.core.webui.keyword.WebUiBuiltInKeywords.verifyElementChecked(WebUiBuiltInKeywords.groovy:1352)
	at com.kms.katalon.core.webui.keyword.WebUiBuiltInKeywords$verifyElementChecked$14.call(Unknown Source)
	at pages.Search_Page.setSearchDetails(Search_Page.groovy:39)
	at pages.Search_Page.invokeMethod(Search_Page.groovy)
	at com.kms.katalon.core.main.CustomKeywordDelegatingMetaClass.invokeStaticMethod(CustomKeywordDelegatingMetaClass.java:50)
	at TC_003_Echeck_Checking_SingleLine_Payment.run(TC_003_Echeck_Checking_SingleLine_Payment:122)
	at com.kms.katalon.core.main.ScriptEngine.run(ScriptEngine.java:194)
	at com.kms.katalon.core.main.ScriptEngine.runScriptAsRawText(ScriptEngine.java:119)
	at com.kms.katalon.core.main.TestCaseExecutor.runScript(TestCaseExecutor.java:337)
	at com.kms.katalon.core.main.TestCaseExecutor.doExecute(TestCaseExecutor.java:328)
	at com.kms.katalon.core.main.TestCaseExecutor.processExecutionPhase(TestCaseExecutor.java:307)
	at com.kms.katalon.core.main.TestCaseExecutor.accessMainPhase(TestCaseExecutor.java:299)
	at com.kms.katalon.core.main.TestCaseExecutor.execute(TestCaseExecutor.java:233)
	at com.kms.katalon.core.main.TestSuiteExecutor.accessTestCaseMainPhase(TestSuiteExecutor.java:169)
	at com.kms.katalon.core.main.TestSuiteExecutor.accessTestSuiteMainPhase(TestSuiteExecutor.java:142)
	at com.kms.katalon.core.main.TestSuiteExecutor.execute(TestSuiteExecutor.java:91)
	at com.kms.katalon.core.main.TestCaseMain.startTestSuite(TestCaseMain.java:157)
	at com.kms.katalon.core.main.TestCaseMain$startTestSuite$0.call(Unknown Source)
	at TempTestSuite1599032732082.run(TempTestSuite1599032732082.groovy:36)
)
[[ATTACHMENT|C:\\Users\\admin\\git\\Sush_Certpay\\Reports\\20200902_131532\\Certpay_testSuite\\Consumer_Payment_Making\\20200902_131532\\1599032873852.png]]

2020-09-02 13:17:54 - [MESSAGE][PASSED] - Object 'Object Repository/SEARCH_PAYMENT/ACC_NUMBER' is present

2020-09-02 13:17:55 - [MESSAGE][PASSED] - Object 'Object Repository/SEARCH_PAYMENT/ACC_NUMBER' is visible

2020-09-02 13:17:55 - [MESSAGE][PASSED] - Object 'Object Repository/SEARCH_PAYMENT/ACC_NUMBER' is present

2020-09-02 13:17:56 - [MESSAGE][PASSED] - Text '123456' is set on object 'Object Repository/SEARCH_PAYMENT/ACC_NUMBER'

2020-09-02 13:17:56 - [MESSAGE][PASSED] - Consumer_Payment_Making.ts:Entered'123456 into Acc num

2020-09-02 13:17:56 - [MESSAGE][PASSED] - Acc num enterd

2020-09-02 13:17:56 - [TEST_STEP][PASSED] - utilities.SafeActions.safeClick(findTestObject("SEARCH_PAYMENT/SEARCH_BUTTON"), "Search", [pageLoadTime]): Consumer_Payment_Making.ts:Clicked on the Search

2020-09-02 13:17:56 - [MESSAGE][INFO] - safeClicking

2020-09-02 13:17:57 - [MESSAGE][PASSED] - Object 'Object Repository/SEARCH_PAYMENT/SEARCH_BUTTON' is present

2020-09-02 13:17:57 - [MESSAGE][PASSED] - Object 'Object Repository/SEARCH_PAYMENT/SEARCH_BUTTON' is clickable

2020-09-02 13:18:02 - [MESSAGE][PASSED] - Object: 'Object Repository/SEARCH_PAYMENT/SEARCH_BUTTON' is clicked on

2020-09-02 13:18:02 - [MESSAGE][PASSED] - Consumer_Payment_Making.ts:Clicked on the Search

2020-09-02 13:18:02 - [TEST_STEP][PASSED] - pages.Payment_Page.verifyPaymentDetailsInReceipt(PaymentID): pages.Payment_Page.verifyPaymentDetailsInReceipt is PASSED

2020-09-02 13:18:03 - [MESSAGE][PASSED] - Text of object 'Object Repository/SEARCH_PAYMENT/REFERNCE_NUM' is: '13'

2020-09-02 13:18:04 - [MESSAGE][PASSED] - Text of object 'Object Repository/SEARCH_PAYMENT/PAYMENT_ID' is: '100176105268'

2020-09-02 13:18:04 - [MESSAGE][PASSED] - pages.Payment_Page.verifyPaymentDetailsInReceipt is PASSED

2020-09-02 13:18:04 - [TEST_STEP][PASSED] - utilities.SafeActions.safeClick(findTestObject("SEARCH_PAYMENT/SEARCH_ ICON"), "SearchIcon", [pageLoadTime]): Consumer_Payment_Making.ts:Clicked on the SearchIcon

2020-09-02 13:18:04 - [MESSAGE][INFO] - safeClicking

2020-09-02 13:18:04 - [MESSAGE][PASSED] - Object 'Object Repository/SEARCH_PAYMENT/SEARCH_ ICON' is present

2020-09-02 13:18:04 - [MESSAGE][PASSED] - Object 'Object Repository/SEARCH_PAYMENT/SEARCH_ ICON' is clickable

2020-09-02 13:18:06 - [MESSAGE][PASSED] - Object: 'Object Repository/SEARCH_PAYMENT/SEARCH_ ICON' is clicked on

2020-09-02 13:18:06 - [MESSAGE][PASSED] - Consumer_Payment_Making.ts:Clicked on the SearchIcon

2020-09-02 13:18:06 - [TEST_STEP][PASSED] - delay(2): Delayed 2 second(s)

2020-09-02 13:18:08 - [MESSAGE][PASSED] - Delayed 2 second(s)

2020-09-02 13:18:08 - [TEST_STEP][PASSED] - scrollToElement(findTestObject("SEARCH_PAYMENT/CLOSE_BUTTON"), 30): Scroll to object 'Object Repository/SEARCH_PAYMENT/CLOSE_BUTTON' successfully

2020-09-02 13:18:08 - [MESSAGE][PASSED] - Scroll to object 'Object Repository/SEARCH_PAYMENT/CLOSE_BUTTON' successfully

2020-09-02 13:18:08 - [TEST_STEP][PASSED] - utilities.SafeActions.safeClick(findTestObject("SEARCH_PAYMENT/EMAIL_ RECEIPT"), "Email Receipt", [pageLoadTime]): Consumer_Payment_Making.ts:Clicked on the Email Receipt

2020-09-02 13:18:08 - [MESSAGE][INFO] - safeClicking

2020-09-02 13:18:09 - [MESSAGE][PASSED] - Object 'Object Repository/SEARCH_PAYMENT/EMAIL_ RECEIPT' is present

2020-09-02 13:18:09 - [MESSAGE][PASSED] - Object 'Object Repository/SEARCH_PAYMENT/EMAIL_ RECEIPT' is clickable

2020-09-02 13:18:10 - [MESSAGE][PASSED] - Object: 'Object Repository/SEARCH_PAYMENT/EMAIL_ RECEIPT' is clicked on

2020-09-02 13:18:10 - [MESSAGE][PASSED] - Consumer_Payment_Making.ts:Clicked on the Email Receipt

2020-09-02 13:18:10 - [TEST_STEP][PASSED] - utilities.SafeActions.safeClick(findTestObject("SEARCH_PAYMENT/SEND_ EMAIL_BUTTON"), "Send Email", [pageLoadTime]): Consumer_Payment_Making.ts:Clicked on the Send Email

2020-09-02 13:18:10 - [MESSAGE][INFO] - safeClicking

2020-09-02 13:18:11 - [MESSAGE][PASSED] - Object 'Object Repository/SEARCH_PAYMENT/SEND_ EMAIL_BUTTON' is present

2020-09-02 13:18:11 - [MESSAGE][PASSED] - Object 'Object Repository/SEARCH_PAYMENT/SEND_ EMAIL_BUTTON' is clickable

2020-09-02 13:18:12 - [MESSAGE][PASSED] - Object: 'Object Repository/SEARCH_PAYMENT/SEND_ EMAIL_BUTTON' is clicked on

2020-09-02 13:18:12 - [MESSAGE][PASSED] - Consumer_Payment_Making.ts:Clicked on the Send Email

2020-09-02 13:18:12 - [TEST_STEP][PASSED] - Start listener action : afterTestCase: Browser is closed

2020-09-02 13:18:12 - [TEST_STEP][PASSED] - closeBrowser(): Browser is closed

2020-09-02 13:18:15 - [MESSAGE][PASSED] - Browser is closed]]></system-out>
         <system-err><![CDATA[]]></system-err>
      </testcase>
      <testcase name="Test Cases/Consumer_Make_Payment/TC_004_Echeck_Checking_MultiLine_Payment" time="173.513" classname="Test Cases/Consumer_Make_Payment/TC_004_Echeck_Checking_MultiLine_Payment" status="PASSED">
         <system-out><![CDATA[2020-09-02 13:18:15 - [TEST_CASE][PASSED] - Test Cases/Consumer_Make_Payment/TC_004_Echeck_Checking_MultiLine_Payment: Test Cases/Consumer_Make_Payment/TC_004_Echeck_Checking_MultiLine_Payment

2020-09-02 13:18:16 - [TEST_STEP][PASSED] - Start listener action : beforeTestCase: null

2020-09-02 13:18:16 - [TEST_STEP][PASSED] - utilities.SafeActions.openBrowser(certpay_url, [pageLoadTime]): Browser launched successfully

2020-09-02 13:18:16 - [MESSAGE][INFO] - Opening Browser

2020-09-02 13:18:16 - [MESSAGE][INFO] - Starting 'Chrome' driver

2020-09-02 13:18:27 - [MESSAGE][PASSED] - Browser is opened with url: 'https://qa-certpay.faps.net/'

2020-09-02 13:18:29 - [MESSAGE][PASSED] - Current window maximized

2020-09-02 13:18:29 - [MESSAGE][PASSED] - Browser launched successfully

2020-09-02 13:18:29 - [TEST_STEP][PASSED] - utilities.SafeActions.safeType(findTestObject("MAKE_ PAYMENT/Home_ Page/BUREAU_CODE"), bureauCode, "Bureau code", [pageLoadTime]): Consumer_Payment_Making.ts:Entered'6100000 into Bureau code

2020-09-02 13:18:30 - [MESSAGE][PASSED] - Object 'Object Repository/MAKE_ PAYMENT/Home_ Page/BUREAU_CODE' is present

2020-09-02 13:18:30 - [MESSAGE][PASSED] - Object 'Object Repository/MAKE_ PAYMENT/Home_ Page/BUREAU_CODE' is visible

2020-09-02 13:18:30 - [MESSAGE][PASSED] - Object 'Object Repository/MAKE_ PAYMENT/Home_ Page/BUREAU_CODE' is present

2020-09-02 13:18:32 - [MESSAGE][PASSED] - Text '6100000' is set on object 'Object Repository/MAKE_ PAYMENT/Home_ Page/BUREAU_CODE'

2020-09-02 13:18:32 - [MESSAGE][PASSED] - Consumer_Payment_Making.ts:Entered'6100000 into Bureau code

2020-09-02 13:18:32 - [TEST_STEP][PASSED] - utilities.SafeActions.safeClick(findTestObject("MAKE_ PAYMENT/Home_ Page/BEGIN_PAYMENT"), "Begin payment", [pageLoadTime]): Consumer_Payment_Making.ts:Clicked on the Begin payment

2020-09-02 13:18:32 - [MESSAGE][INFO] - safeClicking

2020-09-02 13:18:32 - [MESSAGE][PASSED] - Object 'Object Repository/MAKE_ PAYMENT/Home_ Page/BEGIN_PAYMENT' is present

2020-09-02 13:18:32 - [MESSAGE][PASSED] - Object 'Object Repository/MAKE_ PAYMENT/Home_ Page/BEGIN_PAYMENT' is clickable

2020-09-02 13:18:35 - [MESSAGE][PASSED] - Object: 'Object Repository/MAKE_ PAYMENT/Home_ Page/BEGIN_PAYMENT' is clicked on

2020-09-02 13:18:35 - [MESSAGE][PASSED] - Consumer_Payment_Making.ts:Clicked on the Begin payment

2020-09-02 13:18:35 - [TEST_STEP][PASSED] - utilities.SafeActions.safeClick(findTestObject("MAKE_ PAYMENT/Home_ Page/NEXT_BUTTON"), "Continue", [pageLoadTime]): Consumer_Payment_Making.ts:Clicked on the Continue

2020-09-02 13:18:35 - [MESSAGE][INFO] - safeClicking

2020-09-02 13:18:36 - [MESSAGE][PASSED] - Object 'Object Repository/MAKE_ PAYMENT/Home_ Page/NEXT_BUTTON' is present

2020-09-02 13:18:36 - [MESSAGE][PASSED] - Object 'Object Repository/MAKE_ PAYMENT/Home_ Page/NEXT_BUTTON' is clickable

2020-09-02 13:18:40 - [MESSAGE][PASSED] - Object: 'Object Repository/MAKE_ PAYMENT/Home_ Page/NEXT_BUTTON' is clicked on

2020-09-02 13:18:40 - [MESSAGE][PASSED] - Consumer_Payment_Making.ts:Clicked on the Continue

2020-09-02 13:18:40 - [TEST_STEP][PASSED] - utilities.SafeActions.safeCheck(findTestObject("MAKE_ PAYMENT/Home_ Page/ELECTRONIC_CHECK"), "Echeck", [pageLoadTime]): Consumer_Payment_Making.ts:Checkbox 'Echeck'is selected

2020-09-02 13:18:40 - [MESSAGE][PASSED] - Object 'Object Repository/MAKE_ PAYMENT/Home_ Page/ELECTRONIC_CHECK' is present

2020-09-02 13:18:42 - [MESSAGE][PASSED] - Object 'Object Repository/MAKE_ PAYMENT/Home_ Page/ELECTRONIC_CHECK' is present

2020-09-02 13:18:43 - [MESSAGE][PASSED] - Object: 'Object Repository/MAKE_ PAYMENT/Home_ Page/ELECTRONIC_CHECK' is clicked on

2020-09-02 13:18:43 - [MESSAGE][PASSED] - Consumer_Payment_Making.ts:Checkbox 'Echeck'is selected

2020-09-02 13:18:43 - [TEST_STEP][PASSED] - pages.Payment_Page.setAmount("1", paymentAmount, "testing", referenceNum): Consumer_Payment_Making.ts:Entered'testing into Comments

2020-09-02 13:18:45 - [MESSAGE][PASSED] - Object '' is present

2020-09-02 13:18:45 - [MESSAGE][PASSED] - Object '' is visible

2020-09-02 13:18:46 - [MESSAGE][PASSED] - Object '' is present

2020-09-02 13:18:47 - [MESSAGE][PASSED] - Text '10.00' is set on object ''

2020-09-02 13:18:47 - [MESSAGE][PASSED] - Consumer_Payment_Making.ts:Entered'10.00 into Amount

2020-09-02 13:18:47 - [MESSAGE][PASSED] - Object '' is present

2020-09-02 13:18:47 - [MESSAGE][PASSED] - Object '' is visible

2020-09-02 13:18:48 - [MESSAGE][PASSED] - Object '' is present

2020-09-02 13:18:49 - [MESSAGE][PASSED] - Text '11' is set on object ''

2020-09-02 13:18:49 - [MESSAGE][PASSED] - Consumer_Payment_Making.ts:Entered'11 into Amount

2020-09-02 13:18:49 - [MESSAGE][PASSED] - Object '' is present

2020-09-02 13:18:50 - [MESSAGE][PASSED] - Object '' is visible

2020-09-02 13:18:50 - [MESSAGE][PASSED] - Object '' is present

2020-09-02 13:18:51 - [MESSAGE][PASSED] - Text 'testing' is set on object ''

2020-09-02 13:18:51 - [MESSAGE][PASSED] - Consumer_Payment_Making.ts:Entered'testing into Comments

2020-09-02 13:18:51 - [TEST_STEP][PASSED] - utilities.SafeActions.safeClick(findTestObject("MAKE_ PAYMENT/Home_ Page/ADD_ANOTHER_PROPERTY"), "Multi-Payment", [pageLoadTime]): Consumer_Payment_Making.ts:Clicked on the Multi-Payment

2020-09-02 13:18:51 - [MESSAGE][INFO] - safeClicking

2020-09-02 13:18:52 - [MESSAGE][PASSED] - Object 'Object Repository/MAKE_ PAYMENT/Home_ Page/ADD_ANOTHER_PROPERTY' is present

2020-09-02 13:18:52 - [MESSAGE][PASSED] - Object 'Object Repository/MAKE_ PAYMENT/Home_ Page/ADD_ANOTHER_PROPERTY' is clickable

2020-09-02 13:18:55 - [MESSAGE][PASSED] - Object: 'Object Repository/MAKE_ PAYMENT/Home_ Page/ADD_ANOTHER_PROPERTY' is clicked on

2020-09-02 13:18:55 - [MESSAGE][PASSED] - Consumer_Payment_Making.ts:Clicked on the Multi-Payment

2020-09-02 13:18:55 - [TEST_STEP][PASSED] - pages.Payment_Page.setAmount("2", paymentAmount2, "Payment for testing", referenceNum): Consumer_Payment_Making.ts:Entered'Payment for testing into Comments

2020-09-02 13:18:57 - [MESSAGE][PASSED] - Object '' is present

2020-09-02 13:18:57 - [MESSAGE][PASSED] - Object '' is visible

2020-09-02 13:18:57 - [MESSAGE][PASSED] - Object '' is present

2020-09-02 13:18:58 - [MESSAGE][PASSED] - Text '35.00' is set on object ''

2020-09-02 13:18:58 - [MESSAGE][PASSED] - Consumer_Payment_Making.ts:Entered'35.00 into Amount

2020-09-02 13:18:59 - [MESSAGE][PASSED] - Object '' is present

2020-09-02 13:18:59 - [MESSAGE][PASSED] - Object '' is visible

2020-09-02 13:18:59 - [MESSAGE][PASSED] - Object '' is present

2020-09-02 13:19:00 - [MESSAGE][PASSED] - Text '11' is set on object ''

2020-09-02 13:19:00 - [MESSAGE][PASSED] - Consumer_Payment_Making.ts:Entered'11 into Amount

2020-09-02 13:19:01 - [MESSAGE][PASSED] - Object '' is present

2020-09-02 13:19:01 - [MESSAGE][PASSED] - Object '' is visible

2020-09-02 13:19:01 - [MESSAGE][PASSED] - Object '' is present

2020-09-02 13:19:03 - [MESSAGE][PASSED] - Text 'Payment for testing' is set on object ''

2020-09-02 13:19:03 - [MESSAGE][PASSED] - Consumer_Payment_Making.ts:Entered'Payment for testing into Comments

2020-09-02 13:19:03 - [TEST_STEP][PASSED] - utilities.SafeActions.safeSelectOptionInDropdownByVisibleText(findTestObject("MAKE_ PAYMENT/Home_ Page/PAYMENT_TYPE"), paymentType, "Payment Type", [pageLoadTime]): selected dropdown option by visible text  Taxesfrom Payment Type

2020-09-02 13:19:03 - [MESSAGE][PASSED] - Object 'Object Repository/MAKE_ PAYMENT/Home_ Page/PAYMENT_TYPE' is visible

2020-09-02 13:19:03 - [MESSAGE][PASSED] - Object 'Object Repository/MAKE_ PAYMENT/Home_ Page/PAYMENT_TYPE' is present

2020-09-02 13:19:05 - [MESSAGE][PASSED] - Object: 'Object Repository/MAKE_ PAYMENT/Home_ Page/PAYMENT_TYPE' is clicked on

2020-09-02 13:19:06 - [MESSAGE][PASSED] - All options with label 'Taxes' are selected in object 'Object Repository/MAKE_ PAYMENT/Home_ Page/PAYMENT_TYPE'  using regular expression

2020-09-02 13:19:06 - [MESSAGE][PASSED] - selected dropdown option by visible text  Taxesfrom Payment Type

2020-09-02 13:19:06 - [TEST_STEP][PASSED] - utilities.SafeActions.safeClick(findTestObject("MAKE_ PAYMENT/Home_ Page/CONTINUE"), "Continue", [pageLoadTime]): Consumer_Payment_Making.ts:Clicked on the Continue

2020-09-02 13:19:06 - [MESSAGE][INFO] - safeClicking

2020-09-02 13:19:06 - [MESSAGE][PASSED] - Object 'Object Repository/MAKE_ PAYMENT/Home_ Page/CONTINUE' is present

2020-09-02 13:19:06 - [MESSAGE][PASSED] - Object 'Object Repository/MAKE_ PAYMENT/Home_ Page/CONTINUE' is clickable

2020-09-02 13:19:10 - [MESSAGE][PASSED] - Object: 'Object Repository/MAKE_ PAYMENT/Home_ Page/CONTINUE' is clicked on

2020-09-02 13:19:10 - [MESSAGE][PASSED] - Consumer_Payment_Making.ts:Clicked on the Continue

2020-09-02 13:19:10 - [TEST_STEP][PASSED] - pages.Payment_Page.setPersonalDetails(firstName, lastName, telephone): Consumer_Payment_Making.ts:Entered'9988545421 into Telephone

2020-09-02 13:19:11 - [MESSAGE][PASSED] - Object 'Object Repository/MAKE_ PAYMENT/Consumer_Personal_ Details/FIRST_NAME' is present

2020-09-02 13:19:12 - [MESSAGE][PASSED] - Object 'Object Repository/MAKE_ PAYMENT/Consumer_Personal_ Details/FIRST_NAME' is visible

2020-09-02 13:19:12 - [MESSAGE][PASSED] - Object 'Object Repository/MAKE_ PAYMENT/Consumer_Personal_ Details/FIRST_NAME' is present

2020-09-02 13:19:13 - [MESSAGE][PASSED] - Text 'Chasto' is set on object 'Object Repository/MAKE_ PAYMENT/Consumer_Personal_ Details/FIRST_NAME'

2020-09-02 13:19:13 - [MESSAGE][PASSED] - Consumer_Payment_Making.ts:Entered'Chasto into FirstName

2020-09-02 13:19:14 - [MESSAGE][PASSED] - Object 'Object Repository/MAKE_ PAYMENT/Consumer_Personal_ Details/LAST_NAME' is present

2020-09-02 13:19:14 - [MESSAGE][PASSED] - Object 'Object Repository/MAKE_ PAYMENT/Consumer_Personal_ Details/LAST_NAME' is visible

2020-09-02 13:19:14 - [MESSAGE][PASSED] - Object 'Object Repository/MAKE_ PAYMENT/Consumer_Personal_ Details/LAST_NAME' is present

2020-09-02 13:19:16 - [MESSAGE][PASSED] - Text 'James' is set on object 'Object Repository/MAKE_ PAYMENT/Consumer_Personal_ Details/LAST_NAME'

2020-09-02 13:19:16 - [MESSAGE][PASSED] - Consumer_Payment_Making.ts:Entered'James into LastName

2020-09-02 13:19:16 - [MESSAGE][PASSED] - Object 'Object Repository/MAKE_ PAYMENT/Consumer_Personal_ Details/TELEPHONE' is present

2020-09-02 13:19:16 - [MESSAGE][PASSED] - Object 'Object Repository/MAKE_ PAYMENT/Consumer_Personal_ Details/TELEPHONE' is visible

2020-09-02 13:19:17 - [MESSAGE][PASSED] - Object 'Object Repository/MAKE_ PAYMENT/Consumer_Personal_ Details/TELEPHONE' is present

2020-09-02 13:19:18 - [MESSAGE][PASSED] - Text '9988545421' is set on object 'Object Repository/MAKE_ PAYMENT/Consumer_Personal_ Details/TELEPHONE'

2020-09-02 13:19:18 - [MESSAGE][PASSED] - Consumer_Payment_Making.ts:Entered'9988545421 into Telephone

2020-09-02 13:19:18 - [TEST_STEP][PASSED] - pages.Payment_Page.setLocationDetails(address, zipCode): Consumer_Payment_Making.ts:Entered'76102 into ZipCode

2020-09-02 13:19:18 - [MESSAGE][PASSED] - Object 'Object Repository/MAKE_ PAYMENT/Consumer_Personal_ Details/ADDRESS' is present

2020-09-02 13:19:19 - [MESSAGE][PASSED] - Object 'Object Repository/MAKE_ PAYMENT/Consumer_Personal_ Details/ADDRESS' is visible

2020-09-02 13:19:19 - [MESSAGE][PASSED] - Object 'Object Repository/MAKE_ PAYMENT/Consumer_Personal_ Details/ADDRESS' is present

2020-09-02 13:19:20 - [MESSAGE][PASSED] - Text '14-9' is set on object 'Object Repository/MAKE_ PAYMENT/Consumer_Personal_ Details/ADDRESS'

2020-09-02 13:19:20 - [MESSAGE][PASSED] - Consumer_Payment_Making.ts:Entered'14-9 into Address

2020-09-02 13:19:21 - [MESSAGE][PASSED] - Object 'Object Repository/MAKE_ PAYMENT/Consumer_Personal_ Details/ZIP_CODE' is present

2020-09-02 13:19:21 - [MESSAGE][PASSED] - Object 'Object Repository/MAKE_ PAYMENT/Consumer_Personal_ Details/ZIP_CODE' is visible

2020-09-02 13:19:21 - [MESSAGE][PASSED] - Object 'Object Repository/MAKE_ PAYMENT/Consumer_Personal_ Details/ZIP_CODE' is present

2020-09-02 13:19:23 - [MESSAGE][PASSED] - Text '76102' is set on object 'Object Repository/MAKE_ PAYMENT/Consumer_Personal_ Details/ZIP_CODE'

2020-09-02 13:19:23 - [MESSAGE][PASSED] - Consumer_Payment_Making.ts:Entered'76102 into ZipCode

2020-09-02 13:19:23 - [TEST_STEP][PASSED] - pages.Payment_Page.clickOnElement(findTestObject("MAKE_ PAYMENT/Home_ Page/CONTINUE")): pages.Payment_Page.clickOnElement is PASSED

2020-09-02 13:19:26 - [MESSAGE][PASSED] - Execute JavaScript 'arguments[0].click()' successfully

2020-09-02 13:19:26 - [MESSAGE][PASSED] - pages.Payment_Page.clickOnElement is PASSED

2020-09-02 13:19:26 - [TEST_STEP][PASSED] - utilities.SafeActions.safeCheck(findTestObject("MAKE_ PAYMENT/Consumer_Personal_ Details/CheckBox"), "Billing CheckBox", [pageLoadTime]): Consumer_Payment_Making.ts:Checkbox 'Billing CheckBox'is selected

2020-09-02 13:19:27 - [MESSAGE][PASSED] - Object 'Object Repository/MAKE_ PAYMENT/Consumer_Personal_ Details/CheckBox' is present

2020-09-02 13:19:28 - [MESSAGE][PASSED] - Object 'Object Repository/MAKE_ PAYMENT/Consumer_Personal_ Details/CheckBox' is present

2020-09-02 13:19:30 - [MESSAGE][PASSED] - Object: 'Object Repository/MAKE_ PAYMENT/Consumer_Personal_ Details/CheckBox' is clicked on

2020-09-02 13:19:30 - [MESSAGE][PASSED] - Consumer_Payment_Making.ts:Checkbox 'Billing CheckBox'is selected

2020-09-02 13:19:30 - [TEST_STEP][PASSED] - waitForPageLoad(2): Wait for page load successfully

2020-09-02 13:19:31 - [MESSAGE][PASSED] - Wait for page load successfully

2020-09-02 13:19:31 - [TEST_STEP][PASSED] - utilities.SafeActions.safeClick(findTestObject("MAKE_ PAYMENT/Home_ Page/CONTINUE"), "Continue", [pageLoadTime]): Consumer_Payment_Making.ts:Clicked on the Continue

2020-09-02 13:19:31 - [MESSAGE][INFO] - safeClicking

2020-09-02 13:19:32 - [MESSAGE][PASSED] - Object 'Object Repository/MAKE_ PAYMENT/Home_ Page/CONTINUE' is present

2020-09-02 13:19:32 - [MESSAGE][PASSED] - Object 'Object Repository/MAKE_ PAYMENT/Home_ Page/CONTINUE' is clickable

2020-09-02 13:19:35 - [MESSAGE][PASSED] - Object: 'Object Repository/MAKE_ PAYMENT/Home_ Page/CONTINUE' is clicked on

2020-09-02 13:19:35 - [MESSAGE][PASSED] - Consumer_Payment_Making.ts:Clicked on the Continue

2020-09-02 13:19:35 - [TEST_STEP][PASSED] - utilities.SafeActions.safeCheck(findTestObject("MAKE_ PAYMENT/Consumer_Personal_ Details/ACC_TYPE_CHECKING"), "Checking", [pageLoadTime]): Consumer_Payment_Making.ts:Checkbox 'Checking'is selected

2020-09-02 13:19:36 - [MESSAGE][PASSED] - Object 'Object Repository/MAKE_ PAYMENT/Consumer_Personal_ Details/ACC_TYPE_CHECKING' is present

2020-09-02 13:19:37 - [MESSAGE][PASSED] - Object 'Object Repository/MAKE_ PAYMENT/Consumer_Personal_ Details/ACC_TYPE_CHECKING' is present

2020-09-02 13:19:38 - [MESSAGE][PASSED] - Object: 'Object Repository/MAKE_ PAYMENT/Consumer_Personal_ Details/ACC_TYPE_CHECKING' is clicked on

2020-09-02 13:19:38 - [MESSAGE][PASSED] - Consumer_Payment_Making.ts:Checkbox 'Checking'is selected

2020-09-02 13:19:38 - [TEST_STEP][PASSED] - pages.Payment_Page.setElectronicCheckInformation(findTestObject("MAKE_ PAYMENT/Consumer_Personal_ Details/CHECKING_ACCOUNT_NUMBER"), findTestObject("MAKE_ PAYMENT/Consumer_Personal_ Details/CONFIRM_CHECKING_ACC_NUM"), routingNum, checkingAccNum): Consumer_Payment_Making.ts:Entered'123456 into ConfirmCheckAccNum

2020-09-02 13:19:39 - [MESSAGE][PASSED] - Object 'Object Repository/MAKE_ PAYMENT/Consumer_Personal_ Details/ROUTING_NUMBER' is present

2020-09-02 13:19:39 - [MESSAGE][PASSED] - Object 'Object Repository/MAKE_ PAYMENT/Consumer_Personal_ Details/ROUTING_NUMBER' is visible

2020-09-02 13:19:39 - [MESSAGE][PASSED] - Object 'Object Repository/MAKE_ PAYMENT/Consumer_Personal_ Details/ROUTING_NUMBER' is present

2020-09-02 13:19:41 - [MESSAGE][PASSED] - Text '111000025' is set on object 'Object Repository/MAKE_ PAYMENT/Consumer_Personal_ Details/ROUTING_NUMBER'

2020-09-02 13:19:41 - [MESSAGE][PASSED] - Consumer_Payment_Making.ts:Entered'111000025 into RoutingNumber

2020-09-02 13:19:41 - [MESSAGE][PASSED] - Object 'Object Repository/MAKE_ PAYMENT/Consumer_Personal_ Details/CHECKING_ACCOUNT_NUMBER' is present

2020-09-02 13:19:41 - [MESSAGE][PASSED] - Object 'Object Repository/MAKE_ PAYMENT/Consumer_Personal_ Details/CHECKING_ACCOUNT_NUMBER' is present

2020-09-02 13:19:41 - [MESSAGE][PASSED] - Object 'Object Repository/MAKE_ PAYMENT/Consumer_Personal_ Details/CHECKING_ACCOUNT_NUMBER' is visible

2020-09-02 13:19:42 - [MESSAGE][PASSED] - Object 'Object Repository/MAKE_ PAYMENT/Consumer_Personal_ Details/CHECKING_ACCOUNT_NUMBER' is present

2020-09-02 13:19:43 - [MESSAGE][PASSED] - Text '123456' is set on object 'Object Repository/MAKE_ PAYMENT/Consumer_Personal_ Details/CHECKING_ACCOUNT_NUMBER'

2020-09-02 13:19:43 - [MESSAGE][PASSED] - Consumer_Payment_Making.ts:Entered'123456 into CheckAccNum

2020-09-02 13:19:44 - [MESSAGE][PASSED] - Object 'Object Repository/MAKE_ PAYMENT/Consumer_Personal_ Details/CONFIRM_CHECKING_ACC_NUM' is present

2020-09-02 13:19:44 - [MESSAGE][PASSED] - Object 'Object Repository/MAKE_ PAYMENT/Consumer_Personal_ Details/CONFIRM_CHECKING_ACC_NUM' is visible

2020-09-02 13:19:44 - [MESSAGE][PASSED] - Object 'Object Repository/MAKE_ PAYMENT/Consumer_Personal_ Details/CONFIRM_CHECKING_ACC_NUM' is present

2020-09-02 13:19:45 - [MESSAGE][PASSED] - Text '123456' is set on object 'Object Repository/MAKE_ PAYMENT/Consumer_Personal_ Details/CONFIRM_CHECKING_ACC_NUM'

2020-09-02 13:19:45 - [MESSAGE][PASSED] - Consumer_Payment_Making.ts:Entered'123456 into ConfirmCheckAccNum

2020-09-02 13:19:45 - [TEST_STEP][PASSED] - utilities.SafeActions.safeType(findTestObject("MAKE_ PAYMENT/Consumer_Personal_ Details/EMAIL_ADDRESS"), emailAddress, "EmailAddress", [pageLoadTime]): Consumer_Payment_Making.ts:Entered'testing@zenq.com into EmailAddress

2020-09-02 13:19:46 - [MESSAGE][PASSED] - Object 'Object Repository/MAKE_ PAYMENT/Consumer_Personal_ Details/EMAIL_ADDRESS' is present

2020-09-02 13:19:46 - [MESSAGE][PASSED] - Object 'Object Repository/MAKE_ PAYMENT/Consumer_Personal_ Details/EMAIL_ADDRESS' is visible

2020-09-02 13:19:47 - [MESSAGE][PASSED] - Object 'Object Repository/MAKE_ PAYMENT/Consumer_Personal_ Details/EMAIL_ADDRESS' is present

2020-09-02 13:19:48 - [MESSAGE][PASSED] - Text 'testing@zenq.com' is set on object 'Object Repository/MAKE_ PAYMENT/Consumer_Personal_ Details/EMAIL_ADDRESS'

2020-09-02 13:19:48 - [MESSAGE][PASSED] - Consumer_Payment_Making.ts:Entered'testing@zenq.com into EmailAddress

2020-09-02 13:19:48 - [TEST_STEP][PASSED] - utilities.SafeActions.safeType(findTestObject("MAKE_ PAYMENT/Consumer_Personal_ Details/SIGNATURE"), firstName, "EmailAddress", [pageLoadTime]): Consumer_Payment_Making.ts:Entered'Chasto into EmailAddress

2020-09-02 13:19:48 - [MESSAGE][PASSED] - Object 'Object Repository/MAKE_ PAYMENT/Consumer_Personal_ Details/SIGNATURE' is present

2020-09-02 13:19:49 - [MESSAGE][PASSED] - Object 'Object Repository/MAKE_ PAYMENT/Consumer_Personal_ Details/SIGNATURE' is visible

2020-09-02 13:19:49 - [MESSAGE][PASSED] - Object 'Object Repository/MAKE_ PAYMENT/Consumer_Personal_ Details/SIGNATURE' is present

2020-09-02 13:19:50 - [MESSAGE][PASSED] - Text 'Chasto' is set on object 'Object Repository/MAKE_ PAYMENT/Consumer_Personal_ Details/SIGNATURE'

2020-09-02 13:19:50 - [MESSAGE][PASSED] - Consumer_Payment_Making.ts:Entered'Chasto into EmailAddress

2020-09-02 13:19:50 - [TEST_STEP][PASSED] - utilities.SafeActions.safeType(findTestObject("MAKE_ PAYMENT/Consumer_Personal_ Details/AGREEMENT"), "Yes", "Agreement", [pageLoadTime]): Consumer_Payment_Making.ts:Entered'Yes into Agreement

2020-09-02 13:19:51 - [MESSAGE][PASSED] - Object 'Object Repository/MAKE_ PAYMENT/Consumer_Personal_ Details/AGREEMENT' is present

2020-09-02 13:19:51 - [MESSAGE][PASSED] - Object 'Object Repository/MAKE_ PAYMENT/Consumer_Personal_ Details/AGREEMENT' is visible

2020-09-02 13:19:51 - [MESSAGE][PASSED] - Object 'Object Repository/MAKE_ PAYMENT/Consumer_Personal_ Details/AGREEMENT' is present

2020-09-02 13:19:53 - [MESSAGE][PASSED] - Text 'Yes' is set on object 'Object Repository/MAKE_ PAYMENT/Consumer_Personal_ Details/AGREEMENT'

2020-09-02 13:19:53 - [MESSAGE][PASSED] - Consumer_Payment_Making.ts:Entered'Yes into Agreement

2020-09-02 13:19:53 - [TEST_STEP][PASSED] - utilities.SafeActions.safeClick(findTestObject("MAKE_ PAYMENT/Home_ Page/CHECK_CONTINUE"), "Continue", [pageLoadTime]): Consumer_Payment_Making.ts:Clicked on the Continue

2020-09-02 13:19:53 - [MESSAGE][INFO] - safeClicking

2020-09-02 13:19:53 - [MESSAGE][PASSED] - Object 'Object Repository/MAKE_ PAYMENT/Home_ Page/CHECK_CONTINUE' is present

2020-09-02 13:19:53 - [MESSAGE][PASSED] - Object 'Object Repository/MAKE_ PAYMENT/Home_ Page/CHECK_CONTINUE' is clickable

2020-09-02 13:19:55 - [MESSAGE][PASSED] - Object: 'Object Repository/MAKE_ PAYMENT/Home_ Page/CHECK_CONTINUE' is clicked on

2020-09-02 13:19:55 - [MESSAGE][PASSED] - Consumer_Payment_Making.ts:Clicked on the Continue

2020-09-02 13:19:55 - [TEST_STEP][PASSED] - utilities.SafeActions.safeClick(findTestObject("MAKE_ PAYMENT/Home_ Page/CONTINUE"), "Continue", [pageLoadTime]): Consumer_Payment_Making.ts:Clicked on the Continue

2020-09-02 13:19:55 - [MESSAGE][INFO] - safeClicking

2020-09-02 13:19:55 - [MESSAGE][PASSED] - Object 'Object Repository/MAKE_ PAYMENT/Home_ Page/CONTINUE' is present

2020-09-02 13:19:56 - [MESSAGE][PASSED] - Object 'Object Repository/MAKE_ PAYMENT/Home_ Page/CONTINUE' is clickable

2020-09-02 13:19:59 - [MESSAGE][PASSED] - Object: 'Object Repository/MAKE_ PAYMENT/Home_ Page/CONTINUE' is clicked on

2020-09-02 13:19:59 - [MESSAGE][PASSED] - Consumer_Payment_Making.ts:Clicked on the Continue

2020-09-02 13:19:59 - [TEST_STEP][PASSED] - utilities.SafeActions.safeClick(findTestObject("MAKE_ PAYMENT/Consumer_Personal_ Details/I_AGREE"), "I agree", [pageLoadTime]): Consumer_Payment_Making.ts:Clicked on the I agree

2020-09-02 13:19:59 - [MESSAGE][INFO] - safeClicking

2020-09-02 13:20:00 - [MESSAGE][PASSED] - Object 'Object Repository/MAKE_ PAYMENT/Consumer_Personal_ Details/I_AGREE' is present

2020-09-02 13:20:00 - [MESSAGE][PASSED] - Object 'Object Repository/MAKE_ PAYMENT/Consumer_Personal_ Details/I_AGREE' is clickable

2020-09-02 13:20:03 - [MESSAGE][PASSED] - Object: 'Object Repository/MAKE_ PAYMENT/Consumer_Personal_ Details/I_AGREE' is clicked on

2020-09-02 13:20:03 - [MESSAGE][PASSED] - Consumer_Payment_Making.ts:Clicked on the I agree

2020-09-02 13:20:03 - [TEST_STEP][PASSED] - pages.Payment_Page.verifyUserDetails(firstName, lastName, emailAddress, "Discover", "Checking"): pages.Payment_Page.verifyUserDetails is PASSED

2020-09-02 13:20:04 - [MESSAGE][PASSED] - Scroll to object 'Object Repository/MAKE_ PAYMENT/Verification_ Details/FIRST_NAME' successfully

2020-09-02 13:20:04 - [MESSAGE][PASSED] - Text of object 'Object Repository/MAKE_ PAYMENT/Verification_ Details/FIRST_NAME' is: 'Chasto'

2020-09-02 13:20:04 - [MESSAGE][PASSED] - Actual text 'Chasto' and expected text 'Chasto' are matched  using regular expression

2020-09-02 13:20:04 - [MESSAGE][PASSED] - Text of object 'Object Repository/MAKE_ PAYMENT/Verification_ Details/LAST_NAME' is: 'James'

2020-09-02 13:20:04 - [MESSAGE][PASSED] - Actual text 'James' and expected text 'James' are matched  using regular expression

2020-09-02 13:20:07 - [MESSAGE][PASSED] - Text of object 'Object Repository/MAKE_ PAYMENT/Verification_ Details/EMAIL_ADDRESS' is: 'testing@zenq.com'

2020-09-02 13:20:07 - [MESSAGE][PASSED] - Actual text 'testing@zenq.com' and expected text 'testing@zenq.com' are matched  using regular expression

2020-09-02 13:20:07 - [MESSAGE][PASSED] - Text of object 'Object Repository/MAKE_ PAYMENT/Verification_ Details/ACH_ACC_TYPE' is: 'Checking'

2020-09-02 13:20:07 - [MESSAGE][PASSED] - Actual text 'Checking' and expected text 'Checking' are matched  using regular expression

2020-09-02 13:20:08 - [MESSAGE][PASSED] - pages.Payment_Page.verifyUserDetails is PASSED

2020-09-02 13:20:08 - [TEST_STEP][PASSED] - utilities.SafeActions.safeClick(findTestObject("MAKE_ PAYMENT/Verification_ Details/PROCESS_PAYMENT"), "Process Payment", [pageLoadTime]): Consumer_Payment_Making.ts:Clicked on the Process Payment

2020-09-02 13:20:08 - [MESSAGE][INFO] - safeClicking

2020-09-02 13:20:09 - [MESSAGE][PASSED] - Object 'Object Repository/MAKE_ PAYMENT/Verification_ Details/PROCESS_PAYMENT' is present

2020-09-02 13:20:09 - [MESSAGE][PASSED] - Object 'Object Repository/MAKE_ PAYMENT/Verification_ Details/PROCESS_PAYMENT' is clickable

2020-09-02 13:20:10 - [MESSAGE][PASSED] - Object: 'Object Repository/MAKE_ PAYMENT/Verification_ Details/PROCESS_PAYMENT' is clicked on

2020-09-02 13:20:10 - [MESSAGE][PASSED] - Consumer_Payment_Making.ts:Clicked on the Process Payment

2020-09-02 13:20:10 - [TEST_STEP][PASSED] - utilities.SafeActions.safeClick(findTestObject("MAKE_ PAYMENT/Verification_ Details/YES_BUTTON"), "yes button", [pageLoadTime]): Consumer_Payment_Making.ts:Clicked on the yes button

2020-09-02 13:20:10 - [MESSAGE][INFO] - safeClicking

2020-09-02 13:20:11 - [MESSAGE][PASSED] - Object 'Object Repository/MAKE_ PAYMENT/Verification_ Details/YES_BUTTON' is present

2020-09-02 13:20:11 - [MESSAGE][PASSED] - Object 'Object Repository/MAKE_ PAYMENT/Verification_ Details/YES_BUTTON' is clickable

2020-09-02 13:20:15 - [MESSAGE][PASSED] - Object: 'Object Repository/MAKE_ PAYMENT/Verification_ Details/YES_BUTTON' is clicked on

2020-09-02 13:20:15 - [MESSAGE][PASSED] - Consumer_Payment_Making.ts:Clicked on the yes button

2020-09-02 13:20:15 - [TEST_STEP][PASSED] - verifyElementPresent(findTestObject("MAKE_ PAYMENT/Verification_ Details/PENDING"), 30): Object 'Object Repository/MAKE_ PAYMENT/Verification_ Details/PENDING' is present

2020-09-02 13:20:16 - [MESSAGE][PASSED] - Object 'Object Repository/MAKE_ PAYMENT/Verification_ Details/PENDING' is present

2020-09-02 13:20:16 - [TEST_STEP][PASSED] - PaymentID = pages.Payment_Page.verifyECheckPaymentApproval(referenceNum): pages.Payment_Page.verifyECheckPaymentApproval is PASSED

2020-09-02 13:20:16 - [MESSAGE][PASSED] - Text of object 'Object Repository/MAKE_ PAYMENT/Verification_ Details/PAY_ID_ELECTRIC_CHECK' is: '100176105272'

2020-09-02 13:20:19 - [MESSAGE][PASSED] - Text of object 'Object Repository/MAKE_ PAYMENT/Verification_ Details/REF_NUM_E_CHECK' is: '11'

2020-09-02 13:20:19 - [MESSAGE][PASSED] - pages.Payment_Page.verifyECheckPaymentApproval is PASSED

2020-09-02 13:20:19 - [TEST_STEP][PASSED] - utilities.SafeActions.safeClick(findTestObject("SEARCH_PAYMENT/SEARCH_PAYMENT"), "Search Payment", [pageLoadTime]): Consumer_Payment_Making.ts:Clicked on the Search Payment

2020-09-02 13:20:19 - [MESSAGE][INFO] - safeClicking

2020-09-02 13:20:19 - [MESSAGE][PASSED] - Object 'Object Repository/SEARCH_PAYMENT/SEARCH_PAYMENT' is present

2020-09-02 13:20:20 - [MESSAGE][PASSED] - Object 'Object Repository/SEARCH_PAYMENT/SEARCH_PAYMENT' is clickable

2020-09-02 13:20:21 - [MESSAGE][PASSED] - Object: 'Object Repository/SEARCH_PAYMENT/SEARCH_PAYMENT' is clicked on

2020-09-02 13:20:21 - [MESSAGE][PASSED] - Consumer_Payment_Making.ts:Clicked on the Search Payment

2020-09-02 13:20:21 - [TEST_STEP][PASSED] - waitForPageLoad(10): Wait for page load successfully

2020-09-02 13:20:21 - [MESSAGE][PASSED] - Wait for page load successfully

2020-09-02 13:20:21 - [TEST_STEP][PASSED] - pages.Search_Page.switchToWindow(): pages.Search_Page.switchToWindow is PASSED

2020-09-02 13:20:28 - [MESSAGE][PASSED] - Object: 'Object Repository/SEARCH_PAYMENT/SEARCH_PAYMENT' is clicked on

2020-09-02 13:20:28 - [MESSAGE][PASSED] - Switched to window with index: '1'

2020-09-02 13:20:28 - [MESSAGE][PASSED] - pages.Search_Page.switchToWindow is PASSED

2020-09-02 13:20:28 - [TEST_STEP][PASSED] - utilities.SafeActions.safeCheck(findTestObject("SEARCH_PAYMENT/ELECTRONIC_CHECK"), "Echeck", [mediumWait]): Consumer_Payment_Making.ts:Checkbox 'Echeck'is selected

2020-09-02 13:20:31 - [MESSAGE][PASSED] - Object 'Object Repository/SEARCH_PAYMENT/ELECTRONIC_CHECK' is present

2020-09-02 13:20:32 - [MESSAGE][PASSED] - Object 'Object Repository/SEARCH_PAYMENT/ELECTRONIC_CHECK' is present

2020-09-02 13:20:33 - [MESSAGE][PASSED] - Object: 'Object Repository/SEARCH_PAYMENT/ELECTRONIC_CHECK' is clicked on

2020-09-02 13:20:33 - [MESSAGE][PASSED] - Consumer_Payment_Making.ts:Checkbox 'Echeck'is selected

2020-09-02 13:20:33 - [TEST_STEP][PASSED] - pages.Search_Page.setSearchDetails(lastName, VISA, checkingAccNum): Acc num enterd

2020-09-02 13:20:33 - [MESSAGE][PASSED] - Object 'Object Repository/SEARCH_PAYMENT/BILLING_LAST_NAME' is present

2020-09-02 13:20:34 - [MESSAGE][PASSED] - Object 'Object Repository/SEARCH_PAYMENT/BILLING_LAST_NAME' is visible

2020-09-02 13:20:34 - [MESSAGE][PASSED] - Object 'Object Repository/SEARCH_PAYMENT/BILLING_LAST_NAME' is present

2020-09-02 13:20:35 - [MESSAGE][PASSED] - Text 'James' is set on object 'Object Repository/SEARCH_PAYMENT/BILLING_LAST_NAME'

2020-09-02 13:20:35 - [MESSAGE][PASSED] - Consumer_Payment_Making.ts:Entered'James into LastName

2020-09-02 13:20:36 - [MESSAGE][WARNING] - Object 'Object Repository/SEARCH_PAYMENT/CREDIT_OR_DEBIT_CARD' is not checked (Root cause: com.kms.katalon.core.exception.StepFailedException: Object 'Object Repository/SEARCH_PAYMENT/CREDIT_OR_DEBIT_CARD' is not checked
	at com.kms.katalon.core.webui.keyword.internal.WebUIKeywordMain.stepFailed(WebUIKeywordMain.groovy:64)
	at com.kms.katalon.core.webui.keyword.builtin.VerifyElementCheckedKeyword$_verifyElementChecked_closure1.doCall(VerifyElementCheckedKeyword.groovy:81)
	at com.kms.katalon.core.webui.keyword.builtin.VerifyElementCheckedKeyword$_verifyElementChecked_closure1.call(VerifyElementCheckedKeyword.groovy)
	at com.kms.katalon.core.webui.keyword.internal.WebUIKeywordMain.runKeyword(WebUIKeywordMain.groovy:20)
	at com.kms.katalon.core.webui.keyword.builtin.VerifyElementCheckedKeyword.verifyElementChecked(VerifyElementCheckedKeyword.groovy:92)
	at com.kms.katalon.core.webui.keyword.builtin.VerifyElementCheckedKeyword.execute(VerifyElementCheckedKeyword.groovy:68)
	at com.kms.katalon.core.keyword.internal.KeywordExecutor.executeKeywordForPlatform(KeywordExecutor.groovy:72)
	at com.kms.katalon.core.webui.keyword.WebUiBuiltInKeywords.verifyElementChecked(WebUiBuiltInKeywords.groovy:1352)
	at com.kms.katalon.core.webui.keyword.WebUiBuiltInKeywords$verifyElementChecked$14.call(Unknown Source)
	at pages.Search_Page.setSearchDetails(Search_Page.groovy:39)
	at pages.Search_Page.invokeMethod(Search_Page.groovy)
	at com.kms.katalon.core.main.CustomKeywordDelegatingMetaClass.invokeStaticMethod(CustomKeywordDelegatingMetaClass.java:50)
	at TC_004_Echeck_Checking_MultiLine_Payment.run(TC_004_Echeck_Checking_MultiLine_Payment:128)
	at com.kms.katalon.core.main.ScriptEngine.run(ScriptEngine.java:194)
	at com.kms.katalon.core.main.ScriptEngine.runScriptAsRawText(ScriptEngine.java:119)
	at com.kms.katalon.core.main.TestCaseExecutor.runScript(TestCaseExecutor.java:337)
	at com.kms.katalon.core.main.TestCaseExecutor.doExecute(TestCaseExecutor.java:328)
	at com.kms.katalon.core.main.TestCaseExecutor.processExecutionPhase(TestCaseExecutor.java:307)
	at com.kms.katalon.core.main.TestCaseExecutor.accessMainPhase(TestCaseExecutor.java:299)
	at com.kms.katalon.core.main.TestCaseExecutor.execute(TestCaseExecutor.java:233)
	at com.kms.katalon.core.main.TestSuiteExecutor.accessTestCaseMainPhase(TestSuiteExecutor.java:169)
	at com.kms.katalon.core.main.TestSuiteExecutor.accessTestSuiteMainPhase(TestSuiteExecutor.java:142)
	at com.kms.katalon.core.main.TestSuiteExecutor.execute(TestSuiteExecutor.java:91)
	at com.kms.katalon.core.main.TestCaseMain.startTestSuite(TestCaseMain.java:157)
	at com.kms.katalon.core.main.TestCaseMain$startTestSuite$0.call(Unknown Source)
	at TempTestSuite1599032732082.run(TempTestSuite1599032732082.groovy:36)
)
[[ATTACHMENT|C:\\Users\\admin\\git\\Sush_Certpay\\Reports\\20200902_131532\\Certpay_testSuite\\Consumer_Payment_Making\\20200902_131532\\1599033036206.png]]

2020-09-02 13:20:37 - [MESSAGE][PASSED] - Object 'Object Repository/SEARCH_PAYMENT/ACC_NUMBER' is present

2020-09-02 13:20:37 - [MESSAGE][PASSED] - Object 'Object Repository/SEARCH_PAYMENT/ACC_NUMBER' is visible

2020-09-02 13:20:37 - [MESSAGE][PASSED] - Object 'Object Repository/SEARCH_PAYMENT/ACC_NUMBER' is present

2020-09-02 13:20:39 - [MESSAGE][PASSED] - Text '123456' is set on object 'Object Repository/SEARCH_PAYMENT/ACC_NUMBER'

2020-09-02 13:20:39 - [MESSAGE][PASSED] - Consumer_Payment_Making.ts:Entered'123456 into Acc num

2020-09-02 13:20:39 - [MESSAGE][PASSED] - Acc num enterd

2020-09-02 13:20:39 - [TEST_STEP][PASSED] - utilities.SafeActions.safeClick(findTestObject("SEARCH_PAYMENT/SEARCH_BUTTON"), "Search", [pageLoadTime]): Consumer_Payment_Making.ts:Clicked on the Search

2020-09-02 13:20:39 - [MESSAGE][INFO] - safeClicking

2020-09-02 13:20:39 - [MESSAGE][PASSED] - Object 'Object Repository/SEARCH_PAYMENT/SEARCH_BUTTON' is present

2020-09-02 13:20:39 - [MESSAGE][PASSED] - Object 'Object Repository/SEARCH_PAYMENT/SEARCH_BUTTON' is clickable

2020-09-02 13:20:45 - [MESSAGE][PASSED] - Object: 'Object Repository/SEARCH_PAYMENT/SEARCH_BUTTON' is clicked on

2020-09-02 13:20:45 - [MESSAGE][PASSED] - Consumer_Payment_Making.ts:Clicked on the Search

2020-09-02 13:20:45 - [TEST_STEP][PASSED] - pages.Payment_Page.verifyPaymentDetailsInReceipt(PaymentID): pages.Payment_Page.verifyPaymentDetailsInReceipt is PASSED

2020-09-02 13:20:46 - [MESSAGE][PASSED] - Text of object 'Object Repository/SEARCH_PAYMENT/REFERNCE_NUM' is: '11'

2020-09-02 13:20:47 - [MESSAGE][PASSED] - Text of object 'Object Repository/SEARCH_PAYMENT/PAYMENT_ID' is: '100176105276'

2020-09-02 13:20:47 - [MESSAGE][PASSED] - pages.Payment_Page.verifyPaymentDetailsInReceipt is PASSED

2020-09-02 13:20:47 - [TEST_STEP][PASSED] - utilities.SafeActions.safeClick(findTestObject("SEARCH_PAYMENT/SEARCH_ ICON"), "SearchIcon", [pageLoadTime]): Consumer_Payment_Making.ts:Clicked on the SearchIcon

2020-09-02 13:20:47 - [MESSAGE][INFO] - safeClicking

2020-09-02 13:20:47 - [MESSAGE][PASSED] - Object 'Object Repository/SEARCH_PAYMENT/SEARCH_ ICON' is present

2020-09-02 13:20:47 - [MESSAGE][PASSED] - Object 'Object Repository/SEARCH_PAYMENT/SEARCH_ ICON' is clickable

2020-09-02 13:20:49 - [MESSAGE][PASSED] - Object: 'Object Repository/SEARCH_PAYMENT/SEARCH_ ICON' is clicked on

2020-09-02 13:20:49 - [MESSAGE][PASSED] - Consumer_Payment_Making.ts:Clicked on the SearchIcon

2020-09-02 13:20:49 - [TEST_STEP][PASSED] - scrollToElement(findTestObject("SEARCH_PAYMENT/CLOSE_BUTTON"), 0): Scroll to object 'Object Repository/SEARCH_PAYMENT/CLOSE_BUTTON' successfully

2020-09-02 13:20:49 - [MESSAGE][WARNING] - Timeout '0' is invalid. Using default page load timeout: '30'

2020-09-02 13:20:51 - [MESSAGE][PASSED] - Scroll to object 'Object Repository/SEARCH_PAYMENT/CLOSE_BUTTON' successfully

2020-09-02 13:20:51 - [TEST_STEP][PASSED] - utilities.SafeActions.safeClick(findTestObject("SEARCH_PAYMENT/EMAIL_ RECEIPT"), "Email Receipt", [pageLoadTime]): Consumer_Payment_Making.ts:Clicked on the Email Receipt

2020-09-02 13:20:51 - [MESSAGE][INFO] - safeClicking

2020-09-02 13:20:51 - [MESSAGE][PASSED] - Object 'Object Repository/SEARCH_PAYMENT/EMAIL_ RECEIPT' is present

2020-09-02 13:20:51 - [MESSAGE][PASSED] - Object 'Object Repository/SEARCH_PAYMENT/EMAIL_ RECEIPT' is clickable

2020-09-02 13:20:53 - [MESSAGE][PASSED] - Object: 'Object Repository/SEARCH_PAYMENT/EMAIL_ RECEIPT' is clicked on

2020-09-02 13:20:53 - [MESSAGE][PASSED] - Consumer_Payment_Making.ts:Clicked on the Email Receipt

2020-09-02 13:20:53 - [TEST_STEP][PASSED] - utilities.SafeActions.safeClick(findTestObject("SEARCH_PAYMENT/SEND_ EMAIL_BUTTON"), "Send Email", [pageLoadTime]): Consumer_Payment_Making.ts:Clicked on the Send Email

2020-09-02 13:20:53 - [MESSAGE][INFO] - safeClicking

2020-09-02 13:20:54 - [MESSAGE][PASSED] - Object 'Object Repository/SEARCH_PAYMENT/SEND_ EMAIL_BUTTON' is present

2020-09-02 13:20:54 - [MESSAGE][PASSED] - Object 'Object Repository/SEARCH_PAYMENT/SEND_ EMAIL_BUTTON' is clickable

2020-09-02 13:20:55 - [MESSAGE][PASSED] - Object: 'Object Repository/SEARCH_PAYMENT/SEND_ EMAIL_BUTTON' is clicked on

2020-09-02 13:20:55 - [MESSAGE][PASSED] - Consumer_Payment_Making.ts:Clicked on the Send Email

2020-09-02 13:20:55 - [TEST_STEP][PASSED] - Start listener action : afterTestCase: Browser is closed

2020-09-02 13:20:55 - [TEST_STEP][PASSED] - closeBrowser(): Browser is closed

2020-09-02 13:21:09 - [MESSAGE][PASSED] - Browser is closed]]></system-out>
         <system-err><![CDATA[]]></system-err>
      </testcase>
      <testcase name="Test Cases/Consumer_Make_Payment/TC_005_Echeck_Savings_SingleLine_Payment" time="164.772" classname="Test Cases/Consumer_Make_Payment/TC_005_Echeck_Savings_SingleLine_Payment" status="PASSED">
         <system-out><![CDATA[2020-09-02 13:21:09 - [TEST_CASE][PASSED] - Test Cases/Consumer_Make_Payment/TC_005_Echeck_Savings_SingleLine_Payment: Test Cases/Consumer_Make_Payment/TC_005_Echeck_Savings_SingleLine_Payment

2020-09-02 13:21:09 - [TEST_STEP][PASSED] - Start listener action : beforeTestCase: null

2020-09-02 13:21:10 - [TEST_STEP][PASSED] - utilities.SafeActions.openBrowser(certpay_url, [pageLoadTime]): Browser launched successfully

2020-09-02 13:21:10 - [MESSAGE][INFO] - Opening Browser

2020-09-02 13:21:10 - [MESSAGE][INFO] - Starting 'Chrome' driver

2020-09-02 13:21:31 - [MESSAGE][PASSED] - Browser is opened with url: 'https://qa-certpay.faps.net/'

2020-09-02 13:21:33 - [MESSAGE][PASSED] - Current window maximized

2020-09-02 13:21:33 - [MESSAGE][PASSED] - Browser launched successfully

2020-09-02 13:21:33 - [TEST_STEP][PASSED] - utilities.SafeActions.safeType(findTestObject("MAKE_ PAYMENT/Home_ Page/BUREAU_CODE"), bureauCode, "Bureau code", [pageLoadTime]): Consumer_Payment_Making.ts:Entered'6100000 into Bureau code

2020-09-02 13:21:34 - [MESSAGE][PASSED] - Object 'Object Repository/MAKE_ PAYMENT/Home_ Page/BUREAU_CODE' is present

2020-09-02 13:21:34 - [MESSAGE][PASSED] - Object 'Object Repository/MAKE_ PAYMENT/Home_ Page/BUREAU_CODE' is visible

2020-09-02 13:21:34 - [MESSAGE][PASSED] - Object 'Object Repository/MAKE_ PAYMENT/Home_ Page/BUREAU_CODE' is present

2020-09-02 13:21:36 - [MESSAGE][PASSED] - Text '6100000' is set on object 'Object Repository/MAKE_ PAYMENT/Home_ Page/BUREAU_CODE'

2020-09-02 13:21:36 - [MESSAGE][PASSED] - Consumer_Payment_Making.ts:Entered'6100000 into Bureau code

2020-09-02 13:21:36 - [TEST_STEP][PASSED] - utilities.SafeActions.safeClick(findTestObject("MAKE_ PAYMENT/Home_ Page/BEGIN_PAYMENT"), "Begin payment", [pageLoadTime]): Consumer_Payment_Making.ts:Clicked on the Begin payment

2020-09-02 13:21:36 - [MESSAGE][INFO] - safeClicking

2020-09-02 13:21:36 - [MESSAGE][PASSED] - Object 'Object Repository/MAKE_ PAYMENT/Home_ Page/BEGIN_PAYMENT' is present

2020-09-02 13:21:36 - [MESSAGE][PASSED] - Object 'Object Repository/MAKE_ PAYMENT/Home_ Page/BEGIN_PAYMENT' is clickable

2020-09-02 13:21:40 - [MESSAGE][PASSED] - Object: 'Object Repository/MAKE_ PAYMENT/Home_ Page/BEGIN_PAYMENT' is clicked on

2020-09-02 13:21:40 - [MESSAGE][PASSED] - Consumer_Payment_Making.ts:Clicked on the Begin payment

2020-09-02 13:21:40 - [TEST_STEP][PASSED] - utilities.SafeActions.safeClick(findTestObject("MAKE_ PAYMENT/Home_ Page/NEXT_BUTTON"), "Continue", [pageLoadTime]): Consumer_Payment_Making.ts:Clicked on the Continue

2020-09-02 13:21:40 - [MESSAGE][INFO] - safeClicking

2020-09-02 13:21:41 - [MESSAGE][PASSED] - Object 'Object Repository/MAKE_ PAYMENT/Home_ Page/NEXT_BUTTON' is present

2020-09-02 13:21:41 - [MESSAGE][PASSED] - Object 'Object Repository/MAKE_ PAYMENT/Home_ Page/NEXT_BUTTON' is clickable

2020-09-02 13:21:48 - [MESSAGE][PASSED] - Object: 'Object Repository/MAKE_ PAYMENT/Home_ Page/NEXT_BUTTON' is clicked on

2020-09-02 13:21:48 - [MESSAGE][PASSED] - Consumer_Payment_Making.ts:Clicked on the Continue

2020-09-02 13:21:48 - [TEST_STEP][PASSED] - utilities.SafeActions.safeCheck(findTestObject("MAKE_ PAYMENT/Home_ Page/ELECTRONIC_CHECK"), "Electronic check", [pageLoadTime]): Consumer_Payment_Making.ts:Checkbox 'Electronic check'is selected

2020-09-02 13:21:48 - [MESSAGE][PASSED] - Object 'Object Repository/MAKE_ PAYMENT/Home_ Page/ELECTRONIC_CHECK' is present

2020-09-02 13:21:50 - [MESSAGE][PASSED] - Object 'Object Repository/MAKE_ PAYMENT/Home_ Page/ELECTRONIC_CHECK' is present

2020-09-02 13:21:51 - [MESSAGE][PASSED] - Object: 'Object Repository/MAKE_ PAYMENT/Home_ Page/ELECTRONIC_CHECK' is clicked on

2020-09-02 13:21:51 - [MESSAGE][PASSED] - Consumer_Payment_Making.ts:Checkbox 'Electronic check'is selected

2020-09-02 13:21:51 - [TEST_STEP][PASSED] - pages.Payment_Page.setAmount("1", paymentAmount, "testing", referenceNum): Consumer_Payment_Making.ts:Entered'testing into Comments

2020-09-02 13:21:54 - [MESSAGE][PASSED] - Object '' is present

2020-09-02 13:21:54 - [MESSAGE][PASSED] - Object '' is visible

2020-09-02 13:21:54 - [MESSAGE][PASSED] - Object '' is present

2020-09-02 13:21:56 - [MESSAGE][PASSED] - Text '45.00' is set on object ''

2020-09-02 13:21:56 - [MESSAGE][PASSED] - Consumer_Payment_Making.ts:Entered'45.00 into Amount

2020-09-02 13:21:56 - [MESSAGE][PASSED] - Object '' is present

2020-09-02 13:21:56 - [MESSAGE][PASSED] - Object '' is visible

2020-09-02 13:21:57 - [MESSAGE][PASSED] - Object '' is present

2020-09-02 13:21:58 - [MESSAGE][PASSED] - Text '22' is set on object ''

2020-09-02 13:21:58 - [MESSAGE][PASSED] - Consumer_Payment_Making.ts:Entered'22 into Amount

2020-09-02 13:21:58 - [MESSAGE][PASSED] - Object '' is present

2020-09-02 13:21:58 - [MESSAGE][PASSED] - Object '' is visible

2020-09-02 13:21:59 - [MESSAGE][PASSED] - Object '' is present

2020-09-02 13:22:00 - [MESSAGE][PASSED] - Text 'testing' is set on object ''

2020-09-02 13:22:00 - [MESSAGE][PASSED] - Consumer_Payment_Making.ts:Entered'testing into Comments

2020-09-02 13:22:00 - [TEST_STEP][PASSED] - utilities.SafeActions.safeSelectOptionInDropdownByVisibleText(findTestObject("MAKE_ PAYMENT/Home_ Page/PAYMENT_TYPE"), paymentType, "Payment Type", [pageLoadTime]): selected dropdown option by visible text  Taxesfrom Payment Type

2020-09-02 13:22:01 - [MESSAGE][PASSED] - Object 'Object Repository/MAKE_ PAYMENT/Home_ Page/PAYMENT_TYPE' is visible

2020-09-02 13:22:01 - [MESSAGE][PASSED] - Object 'Object Repository/MAKE_ PAYMENT/Home_ Page/PAYMENT_TYPE' is present

2020-09-02 13:22:02 - [MESSAGE][PASSED] - Object: 'Object Repository/MAKE_ PAYMENT/Home_ Page/PAYMENT_TYPE' is clicked on

2020-09-02 13:22:03 - [MESSAGE][PASSED] - All options with label 'Taxes' are selected in object 'Object Repository/MAKE_ PAYMENT/Home_ Page/PAYMENT_TYPE'  using regular expression

2020-09-02 13:22:03 - [MESSAGE][PASSED] - selected dropdown option by visible text  Taxesfrom Payment Type

2020-09-02 13:22:03 - [TEST_STEP][PASSED] - utilities.SafeActions.safeClick(findTestObject("MAKE_ PAYMENT/Home_ Page/CONTINUE"), "Continue", [pageLoadTime]): Consumer_Payment_Making.ts:Clicked on the Continue

2020-09-02 13:22:03 - [MESSAGE][INFO] - safeClicking

2020-09-02 13:22:03 - [MESSAGE][PASSED] - Object 'Object Repository/MAKE_ PAYMENT/Home_ Page/CONTINUE' is present

2020-09-02 13:22:04 - [MESSAGE][PASSED] - Object 'Object Repository/MAKE_ PAYMENT/Home_ Page/CONTINUE' is clickable

2020-09-02 13:22:07 - [MESSAGE][PASSED] - Object: 'Object Repository/MAKE_ PAYMENT/Home_ Page/CONTINUE' is clicked on

2020-09-02 13:22:07 - [MESSAGE][PASSED] - Consumer_Payment_Making.ts:Clicked on the Continue

2020-09-02 13:22:07 - [TEST_STEP][PASSED] - pages.Payment_Page.setPersonalDetails(firstName, lastName, telephone): Consumer_Payment_Making.ts:Entered'9898767656 into Telephone

2020-09-02 13:22:09 - [MESSAGE][PASSED] - Object 'Object Repository/MAKE_ PAYMENT/Consumer_Personal_ Details/FIRST_NAME' is present

2020-09-02 13:22:09 - [MESSAGE][PASSED] - Object 'Object Repository/MAKE_ PAYMENT/Consumer_Personal_ Details/FIRST_NAME' is visible

2020-09-02 13:22:09 - [MESSAGE][PASSED] - Object 'Object Repository/MAKE_ PAYMENT/Consumer_Personal_ Details/FIRST_NAME' is present

2020-09-02 13:22:11 - [MESSAGE][PASSED] - Text 'Jackson' is set on object 'Object Repository/MAKE_ PAYMENT/Consumer_Personal_ Details/FIRST_NAME'

2020-09-02 13:22:11 - [MESSAGE][PASSED] - Consumer_Payment_Making.ts:Entered'Jackson into FirstName

2020-09-02 13:22:11 - [MESSAGE][PASSED] - Object 'Object Repository/MAKE_ PAYMENT/Consumer_Personal_ Details/LAST_NAME' is present

2020-09-02 13:22:11 - [MESSAGE][PASSED] - Object 'Object Repository/MAKE_ PAYMENT/Consumer_Personal_ Details/LAST_NAME' is visible

2020-09-02 13:22:12 - [MESSAGE][PASSED] - Object 'Object Repository/MAKE_ PAYMENT/Consumer_Personal_ Details/LAST_NAME' is present

2020-09-02 13:22:13 - [MESSAGE][PASSED] - Text 'Machael' is set on object 'Object Repository/MAKE_ PAYMENT/Consumer_Personal_ Details/LAST_NAME'

2020-09-02 13:22:13 - [MESSAGE][PASSED] - Consumer_Payment_Making.ts:Entered'Machael into LastName

2020-09-02 13:22:13 - [MESSAGE][PASSED] - Object 'Object Repository/MAKE_ PAYMENT/Consumer_Personal_ Details/TELEPHONE' is present

2020-09-02 13:22:14 - [MESSAGE][PASSED] - Object 'Object Repository/MAKE_ PAYMENT/Consumer_Personal_ Details/TELEPHONE' is visible

2020-09-02 13:22:14 - [MESSAGE][PASSED] - Object 'Object Repository/MAKE_ PAYMENT/Consumer_Personal_ Details/TELEPHONE' is present

2020-09-02 13:22:15 - [MESSAGE][PASSED] - Text '9898767656' is set on object 'Object Repository/MAKE_ PAYMENT/Consumer_Personal_ Details/TELEPHONE'

2020-09-02 13:22:15 - [MESSAGE][PASSED] - Consumer_Payment_Making.ts:Entered'9898767656 into Telephone

2020-09-02 13:22:15 - [TEST_STEP][PASSED] - pages.Payment_Page.setLocationDetails(address, zipCode): Consumer_Payment_Making.ts:Entered'76102 into ZipCode

2020-09-02 13:22:16 - [MESSAGE][PASSED] - Object 'Object Repository/MAKE_ PAYMENT/Consumer_Personal_ Details/ADDRESS' is present

2020-09-02 13:22:16 - [MESSAGE][PASSED] - Object 'Object Repository/MAKE_ PAYMENT/Consumer_Personal_ Details/ADDRESS' is visible

2020-09-02 13:22:16 - [MESSAGE][PASSED] - Object 'Object Repository/MAKE_ PAYMENT/Consumer_Personal_ Details/ADDRESS' is present

2020-09-02 13:22:18 - [MESSAGE][PASSED] - Text '14-2-6' is set on object 'Object Repository/MAKE_ PAYMENT/Consumer_Personal_ Details/ADDRESS'

2020-09-02 13:22:18 - [MESSAGE][PASSED] - Consumer_Payment_Making.ts:Entered'14-2-6 into Address

2020-09-02 13:22:18 - [MESSAGE][PASSED] - Object 'Object Repository/MAKE_ PAYMENT/Consumer_Personal_ Details/ZIP_CODE' is present

2020-09-02 13:22:18 - [MESSAGE][PASSED] - Object 'Object Repository/MAKE_ PAYMENT/Consumer_Personal_ Details/ZIP_CODE' is visible

2020-09-02 13:22:19 - [MESSAGE][PASSED] - Object 'Object Repository/MAKE_ PAYMENT/Consumer_Personal_ Details/ZIP_CODE' is present

2020-09-02 13:22:20 - [MESSAGE][PASSED] - Text '76102' is set on object 'Object Repository/MAKE_ PAYMENT/Consumer_Personal_ Details/ZIP_CODE'

2020-09-02 13:22:20 - [MESSAGE][PASSED] - Consumer_Payment_Making.ts:Entered'76102 into ZipCode

2020-09-02 13:22:20 - [TEST_STEP][PASSED] - pages.Payment_Page.clickOnElement(findTestObject("MAKE_ PAYMENT/Home_ Page/CONTINUE")): pages.Payment_Page.clickOnElement is PASSED

2020-09-02 13:22:24 - [MESSAGE][PASSED] - Execute JavaScript 'arguments[0].click()' successfully

2020-09-02 13:22:24 - [MESSAGE][PASSED] - pages.Payment_Page.clickOnElement is PASSED

2020-09-02 13:22:24 - [TEST_STEP][PASSED] - utilities.SafeActions.safeCheck(findTestObject("MAKE_ PAYMENT/Consumer_Personal_ Details/CheckBox"), "Billing CheckBox", [pageLoadTime]): Consumer_Payment_Making.ts:Checkbox 'Billing CheckBox'is selected

2020-09-02 13:22:25 - [MESSAGE][PASSED] - Object 'Object Repository/MAKE_ PAYMENT/Consumer_Personal_ Details/CheckBox' is present

2020-09-02 13:22:26 - [MESSAGE][PASSED] - Object 'Object Repository/MAKE_ PAYMENT/Consumer_Personal_ Details/CheckBox' is present

2020-09-02 13:22:27 - [MESSAGE][PASSED] - Object: 'Object Repository/MAKE_ PAYMENT/Consumer_Personal_ Details/CheckBox' is clicked on

2020-09-02 13:22:27 - [MESSAGE][PASSED] - Consumer_Payment_Making.ts:Checkbox 'Billing CheckBox'is selected

2020-09-02 13:22:27 - [TEST_STEP][PASSED] - waitForPageLoad(2): Wait for page load successfully

2020-09-02 13:22:29 - [MESSAGE][PASSED] - Wait for page load successfully

2020-09-02 13:22:29 - [TEST_STEP][PASSED] - utilities.SafeActions.safeClick(findTestObject("MAKE_ PAYMENT/Home_ Page/CONTINUE"), "Continue", [pageLoadTime]): Consumer_Payment_Making.ts:Clicked on the Continue

2020-09-02 13:22:29 - [MESSAGE][INFO] - safeClicking

2020-09-02 13:22:30 - [MESSAGE][PASSED] - Object 'Object Repository/MAKE_ PAYMENT/Home_ Page/CONTINUE' is present

2020-09-02 13:22:30 - [MESSAGE][PASSED] - Object 'Object Repository/MAKE_ PAYMENT/Home_ Page/CONTINUE' is clickable

2020-09-02 13:22:33 - [MESSAGE][PASSED] - Object: 'Object Repository/MAKE_ PAYMENT/Home_ Page/CONTINUE' is clicked on

2020-09-02 13:22:33 - [MESSAGE][PASSED] - Consumer_Payment_Making.ts:Clicked on the Continue

2020-09-02 13:22:33 - [TEST_STEP][PASSED] - utilities.SafeActions.safeCheck(findTestObject("MAKE_ PAYMENT/Consumer_Personal_ Details/ACC_TYPE_SAVINGS"), "Savings", [pageLoadTime]): Consumer_Payment_Making.ts:Checkbox 'Savings'is selected

2020-09-02 13:22:35 - [MESSAGE][PASSED] - Object 'Object Repository/MAKE_ PAYMENT/Consumer_Personal_ Details/ACC_TYPE_SAVINGS' is present

2020-09-02 13:22:36 - [MESSAGE][PASSED] - Object 'Object Repository/MAKE_ PAYMENT/Consumer_Personal_ Details/ACC_TYPE_SAVINGS' is present

2020-09-02 13:22:37 - [MESSAGE][PASSED] - Object: 'Object Repository/MAKE_ PAYMENT/Consumer_Personal_ Details/ACC_TYPE_SAVINGS' is clicked on

2020-09-02 13:22:37 - [MESSAGE][PASSED] - Consumer_Payment_Making.ts:Checkbox 'Savings'is selected

2020-09-02 13:22:37 - [TEST_STEP][PASSED] - pages.Payment_Page.setElectronicCheckInformation(findTestObject("MAKE_ PAYMENT/Consumer_Personal_ Details/CHECKING_ACCOUNT_NUMBER"), findTestObject("MAKE_ PAYMENT/Consumer_Personal_ Details/CONFIRM_CHECKING_ACC_NUM"), routingNum, checkingAccNum): Consumer_Payment_Making.ts:Entered'456789 into ConfirmCheckAccNum

2020-09-02 13:22:38 - [MESSAGE][PASSED] - Object 'Object Repository/MAKE_ PAYMENT/Consumer_Personal_ Details/ROUTING_NUMBER' is present

2020-09-02 13:22:38 - [MESSAGE][PASSED] - Object 'Object Repository/MAKE_ PAYMENT/Consumer_Personal_ Details/ROUTING_NUMBER' is visible

2020-09-02 13:22:38 - [MESSAGE][PASSED] - Object 'Object Repository/MAKE_ PAYMENT/Consumer_Personal_ Details/ROUTING_NUMBER' is present

2020-09-02 13:22:40 - [MESSAGE][PASSED] - Text '111000025' is set on object 'Object Repository/MAKE_ PAYMENT/Consumer_Personal_ Details/ROUTING_NUMBER'

2020-09-02 13:22:40 - [MESSAGE][PASSED] - Consumer_Payment_Making.ts:Entered'111000025 into RoutingNumber

2020-09-02 13:22:40 - [MESSAGE][PASSED] - Object 'Object Repository/MAKE_ PAYMENT/Consumer_Personal_ Details/CHECKING_ACCOUNT_NUMBER' is present

2020-09-02 13:22:40 - [MESSAGE][PASSED] - Object 'Object Repository/MAKE_ PAYMENT/Consumer_Personal_ Details/CHECKING_ACCOUNT_NUMBER' is present

2020-09-02 13:22:40 - [MESSAGE][PASSED] - Object 'Object Repository/MAKE_ PAYMENT/Consumer_Personal_ Details/CHECKING_ACCOUNT_NUMBER' is visible

2020-09-02 13:22:41 - [MESSAGE][PASSED] - Object 'Object Repository/MAKE_ PAYMENT/Consumer_Personal_ Details/CHECKING_ACCOUNT_NUMBER' is present

2020-09-02 13:22:42 - [MESSAGE][PASSED] - Text '456789' is set on object 'Object Repository/MAKE_ PAYMENT/Consumer_Personal_ Details/CHECKING_ACCOUNT_NUMBER'

2020-09-02 13:22:42 - [MESSAGE][PASSED] - Consumer_Payment_Making.ts:Entered'456789 into CheckAccNum

2020-09-02 13:22:42 - [MESSAGE][PASSED] - Object 'Object Repository/MAKE_ PAYMENT/Consumer_Personal_ Details/CONFIRM_CHECKING_ACC_NUM' is present

2020-09-02 13:22:43 - [MESSAGE][PASSED] - Object 'Object Repository/MAKE_ PAYMENT/Consumer_Personal_ Details/CONFIRM_CHECKING_ACC_NUM' is visible

2020-09-02 13:22:43 - [MESSAGE][PASSED] - Object 'Object Repository/MAKE_ PAYMENT/Consumer_Personal_ Details/CONFIRM_CHECKING_ACC_NUM' is present

2020-09-02 13:22:44 - [MESSAGE][PASSED] - Text '456789' is set on object 'Object Repository/MAKE_ PAYMENT/Consumer_Personal_ Details/CONFIRM_CHECKING_ACC_NUM'

2020-09-02 13:22:44 - [MESSAGE][PASSED] - Consumer_Payment_Making.ts:Entered'456789 into ConfirmCheckAccNum

2020-09-02 13:22:44 - [TEST_STEP][PASSED] - utilities.SafeActions.safeType(findTestObject("MAKE_ PAYMENT/Consumer_Personal_ Details/EMAIL_ADDRESS"), emailAddress, "EmailAddress", [pageLoadTime]): Consumer_Payment_Making.ts:Entered'testing@zenq.com into EmailAddress

2020-09-02 13:22:45 - [MESSAGE][PASSED] - Object 'Object Repository/MAKE_ PAYMENT/Consumer_Personal_ Details/EMAIL_ADDRESS' is present

2020-09-02 13:22:45 - [MESSAGE][PASSED] - Object 'Object Repository/MAKE_ PAYMENT/Consumer_Personal_ Details/EMAIL_ADDRESS' is visible

2020-09-02 13:22:45 - [MESSAGE][PASSED] - Object 'Object Repository/MAKE_ PAYMENT/Consumer_Personal_ Details/EMAIL_ADDRESS' is present

2020-09-02 13:22:47 - [MESSAGE][PASSED] - Text 'testing@zenq.com' is set on object 'Object Repository/MAKE_ PAYMENT/Consumer_Personal_ Details/EMAIL_ADDRESS'

2020-09-02 13:22:47 - [MESSAGE][PASSED] - Consumer_Payment_Making.ts:Entered'testing@zenq.com into EmailAddress

2020-09-02 13:22:47 - [TEST_STEP][PASSED] - utilities.SafeActions.safeType(findTestObject("MAKE_ PAYMENT/Consumer_Personal_ Details/SIGNATURE"), firstName, "EmailAddress", [pageLoadTime]): Consumer_Payment_Making.ts:Entered'Jackson into EmailAddress

2020-09-02 13:22:47 - [MESSAGE][PASSED] - Object 'Object Repository/MAKE_ PAYMENT/Consumer_Personal_ Details/SIGNATURE' is present

2020-09-02 13:22:48 - [MESSAGE][PASSED] - Object 'Object Repository/MAKE_ PAYMENT/Consumer_Personal_ Details/SIGNATURE' is visible

2020-09-02 13:22:48 - [MESSAGE][PASSED] - Object 'Object Repository/MAKE_ PAYMENT/Consumer_Personal_ Details/SIGNATURE' is present

2020-09-02 13:22:49 - [MESSAGE][PASSED] - Text 'Jackson' is set on object 'Object Repository/MAKE_ PAYMENT/Consumer_Personal_ Details/SIGNATURE'

2020-09-02 13:22:49 - [MESSAGE][PASSED] - Consumer_Payment_Making.ts:Entered'Jackson into EmailAddress

2020-09-02 13:22:49 - [TEST_STEP][PASSED] - utilities.SafeActions.safeType(findTestObject("MAKE_ PAYMENT/Consumer_Personal_ Details/AGREEMENT"), "Yes", "Agreement", [pageLoadTime]): Consumer_Payment_Making.ts:Entered'Yes into Agreement

2020-09-02 13:22:49 - [MESSAGE][PASSED] - Object 'Object Repository/MAKE_ PAYMENT/Consumer_Personal_ Details/AGREEMENT' is present

2020-09-02 13:22:50 - [MESSAGE][PASSED] - Object 'Object Repository/MAKE_ PAYMENT/Consumer_Personal_ Details/AGREEMENT' is visible

2020-09-02 13:22:50 - [MESSAGE][PASSED] - Object 'Object Repository/MAKE_ PAYMENT/Consumer_Personal_ Details/AGREEMENT' is present

2020-09-02 13:22:51 - [MESSAGE][PASSED] - Text 'Yes' is set on object 'Object Repository/MAKE_ PAYMENT/Consumer_Personal_ Details/AGREEMENT'

2020-09-02 13:22:51 - [MESSAGE][PASSED] - Consumer_Payment_Making.ts:Entered'Yes into Agreement

2020-09-02 13:22:51 - [TEST_STEP][PASSED] - utilities.SafeActions.safeClick(findTestObject("MAKE_ PAYMENT/Home_ Page/CHECK_CONTINUE"), "Continue", [pageLoadTime]): Consumer_Payment_Making.ts:Clicked on the Continue

2020-09-02 13:22:51 - [MESSAGE][INFO] - safeClicking

2020-09-02 13:22:52 - [MESSAGE][PASSED] - Object 'Object Repository/MAKE_ PAYMENT/Home_ Page/CHECK_CONTINUE' is present

2020-09-02 13:22:52 - [MESSAGE][PASSED] - Object 'Object Repository/MAKE_ PAYMENT/Home_ Page/CHECK_CONTINUE' is clickable

2020-09-02 13:22:53 - [MESSAGE][PASSED] - Object: 'Object Repository/MAKE_ PAYMENT/Home_ Page/CHECK_CONTINUE' is clicked on

2020-09-02 13:22:53 - [MESSAGE][PASSED] - Consumer_Payment_Making.ts:Clicked on the Continue

2020-09-02 13:22:53 - [TEST_STEP][PASSED] - utilities.SafeActions.safeClick(findTestObject("MAKE_ PAYMENT/Home_ Page/CONTINUE"), "Continue", [pageLoadTime]): Consumer_Payment_Making.ts:Clicked on the Continue

2020-09-02 13:22:53 - [MESSAGE][INFO] - safeClicking

2020-09-02 13:22:54 - [MESSAGE][PASSED] - Object 'Object Repository/MAKE_ PAYMENT/Home_ Page/CONTINUE' is present

2020-09-02 13:22:54 - [MESSAGE][PASSED] - Object 'Object Repository/MAKE_ PAYMENT/Home_ Page/CONTINUE' is clickable

2020-09-02 13:22:57 - [MESSAGE][PASSED] - Object: 'Object Repository/MAKE_ PAYMENT/Home_ Page/CONTINUE' is clicked on

2020-09-02 13:22:57 - [MESSAGE][PASSED] - Consumer_Payment_Making.ts:Clicked on the Continue

2020-09-02 13:22:57 - [TEST_STEP][PASSED] - utilities.SafeActions.safeClick(findTestObject("MAKE_ PAYMENT/Consumer_Personal_ Details/I_AGREE"), "I agree", [pageLoadTime]): Consumer_Payment_Making.ts:Clicked on the I agree

2020-09-02 13:22:57 - [MESSAGE][INFO] - safeClicking

2020-09-02 13:22:59 - [MESSAGE][PASSED] - Object 'Object Repository/MAKE_ PAYMENT/Consumer_Personal_ Details/I_AGREE' is present

2020-09-02 13:22:59 - [MESSAGE][PASSED] - Object 'Object Repository/MAKE_ PAYMENT/Consumer_Personal_ Details/I_AGREE' is clickable

2020-09-02 13:23:02 - [MESSAGE][PASSED] - Object: 'Object Repository/MAKE_ PAYMENT/Consumer_Personal_ Details/I_AGREE' is clicked on

2020-09-02 13:23:02 - [MESSAGE][PASSED] - Consumer_Payment_Making.ts:Clicked on the I agree

2020-09-02 13:23:02 - [TEST_STEP][PASSED] - pages.Payment_Page.verifyUserDetails(firstName, lastName, emailAddress, "Discover", "Savings"): pages.Payment_Page.verifyUserDetails is PASSED

2020-09-02 13:23:03 - [MESSAGE][PASSED] - Scroll to object 'Object Repository/MAKE_ PAYMENT/Verification_ Details/FIRST_NAME' successfully

2020-09-02 13:23:03 - [MESSAGE][PASSED] - Text of object 'Object Repository/MAKE_ PAYMENT/Verification_ Details/FIRST_NAME' is: 'Jackson'

2020-09-02 13:23:03 - [MESSAGE][PASSED] - Actual text 'Jackson' and expected text 'Jackson' are matched  using regular expression

2020-09-02 13:23:03 - [MESSAGE][PASSED] - Text of object 'Object Repository/MAKE_ PAYMENT/Verification_ Details/LAST_NAME' is: 'Machael'

2020-09-02 13:23:03 - [MESSAGE][PASSED] - Actual text 'Machael' and expected text 'Machael' are matched  using regular expression

2020-09-02 13:23:06 - [MESSAGE][PASSED] - Text of object 'Object Repository/MAKE_ PAYMENT/Verification_ Details/EMAIL_ADDRESS' is: 'testing@zenq.com'

2020-09-02 13:23:06 - [MESSAGE][PASSED] - Actual text 'testing@zenq.com' and expected text 'testing@zenq.com' are matched  using regular expression

2020-09-02 13:23:06 - [MESSAGE][PASSED] - Text of object 'Object Repository/MAKE_ PAYMENT/Verification_ Details/ACH_ACC_TYPE' is: 'Savings'

2020-09-02 13:23:06 - [MESSAGE][PASSED] - Actual text 'Savings' and expected text 'Savings' are matched  using regular expression

2020-09-02 13:23:07 - [MESSAGE][PASSED] - pages.Payment_Page.verifyUserDetails is PASSED

2020-09-02 13:23:07 - [TEST_STEP][PASSED] - utilities.SafeActions.safeClick(findTestObject("MAKE_ PAYMENT/Verification_ Details/PROCESS_PAYMENT"), "Process Payment", [pageLoadTime]): Consumer_Payment_Making.ts:Clicked on the Process Payment

2020-09-02 13:23:07 - [MESSAGE][INFO] - safeClicking

2020-09-02 13:23:08 - [MESSAGE][PASSED] - Object 'Object Repository/MAKE_ PAYMENT/Verification_ Details/PROCESS_PAYMENT' is present

2020-09-02 13:23:08 - [MESSAGE][PASSED] - Object 'Object Repository/MAKE_ PAYMENT/Verification_ Details/PROCESS_PAYMENT' is clickable

2020-09-02 13:23:09 - [MESSAGE][PASSED] - Object: 'Object Repository/MAKE_ PAYMENT/Verification_ Details/PROCESS_PAYMENT' is clicked on

2020-09-02 13:23:09 - [MESSAGE][PASSED] - Consumer_Payment_Making.ts:Clicked on the Process Payment

2020-09-02 13:23:09 - [TEST_STEP][PASSED] - utilities.SafeActions.safeClick(findTestObject("MAKE_ PAYMENT/Verification_ Details/YES_BUTTON"), "yes button", [pageLoadTime]): Consumer_Payment_Making.ts:Clicked on the yes button

2020-09-02 13:23:09 - [MESSAGE][INFO] - safeClicking

2020-09-02 13:23:10 - [MESSAGE][PASSED] - Object 'Object Repository/MAKE_ PAYMENT/Verification_ Details/YES_BUTTON' is present

2020-09-02 13:23:10 - [MESSAGE][PASSED] - Object 'Object Repository/MAKE_ PAYMENT/Verification_ Details/YES_BUTTON' is clickable

2020-09-02 13:23:13 - [MESSAGE][PASSED] - Object: 'Object Repository/MAKE_ PAYMENT/Verification_ Details/YES_BUTTON' is clicked on

2020-09-02 13:23:13 - [MESSAGE][PASSED] - Consumer_Payment_Making.ts:Clicked on the yes button

2020-09-02 13:23:13 - [TEST_STEP][PASSED] - verifyElementPresent(findTestObject("MAKE_ PAYMENT/Verification_ Details/PENDING"), 30): Object 'Object Repository/MAKE_ PAYMENT/Verification_ Details/PENDING' is present

2020-09-02 13:23:15 - [MESSAGE][PASSED] - Object 'Object Repository/MAKE_ PAYMENT/Verification_ Details/PENDING' is present

2020-09-02 13:23:15 - [TEST_STEP][PASSED] - PaymentID = pages.Payment_Page.verifyECheckPaymentApproval(referenceNum): pages.Payment_Page.verifyECheckPaymentApproval is PASSED

2020-09-02 13:23:15 - [MESSAGE][PASSED] - Text of object 'Object Repository/MAKE_ PAYMENT/Verification_ Details/PAY_ID_ELECTRIC_CHECK' is: '100176105280'

2020-09-02 13:23:17 - [MESSAGE][PASSED] - Text of object 'Object Repository/MAKE_ PAYMENT/Verification_ Details/REF_NUM_E_CHECK' is: '22'

2020-09-02 13:23:17 - [MESSAGE][PASSED] - pages.Payment_Page.verifyECheckPaymentApproval is PASSED

2020-09-02 13:23:17 - [TEST_STEP][PASSED] - utilities.SafeActions.safeClick(findTestObject("SEARCH_PAYMENT/SEARCH_PAYMENT"), "Search Payment", [pageLoadTime]): Consumer_Payment_Making.ts:Clicked on the Search Payment

2020-09-02 13:23:17 - [MESSAGE][INFO] - safeClicking

2020-09-02 13:23:18 - [MESSAGE][PASSED] - Object 'Object Repository/SEARCH_PAYMENT/SEARCH_PAYMENT' is present

2020-09-02 13:23:18 - [MESSAGE][PASSED] - Object 'Object Repository/SEARCH_PAYMENT/SEARCH_PAYMENT' is clickable

2020-09-02 13:23:19 - [MESSAGE][PASSED] - Object: 'Object Repository/SEARCH_PAYMENT/SEARCH_PAYMENT' is clicked on

2020-09-02 13:23:19 - [MESSAGE][PASSED] - Consumer_Payment_Making.ts:Clicked on the Search Payment

2020-09-02 13:23:19 - [TEST_STEP][PASSED] - waitForPageLoad(10): Wait for page load successfully

2020-09-02 13:23:19 - [MESSAGE][PASSED] - Wait for page load successfully

2020-09-02 13:23:19 - [TEST_STEP][PASSED] - pages.Search_Page.switchToWindow(): pages.Search_Page.switchToWindow is PASSED

2020-09-02 13:23:26 - [MESSAGE][PASSED] - Object: 'Object Repository/SEARCH_PAYMENT/SEARCH_PAYMENT' is clicked on

2020-09-02 13:23:27 - [MESSAGE][PASSED] - Switched to window with index: '1'

2020-09-02 13:23:27 - [MESSAGE][PASSED] - pages.Search_Page.switchToWindow is PASSED

2020-09-02 13:23:27 - [TEST_STEP][PASSED] - utilities.SafeActions.safeCheck(findTestObject("SEARCH_PAYMENT/ELECTRONIC_CHECK"), "Echeck", [mediumWait]): Consumer_Payment_Making.ts:Checkbox 'Echeck'is selected

2020-09-02 13:23:30 - [MESSAGE][PASSED] - Object 'Object Repository/SEARCH_PAYMENT/ELECTRONIC_CHECK' is present

2020-09-02 13:23:31 - [MESSAGE][PASSED] - Object 'Object Repository/SEARCH_PAYMENT/ELECTRONIC_CHECK' is present

2020-09-02 13:23:32 - [MESSAGE][PASSED] - Object: 'Object Repository/SEARCH_PAYMENT/ELECTRONIC_CHECK' is clicked on

2020-09-02 13:23:32 - [MESSAGE][PASSED] - Consumer_Payment_Making.ts:Checkbox 'Echeck'is selected

2020-09-02 13:23:32 - [TEST_STEP][PASSED] - pages.Search_Page.setSearchDetails(lastName, VISA, checkingAccNum): Acc num enterd

2020-09-02 13:23:32 - [MESSAGE][PASSED] - Object 'Object Repository/SEARCH_PAYMENT/BILLING_LAST_NAME' is present

2020-09-02 13:23:32 - [MESSAGE][PASSED] - Object 'Object Repository/SEARCH_PAYMENT/BILLING_LAST_NAME' is visible

2020-09-02 13:23:33 - [MESSAGE][PASSED] - Object 'Object Repository/SEARCH_PAYMENT/BILLING_LAST_NAME' is present

2020-09-02 13:23:34 - [MESSAGE][PASSED] - Text 'Machael' is set on object 'Object Repository/SEARCH_PAYMENT/BILLING_LAST_NAME'

2020-09-02 13:23:34 - [MESSAGE][PASSED] - Consumer_Payment_Making.ts:Entered'Machael into LastName

2020-09-02 13:23:35 - [MESSAGE][WARNING] - Object 'Object Repository/SEARCH_PAYMENT/CREDIT_OR_DEBIT_CARD' is not checked (Root cause: com.kms.katalon.core.exception.StepFailedException: Object 'Object Repository/SEARCH_PAYMENT/CREDIT_OR_DEBIT_CARD' is not checked
	at com.kms.katalon.core.webui.keyword.internal.WebUIKeywordMain.stepFailed(WebUIKeywordMain.groovy:64)
	at com.kms.katalon.core.webui.keyword.builtin.VerifyElementCheckedKeyword$_verifyElementChecked_closure1.doCall(VerifyElementCheckedKeyword.groovy:81)
	at com.kms.katalon.core.webui.keyword.builtin.VerifyElementCheckedKeyword$_verifyElementChecked_closure1.call(VerifyElementCheckedKeyword.groovy)
	at com.kms.katalon.core.webui.keyword.internal.WebUIKeywordMain.runKeyword(WebUIKeywordMain.groovy:20)
	at com.kms.katalon.core.webui.keyword.builtin.VerifyElementCheckedKeyword.verifyElementChecked(VerifyElementCheckedKeyword.groovy:92)
	at com.kms.katalon.core.webui.keyword.builtin.VerifyElementCheckedKeyword.execute(VerifyElementCheckedKeyword.groovy:68)
	at com.kms.katalon.core.keyword.internal.KeywordExecutor.executeKeywordForPlatform(KeywordExecutor.groovy:72)
	at com.kms.katalon.core.webui.keyword.WebUiBuiltInKeywords.verifyElementChecked(WebUiBuiltInKeywords.groovy:1352)
	at com.kms.katalon.core.webui.keyword.WebUiBuiltInKeywords$verifyElementChecked$14.call(Unknown Source)
	at pages.Search_Page.setSearchDetails(Search_Page.groovy:39)
	at pages.Search_Page.invokeMethod(Search_Page.groovy)
	at com.kms.katalon.core.main.CustomKeywordDelegatingMetaClass.invokeStaticMethod(CustomKeywordDelegatingMetaClass.java:50)
	at TC_005_Echeck_Savings_SingleLine_Payment.run(TC_005_Echeck_Savings_SingleLine_Payment:121)
	at com.kms.katalon.core.main.ScriptEngine.run(ScriptEngine.java:194)
	at com.kms.katalon.core.main.ScriptEngine.runScriptAsRawText(ScriptEngine.java:119)
	at com.kms.katalon.core.main.TestCaseExecutor.runScript(TestCaseExecutor.java:337)
	at com.kms.katalon.core.main.TestCaseExecutor.doExecute(TestCaseExecutor.java:328)
	at com.kms.katalon.core.main.TestCaseExecutor.processExecutionPhase(TestCaseExecutor.java:307)
	at com.kms.katalon.core.main.TestCaseExecutor.accessMainPhase(TestCaseExecutor.java:299)
	at com.kms.katalon.core.main.TestCaseExecutor.execute(TestCaseExecutor.java:233)
	at com.kms.katalon.core.main.TestSuiteExecutor.accessTestCaseMainPhase(TestSuiteExecutor.java:169)
	at com.kms.katalon.core.main.TestSuiteExecutor.accessTestSuiteMainPhase(TestSuiteExecutor.java:142)
	at com.kms.katalon.core.main.TestSuiteExecutor.execute(TestSuiteExecutor.java:91)
	at com.kms.katalon.core.main.TestCaseMain.startTestSuite(TestCaseMain.java:157)
	at com.kms.katalon.core.main.TestCaseMain$startTestSuite$0.call(Unknown Source)
	at TempTestSuite1599032732082.run(TempTestSuite1599032732082.groovy:36)
)
[[ATTACHMENT|C:\\Users\\admin\\git\\Sush_Certpay\\Reports\\20200902_131532\\Certpay_testSuite\\Consumer_Payment_Making\\20200902_131532\\1599033214802.png]]

2020-09-02 13:23:35 - [MESSAGE][PASSED] - Object 'Object Repository/SEARCH_PAYMENT/ACC_NUMBER' is present

2020-09-02 13:23:35 - [MESSAGE][PASSED] - Object 'Object Repository/SEARCH_PAYMENT/ACC_NUMBER' is visible

2020-09-02 13:23:36 - [MESSAGE][PASSED] - Object 'Object Repository/SEARCH_PAYMENT/ACC_NUMBER' is present

2020-09-02 13:23:37 - [MESSAGE][PASSED] - Text '456789' is set on object 'Object Repository/SEARCH_PAYMENT/ACC_NUMBER'

2020-09-02 13:23:37 - [MESSAGE][PASSED] - Consumer_Payment_Making.ts:Entered'456789 into Acc num

2020-09-02 13:23:37 - [MESSAGE][PASSED] - Acc num enterd

2020-09-02 13:23:37 - [TEST_STEP][PASSED] - utilities.SafeActions.safeClick(findTestObject("SEARCH_PAYMENT/SEARCH_BUTTON"), "Search", [pageLoadTime]): Consumer_Payment_Making.ts:Clicked on the Search

2020-09-02 13:23:37 - [MESSAGE][INFO] - safeClicking

2020-09-02 13:23:37 - [MESSAGE][PASSED] - Object 'Object Repository/SEARCH_PAYMENT/SEARCH_BUTTON' is present

2020-09-02 13:23:38 - [MESSAGE][PASSED] - Object 'Object Repository/SEARCH_PAYMENT/SEARCH_BUTTON' is clickable

2020-09-02 13:23:42 - [MESSAGE][PASSED] - Object: 'Object Repository/SEARCH_PAYMENT/SEARCH_BUTTON' is clicked on

2020-09-02 13:23:42 - [MESSAGE][PASSED] - Consumer_Payment_Making.ts:Clicked on the Search

2020-09-02 13:23:42 - [TEST_STEP][PASSED] - pages.Payment_Page.verifyPaymentDetailsInReceipt(PaymentID): pages.Payment_Page.verifyPaymentDetailsInReceipt is PASSED

2020-09-02 13:23:43 - [MESSAGE][PASSED] - Text of object 'Object Repository/SEARCH_PAYMENT/REFERNCE_NUM' is: '22'

2020-09-02 13:23:44 - [MESSAGE][PASSED] - Text of object 'Object Repository/SEARCH_PAYMENT/PAYMENT_ID' is: '100176105280'

2020-09-02 13:23:44 - [MESSAGE][PASSED] - pages.Payment_Page.verifyPaymentDetailsInReceipt is PASSED

2020-09-02 13:23:44 - [TEST_STEP][PASSED] - utilities.SafeActions.safeClick(findTestObject("SEARCH_PAYMENT/SEARCH_ ICON"), "SearchIcon", [pageLoadTime]): Consumer_Payment_Making.ts:Clicked on the SearchIcon

2020-09-02 13:23:44 - [MESSAGE][INFO] - safeClicking

2020-09-02 13:23:44 - [MESSAGE][PASSED] - Object 'Object Repository/SEARCH_PAYMENT/SEARCH_ ICON' is present

2020-09-02 13:23:44 - [MESSAGE][PASSED] - Object 'Object Repository/SEARCH_PAYMENT/SEARCH_ ICON' is clickable

2020-09-02 13:23:45 - [MESSAGE][PASSED] - Object: 'Object Repository/SEARCH_PAYMENT/SEARCH_ ICON' is clicked on

2020-09-02 13:23:45 - [MESSAGE][PASSED] - Consumer_Payment_Making.ts:Clicked on the SearchIcon

2020-09-02 13:23:45 - [TEST_STEP][PASSED] - scrollToElement(findTestObject("SEARCH_PAYMENT/CLOSE_BUTTON"), 30): Scroll to object 'Object Repository/SEARCH_PAYMENT/CLOSE_BUTTON' successfully

2020-09-02 13:23:47 - [MESSAGE][PASSED] - Scroll to object 'Object Repository/SEARCH_PAYMENT/CLOSE_BUTTON' successfully

2020-09-02 13:23:47 - [TEST_STEP][PASSED] - utilities.SafeActions.safeClick(findTestObject("SEARCH_PAYMENT/EMAIL_ RECEIPT"), "Email Receipt", [pageLoadTime]): Consumer_Payment_Making.ts:Clicked on the Email Receipt

2020-09-02 13:23:47 - [MESSAGE][INFO] - safeClicking

2020-09-02 13:23:48 - [MESSAGE][PASSED] - Object 'Object Repository/SEARCH_PAYMENT/EMAIL_ RECEIPT' is present

2020-09-02 13:23:48 - [MESSAGE][PASSED] - Object 'Object Repository/SEARCH_PAYMENT/EMAIL_ RECEIPT' is clickable

2020-09-02 13:23:49 - [MESSAGE][PASSED] - Object: 'Object Repository/SEARCH_PAYMENT/EMAIL_ RECEIPT' is clicked on

2020-09-02 13:23:49 - [MESSAGE][PASSED] - Consumer_Payment_Making.ts:Clicked on the Email Receipt

2020-09-02 13:23:49 - [TEST_STEP][PASSED] - utilities.SafeActions.safeClick(findTestObject("SEARCH_PAYMENT/SEND_ EMAIL_BUTTON"), "Send Email", [pageLoadTime]): Consumer_Payment_Making.ts:Clicked on the Send Email

2020-09-02 13:23:49 - [MESSAGE][INFO] - safeClicking

2020-09-02 13:23:50 - [MESSAGE][PASSED] - Object 'Object Repository/SEARCH_PAYMENT/SEND_ EMAIL_BUTTON' is present

2020-09-02 13:23:50 - [MESSAGE][PASSED] - Object 'Object Repository/SEARCH_PAYMENT/SEND_ EMAIL_BUTTON' is clickable

2020-09-02 13:23:51 - [MESSAGE][PASSED] - Object: 'Object Repository/SEARCH_PAYMENT/SEND_ EMAIL_BUTTON' is clicked on

2020-09-02 13:23:51 - [MESSAGE][PASSED] - Consumer_Payment_Making.ts:Clicked on the Send Email

2020-09-02 13:23:51 - [TEST_STEP][PASSED] - Start listener action : afterTestCase: Browser is closed

2020-09-02 13:23:51 - [TEST_STEP][PASSED] - closeBrowser(): Browser is closed

2020-09-02 13:23:54 - [MESSAGE][PASSED] - Browser is closed]]></system-out>
         <system-err><![CDATA[]]></system-err>
      </testcase>
      <testcase name="Test Cases/Consumer_Make_Payment/TC_006_Echeck_Savings_MultiLine_Payment" time="254.374" classname="Test Cases/Consumer_Make_Payment/TC_006_Echeck_Savings_MultiLine_Payment" status="FAILED">
         <failure type="FAILED" message="Test Cases/Consumer_Make_Payment/TC_006_Echeck_Savings_MultiLine_Payment FAILED.
Reason:
com.kms.katalon.core.exception.StepFailedException: Unable to get text of object 'Object Repository/SEARCH_PAYMENT/REFERNCE_NUM'
	at com.kms.katalon.core.webui.keyword.internal.WebUIKeywordMain.stepFailed(WebUIKeywordMain.groovy:64)
	at com.kms.katalon.core.webui.keyword.internal.WebUIKeywordMain.runKeyword(WebUIKeywordMain.groovy:26)
	at com.kms.katalon.core.webui.keyword.builtin.GetTextKeyword.getText(GetTextKeyword.groovy:88)
	at com.kms.katalon.core.webui.keyword.builtin.GetTextKeyword.execute(GetTextKeyword.groovy:67)
	at com.kms.katalon.core.keyword.internal.KeywordExecutor.executeKeywordForPlatform(KeywordExecutor.groovy:72)
	at com.kms.katalon.core.webui.keyword.WebUiBuiltInKeywords.getText(WebUiBuiltInKeywords.groovy:888)
	at com.kms.katalon.core.webui.keyword.WebUiBuiltInKeywords$getText$12.call(Unknown Source)
	at pages.Payment_Page.verifyPaymentDetailsInReceipt(Payment_Page.groovy:307)
	at pages.Payment_Page.invokeMethod(Payment_Page.groovy)
	at com.kms.katalon.core.main.CustomKeywordDelegatingMetaClass.invokeStaticMethod(CustomKeywordDelegatingMetaClass.java:50)
	at TC_006_Echeck_Savings_MultiLine_Payment.run(TC_006_Echeck_Savings_MultiLine_Payment:134)
	at com.kms.katalon.core.main.ScriptEngine.run(ScriptEngine.java:194)
	at com.kms.katalon.core.main.ScriptEngine.runScriptAsRawText(ScriptEngine.java:119)
	at com.kms.katalon.core.main.TestCaseExecutor.runScript(TestCaseExecutor.java:337)
	at com.kms.katalon.core.main.TestCaseExecutor.doExecute(TestCaseExecutor.java:328)
	at com.kms.katalon.core.main.TestCaseExecutor.processExecutionPhase(TestCaseExecutor.java:307)
	at com.kms.katalon.core.main.TestCaseExecutor.accessMainPhase(TestCaseExecutor.java:299)
	at com.kms.katalon.core.main.TestCaseExecutor.execute(TestCaseExecutor.java:233)
	at com.kms.katalon.core.main.TestSuiteExecutor.accessTestCaseMainPhase(TestSuiteExecutor.java:169)
	at com.kms.katalon.core.main.TestSuiteExecutor.accessTestSuiteMainPhase(TestSuiteExecutor.java:142)
	at com.kms.katalon.core.main.TestSuiteExecutor.execute(TestSuiteExecutor.java:91)
	at com.kms.katalon.core.main.TestCaseMain.startTestSuite(TestCaseMain.java:157)
	at com.kms.katalon.core.main.TestCaseMain$startTestSuite$0.call(Unknown Source)
	at TempTestSuite1599032732082.run(TempTestSuite1599032732082.groovy:36)
Caused by: com.kms.katalon.core.webui.exception.WebElementNotFoundException: Web element with id: 'Object Repository/SEARCH_PAYMENT/REFERNCE_NUM' located by 'By.xpath: //tr[@class='odd']/td[2]' not found
	at com.kms.katalon.core.webui.common.WebUiCommonHelper.findWebElement(WebUiCommonHelper.java:1154)
	at com.kms.katalon.core.webui.keyword.internal.WebUIAbstractKeyword.findWebElement(WebUIAbstractKeyword.groovy:27)
	at com.kms.katalon.core.webui.keyword.internal.WebUIAbstractKeyword.findWebElement(WebUIAbstractKeyword.groovy:26)
	at com.kms.katalon.core.webui.keyword.builtin.GetTextKeyword$_getText_closure1.doCall(GetTextKeyword.groovy:78)
	at com.kms.katalon.core.webui.keyword.builtin.GetTextKeyword$_getText_closure1.call(GetTextKeyword.groovy)
	at com.kms.katalon.core.webui.keyword.internal.WebUIKeywordMain.runKeyword(WebUIKeywordMain.groovy:20)
	... 22 more
"/>
         <system-out><![CDATA[2020-09-02 13:23:54 - [TEST_CASE][FAILED] - Test Cases/Consumer_Make_Payment/TC_006_Echeck_Savings_MultiLine_Payment: Test Cases/Consumer_Make_Payment/TC_006_Echeck_Savings_MultiLine_Payment FAILED.
Reason:
com.kms.katalon.core.exception.StepFailedException: Unable to get text of object 'Object Repository/SEARCH_PAYMENT/REFERNCE_NUM'
	at com.kms.katalon.core.webui.keyword.internal.WebUIKeywordMain.stepFailed(WebUIKeywordMain.groovy:64)
	at com.kms.katalon.core.webui.keyword.internal.WebUIKeywordMain.runKeyword(WebUIKeywordMain.groovy:26)
	at com.kms.katalon.core.webui.keyword.builtin.GetTextKeyword.getText(GetTextKeyword.groovy:88)
	at com.kms.katalon.core.webui.keyword.builtin.GetTextKeyword.execute(GetTextKeyword.groovy:67)
	at com.kms.katalon.core.keyword.internal.KeywordExecutor.executeKeywordForPlatform(KeywordExecutor.groovy:72)
	at com.kms.katalon.core.webui.keyword.WebUiBuiltInKeywords.getText(WebUiBuiltInKeywords.groovy:888)
	at com.kms.katalon.core.webui.keyword.WebUiBuiltInKeywords$getText$12.call(Unknown Source)
	at pages.Payment_Page.verifyPaymentDetailsInReceipt(Payment_Page.groovy:307)
	at pages.Payment_Page.invokeMethod(Payment_Page.groovy)
	at com.kms.katalon.core.main.CustomKeywordDelegatingMetaClass.invokeStaticMethod(CustomKeywordDelegatingMetaClass.java:50)
	at TC_006_Echeck_Savings_MultiLine_Payment.run(TC_006_Echeck_Savings_MultiLine_Payment:134)
	at com.kms.katalon.core.main.ScriptEngine.run(ScriptEngine.java:194)
	at com.kms.katalon.core.main.ScriptEngine.runScriptAsRawText(ScriptEngine.java:119)
	at com.kms.katalon.core.main.TestCaseExecutor.runScript(TestCaseExecutor.java:337)
	at com.kms.katalon.core.main.TestCaseExecutor.doExecute(TestCaseExecutor.java:328)
	at com.kms.katalon.core.main.TestCaseExecutor.processExecutionPhase(TestCaseExecutor.java:307)
	at com.kms.katalon.core.main.TestCaseExecutor.accessMainPhase(TestCaseExecutor.java:299)
	at com.kms.katalon.core.main.TestCaseExecutor.execute(TestCaseExecutor.java:233)
	at com.kms.katalon.core.main.TestSuiteExecutor.accessTestCaseMainPhase(TestSuiteExecutor.java:169)
	at com.kms.katalon.core.main.TestSuiteExecutor.accessTestSuiteMainPhase(TestSuiteExecutor.java:142)
	at com.kms.katalon.core.main.TestSuiteExecutor.execute(TestSuiteExecutor.java:91)
	at com.kms.katalon.core.main.TestCaseMain.startTestSuite(TestCaseMain.java:157)
	at com.kms.katalon.core.main.TestCaseMain$startTestSuite$0.call(Unknown Source)
	at TempTestSuite1599032732082.run(TempTestSuite1599032732082.groovy:36)
Caused by: com.kms.katalon.core.webui.exception.WebElementNotFoundException: Web element with id: 'Object Repository/SEARCH_PAYMENT/REFERNCE_NUM' located by 'By.xpath: //tr[@class='odd']/td[2]' not found
	at com.kms.katalon.core.webui.common.WebUiCommonHelper.findWebElement(WebUiCommonHelper.java:1154)
	at com.kms.katalon.core.webui.keyword.internal.WebUIAbstractKeyword.findWebElement(WebUIAbstractKeyword.groovy:27)
	at com.kms.katalon.core.webui.keyword.internal.WebUIAbstractKeyword.findWebElement(WebUIAbstractKeyword.groovy:26)
	at com.kms.katalon.core.webui.keyword.builtin.GetTextKeyword$_getText_closure1.doCall(GetTextKeyword.groovy:78)
	at com.kms.katalon.core.webui.keyword.builtin.GetTextKeyword$_getText_closure1.call(GetTextKeyword.groovy)
	at com.kms.katalon.core.webui.keyword.internal.WebUIKeywordMain.runKeyword(WebUIKeywordMain.groovy:20)
	... 22 more


2020-09-02 13:23:54 - [TEST_STEP][PASSED] - Start listener action : beforeTestCase: null

2020-09-02 13:23:54 - [TEST_STEP][PASSED] - utilities.SafeActions.openBrowser(certpay_url, [pageLoadTime]): Browser launched successfully

2020-09-02 13:23:54 - [MESSAGE][INFO] - Opening Browser

2020-09-02 13:23:54 - [MESSAGE][INFO] - Starting 'Chrome' driver

2020-09-02 13:24:06 - [MESSAGE][PASSED] - Browser is opened with url: 'https://qa-certpay.faps.net/'

2020-09-02 13:24:08 - [MESSAGE][PASSED] - Current window maximized

2020-09-02 13:24:08 - [MESSAGE][PASSED] - Browser launched successfully

2020-09-02 13:24:08 - [TEST_STEP][PASSED] - utilities.SafeActions.safeType(findTestObject("MAKE_ PAYMENT/Home_ Page/BUREAU_CODE"), bureauCode, "Bureau code", [pageLoadTime]): Consumer_Payment_Making.ts:Entered'6100000 into Bureau code

2020-09-02 13:24:08 - [MESSAGE][PASSED] - Object 'Object Repository/MAKE_ PAYMENT/Home_ Page/BUREAU_CODE' is present

2020-09-02 13:24:08 - [MESSAGE][PASSED] - Object 'Object Repository/MAKE_ PAYMENT/Home_ Page/BUREAU_CODE' is visible

2020-09-02 13:24:09 - [MESSAGE][PASSED] - Object 'Object Repository/MAKE_ PAYMENT/Home_ Page/BUREAU_CODE' is present

2020-09-02 13:24:10 - [MESSAGE][PASSED] - Text '6100000' is set on object 'Object Repository/MAKE_ PAYMENT/Home_ Page/BUREAU_CODE'

2020-09-02 13:24:10 - [MESSAGE][PASSED] - Consumer_Payment_Making.ts:Entered'6100000 into Bureau code

2020-09-02 13:24:10 - [TEST_STEP][PASSED] - utilities.SafeActions.safeClick(findTestObject("MAKE_ PAYMENT/Home_ Page/BEGIN_PAYMENT"), "Begin payment", [pageLoadTime]): Consumer_Payment_Making.ts:Clicked on the Begin payment

2020-09-02 13:24:10 - [MESSAGE][INFO] - safeClicking

2020-09-02 13:24:10 - [MESSAGE][PASSED] - Object 'Object Repository/MAKE_ PAYMENT/Home_ Page/BEGIN_PAYMENT' is present

2020-09-02 13:24:11 - [MESSAGE][PASSED] - Object 'Object Repository/MAKE_ PAYMENT/Home_ Page/BEGIN_PAYMENT' is clickable

2020-09-02 13:24:13 - [MESSAGE][PASSED] - Object: 'Object Repository/MAKE_ PAYMENT/Home_ Page/BEGIN_PAYMENT' is clicked on

2020-09-02 13:24:13 - [MESSAGE][PASSED] - Consumer_Payment_Making.ts:Clicked on the Begin payment

2020-09-02 13:24:13 - [TEST_STEP][PASSED] - utilities.SafeActions.safeClick(findTestObject("MAKE_ PAYMENT/Home_ Page/NEXT_BUTTON"), "Continue", [pageLoadTime]): Consumer_Payment_Making.ts:Clicked on the Continue

2020-09-02 13:24:14 - [MESSAGE][INFO] - safeClicking

2020-09-02 13:24:14 - [MESSAGE][PASSED] - Object 'Object Repository/MAKE_ PAYMENT/Home_ Page/NEXT_BUTTON' is present

2020-09-02 13:24:15 - [MESSAGE][PASSED] - Object 'Object Repository/MAKE_ PAYMENT/Home_ Page/NEXT_BUTTON' is clickable

2020-09-02 13:25:07 - [MESSAGE][PASSED] - Object: 'Object Repository/MAKE_ PAYMENT/Home_ Page/NEXT_BUTTON' is clicked on

2020-09-02 13:25:07 - [MESSAGE][PASSED] - Consumer_Payment_Making.ts:Clicked on the Continue

2020-09-02 13:25:07 - [TEST_STEP][PASSED] - utilities.SafeActions.safeCheck(findTestObject("MAKE_ PAYMENT/Home_ Page/ELECTRONIC_CHECK"), "Electronic check", [pageLoadTime]): Consumer_Payment_Making.ts:Checkbox 'Electronic check'is selected

2020-09-02 13:25:07 - [MESSAGE][PASSED] - Object 'Object Repository/MAKE_ PAYMENT/Home_ Page/ELECTRONIC_CHECK' is present

2020-09-02 13:25:09 - [MESSAGE][PASSED] - Object 'Object Repository/MAKE_ PAYMENT/Home_ Page/ELECTRONIC_CHECK' is present

2020-09-02 13:25:10 - [MESSAGE][PASSED] - Object: 'Object Repository/MAKE_ PAYMENT/Home_ Page/ELECTRONIC_CHECK' is clicked on

2020-09-02 13:25:10 - [MESSAGE][PASSED] - Consumer_Payment_Making.ts:Checkbox 'Electronic check'is selected

2020-09-02 13:25:10 - [TEST_STEP][PASSED] - pages.Payment_Page.setAmount("1", paymentAmount, "testing", referenceNum): Consumer_Payment_Making.ts:Entered'testing into Comments

2020-09-02 13:25:12 - [MESSAGE][PASSED] - Object '' is present

2020-09-02 13:25:12 - [MESSAGE][PASSED] - Object '' is visible

2020-09-02 13:25:13 - [MESSAGE][PASSED] - Object '' is present

2020-09-02 13:25:14 - [MESSAGE][PASSED] - Text '23.00' is set on object ''

2020-09-02 13:25:14 - [MESSAGE][PASSED] - Consumer_Payment_Making.ts:Entered'23.00 into Amount

2020-09-02 13:25:14 - [MESSAGE][PASSED] - Object '' is present

2020-09-02 13:25:15 - [MESSAGE][PASSED] - Object '' is visible

2020-09-02 13:25:15 - [MESSAGE][PASSED] - Object '' is present

2020-09-02 13:25:16 - [MESSAGE][PASSED] - Text '11' is set on object ''

2020-09-02 13:25:16 - [MESSAGE][PASSED] - Consumer_Payment_Making.ts:Entered'11 into Amount

2020-09-02 13:25:16 - [MESSAGE][PASSED] - Object '' is present

2020-09-02 13:25:17 - [MESSAGE][PASSED] - Object '' is visible

2020-09-02 13:25:17 - [MESSAGE][PASSED] - Object '' is present

2020-09-02 13:25:18 - [MESSAGE][PASSED] - Text 'testing' is set on object ''

2020-09-02 13:25:18 - [MESSAGE][PASSED] - Consumer_Payment_Making.ts:Entered'testing into Comments

2020-09-02 13:25:18 - [TEST_STEP][PASSED] - utilities.SafeActions.safeClick(findTestObject("MAKE_ PAYMENT/Home_ Page/ADD_ANOTHER_PROPERTY"), "Multi-Payment", [pageLoadTime]): Consumer_Payment_Making.ts:Clicked on the Multi-Payment

2020-09-02 13:25:19 - [MESSAGE][INFO] - safeClicking

2020-09-02 13:25:19 - [MESSAGE][PASSED] - Object 'Object Repository/MAKE_ PAYMENT/Home_ Page/ADD_ANOTHER_PROPERTY' is present

2020-09-02 13:25:19 - [MESSAGE][PASSED] - Object 'Object Repository/MAKE_ PAYMENT/Home_ Page/ADD_ANOTHER_PROPERTY' is clickable

2020-09-02 13:25:22 - [MESSAGE][PASSED] - Object: 'Object Repository/MAKE_ PAYMENT/Home_ Page/ADD_ANOTHER_PROPERTY' is clicked on

2020-09-02 13:25:22 - [MESSAGE][PASSED] - Consumer_Payment_Making.ts:Clicked on the Multi-Payment

2020-09-02 13:25:22 - [TEST_STEP][PASSED] - pages.Payment_Page.setAmount("2", paymentAmount2, "Payment for testing", referenceNum): Consumer_Payment_Making.ts:Entered'Payment for testing into Comments

2020-09-02 13:25:24 - [MESSAGE][PASSED] - Object '' is present

2020-09-02 13:25:24 - [MESSAGE][PASSED] - Object '' is visible

2020-09-02 13:25:24 - [MESSAGE][PASSED] - Object '' is present

2020-09-02 13:25:26 - [MESSAGE][PASSED] - Text '33.00' is set on object ''

2020-09-02 13:25:26 - [MESSAGE][PASSED] - Consumer_Payment_Making.ts:Entered'33.00 into Amount

2020-09-02 13:25:26 - [MESSAGE][PASSED] - Object '' is present

2020-09-02 13:25:26 - [MESSAGE][PASSED] - Object '' is visible

2020-09-02 13:25:27 - [MESSAGE][PASSED] - Object '' is present

2020-09-02 13:25:28 - [MESSAGE][PASSED] - Text '11' is set on object ''

2020-09-02 13:25:28 - [MESSAGE][PASSED] - Consumer_Payment_Making.ts:Entered'11 into Amount

2020-09-02 13:25:28 - [MESSAGE][PASSED] - Object '' is present

2020-09-02 13:25:29 - [MESSAGE][PASSED] - Object '' is visible

2020-09-02 13:25:29 - [MESSAGE][PASSED] - Object '' is present

2020-09-02 13:25:30 - [MESSAGE][PASSED] - Text 'Payment for testing' is set on object ''

2020-09-02 13:25:30 - [MESSAGE][PASSED] - Consumer_Payment_Making.ts:Entered'Payment for testing into Comments

2020-09-02 13:25:30 - [TEST_STEP][PASSED] - utilities.SafeActions.safeSelectOptionInDropdownByVisibleText(findTestObject("MAKE_ PAYMENT/Home_ Page/PAYMENT_TYPE"), paymentType, "Payment Type", [pageLoadTime]): selected dropdown option by visible text  Giftsfrom Payment Type

2020-09-02 13:25:31 - [MESSAGE][PASSED] - Object 'Object Repository/MAKE_ PAYMENT/Home_ Page/PAYMENT_TYPE' is visible

2020-09-02 13:25:31 - [MESSAGE][PASSED] - Object 'Object Repository/MAKE_ PAYMENT/Home_ Page/PAYMENT_TYPE' is present

2020-09-02 13:25:32 - [MESSAGE][PASSED] - Object: 'Object Repository/MAKE_ PAYMENT/Home_ Page/PAYMENT_TYPE' is clicked on

2020-09-02 13:25:33 - [MESSAGE][PASSED] - All options with label 'Gifts' are selected in object 'Object Repository/MAKE_ PAYMENT/Home_ Page/PAYMENT_TYPE'  using regular expression

2020-09-02 13:25:33 - [MESSAGE][PASSED] - selected dropdown option by visible text  Giftsfrom Payment Type

2020-09-02 13:25:33 - [TEST_STEP][PASSED] - utilities.SafeActions.safeClick(findTestObject("MAKE_ PAYMENT/Home_ Page/CONTINUE"), "Continue", [pageLoadTime]): Consumer_Payment_Making.ts:Clicked on the Continue

2020-09-02 13:25:33 - [MESSAGE][INFO] - safeClicking

2020-09-02 13:25:34 - [MESSAGE][PASSED] - Object 'Object Repository/MAKE_ PAYMENT/Home_ Page/CONTINUE' is present

2020-09-02 13:25:34 - [MESSAGE][PASSED] - Object 'Object Repository/MAKE_ PAYMENT/Home_ Page/CONTINUE' is clickable

2020-09-02 13:25:38 - [MESSAGE][PASSED] - Object: 'Object Repository/MAKE_ PAYMENT/Home_ Page/CONTINUE' is clicked on

2020-09-02 13:25:38 - [MESSAGE][PASSED] - Consumer_Payment_Making.ts:Clicked on the Continue

2020-09-02 13:25:38 - [TEST_STEP][PASSED] - pages.Payment_Page.setPersonalDetails(firstName, lastName, telephone): Consumer_Payment_Making.ts:Entered'9988676754 into Telephone

2020-09-02 13:25:39 - [MESSAGE][PASSED] - Object 'Object Repository/MAKE_ PAYMENT/Consumer_Personal_ Details/FIRST_NAME' is present

2020-09-02 13:25:39 - [MESSAGE][PASSED] - Object 'Object Repository/MAKE_ PAYMENT/Consumer_Personal_ Details/FIRST_NAME' is visible

2020-09-02 13:25:40 - [MESSAGE][PASSED] - Object 'Object Repository/MAKE_ PAYMENT/Consumer_Personal_ Details/FIRST_NAME' is present

2020-09-02 13:25:41 - [MESSAGE][PASSED] - Text 'Imran' is set on object 'Object Repository/MAKE_ PAYMENT/Consumer_Personal_ Details/FIRST_NAME'

2020-09-02 13:25:41 - [MESSAGE][PASSED] - Consumer_Payment_Making.ts:Entered'Imran into FirstName

2020-09-02 13:25:41 - [MESSAGE][PASSED] - Object 'Object Repository/MAKE_ PAYMENT/Consumer_Personal_ Details/LAST_NAME' is present

2020-09-02 13:25:42 - [MESSAGE][PASSED] - Object 'Object Repository/MAKE_ PAYMENT/Consumer_Personal_ Details/LAST_NAME' is visible

2020-09-02 13:25:42 - [MESSAGE][PASSED] - Object 'Object Repository/MAKE_ PAYMENT/Consumer_Personal_ Details/LAST_NAME' is present

2020-09-02 13:25:43 - [MESSAGE][PASSED] - Text 'shahi' is set on object 'Object Repository/MAKE_ PAYMENT/Consumer_Personal_ Details/LAST_NAME'

2020-09-02 13:25:43 - [MESSAGE][PASSED] - Consumer_Payment_Making.ts:Entered'shahi into LastName

2020-09-02 13:25:44 - [MESSAGE][PASSED] - Object 'Object Repository/MAKE_ PAYMENT/Consumer_Personal_ Details/TELEPHONE' is present

2020-09-02 13:25:44 - [MESSAGE][PASSED] - Object 'Object Repository/MAKE_ PAYMENT/Consumer_Personal_ Details/TELEPHONE' is visible

2020-09-02 13:25:44 - [MESSAGE][PASSED] - Object 'Object Repository/MAKE_ PAYMENT/Consumer_Personal_ Details/TELEPHONE' is present

2020-09-02 13:25:46 - [MESSAGE][PASSED] - Text '9988676754' is set on object 'Object Repository/MAKE_ PAYMENT/Consumer_Personal_ Details/TELEPHONE'

2020-09-02 13:25:46 - [MESSAGE][PASSED] - Consumer_Payment_Making.ts:Entered'9988676754 into Telephone

2020-09-02 13:25:46 - [TEST_STEP][PASSED] - pages.Payment_Page.setLocationDetails(address, zipCode): Consumer_Payment_Making.ts:Entered'76102 into ZipCode

2020-09-02 13:25:46 - [MESSAGE][PASSED] - Object 'Object Repository/MAKE_ PAYMENT/Consumer_Personal_ Details/ADDRESS' is present

2020-09-02 13:25:46 - [MESSAGE][PASSED] - Object 'Object Repository/MAKE_ PAYMENT/Consumer_Personal_ Details/ADDRESS' is visible

2020-09-02 13:25:47 - [MESSAGE][PASSED] - Object 'Object Repository/MAKE_ PAYMENT/Consumer_Personal_ Details/ADDRESS' is present

2020-09-02 13:25:48 - [MESSAGE][PASSED] - Text '14-3' is set on object 'Object Repository/MAKE_ PAYMENT/Consumer_Personal_ Details/ADDRESS'

2020-09-02 13:25:48 - [MESSAGE][PASSED] - Consumer_Payment_Making.ts:Entered'14-3 into Address

2020-09-02 13:25:48 - [MESSAGE][PASSED] - Object 'Object Repository/MAKE_ PAYMENT/Consumer_Personal_ Details/ZIP_CODE' is present

2020-09-02 13:25:49 - [MESSAGE][PASSED] - Object 'Object Repository/MAKE_ PAYMENT/Consumer_Personal_ Details/ZIP_CODE' is visible

2020-09-02 13:25:49 - [MESSAGE][PASSED] - Object 'Object Repository/MAKE_ PAYMENT/Consumer_Personal_ Details/ZIP_CODE' is present

2020-09-02 13:25:50 - [MESSAGE][PASSED] - Text '76102' is set on object 'Object Repository/MAKE_ PAYMENT/Consumer_Personal_ Details/ZIP_CODE'

2020-09-02 13:25:50 - [MESSAGE][PASSED] - Consumer_Payment_Making.ts:Entered'76102 into ZipCode

2020-09-02 13:25:50 - [TEST_STEP][PASSED] - pages.Payment_Page.clickOnElement(findTestObject("MAKE_ PAYMENT/Home_ Page/CONTINUE")): pages.Payment_Page.clickOnElement is PASSED

2020-09-02 13:25:53 - [MESSAGE][PASSED] - Execute JavaScript 'arguments[0].click()' successfully

2020-09-02 13:25:53 - [MESSAGE][PASSED] - pages.Payment_Page.clickOnElement is PASSED

2020-09-02 13:25:53 - [TEST_STEP][PASSED] - utilities.SafeActions.safeCheck(findTestObject("MAKE_ PAYMENT/Consumer_Personal_ Details/CheckBox"), "Billing CheckBox", [pageLoadTime]): Consumer_Payment_Making.ts:Checkbox 'Billing CheckBox'is selected

2020-09-02 13:25:54 - [MESSAGE][PASSED] - Object 'Object Repository/MAKE_ PAYMENT/Consumer_Personal_ Details/CheckBox' is present

2020-09-02 13:25:56 - [MESSAGE][PASSED] - Object 'Object Repository/MAKE_ PAYMENT/Consumer_Personal_ Details/CheckBox' is present

2020-09-02 13:25:59 - [MESSAGE][PASSED] - Object: 'Object Repository/MAKE_ PAYMENT/Consumer_Personal_ Details/CheckBox' is clicked on

2020-09-02 13:25:59 - [MESSAGE][PASSED] - Consumer_Payment_Making.ts:Checkbox 'Billing CheckBox'is selected

2020-09-02 13:25:59 - [TEST_STEP][PASSED] - waitForPageLoad(2): Wait for page load successfully

2020-09-02 13:25:59 - [MESSAGE][PASSED] - Wait for page load successfully

2020-09-02 13:25:59 - [TEST_STEP][PASSED] - utilities.SafeActions.safeClick(findTestObject("MAKE_ PAYMENT/Home_ Page/CONTINUE"), "Continue", [pageLoadTime]): Consumer_Payment_Making.ts:Clicked on the Continue

2020-09-02 13:25:59 - [MESSAGE][INFO] - safeClicking

2020-09-02 13:26:00 - [MESSAGE][PASSED] - Object 'Object Repository/MAKE_ PAYMENT/Home_ Page/CONTINUE' is present

2020-09-02 13:26:00 - [MESSAGE][PASSED] - Object 'Object Repository/MAKE_ PAYMENT/Home_ Page/CONTINUE' is clickable

2020-09-02 13:26:04 - [MESSAGE][PASSED] - Object: 'Object Repository/MAKE_ PAYMENT/Home_ Page/CONTINUE' is clicked on

2020-09-02 13:26:04 - [MESSAGE][PASSED] - Consumer_Payment_Making.ts:Clicked on the Continue

2020-09-02 13:26:04 - [TEST_STEP][PASSED] - utilities.SafeActions.safeCheck(findTestObject("MAKE_ PAYMENT/Consumer_Personal_ Details/ACC_TYPE_SAVINGS"), "Savings", [pageLoadTime]): Consumer_Payment_Making.ts:Checkbox 'Savings'is selected

2020-09-02 13:26:05 - [MESSAGE][PASSED] - Object 'Object Repository/MAKE_ PAYMENT/Consumer_Personal_ Details/ACC_TYPE_SAVINGS' is present

2020-09-02 13:26:06 - [MESSAGE][PASSED] - Object 'Object Repository/MAKE_ PAYMENT/Consumer_Personal_ Details/ACC_TYPE_SAVINGS' is present

2020-09-02 13:26:07 - [MESSAGE][PASSED] - Object: 'Object Repository/MAKE_ PAYMENT/Consumer_Personal_ Details/ACC_TYPE_SAVINGS' is clicked on

2020-09-02 13:26:07 - [MESSAGE][PASSED] - Consumer_Payment_Making.ts:Checkbox 'Savings'is selected

2020-09-02 13:26:07 - [TEST_STEP][PASSED] - pages.Payment_Page.setElectronicCheckInformation(findTestObject("MAKE_ PAYMENT/Consumer_Personal_ Details/CHECKING_ACCOUNT_NUMBER"), findTestObject("MAKE_ PAYMENT/Consumer_Personal_ Details/CONFIRM_CHECKING_ACC_NUM"), routingNum, checkingAccNum): Consumer_Payment_Making.ts:Entered'456789 into ConfirmCheckAccNum

2020-09-02 13:26:08 - [MESSAGE][PASSED] - Object 'Object Repository/MAKE_ PAYMENT/Consumer_Personal_ Details/ROUTING_NUMBER' is present

2020-09-02 13:26:08 - [MESSAGE][PASSED] - Object 'Object Repository/MAKE_ PAYMENT/Consumer_Personal_ Details/ROUTING_NUMBER' is visible

2020-09-02 13:26:08 - [MESSAGE][PASSED] - Object 'Object Repository/MAKE_ PAYMENT/Consumer_Personal_ Details/ROUTING_NUMBER' is present

2020-09-02 13:26:10 - [MESSAGE][PASSED] - Text '111000025' is set on object 'Object Repository/MAKE_ PAYMENT/Consumer_Personal_ Details/ROUTING_NUMBER'

2020-09-02 13:26:10 - [MESSAGE][PASSED] - Consumer_Payment_Making.ts:Entered'111000025 into RoutingNumber

2020-09-02 13:26:10 - [MESSAGE][PASSED] - Object 'Object Repository/MAKE_ PAYMENT/Consumer_Personal_ Details/CHECKING_ACCOUNT_NUMBER' is present

2020-09-02 13:26:10 - [MESSAGE][PASSED] - Object 'Object Repository/MAKE_ PAYMENT/Consumer_Personal_ Details/CHECKING_ACCOUNT_NUMBER' is present

2020-09-02 13:26:11 - [MESSAGE][PASSED] - Object 'Object Repository/MAKE_ PAYMENT/Consumer_Personal_ Details/CHECKING_ACCOUNT_NUMBER' is visible

2020-09-02 13:26:11 - [MESSAGE][PASSED] - Object 'Object Repository/MAKE_ PAYMENT/Consumer_Personal_ Details/CHECKING_ACCOUNT_NUMBER' is present

2020-09-02 13:26:12 - [MESSAGE][PASSED] - Text '456789' is set on object 'Object Repository/MAKE_ PAYMENT/Consumer_Personal_ Details/CHECKING_ACCOUNT_NUMBER'

2020-09-02 13:26:12 - [MESSAGE][PASSED] - Consumer_Payment_Making.ts:Entered'456789 into CheckAccNum

2020-09-02 13:26:14 - [MESSAGE][PASSED] - Object 'Object Repository/MAKE_ PAYMENT/Consumer_Personal_ Details/CONFIRM_CHECKING_ACC_NUM' is present

2020-09-02 13:26:14 - [MESSAGE][PASSED] - Object 'Object Repository/MAKE_ PAYMENT/Consumer_Personal_ Details/CONFIRM_CHECKING_ACC_NUM' is visible

2020-09-02 13:26:14 - [MESSAGE][PASSED] - Object 'Object Repository/MAKE_ PAYMENT/Consumer_Personal_ Details/CONFIRM_CHECKING_ACC_NUM' is present

2020-09-02 13:26:16 - [MESSAGE][PASSED] - Text '456789' is set on object 'Object Repository/MAKE_ PAYMENT/Consumer_Personal_ Details/CONFIRM_CHECKING_ACC_NUM'

2020-09-02 13:26:16 - [MESSAGE][PASSED] - Consumer_Payment_Making.ts:Entered'456789 into ConfirmCheckAccNum

2020-09-02 13:26:16 - [TEST_STEP][PASSED] - utilities.SafeActions.safeType(findTestObject("MAKE_ PAYMENT/Consumer_Personal_ Details/EMAIL_ADDRESS"), emailAddress, "EmailAddress", [pageLoadTime]): Consumer_Payment_Making.ts:Entered'testing@zenq.com into EmailAddress

2020-09-02 13:26:16 - [MESSAGE][PASSED] - Object 'Object Repository/MAKE_ PAYMENT/Consumer_Personal_ Details/EMAIL_ADDRESS' is present

2020-09-02 13:26:16 - [MESSAGE][PASSED] - Object 'Object Repository/MAKE_ PAYMENT/Consumer_Personal_ Details/EMAIL_ADDRESS' is visible

2020-09-02 13:26:17 - [MESSAGE][PASSED] - Object 'Object Repository/MAKE_ PAYMENT/Consumer_Personal_ Details/EMAIL_ADDRESS' is present

2020-09-02 13:26:18 - [MESSAGE][PASSED] - Text 'testing@zenq.com' is set on object 'Object Repository/MAKE_ PAYMENT/Consumer_Personal_ Details/EMAIL_ADDRESS'

2020-09-02 13:26:18 - [MESSAGE][PASSED] - Consumer_Payment_Making.ts:Entered'testing@zenq.com into EmailAddress

2020-09-02 13:26:18 - [TEST_STEP][PASSED] - utilities.SafeActions.safeType(findTestObject("MAKE_ PAYMENT/Consumer_Personal_ Details/SIGNATURE"), firstName, "EmailAddress", [pageLoadTime]): Consumer_Payment_Making.ts:Entered'Imran into EmailAddress

2020-09-02 13:26:18 - [MESSAGE][PASSED] - Object 'Object Repository/MAKE_ PAYMENT/Consumer_Personal_ Details/SIGNATURE' is present

2020-09-02 13:26:19 - [MESSAGE][PASSED] - Object 'Object Repository/MAKE_ PAYMENT/Consumer_Personal_ Details/SIGNATURE' is visible

2020-09-02 13:26:19 - [MESSAGE][PASSED] - Object 'Object Repository/MAKE_ PAYMENT/Consumer_Personal_ Details/SIGNATURE' is present

2020-09-02 13:26:20 - [MESSAGE][PASSED] - Text 'Imran' is set on object 'Object Repository/MAKE_ PAYMENT/Consumer_Personal_ Details/SIGNATURE'

2020-09-02 13:26:20 - [MESSAGE][PASSED] - Consumer_Payment_Making.ts:Entered'Imran into EmailAddress

2020-09-02 13:26:20 - [TEST_STEP][PASSED] - utilities.SafeActions.safeType(findTestObject("MAKE_ PAYMENT/Consumer_Personal_ Details/AGREEMENT"), "Yes", "Agreement", [pageLoadTime]): Consumer_Payment_Making.ts:Entered'Yes into Agreement

2020-09-02 13:26:21 - [MESSAGE][PASSED] - Object 'Object Repository/MAKE_ PAYMENT/Consumer_Personal_ Details/AGREEMENT' is present

2020-09-02 13:26:21 - [MESSAGE][PASSED] - Object 'Object Repository/MAKE_ PAYMENT/Consumer_Personal_ Details/AGREEMENT' is visible

2020-09-02 13:26:21 - [MESSAGE][PASSED] - Object 'Object Repository/MAKE_ PAYMENT/Consumer_Personal_ Details/AGREEMENT' is present

2020-09-02 13:26:23 - [MESSAGE][PASSED] - Text 'Yes' is set on object 'Object Repository/MAKE_ PAYMENT/Consumer_Personal_ Details/AGREEMENT'

2020-09-02 13:26:23 - [MESSAGE][PASSED] - Consumer_Payment_Making.ts:Entered'Yes into Agreement

2020-09-02 13:26:23 - [TEST_STEP][PASSED] - utilities.SafeActions.safeClick(findTestObject("MAKE_ PAYMENT/Home_ Page/CHECK_CONTINUE"), "Continue", [pageLoadTime]): Consumer_Payment_Making.ts:Clicked on the Continue

2020-09-02 13:26:23 - [MESSAGE][INFO] - safeClicking

2020-09-02 13:26:23 - [MESSAGE][PASSED] - Object 'Object Repository/MAKE_ PAYMENT/Home_ Page/CHECK_CONTINUE' is present

2020-09-02 13:26:23 - [MESSAGE][PASSED] - Object 'Object Repository/MAKE_ PAYMENT/Home_ Page/CHECK_CONTINUE' is clickable

2020-09-02 13:26:24 - [MESSAGE][PASSED] - Object: 'Object Repository/MAKE_ PAYMENT/Home_ Page/CHECK_CONTINUE' is clicked on

2020-09-02 13:26:24 - [MESSAGE][PASSED] - Consumer_Payment_Making.ts:Clicked on the Continue

2020-09-02 13:26:24 - [TEST_STEP][PASSED] - utilities.SafeActions.safeClick(findTestObject("MAKE_ PAYMENT/Home_ Page/CONTINUE"), "Continue", [pageLoadTime]): Consumer_Payment_Making.ts:Clicked on the Continue

2020-09-02 13:26:25 - [MESSAGE][INFO] - safeClicking

2020-09-02 13:26:25 - [MESSAGE][PASSED] - Object 'Object Repository/MAKE_ PAYMENT/Home_ Page/CONTINUE' is present

2020-09-02 13:26:25 - [MESSAGE][PASSED] - Object 'Object Repository/MAKE_ PAYMENT/Home_ Page/CONTINUE' is clickable

2020-09-02 13:26:29 - [MESSAGE][PASSED] - Object: 'Object Repository/MAKE_ PAYMENT/Home_ Page/CONTINUE' is clicked on

2020-09-02 13:26:29 - [MESSAGE][PASSED] - Consumer_Payment_Making.ts:Clicked on the Continue

2020-09-02 13:26:29 - [TEST_STEP][PASSED] - utilities.SafeActions.safeClick(findTestObject("MAKE_ PAYMENT/Consumer_Personal_ Details/I_AGREE"), "I agree", [pageLoadTime]): Consumer_Payment_Making.ts:Clicked on the I agree

2020-09-02 13:26:29 - [MESSAGE][INFO] - safeClicking

2020-09-02 13:26:30 - [MESSAGE][PASSED] - Object 'Object Repository/MAKE_ PAYMENT/Consumer_Personal_ Details/I_AGREE' is present

2020-09-02 13:26:30 - [MESSAGE][PASSED] - Object 'Object Repository/MAKE_ PAYMENT/Consumer_Personal_ Details/I_AGREE' is clickable

2020-09-02 13:26:33 - [MESSAGE][PASSED] - Object: 'Object Repository/MAKE_ PAYMENT/Consumer_Personal_ Details/I_AGREE' is clicked on

2020-09-02 13:26:33 - [MESSAGE][PASSED] - Consumer_Payment_Making.ts:Clicked on the I agree

2020-09-02 13:26:33 - [TEST_STEP][PASSED] - pages.Payment_Page.verifyUserDetails(firstName, lastName, emailAddress, "", "Savings"): pages.Payment_Page.verifyUserDetails is PASSED

2020-09-02 13:26:34 - [MESSAGE][PASSED] - Scroll to object 'Object Repository/MAKE_ PAYMENT/Verification_ Details/FIRST_NAME' successfully

2020-09-02 13:26:34 - [MESSAGE][PASSED] - Text of object 'Object Repository/MAKE_ PAYMENT/Verification_ Details/FIRST_NAME' is: 'Imran'

2020-09-02 13:26:34 - [MESSAGE][PASSED] - Actual text 'Imran' and expected text 'Imran' are matched  using regular expression

2020-09-02 13:26:35 - [MESSAGE][PASSED] - Text of object 'Object Repository/MAKE_ PAYMENT/Verification_ Details/LAST_NAME' is: 'shahi'

2020-09-02 13:26:35 - [MESSAGE][PASSED] - Actual text 'shahi' and expected text 'shahi' are matched  using regular expression

2020-09-02 13:26:37 - [MESSAGE][PASSED] - Text of object 'Object Repository/MAKE_ PAYMENT/Verification_ Details/EMAIL_ADDRESS' is: 'testing@zenq.com'

2020-09-02 13:26:37 - [MESSAGE][PASSED] - Actual text 'testing@zenq.com' and expected text 'testing@zenq.com' are matched  using regular expression

2020-09-02 13:26:37 - [MESSAGE][PASSED] - Text of object 'Object Repository/MAKE_ PAYMENT/Verification_ Details/ACH_ACC_TYPE' is: 'Savings'

2020-09-02 13:26:37 - [MESSAGE][PASSED] - Actual text 'Savings' and expected text 'Savings' are matched  using regular expression

2020-09-02 13:26:38 - [MESSAGE][PASSED] - pages.Payment_Page.verifyUserDetails is PASSED

2020-09-02 13:26:38 - [TEST_STEP][PASSED] - utilities.SafeActions.safeClick(findTestObject("MAKE_ PAYMENT/Verification_ Details/PROCESS_PAYMENT"), "Process Payment", [pageLoadTime]): Consumer_Payment_Making.ts:Clicked on the Process Payment

2020-09-02 13:26:39 - [MESSAGE][INFO] - safeClicking

2020-09-02 13:26:39 - [MESSAGE][PASSED] - Object 'Object Repository/MAKE_ PAYMENT/Verification_ Details/PROCESS_PAYMENT' is present

2020-09-02 13:26:39 - [MESSAGE][PASSED] - Object 'Object Repository/MAKE_ PAYMENT/Verification_ Details/PROCESS_PAYMENT' is clickable

2020-09-02 13:26:40 - [MESSAGE][PASSED] - Object: 'Object Repository/MAKE_ PAYMENT/Verification_ Details/PROCESS_PAYMENT' is clicked on

2020-09-02 13:26:40 - [MESSAGE][PASSED] - Consumer_Payment_Making.ts:Clicked on the Process Payment

2020-09-02 13:26:40 - [TEST_STEP][PASSED] - utilities.SafeActions.safeClick(findTestObject("MAKE_ PAYMENT/Verification_ Details/YES_BUTTON"), "yes button", [pageLoadTime]): Consumer_Payment_Making.ts:Clicked on the yes button

2020-09-02 13:26:41 - [MESSAGE][INFO] - safeClicking

2020-09-02 13:26:41 - [MESSAGE][PASSED] - Object 'Object Repository/MAKE_ PAYMENT/Verification_ Details/YES_BUTTON' is present

2020-09-02 13:26:41 - [MESSAGE][PASSED] - Object 'Object Repository/MAKE_ PAYMENT/Verification_ Details/YES_BUTTON' is clickable

2020-09-02 13:26:45 - [MESSAGE][PASSED] - Object: 'Object Repository/MAKE_ PAYMENT/Verification_ Details/YES_BUTTON' is clicked on

2020-09-02 13:26:45 - [MESSAGE][PASSED] - Consumer_Payment_Making.ts:Clicked on the yes button

2020-09-02 13:26:45 - [TEST_STEP][PASSED] - verifyElementPresent(findTestObject("MAKE_ PAYMENT/Verification_ Details/PENDING"), 30): Object 'Object Repository/MAKE_ PAYMENT/Verification_ Details/PENDING' is present

2020-09-02 13:26:46 - [MESSAGE][PASSED] - Object 'Object Repository/MAKE_ PAYMENT/Verification_ Details/PENDING' is present

2020-09-02 13:26:46 - [TEST_STEP][PASSED] - PaymentID = pages.Payment_Page.verifyECheckPaymentApproval(referenceNum): pages.Payment_Page.verifyECheckPaymentApproval is PASSED

2020-09-02 13:26:47 - [MESSAGE][PASSED] - Text of object 'Object Repository/MAKE_ PAYMENT/Verification_ Details/PAY_ID_ELECTRIC_CHECK' is: '100176105284'

2020-09-02 13:26:49 - [MESSAGE][PASSED] - Text of object 'Object Repository/MAKE_ PAYMENT/Verification_ Details/REF_NUM_E_CHECK' is: '11'

2020-09-02 13:26:49 - [MESSAGE][PASSED] - pages.Payment_Page.verifyECheckPaymentApproval is PASSED

2020-09-02 13:26:49 - [TEST_STEP][PASSED] - utilities.SafeActions.safeClick(findTestObject("SEARCH_PAYMENT/SEARCH_PAYMENT"), "Search Payment", [pageLoadTime]): Consumer_Payment_Making.ts:Clicked on the Search Payment

2020-09-02 13:26:49 - [MESSAGE][INFO] - safeClicking

2020-09-02 13:26:49 - [MESSAGE][PASSED] - Object 'Object Repository/SEARCH_PAYMENT/SEARCH_PAYMENT' is present

2020-09-02 13:26:50 - [MESSAGE][PASSED] - Object 'Object Repository/SEARCH_PAYMENT/SEARCH_PAYMENT' is clickable

2020-09-02 13:26:51 - [MESSAGE][PASSED] - Object: 'Object Repository/SEARCH_PAYMENT/SEARCH_PAYMENT' is clicked on

2020-09-02 13:26:51 - [MESSAGE][PASSED] - Consumer_Payment_Making.ts:Clicked on the Search Payment

2020-09-02 13:26:51 - [TEST_STEP][PASSED] - waitForPageLoad(10): Wait for page load successfully

2020-09-02 13:26:51 - [MESSAGE][PASSED] - Wait for page load successfully

2020-09-02 13:26:51 - [TEST_STEP][PASSED] - pages.Search_Page.switchToWindow(): pages.Search_Page.switchToWindow is PASSED

2020-09-02 13:26:58 - [MESSAGE][PASSED] - Object: 'Object Repository/SEARCH_PAYMENT/SEARCH_PAYMENT' is clicked on

2020-09-02 13:26:58 - [MESSAGE][PASSED] - Switched to window with index: '1'

2020-09-02 13:26:58 - [MESSAGE][PASSED] - pages.Search_Page.switchToWindow is PASSED

2020-09-02 13:26:58 - [TEST_STEP][PASSED] - utilities.SafeActions.safeCheck(findTestObject("SEARCH_PAYMENT/ELECTRONIC_CHECK"), "Echeck", [mediumWait]): Consumer_Payment_Making.ts:Checkbox 'Echeck'is selected

2020-09-02 13:27:01 - [MESSAGE][PASSED] - Object 'Object Repository/SEARCH_PAYMENT/ELECTRONIC_CHECK' is present

2020-09-02 13:27:02 - [MESSAGE][PASSED] - Object 'Object Repository/SEARCH_PAYMENT/ELECTRONIC_CHECK' is present

2020-09-02 13:27:03 - [MESSAGE][PASSED] - Object: 'Object Repository/SEARCH_PAYMENT/ELECTRONIC_CHECK' is clicked on

2020-09-02 13:27:03 - [MESSAGE][PASSED] - Consumer_Payment_Making.ts:Checkbox 'Echeck'is selected

2020-09-02 13:27:03 - [TEST_STEP][PASSED] - pages.Search_Page.setSearchDetails(lastName, VISA, checkingAccNum): Acc num enterd

2020-09-02 13:27:04 - [MESSAGE][PASSED] - Object 'Object Repository/SEARCH_PAYMENT/BILLING_LAST_NAME' is present

2020-09-02 13:27:04 - [MESSAGE][PASSED] - Object 'Object Repository/SEARCH_PAYMENT/BILLING_LAST_NAME' is visible

2020-09-02 13:27:04 - [MESSAGE][PASSED] - Object 'Object Repository/SEARCH_PAYMENT/BILLING_LAST_NAME' is present

2020-09-02 13:27:06 - [MESSAGE][PASSED] - Text 'shahi' is set on object 'Object Repository/SEARCH_PAYMENT/BILLING_LAST_NAME'

2020-09-02 13:27:06 - [MESSAGE][PASSED] - Consumer_Payment_Making.ts:Entered'shahi into LastName

2020-09-02 13:27:07 - [MESSAGE][WARNING] - Object 'Object Repository/SEARCH_PAYMENT/CREDIT_OR_DEBIT_CARD' is not checked (Root cause: com.kms.katalon.core.exception.StepFailedException: Object 'Object Repository/SEARCH_PAYMENT/CREDIT_OR_DEBIT_CARD' is not checked
	at com.kms.katalon.core.webui.keyword.internal.WebUIKeywordMain.stepFailed(WebUIKeywordMain.groovy:64)
	at com.kms.katalon.core.webui.keyword.builtin.VerifyElementCheckedKeyword$_verifyElementChecked_closure1.doCall(VerifyElementCheckedKeyword.groovy:81)
	at com.kms.katalon.core.webui.keyword.builtin.VerifyElementCheckedKeyword$_verifyElementChecked_closure1.call(VerifyElementCheckedKeyword.groovy)
	at com.kms.katalon.core.webui.keyword.internal.WebUIKeywordMain.runKeyword(WebUIKeywordMain.groovy:20)
	at com.kms.katalon.core.webui.keyword.builtin.VerifyElementCheckedKeyword.verifyElementChecked(VerifyElementCheckedKeyword.groovy:92)
	at com.kms.katalon.core.webui.keyword.builtin.VerifyElementCheckedKeyword.execute(VerifyElementCheckedKeyword.groovy:68)
	at com.kms.katalon.core.keyword.internal.KeywordExecutor.executeKeywordForPlatform(KeywordExecutor.groovy:72)
	at com.kms.katalon.core.webui.keyword.WebUiBuiltInKeywords.verifyElementChecked(WebUiBuiltInKeywords.groovy:1352)
	at com.kms.katalon.core.webui.keyword.WebUiBuiltInKeywords$verifyElementChecked$14.call(Unknown Source)
	at pages.Search_Page.setSearchDetails(Search_Page.groovy:39)
	at pages.Search_Page.invokeMethod(Search_Page.groovy)
	at com.kms.katalon.core.main.CustomKeywordDelegatingMetaClass.invokeStaticMethod(CustomKeywordDelegatingMetaClass.java:50)
	at TC_006_Echeck_Savings_MultiLine_Payment.run(TC_006_Echeck_Savings_MultiLine_Payment:128)
	at com.kms.katalon.core.main.ScriptEngine.run(ScriptEngine.java:194)
	at com.kms.katalon.core.main.ScriptEngine.runScriptAsRawText(ScriptEngine.java:119)
	at com.kms.katalon.core.main.TestCaseExecutor.runScript(TestCaseExecutor.java:337)
	at com.kms.katalon.core.main.TestCaseExecutor.doExecute(TestCaseExecutor.java:328)
	at com.kms.katalon.core.main.TestCaseExecutor.processExecutionPhase(TestCaseExecutor.java:307)
	at com.kms.katalon.core.main.TestCaseExecutor.accessMainPhase(TestCaseExecutor.java:299)
	at com.kms.katalon.core.main.TestCaseExecutor.execute(TestCaseExecutor.java:233)
	at com.kms.katalon.core.main.TestSuiteExecutor.accessTestCaseMainPhase(TestSuiteExecutor.java:169)
	at com.kms.katalon.core.main.TestSuiteExecutor.accessTestSuiteMainPhase(TestSuiteExecutor.java:142)
	at com.kms.katalon.core.main.TestSuiteExecutor.execute(TestSuiteExecutor.java:91)
	at com.kms.katalon.core.main.TestCaseMain.startTestSuite(TestCaseMain.java:157)
	at com.kms.katalon.core.main.TestCaseMain$startTestSuite$0.call(Unknown Source)
	at TempTestSuite1599032732082.run(TempTestSuite1599032732082.groovy:36)
)
[[ATTACHMENT|C:\\Users\\admin\\git\\Sush_Certpay\\Reports\\20200902_131532\\Certpay_testSuite\\Consumer_Payment_Making\\20200902_131532\\1599033426633.png]]

2020-09-02 13:27:07 - [MESSAGE][PASSED] - Object 'Object Repository/SEARCH_PAYMENT/ACC_NUMBER' is present

2020-09-02 13:27:07 - [MESSAGE][PASSED] - Object 'Object Repository/SEARCH_PAYMENT/ACC_NUMBER' is visible

2020-09-02 13:27:08 - [MESSAGE][PASSED] - Object 'Object Repository/SEARCH_PAYMENT/ACC_NUMBER' is present

2020-09-02 13:27:09 - [MESSAGE][PASSED] - Text '456789' is set on object 'Object Repository/SEARCH_PAYMENT/ACC_NUMBER'

2020-09-02 13:27:09 - [MESSAGE][PASSED] - Consumer_Payment_Making.ts:Entered'456789 into Acc num

2020-09-02 13:27:09 - [MESSAGE][PASSED] - Acc num enterd

2020-09-02 13:27:09 - [TEST_STEP][PASSED] - utilities.SafeActions.safeClick(findTestObject("SEARCH_PAYMENT/SEARCH_BUTTON"), "Search", [pageLoadTime]): Consumer_Payment_Making.ts:Clicked on the Search

2020-09-02 13:27:09 - [MESSAGE][INFO] - safeClicking

2020-09-02 13:27:09 - [MESSAGE][PASSED] - Object 'Object Repository/SEARCH_PAYMENT/SEARCH_BUTTON' is present

2020-09-02 13:27:10 - [MESSAGE][PASSED] - Object 'Object Repository/SEARCH_PAYMENT/SEARCH_BUTTON' is clickable

2020-09-02 13:27:32 - [MESSAGE][PASSED] - Object: 'Object Repository/SEARCH_PAYMENT/SEARCH_BUTTON' is clicked on

2020-09-02 13:27:32 - [MESSAGE][PASSED] - Consumer_Payment_Making.ts:Clicked on the Search

2020-09-02 13:27:32 - [TEST_STEP][FAILED] - pages.Payment_Page.verifyPaymentDetailsInReceipt(PaymentID): Unable to get text of object 'Object Repository/SEARCH_PAYMENT/REFERNCE_NUM'

2020-09-02 13:28:06 - [MESSAGE][INFO] - Unable to find the element located by 'By.xpath: //tr[@class='odd']/td[2]'. Please recheck the objects properties to make sure the desired element is located. 

2020-09-02 13:28:06 - [MESSAGE][FAILED] - Unable to get text of object 'Object Repository/SEARCH_PAYMENT/REFERNCE_NUM' (Root cause: com.kms.katalon.core.exception.StepFailedException: Unable to get text of object 'Object Repository/SEARCH_PAYMENT/REFERNCE_NUM'
	at com.kms.katalon.core.webui.keyword.internal.WebUIKeywordMain.stepFailed(WebUIKeywordMain.groovy:64)
	at com.kms.katalon.core.webui.keyword.internal.WebUIKeywordMain.runKeyword(WebUIKeywordMain.groovy:26)
	at com.kms.katalon.core.webui.keyword.builtin.GetTextKeyword.getText(GetTextKeyword.groovy:88)
	at com.kms.katalon.core.webui.keyword.builtin.GetTextKeyword.execute(GetTextKeyword.groovy:67)
	at com.kms.katalon.core.keyword.internal.KeywordExecutor.executeKeywordForPlatform(KeywordExecutor.groovy:72)
	at com.kms.katalon.core.webui.keyword.WebUiBuiltInKeywords.getText(WebUiBuiltInKeywords.groovy:888)
	at com.kms.katalon.core.webui.keyword.WebUiBuiltInKeywords$getText$12.call(Unknown Source)
	at pages.Payment_Page.verifyPaymentDetailsInReceipt(Payment_Page.groovy:307)
	at pages.Payment_Page.invokeMethod(Payment_Page.groovy)
	at com.kms.katalon.core.main.CustomKeywordDelegatingMetaClass.invokeStaticMethod(CustomKeywordDelegatingMetaClass.java:50)
	at TC_006_Echeck_Savings_MultiLine_Payment.run(TC_006_Echeck_Savings_MultiLine_Payment:134)
	at com.kms.katalon.core.main.ScriptEngine.run(ScriptEngine.java:194)
	at com.kms.katalon.core.main.ScriptEngine.runScriptAsRawText(ScriptEngine.java:119)
	at com.kms.katalon.core.main.TestCaseExecutor.runScript(TestCaseExecutor.java:337)
	at com.kms.katalon.core.main.TestCaseExecutor.doExecute(TestCaseExecutor.java:328)
	at com.kms.katalon.core.main.TestCaseExecutor.processExecutionPhase(TestCaseExecutor.java:307)
	at com.kms.katalon.core.main.TestCaseExecutor.accessMainPhase(TestCaseExecutor.java:299)
	at com.kms.katalon.core.main.TestCaseExecutor.execute(TestCaseExecutor.java:233)
	at com.kms.katalon.core.main.TestSuiteExecutor.accessTestCaseMainPhase(TestSuiteExecutor.java:169)
	at com.kms.katalon.core.main.TestSuiteExecutor.accessTestSuiteMainPhase(TestSuiteExecutor.java:142)
	at com.kms.katalon.core.main.TestSuiteExecutor.execute(TestSuiteExecutor.java:91)
	at com.kms.katalon.core.main.TestCaseMain.startTestSuite(TestCaseMain.java:157)
	at com.kms.katalon.core.main.TestCaseMain$startTestSuite$0.call(Unknown Source)
	at TempTestSuite1599032732082.run(TempTestSuite1599032732082.groovy:36)
Caused by: com.kms.katalon.core.webui.exception.WebElementNotFoundException: Web element with id: 'Object Repository/SEARCH_PAYMENT/REFERNCE_NUM' located by 'By.xpath: //tr[@class='odd']/td[2]' not found
	at com.kms.katalon.core.webui.common.WebUiCommonHelper.findWebElement(WebUiCommonHelper.java:1154)
	at com.kms.katalon.core.webui.keyword.internal.WebUIAbstractKeyword.findWebElement(WebUIAbstractKeyword.groovy:27)
	at com.kms.katalon.core.webui.keyword.internal.WebUIAbstractKeyword.findWebElement(WebUIAbstractKeyword.groovy:26)
	at com.kms.katalon.core.webui.keyword.builtin.GetTextKeyword$_getText_closure1.doCall(GetTextKeyword.groovy:78)
	at com.kms.katalon.core.webui.keyword.builtin.GetTextKeyword$_getText_closure1.call(GetTextKeyword.groovy)
	at com.kms.katalon.core.webui.keyword.internal.WebUIKeywordMain.runKeyword(WebUIKeywordMain.groovy:20)
	at com.kms.katalon.core.webui.keyword.builtin.GetTextKeyword.getText(GetTextKeyword.groovy:88)
	at com.kms.katalon.core.webui.keyword.builtin.GetTextKeyword.execute(GetTextKeyword.groovy:67)
	at com.kms.katalon.core.keyword.internal.KeywordExecutor.executeKeywordForPlatform(KeywordExecutor.groovy:72)
	at com.kms.katalon.core.webui.keyword.WebUiBuiltInKeywords.getText(WebUiBuiltInKeywords.groovy:888)
	at com.kms.katalon.core.webui.keyword.WebUiBuiltInKeywords$getText$12.call(Unknown Source)
	at pages.Payment_Page.verifyPaymentDetailsInReceipt(Payment_Page.groovy:307)
	at pages.Payment_Page.invokeMethod(Payment_Page.groovy)
	at com.kms.katalon.core.main.CustomKeywordDelegatingMetaClass.invokeStaticMethod(CustomKeywordDelegatingMetaClass.java:50)
	at Script1569820851460.run(Script1569820851460.groovy:134)
	... 13 more
)
[[ATTACHMENT|C:\\Users\\admin\\git\\Sush_Certpay\\Reports\\20200902_131532\\Certpay_testSuite\\Consumer_Payment_Making\\20200902_131532\\1599033486170.png]]

2020-09-02 13:28:06 - [MESSAGE][FAILED] - Unable to get text of object 'Object Repository/SEARCH_PAYMENT/REFERNCE_NUM'

2020-09-02 13:28:06 - [TEST_STEP][PASSED] - Start listener action : afterTestCase: Browser is closed

2020-09-02 13:28:06 - [TEST_STEP][PASSED] - closeBrowser(): Browser is closed

2020-09-02 13:28:08 - [MESSAGE][PASSED] - Browser is closed]]></system-out>
         <system-err><![CDATA[2020-09-02 13:23:54 - [TEST_CASE][FAILED] - Test Cases/Consumer_Make_Payment/TC_006_Echeck_Savings_MultiLine_Payment: Test Cases/Consumer_Make_Payment/TC_006_Echeck_Savings_MultiLine_Payment FAILED.
Reason:
com.kms.katalon.core.exception.StepFailedException: Unable to get text of object 'Object Repository/SEARCH_PAYMENT/REFERNCE_NUM'
	at com.kms.katalon.core.webui.keyword.internal.WebUIKeywordMain.stepFailed(WebUIKeywordMain.groovy:64)
	at com.kms.katalon.core.webui.keyword.internal.WebUIKeywordMain.runKeyword(WebUIKeywordMain.groovy:26)
	at com.kms.katalon.core.webui.keyword.builtin.GetTextKeyword.getText(GetTextKeyword.groovy:88)
	at com.kms.katalon.core.webui.keyword.builtin.GetTextKeyword.execute(GetTextKeyword.groovy:67)
	at com.kms.katalon.core.keyword.internal.KeywordExecutor.executeKeywordForPlatform(KeywordExecutor.groovy:72)
	at com.kms.katalon.core.webui.keyword.WebUiBuiltInKeywords.getText(WebUiBuiltInKeywords.groovy:888)
	at com.kms.katalon.core.webui.keyword.WebUiBuiltInKeywords$getText$12.call(Unknown Source)
	at pages.Payment_Page.verifyPaymentDetailsInReceipt(Payment_Page.groovy:307)
	at pages.Payment_Page.invokeMethod(Payment_Page.groovy)
	at com.kms.katalon.core.main.CustomKeywordDelegatingMetaClass.invokeStaticMethod(CustomKeywordDelegatingMetaClass.java:50)
	at TC_006_Echeck_Savings_MultiLine_Payment.run(TC_006_Echeck_Savings_MultiLine_Payment:134)
	at com.kms.katalon.core.main.ScriptEngine.run(ScriptEngine.java:194)
	at com.kms.katalon.core.main.ScriptEngine.runScriptAsRawText(ScriptEngine.java:119)
	at com.kms.katalon.core.main.TestCaseExecutor.runScript(TestCaseExecutor.java:337)
	at com.kms.katalon.core.main.TestCaseExecutor.doExecute(TestCaseExecutor.java:328)
	at com.kms.katalon.core.main.TestCaseExecutor.processExecutionPhase(TestCaseExecutor.java:307)
	at com.kms.katalon.core.main.TestCaseExecutor.accessMainPhase(TestCaseExecutor.java:299)
	at com.kms.katalon.core.main.TestCaseExecutor.execute(TestCaseExecutor.java:233)
	at com.kms.katalon.core.main.TestSuiteExecutor.accessTestCaseMainPhase(TestSuiteExecutor.java:169)
	at com.kms.katalon.core.main.TestSuiteExecutor.accessTestSuiteMainPhase(TestSuiteExecutor.java:142)
	at com.kms.katalon.core.main.TestSuiteExecutor.execute(TestSuiteExecutor.java:91)
	at com.kms.katalon.core.main.TestCaseMain.startTestSuite(TestCaseMain.java:157)
	at com.kms.katalon.core.main.TestCaseMain$startTestSuite$0.call(Unknown Source)
	at TempTestSuite1599032732082.run(TempTestSuite1599032732082.groovy:36)
Caused by: com.kms.katalon.core.webui.exception.WebElementNotFoundException: Web element with id: 'Object Repository/SEARCH_PAYMENT/REFERNCE_NUM' located by 'By.xpath: //tr[@class='odd']/td[2]' not found
	at com.kms.katalon.core.webui.common.WebUiCommonHelper.findWebElement(WebUiCommonHelper.java:1154)
	at com.kms.katalon.core.webui.keyword.internal.WebUIAbstractKeyword.findWebElement(WebUIAbstractKeyword.groovy:27)
	at com.kms.katalon.core.webui.keyword.internal.WebUIAbstractKeyword.findWebElement(WebUIAbstractKeyword.groovy:26)
	at com.kms.katalon.core.webui.keyword.builtin.GetTextKeyword$_getText_closure1.doCall(GetTextKeyword.groovy:78)
	at com.kms.katalon.core.webui.keyword.builtin.GetTextKeyword$_getText_closure1.call(GetTextKeyword.groovy)
	at com.kms.katalon.core.webui.keyword.internal.WebUIKeywordMain.runKeyword(WebUIKeywordMain.groovy:20)
	... 22 more]]></system-err>
      </testcase>
      <system-out><![CDATA[2020-09-02 13:15:36 - [TEST_SUITE][FAILED] - Consumer_Payment_Making: Test Cases/Consumer_Make_Payment/TC_006_Echeck_Savings_MultiLine_Payment FAILED.
Reason:
com.kms.katalon.core.exception.StepFailedException: Unable to get text of object 'Object Repository/SEARCH_PAYMENT/REFERNCE_NUM'
	at com.kms.katalon.core.webui.keyword.internal.WebUIKeywordMain.stepFailed(WebUIKeywordMain.groovy:64)
	at com.kms.katalon.core.webui.keyword.internal.WebUIKeywordMain.runKeyword(WebUIKeywordMain.groovy:26)
	at com.kms.katalon.core.webui.keyword.builtin.GetTextKeyword.getText(GetTextKeyword.groovy:88)
	at com.kms.katalon.core.webui.keyword.builtin.GetTextKeyword.execute(GetTextKeyword.groovy:67)
	at com.kms.katalon.core.keyword.internal.KeywordExecutor.executeKeywordForPlatform(KeywordExecutor.groovy:72)
	at com.kms.katalon.core.webui.keyword.WebUiBuiltInKeywords.getText(WebUiBuiltInKeywords.groovy:888)
	at com.kms.katalon.core.webui.keyword.WebUiBuiltInKeywords$getText$12.call(Unknown Source)
	at pages.Payment_Page.verifyPaymentDetailsInReceipt(Payment_Page.groovy:307)
	at pages.Payment_Page.invokeMethod(Payment_Page.groovy)
	at com.kms.katalon.core.main.CustomKeywordDelegatingMetaClass.invokeStaticMethod(CustomKeywordDelegatingMetaClass.java:50)
	at TC_006_Echeck_Savings_MultiLine_Payment.run(TC_006_Echeck_Savings_MultiLine_Payment:134)
	at com.kms.katalon.core.main.ScriptEngine.run(ScriptEngine.java:194)
	at com.kms.katalon.core.main.ScriptEngine.runScriptAsRawText(ScriptEngine.java:119)
	at com.kms.katalon.core.main.TestCaseExecutor.runScript(TestCaseExecutor.java:337)
	at com.kms.katalon.core.main.TestCaseExecutor.doExecute(TestCaseExecutor.java:328)
	at com.kms.katalon.core.main.TestCaseExecutor.processExecutionPhase(TestCaseExecutor.java:307)
	at com.kms.katalon.core.main.TestCaseExecutor.accessMainPhase(TestCaseExecutor.java:299)
	at com.kms.katalon.core.main.TestCaseExecutor.execute(TestCaseExecutor.java:233)
	at com.kms.katalon.core.main.TestSuiteExecutor.accessTestCaseMainPhase(TestSuiteExecutor.java:169)
	at com.kms.katalon.core.main.TestSuiteExecutor.accessTestSuiteMainPhase(TestSuiteExecutor.java:142)
	at com.kms.katalon.core.main.TestSuiteExecutor.execute(TestSuiteExecutor.java:91)
	at com.kms.katalon.core.main.TestCaseMain.startTestSuite(TestCaseMain.java:157)
	at com.kms.katalon.core.main.TestCaseMain$startTestSuite$0.call(Unknown Source)
	at TempTestSuite1599032732082.run(TempTestSuite1599032732082.groovy:36)
Caused by: com.kms.katalon.core.webui.exception.WebElementNotFoundException: Web element with id: 'Object Repository/SEARCH_PAYMENT/REFERNCE_NUM' located by 'By.xpath: //tr[@class='odd']/td[2]' not found
	at com.kms.katalon.core.webui.common.WebUiCommonHelper.findWebElement(WebUiCommonHelper.java:1154)
	at com.kms.katalon.core.webui.keyword.internal.WebUIAbstractKeyword.findWebElement(WebUIAbstractKeyword.groovy:27)
	at com.kms.katalon.core.webui.keyword.internal.WebUIAbstractKeyword.findWebElement(WebUIAbstractKeyword.groovy:26)
	at com.kms.katalon.core.webui.keyword.builtin.GetTextKeyword$_getText_closure1.doCall(GetTextKeyword.groovy:78)
	at com.kms.katalon.core.webui.keyword.builtin.GetTextKeyword$_getText_closure1.call(GetTextKeyword.groovy)
	at com.kms.katalon.core.webui.keyword.internal.WebUIKeywordMain.runKeyword(WebUIKeywordMain.groovy:20)
	... 22 more]]></system-out>
      <system-err><![CDATA[2020-09-02 13:15:36 - [TEST_SUITE][FAILED] - Consumer_Payment_Making: Test Cases/Consumer_Make_Payment/TC_006_Echeck_Savings_MultiLine_Payment FAILED.
Reason:
com.kms.katalon.core.exception.StepFailedException: Unable to get text of object 'Object Repository/SEARCH_PAYMENT/REFERNCE_NUM'
	at com.kms.katalon.core.webui.keyword.internal.WebUIKeywordMain.stepFailed(WebUIKeywordMain.groovy:64)
	at com.kms.katalon.core.webui.keyword.internal.WebUIKeywordMain.runKeyword(WebUIKeywordMain.groovy:26)
	at com.kms.katalon.core.webui.keyword.builtin.GetTextKeyword.getText(GetTextKeyword.groovy:88)
	at com.kms.katalon.core.webui.keyword.builtin.GetTextKeyword.execute(GetTextKeyword.groovy:67)
	at com.kms.katalon.core.keyword.internal.KeywordExecutor.executeKeywordForPlatform(KeywordExecutor.groovy:72)
	at com.kms.katalon.core.webui.keyword.WebUiBuiltInKeywords.getText(WebUiBuiltInKeywords.groovy:888)
	at com.kms.katalon.core.webui.keyword.WebUiBuiltInKeywords$getText$12.call(Unknown Source)
	at pages.Payment_Page.verifyPaymentDetailsInReceipt(Payment_Page.groovy:307)
	at pages.Payment_Page.invokeMethod(Payment_Page.groovy)
	at com.kms.katalon.core.main.CustomKeywordDelegatingMetaClass.invokeStaticMethod(CustomKeywordDelegatingMetaClass.java:50)
	at TC_006_Echeck_Savings_MultiLine_Payment.run(TC_006_Echeck_Savings_MultiLine_Payment:134)
	at com.kms.katalon.core.main.ScriptEngine.run(ScriptEngine.java:194)
	at com.kms.katalon.core.main.ScriptEngine.runScriptAsRawText(ScriptEngine.java:119)
	at com.kms.katalon.core.main.TestCaseExecutor.runScript(TestCaseExecutor.java:337)
	at com.kms.katalon.core.main.TestCaseExecutor.doExecute(TestCaseExecutor.java:328)
	at com.kms.katalon.core.main.TestCaseExecutor.processExecutionPhase(TestCaseExecutor.java:307)
	at com.kms.katalon.core.main.TestCaseExecutor.accessMainPhase(TestCaseExecutor.java:299)
	at com.kms.katalon.core.main.TestCaseExecutor.execute(TestCaseExecutor.java:233)
	at com.kms.katalon.core.main.TestSuiteExecutor.accessTestCaseMainPhase(TestSuiteExecutor.java:169)
	at com.kms.katalon.core.main.TestSuiteExecutor.accessTestSuiteMainPhase(TestSuiteExecutor.java:142)
	at com.kms.katalon.core.main.TestSuiteExecutor.execute(TestSuiteExecutor.java:91)
	at com.kms.katalon.core.main.TestCaseMain.startTestSuite(TestCaseMain.java:157)
	at com.kms.katalon.core.main.TestCaseMain$startTestSuite$0.call(Unknown Source)
	at TempTestSuite1599032732082.run(TempTestSuite1599032732082.groovy:36)
Caused by: com.kms.katalon.core.webui.exception.WebElementNotFoundException: Web element with id: 'Object Repository/SEARCH_PAYMENT/REFERNCE_NUM' located by 'By.xpath: //tr[@class='odd']/td[2]' not found
	at com.kms.katalon.core.webui.common.WebUiCommonHelper.findWebElement(WebUiCommonHelper.java:1154)
	at com.kms.katalon.core.webui.keyword.internal.WebUIAbstractKeyword.findWebElement(WebUIAbstractKeyword.groovy:27)
	at com.kms.katalon.core.webui.keyword.internal.WebUIAbstractKeyword.findWebElement(WebUIAbstractKeyword.groovy:26)
	at com.kms.katalon.core.webui.keyword.builtin.GetTextKeyword$_getText_closure1.doCall(GetTextKeyword.groovy:78)
	at com.kms.katalon.core.webui.keyword.builtin.GetTextKeyword$_getText_closure1.call(GetTextKeyword.groovy)
	at com.kms.katalon.core.webui.keyword.internal.WebUIKeywordMain.runKeyword(WebUIKeywordMain.groovy:20)
	... 22 more]]></system-err>
   </testsuite>
</testsuites>
